-1.2	1.0	-0.0010890588301964202
-1.2	2.0	-0.04647395449595502
-1.2	3.0	-0.061490226974642626
-1.2	4.0	-0.08912608651092098
-1.2	5.0	-0.09762176559115239
-1.2	6.0	-0.11261630854899933
-1.2	7.0	-0.11719560395596319
-1.2	8.0	-0.12546760534361825
-1.2	9.0	-0.12754192323243693
-1.2	10.0	-0.13046159369709395
-1.2	11.0	-0.13046159367337126
-1.2	12.0	-0.12754192322336508
-1.2	13.0	-0.12546760537326795
-1.2	14.0	-0.11719560394843885
-1.2	15.0	-0.11261630856921029
-1.2	16.0	-0.09762176554510231
-1.2	17.0	-0.08912608653030234
-1.2	18.0	-0.06149022697735039
-1.2	19.0	-0.04647395446577081
-1.2	20.0	-0.0010890588377084366
-1.18	1.0	-0.0008347612159588604
-1.18	2.0	-0.05627126807085055
-1.18	3.0	-0.07394040832020163
-1.18	4.0	-0.10403353787002648
-1.18	5.0	-0.112521883911385
-1.18	6.0	-0.12531638782093998
-1.18	7.0	-0.12913328692645074
-1.18	8.0	-0.13503637537252564
-1.18	9.0	-0.136451925673081
-1.18	10.0	-0.13790599204723217
-1.18	11.0	-0.13790599204952653
-1.18	12.0	-0.1364519256728135
-1.18	13.0	-0.13503637536989319
-1.18	14.0	-0.12913328693944984
-1.18	15.0	-0.1253163877998352
-1.18	16.0	-0.11252188392678544
-1.18	17.0	-0.10403353787185166
-1.18	18.0	-0.07394040832513078
-1.18	19.0	-0.056271268080922296
-1.18	20.0	-0.0008347612445846729
-1.16	1.0	-0.0006910856026207764
-1.16	2.0	-0.08765036466459299
-1.16	3.0	-0.11968787077535692
-1.16	4.0	-0.18206376292356402
-1.16	5.0	-0.20221757233664472
-1.16	6.0	-0.23836972449728386
-1.16	7.0	-0.24914706314903906
-1.16	8.0	-0.26662043934307694
-1.16	9.0	-0.2702315977440581
-1.16	10.0	-0.2752069836356046
-1.16	11.0	-0.27520698363794804
-1.16	12.0	-0.27023159773803374
-1.16	13.0	-0.2666204393537365
-1.16	14.0	-0.24914706314109927
-1.16	15.0	-0.23836972449660723
-1.16	16.0	-0.2022175723337143
-1.16	17.0	-0.18206376292518522
-1.16	18.0	-0.11968787076538552
-1.16	19.0	-0.0876503646993829
-1.16	20.0	-0.000691085574206016
-1.14	1.0	-0.0006059942606683487
-1.14	2.0	-0.10392078796452357
-1.14	3.0	-0.14192041920506282
-1.14	4.0	-0.21000188014730808
-1.14	5.0	-0.23047405653025652
-1.14	6.0	-0.259200705045608
-1.14	7.0	-0.26807211493270294
-1.14	8.0	-0.2802660001719461
-1.14	9.0	-0.2829687625845739
-1.14	10.0	-0.28593356138959836
-1.14	11.0	-0.28593356142397425
-1.14	12.0	-0.28296876259935577
-1.14	13.0	-0.28026600015216874
-1.14	14.0	-0.2680721148994303
-1.14	15.0	-0.2592007050478664
-1.14	16.0	-0.2304740565495101
-1.14	17.0	-0.21000188011294285
-1.14	18.0	-0.1419204191975354
-1.14	19.0	-0.1039207879834702
-1.14	20.0	-0.0006059942632179262
-1.1199999999999999	1.0	0.0007525636321944791
-1.1199999999999999	2.0	-0.16932976125662566
-1.1199999999999999	3.0	-0.237482408007842
-1.1199999999999999	4.0	-0.381730281805171
-1.1199999999999999	5.0	-0.43220236368077325
-1.1199999999999999	6.0	-0.5266235425418466
-1.1199999999999999	7.0	-0.5601405181059048
-1.1199999999999999	8.0	-0.614879756754114
-1.1199999999999999	9.0	-0.6338330653370078
-1.1199999999999999	10.0	-0.6544643825828472
-1.1199999999999999	11.0	-0.6544643825795744
-1.1199999999999999	12.0	-0.6338330653538841
-1.1199999999999999	13.0	-0.614879756722133
-1.1199999999999999	14.0	-0.5601405180747259
-1.1199999999999999	15.0	-0.5266235425477787
-1.1199999999999999	16.0	-0.4322023636921304
-1.1199999999999999	17.0	-0.3817302818254235
-1.1199999999999999	18.0	-0.2374824080048289
-1.1199999999999999	19.0	-0.16932976126007224
-1.1199999999999999	20.0	0.0007525636470446665
-1.0999999999999999	1.0	0.003312091971034968
-1.0999999999999999	2.0	-0.2726110103653395
-1.0999999999999999	3.0	-0.3903332689315129
-1.0999999999999999	4.0	-0.6590199427206067
-1.0999999999999999	5.0	-0.7479291907876447
-1.0999999999999999	6.0	-0.9118510835214672
-1.0999999999999999	7.0	-0.9731778601529365
-1.0999999999999999	8.0	-1.0719569476873696
-1.0999999999999999	9.0	-1.1072987341115603
-1.0999999999999999	10.0	-1.1429133166437815
-1.0999999999999999	11.0	-1.14291331663029
-1.0999999999999999	12.0	-1.107298734115689
-1.0999999999999999	13.0	-1.071956947654659
-1.0999999999999999	14.0	-0.9731778601125072
-1.0999999999999999	15.0	-0.9118510835256164
-1.0999999999999999	16.0	-0.7479291907888173
-1.0999999999999999	17.0	-0.6590199427380464
-1.0999999999999999	18.0	-0.39033326893553916
-1.0999999999999999	19.0	-0.2726110103539499
-1.0999999999999999	20.0	0.0033120919657516953
-1.08	1.0	0.004211977856291212
-1.08	2.0	-0.2918213420821301
-1.08	3.0	-0.41870766239734836
-1.08	4.0	-0.6770018053986067
-1.08	5.0	-0.785795807357044
-1.08	6.0	-0.9549067581545043
-1.08	7.0	-1.0253758814675364
-1.08	8.0	-1.1173892005485275
-1.08	9.0	-1.1496709244237213
-1.08	10.0	-1.177551085578522
-1.08	11.0	-1.1775510855881766
-1.08	12.0	-1.149670924412617
-1.08	13.0	-1.1173892005032355
-1.08	14.0	-1.025375881457797
-1.08	15.0	-0.9549067581812555
-1.08	16.0	-0.7857958073897254
-1.08	17.0	-0.6770018054055559
-1.08	18.0	-0.4187076624038765
-1.08	19.0	-0.29182134205985233
-1.08	20.0	0.004211977845154612
-1.06	1.0	0.016499278667664624
-1.06	2.0	-0.7743034186221552
-1.06	3.0	-1.1463621296362285
-1.06	4.0	-2.001676090784886
-1.06	5.0	-2.2868197720916332
-1.06	6.0	-2.7776890977981603
-1.06	7.0	-2.9383796430168765
-1.06	8.0	-3.130309375083395
-1.06	9.0	-3.20890339765351
-1.06	10.0	-3.2548172334617025
-1.06	11.0	-3.2548172334496916
-1.06	12.0	-3.2089033976914143
-1.06	13.0	-3.130309375099317
-1.06	14.0	-2.9383796430365567
-1.06	15.0	-2.777689097804865
-1.06	16.0	-2.286819772106839
-1.06	17.0	-2.0016760908133606
-1.06	18.0	-1.1463621296227935
-1.06	19.0	-0.7743034186434482
-1.06	20.0	0.01649927868772792
-1.04	1.0	0.04147778520040874
-1.04	2.0	-1.2674489279001413
-1.04	3.0	-1.8651278608339328
-1.04	4.0	-3.270107110283276
-1.04	5.0	-3.7985724976333333
-1.04	6.0	-4.6429794316734085
-1.04	7.0	-5.060531549728262
-1.04	8.0	-5.54541819624528
-1.04	9.0	-5.802793115220766
-1.04	10.0	-5.989905718410507
-1.04	11.0	-5.989905718397462
-1.04	12.0	-5.802793115173135
-1.04	13.0	-5.545418196292622
-1.04	14.0	-5.060531549747772
-1.04	15.0	-4.642979431680092
-1.04	16.0	-3.7985724976292206
-1.04	17.0	-3.27010711027276
-1.04	18.0	-1.8651278608678326
-1.04	19.0	-1.2674489278799683
-1.04	20.0	0.041477785207757946
-1.02	1.0	0.06767639298924898
-1.02	2.0	-3.656565149253565
-1.02	3.0	-5.7781849147713915
-1.02	4.0	-10.586977266768393
-1.02	5.0	-12.478677772701058
-1.02	6.0	-15.909736271428496
-1.02	7.0	-17.00069867058045
-1.02	8.0	-18.851196080025993
-1.02	9.0	-19.325575252472884
-1.02	10.0	-19.92002624077032
-1.02	11.0	-19.92002624073063
-1.02	12.0	-19.325575252430223
-1.02	13.0	-18.85119608010707
-1.02	14.0	-17.000698670532053
-1.02	15.0	-15.909736271456916
-1.02	16.0	-12.478677772687943
-1.02	17.0	-10.586977266748596
-1.02	18.0	-5.778184914776947
-1.02	19.0	-3.6565651492436024
-1.02	20.0	0.06767639299409349
-1.0	1.0	1.9449534734231564
-1.0	2.0	-65.98887591775305
-1.0	3.0	-111.65235539301463
-1.0	4.0	-232.30609730544035
-1.0	5.0	-291.98787813261634
-1.0	6.0	-421.85349814589546
-1.0	7.0	-469.51419420449565
-1.0	8.0	-565.993037410436
-1.0	9.0	-590.9578450506812
-1.0	10.0	-626.2177872181117
-1.0	11.0	-626.217787218225
-1.0	12.0	-590.9578450507628
-1.0	13.0	-565.9930374103944
-1.0	14.0	-469.5141942045641
-1.0	15.0	-421.85349814587744
-1.0	16.0	-291.98787813262
-1.0	17.0	-232.30609730547403
-1.0	18.0	-111.65235539304408
-1.0	19.0	-65.9888759177491
-1.0	20.0	1.9449534733956855
-0.98	1.0	0.6452428087116516
-0.98	2.0	-63.492128106838976
-0.98	3.0	-103.23339586366147
-0.98	4.0	-168.94621462351742
-0.98	5.0	-196.82208372191582
-0.98	6.0	-210.60907458414587
-0.98	7.0	-210.8683814653638
-0.98	8.0	-187.56388590378103
-0.98	9.0	-177.78788325758234
-0.98	10.0	-162.60620958393153
-0.98	11.0	-162.60620958393565
-0.98	12.0	-177.7878832576142
-0.98	13.0	-187.56388590368942
-0.98	14.0	-210.86838146539483
-0.98	15.0	-210.60907458401212
-0.98	16.0	-196.8220837218413
-0.98	17.0	-168.94621462356002
-0.98	18.0	-103.23339586359323
-0.98	19.0	-63.492128106859504
-0.98	20.0	0.6452428087034944
-0.96	1.0	4.9909630955496835
-0.96	2.0	-108.24112541509362
-0.96	3.0	-175.98892088057642
-0.96	4.0	-287.97937534482054
-0.96	5.0	-321.8816066161484
-0.96	6.0	-307.0633611907456
-0.96	7.0	-270.4457473877635
-0.96	8.0	-161.4986248010588
-0.96	9.0	-110.73519291456616
-0.96	10.0	-48.676100231653706
-0.96	11.0	-48.67610023166458
-0.96	12.0	-110.7351929146522
-0.96	13.0	-161.49862480105492
-0.96	14.0	-270.4457473877815
-0.96	15.0	-307.0633611907368
-0.96	16.0	-321.881606616239
-0.96	17.0	-287.9793753448325
-0.96	18.0	-175.98892088067552
-0.96	19.0	-108.2411254151299
-0.96	20.0	4.990963095570956
-0.94	1.0	-1415.9763344732771
-0.94	2.0	11639.695488811332
-0.94	3.0	18531.58800042856
-0.94	4.0	32136.67695603968
-0.94	5.0	37245.55966965607
-0.94	6.0	34778.058876128125
-0.94	7.0	30926.49416504845
-0.94	8.0	15537.166010784467
-0.94	9.0	8510.421597657276
-0.94	10.0	-370.0349140760465
-0.94	11.0	-370.03491407603394
-0.94	12.0	8510.42159765741
-0.94	13.0	15537.166010784564
-0.94	14.0	30926.49416504841
-0.94	15.0	34778.05887612806
-0.94	16.0	37245.559669656126
-0.94	17.0	32136.67695603982
-0.94	18.0	18531.588000428503
-0.94	19.0	11639.69548881135
-0.94	20.0	-1415.9763344732742
-0.9199999999999999	1.0	29.665510121212318
-0.9199999999999999	2.0	-188.62585094432424
-0.9199999999999999	3.0	-293.42227604906276
-0.9199999999999999	4.0	-478.60447366094996
-0.9199999999999999	5.0	-559.4727948897528
-0.9199999999999999	6.0	-494.22265370471666
-0.9199999999999999	7.0	-444.4478422034292
-0.9199999999999999	8.0	-248.60611354530286
-0.9199999999999999	9.0	-150.14975646032426
-0.9199999999999999	10.0	-52.59440138919717
-0.9199999999999999	11.0	-52.59440138916435
-0.9199999999999999	12.0	-150.14975646035347
-0.9199999999999999	13.0	-248.6061135452609
-0.9199999999999999	14.0	-444.44784220344013
-0.9199999999999999	15.0	-494.22265370476504
-0.9199999999999999	16.0	-559.4727948897399
-0.9199999999999999	17.0	-478.60447366091927
-0.9199999999999999	18.0	-293.42227604892446
-0.9199999999999999	19.0	-188.62585094446513
-0.9199999999999999	20.0	29.665510121190955
-0.8999999999999999	1.0	8.8265366747832
-0.8999999999999999	2.0	-61.549896991069794
-0.8999999999999999	3.0	-93.09097040509788
-0.8999999999999999	4.0	-112.99337709925882
-0.8999999999999999	5.0	-118.09272608493858
-0.8999999999999999	6.0	-74.4263723427207
-0.8999999999999999	7.0	-59.642737511463366
-0.8999999999999999	8.0	-54.970390876175095
-0.8999999999999999	9.0	-49.07435437741018
-0.8999999999999999	10.0	-66.14858696055036
-0.8999999999999999	11.0	-66.14858696054674
-0.8999999999999999	12.0	-49.074354377406294
-0.8999999999999999	13.0	-54.97039087616228
-0.8999999999999999	14.0	-59.642737511468226
-0.8999999999999999	15.0	-74.4263723426792
-0.8999999999999999	16.0	-118.0927260848624
-0.8999999999999999	17.0	-112.99337709930941
-0.8999999999999999	18.0	-93.09097040516545
-0.8999999999999999	19.0	-61.54989699104127
-0.8999999999999999	20.0	8.826536674835346
-0.8799999999999999	1.0	150.96274436986545
-0.8799999999999999	2.0	-1067.3976574042017
-0.8799999999999999	3.0	-1630.3305573334042
-0.8799999999999999	4.0	-1557.7194765735287
-0.8799999999999999	5.0	-1295.6302208904028
-0.8799999999999999	6.0	-193.49118875314423
-0.8799999999999999	7.0	111.9182342224869
-0.8799999999999999	8.0	-436.85133656829026
-0.8799999999999999	9.0	-897.6579576955614
-0.8799999999999999	10.0	-1786.8934976958833
-0.8799999999999999	11.0	-1786.893497695899
-0.8799999999999999	12.0	-897.6579576955529
-0.8799999999999999	13.0	-436.8513365682724
-0.8799999999999999	14.0	111.91823422242831
-0.8799999999999999	15.0	-193.491188753101
-0.8799999999999999	16.0	-1295.630220890328
-0.8799999999999999	17.0	-1557.7194765735758
-0.8799999999999999	18.0	-1630.3305573334112
-0.8799999999999999	19.0	-1067.3976574042179
-0.8799999999999999	20.0	150.9627443699266
-0.86	1.0	-2825.127633648002
-0.86	2.0	14642.007440653126
-0.86	3.0	22887.7479710423
-0.86	4.0	21252.857898269398
-0.86	5.0	18317.84563674922
-0.86	6.0	2964.831181373208
-0.86	7.0	-2137.0381886898513
-0.86	8.0	5430.621574161587
-0.86	9.0	11559.79623479109
-0.86	10.0	23429.34747916599
-0.86	11.0	23429.347479166026
-0.86	12.0	11559.796234791083
-0.86	13.0	5430.621574161644
-0.86	14.0	-2137.0381886897953
-0.86	15.0	2964.831181373252
-0.86	16.0	18317.84563674911
-0.86	17.0	21252.85789826935
-0.86	18.0	22887.747971042365
-0.86	19.0	14642.007440653046
-0.86	20.0	-2825.127633648061
-0.84	1.0	20.918710235476375
-0.84	2.0	-94.64120503044833
-0.84	3.0	-145.01715708295671
-0.84	4.0	-123.69351049100943
-0.84	5.0	-109.10111674969887
-0.84	6.0	-31.821313059103506
-0.84	7.0	-3.6277974550841408
-0.84	8.0	-44.47546238147389
-0.84	9.0	-71.9876174139865
-0.84	10.0	-122.21687253713598
-0.84	11.0	-122.21687253714043
-0.84	12.0	-71.98761741401219
-0.84	13.0	-44.47546238150652
-0.84	14.0	-3.627797455126857
-0.84	15.0	-31.821313059115806
-0.84	16.0	-109.10111674977179
-0.84	17.0	-123.69351049093368
-0.84	18.0	-145.01715708295825
-0.84	19.0	-94.64120503035468
-0.84	20.0	20.9187102354933
-0.82	1.0	30.317669160905435
-0.82	2.0	-115.08183418856143
-0.82	3.0	-175.16275685650174
-0.82	4.0	-119.82929745409128
-0.82	5.0	-94.10653653842687
-0.82	6.0	-44.44648387628402
-0.82	7.0	-26.06067326318017
-0.82	8.0	-80.43777448785252
-0.82	9.0	-104.1638349091969
-0.82	10.0	-103.44660398789192
-0.82	11.0	-103.44660398786186
-0.82	12.0	-104.16383490919381
-0.82	13.0	-80.43777448782656
-0.82	14.0	-26.06067326316759
-0.82	15.0	-44.44648387629203
-0.82	16.0	-94.10653653843238
-0.82	17.0	-119.82929745407993
-0.82	18.0	-175.16275685658178
-0.82	19.0	-115.0818341886688
-0.82	20.0	30.317669160927625
-0.7999999999999999	1.0	65.52447537638268
-0.7999999999999999	2.0	-222.7974558545903
-0.7999999999999999	3.0	-317.36039845963694
-0.7999999999999999	4.0	-103.3531678252733
-0.7999999999999999	5.0	-18.417540000359384
-0.7999999999999999	6.0	-81.25195743924711
-0.7999999999999999	7.0	-148.1874070002361
-0.7999999999999999	8.0	-269.01447216140804
-0.7999999999999999	9.0	-233.3649065366506
-0.7999999999999999	10.0	-0.5724305579713961
-0.7999999999999999	11.0	-0.5724305580229833
-0.7999999999999999	12.0	-233.36490653677774
-0.7999999999999999	13.0	-269.01447216137177
-0.7999999999999999	14.0	-148.18740700022792
-0.7999999999999999	15.0	-81.25195743928296
-0.7999999999999999	16.0	-18.41754000038607
-0.7999999999999999	17.0	-103.35316782524626
-0.7999999999999999	18.0	-317.36039845948596
-0.7999999999999999	19.0	-222.7974558546462
-0.7999999999999999	20.0	65.52447537636597
-0.78	1.0	561.3052957699009
-0.78	2.0	-1537.1494173788062
-0.78	3.0	-2302.4900336476953
-0.78	4.0	-659.9910160944695
-0.78	5.0	23.41793175881418
-0.78	6.0	-483.64034017103495
-0.78	7.0	-973.2530979885786
-0.78	8.0	-1828.2814907421812
-0.78	9.0	-1586.0040885424087
-0.78	10.0	148.83969127853763
-0.78	11.0	148.83969127861377
-0.78	12.0	-1586.00408854243
-0.78	13.0	-1828.2814907421914
-0.78	14.0	-973.2530979885088
-0.78	15.0	-483.6403401709966
-0.78	16.0	23.417931758821197
-0.78	17.0	-659.9910160944652
-0.78	18.0	-2302.490033647756
-0.78	19.0	-1537.149417378674
-0.78	20.0	561.3052957698749
-0.76	1.0	-8307.919767416191
-0.76	2.0	18830.13798514597
-0.76	3.0	29637.222553688483
-0.76	4.0	8402.732370028036
-0.76	5.0	-982.0228751851339
-0.76	6.0	5226.939884771065
-0.76	7.0	11370.329571174962
-0.76	8.0	21602.590520242433
-0.76	9.0	18752.42217914558
-0.76	10.0	-1984.605562074296
-0.76	11.0	-1984.6055620742832
-0.76	12.0	18752.422179145764
-0.76	13.0	21602.590520242415
-0.76	14.0	11370.32957117496
-0.76	15.0	5226.9398847710745
-0.76	16.0	-982.0228751851589
-0.76	17.0	8402.732370027998
-0.76	18.0	29637.222553688192
-0.76	19.0	18830.137985146117
-0.76	20.0	-8307.919767416233
-0.74	1.0	700.9905119608084
-0.74	2.0	-1353.9109706356235
-0.74	3.0	-2209.3388413234256
-0.74	4.0	-584.2341767521422
-0.74	5.0	134.05906186378175
-0.74	6.0	-421.5711040890595
-0.74	7.0	-857.7286458151815
-0.74	8.0	-1387.8326906015486
-0.74	9.0	-1197.6881130952816
-0.74	10.0	12.373485085229282
-0.74	11.0	12.373485085213922
-0.74	12.0	-1197.688113095274
-0.74	13.0	-1387.832690601602
-0.74	14.0	-857.7286458151399
-0.74	15.0	-421.5711040891401
-0.74	16.0	134.05906186379912
-0.74	17.0	-584.2341767521491
-0.74	18.0	-2209.3388413232856
-0.74	19.0	-1353.9109706357626
-0.74	20.0	700.9905119608002
-0.72	1.0	374.03683280649386
-0.72	2.0	-551.8144904923572
-0.72	3.0	-861.427867535075
-0.72	4.0	-30.12125930081859
-0.72	5.0	192.61191799654964
-0.72	6.0	-541.7495388387609
-0.72	7.0	-682.4337512638122
-0.72	8.0	-48.05831584543586
-0.72	9.0	17.37933630866758
-0.72	10.0	-563.5018577027241
-0.72	11.0	-563.5018577027166
-0.72	12.0	17.379336308668986
-0.72	13.0	-48.058315845420374
-0.72	14.0	-682.4337512637686
-0.72	15.0	-541.7495388388261
-0.72	16.0	192.61191799655737
-0.72	17.0	-30.121259300795124
-0.72	18.0	-861.4278675351221
-0.72	19.0	-551.8144904923362
-0.72	20.0	374.0368328064474
-0.7	1.0	-3002.535232844578
-0.7	2.0	3663.303820450335
-0.7	3.0	5952.623578504261
-0.7	4.0	-126.16748094191286
-0.7	5.0	-1760.376274941387
-0.7	6.0	3997.2718363464282
-0.7	7.0	5063.674635712009
-0.7	8.0	-449.4395407617842
-0.7	9.0	-972.0283432155177
-0.7	10.0	4436.541010203768
-0.7	11.0	4436.541010203737
-0.7	12.0	-972.0283432155721
-0.7	13.0	-449.43954076179625
-0.7	14.0	5063.674635711961
-0.7	15.0	3997.2718363464323
-0.7	16.0	-1760.376274941308
-0.7	17.0	-126.16748094190345
-0.7	18.0	5952.623578504443
-0.7	19.0	3663.303820450408
-0.7	20.0	-3002.5352328446534
-0.6799999999999999	1.0	-4516.937550809304
-0.6799999999999999	2.0	4839.571576472213
-0.6799999999999999	3.0	8301.035914670505
-0.6799999999999999	4.0	-119.78363338291672
-0.6799999999999999	5.0	-2651.1865130578317
-0.6799999999999999	6.0	5012.066443125462
-0.6799999999999999	7.0	6658.026170141673
-0.6799999999999999	8.0	-547.8365744122178
-0.6799999999999999	9.0	-1362.4681726171532
-0.6799999999999999	10.0	5608.278207691649
-0.6799999999999999	11.0	5608.27820769166
-0.6799999999999999	12.0	-1362.4681726170952
-0.6799999999999999	13.0	-547.8365744122539
-0.6799999999999999	14.0	6658.026170141749
-0.6799999999999999	15.0	5012.066443125525
-0.6799999999999999	16.0	-2651.1865130578235
-0.6799999999999999	17.0	-119.78363338289499
-0.6799999999999999	18.0	8301.03591467063
-0.6799999999999999	19.0	4839.5715764723345
-0.6799999999999999	20.0	-4516.937550809091
-0.66	1.0	737.4992204567194
-0.66	2.0	-707.7177353539448
-0.66	3.0	-1276.4009958346696
-0.66	4.0	3.774408346521677
-0.66	5.0	426.74194854511677
-0.66	6.0	-688.604539632605
-0.66	7.0	-962.0086570979292
-0.66	8.0	59.46462085517268
-0.66	9.0	195.27155766436817
-0.66	10.0	-774.8326472609508
-0.66	11.0	-774.8326472609531
-0.66	12.0	195.27155766437716
-0.66	13.0	59.46462085517964
-0.66	14.0	-962.0086570978779
-0.66	15.0	-688.6045396326123
-0.66	16.0	426.74194854515537
-0.66	17.0	3.7744083465212235
-0.66	18.0	-1276.4009958347535
-0.66	19.0	-707.7177353540299
-0.66	20.0	737.4992204567315
-0.6399999999999999	1.0	137.94677402405753
-0.6399999999999999	2.0	-121.25966478579907
-0.6399999999999999	3.0	-228.91326232574121
-0.6399999999999999	4.0	-3.626878942502359
-0.6399999999999999	5.0	77.56223931996685
-0.6399999999999999	6.0	-108.74216752209297
-0.6399999999999999	7.0	-160.7797402219507
-0.6399999999999999	8.0	2.921890618672359
-0.6399999999999999	9.0	28.72917526714472
-0.6399999999999999	10.0	-122.49017715596973
-0.6399999999999999	11.0	-122.49017715596112
-0.6399999999999999	12.0	28.729175267102875
-0.6399999999999999	13.0	2.921890618684495
-0.6399999999999999	14.0	-160.77974022192726
-0.6399999999999999	15.0	-108.74216752206054
-0.6399999999999999	16.0	77.56223931995282
-0.6399999999999999	17.0	-3.6268789424684122
-0.6399999999999999	18.0	-228.91326232572158
-0.6399999999999999	19.0	-121.25966478587029
-0.6399999999999999	20.0	137.9467740240888
-0.62	1.0	49.47139267876223
-0.62	2.0	-40.338954093175836
-0.62	3.0	-79.05913251920866
-0.62	4.0	-2.5398820158388595
-0.62	5.0	26.79232319051797
-0.62	6.0	-33.585569112134706
-0.62	7.0	-52.227871906938326
-0.62	8.0	-1.33371492079744
-0.62	9.0	7.8950184711000055
-0.62	10.0	-37.831097645494644
-0.62	11.0	-37.831097645513594
-0.62	12.0	7.8950184711305615
-0.62	13.0	-1.3337149208324706
-0.62	14.0	-52.22787190696006
-0.62	15.0	-33.585569112110015
-0.62	16.0	26.792323190522485
-0.62	17.0	-2.5398820158187303
-0.62	18.0	-79.05913251919995
-0.62	19.0	-40.33895409321232
-0.62	20.0	49.47139267874243
-0.6	1.0	23.55936888640721
-0.6	2.0	-18.540569273213574
-0.6	3.0	-37.22993844952726
-0.6	4.0	-2.012167834683554
-0.6	5.0	12.216580086311803
-0.6	6.0	-14.162084210924085
-0.6	7.0	-23.09523512440883
-0.6	8.0	-2.1530621729453396
-0.6	9.0	2.233567482386387
-0.6	10.0	-15.809372448019328
-0.6	11.0	-15.809372448072807
-0.6	12.0	2.233567482395259
-0.6	13.0	-2.1530621729536072
-0.6	14.0	-23.095235124404955
-0.6	15.0	-14.162084210920325
-0.6	16.0	12.216580086310719
-0.6	17.0	-2.0121678347051413
-0.6	18.0	-37.229938449465095
-0.6	19.0	-18.54056927319218
-0.6	20.0	23.55936888642608
-0.5800000000000001	1.0	12.392332097372506
-0.5800000000000001	2.0	-9.241004403066071
-0.5800000000000001	3.0	-18.928605241675672
-0.5800000000000001	4.0	-1.1594364553961358
-0.5800000000000001	5.0	6.132831231072849
-0.5800000000000001	6.0	-6.79371862515568
-0.5800000000000001	7.0	-11.325267962619948
-0.5800000000000001	8.0	-1.370059854349715
-0.5800000000000001	9.0	0.8503347260585805
-0.5800000000000001	10.0	-7.557082179057797
-0.5800000000000001	11.0	-7.557082179068122
-0.5800000000000001	12.0	0.8503347260411394
-0.5800000000000001	13.0	-1.3700598543406637
-0.5800000000000001	14.0	-11.325267962627157
-0.5800000000000001	15.0	-6.793718625164439
-0.5800000000000001	16.0	6.132831231095479
-0.5800000000000001	17.0	-1.159436455401449
-0.5800000000000001	18.0	-18.928605241713235
-0.5800000000000001	19.0	-9.241004403043108
-0.5800000000000001	20.0	12.392332097370112
-0.5599999999999999	1.0	7.296771392749696
-0.5599999999999999	2.0	-5.5195291332455545
-0.5599999999999999	3.0	-11.336191842995706
-0.5599999999999999	4.0	-0.9031220785931032
-0.5599999999999999	5.0	3.4935002329501126
-0.5599999999999999	6.0	-3.8144263055675762
-0.5599999999999999	7.0	-6.513030670568507
-0.5599999999999999	8.0	-1.1925131430733715
-0.5599999999999999	9.0	0.1172153000444643
-0.5599999999999999	10.0	-4.191702731670437
-0.5599999999999999	11.0	-4.1917027316695314
-0.5599999999999999	12.0	0.1172153000543061
-0.5599999999999999	13.0	-1.1925131430725209
-0.5599999999999999	14.0	-6.5130306706110845
-0.5599999999999999	15.0	-3.8144263055551115
-0.5599999999999999	16.0	3.4935002329494704
-0.5599999999999999	17.0	-0.9031220785913354
-0.5599999999999999	18.0	-11.336191842991301
-0.5599999999999999	19.0	-5.519529133270203
-0.5599999999999999	20.0	7.296771392799184
-0.5399999999999999	1.0	4.5661880112585225
-0.5399999999999999	2.0	-3.574475290540184
-0.5399999999999999	3.0	-7.299052520333733
-0.5399999999999999	4.0	-0.6889367542423156
-0.5399999999999999	5.0	2.1395793626601374
-0.5399999999999999	6.0	-2.3695408114169436
-0.5399999999999999	7.0	-4.089565380231973
-0.5399999999999999	8.0	-0.9519711114512083
-0.5399999999999999	9.0	-0.1249809631754517
-0.5399999999999999	10.0	-2.5777896148257122
-0.5399999999999999	11.0	-2.5777896148340207
-0.5399999999999999	12.0	-0.12498096319254577
-0.5399999999999999	13.0	-0.95197111144136
-0.5399999999999999	14.0	-4.089565380235097
-0.5399999999999999	15.0	-2.3695408114131498
-0.5399999999999999	16.0	2.1395793626440907
-0.5399999999999999	17.0	-0.6889367542366592
-0.5399999999999999	18.0	-7.299052520352126
-0.5399999999999999	19.0	-3.5744752905541928
-0.5399999999999999	20.0	4.566188011273993
-0.52	1.0	3.151865296134714
-0.52	2.0	-2.325344946554904
-0.52	3.0	-4.805715801486929
-0.52	4.0	-0.44046039918667884
-0.52	5.0	1.3885919587152025
-0.52	6.0	-1.5621840029559213
-0.52	7.0	-2.657341093024102
-0.52	8.0	-0.6110408735690915
-0.52	9.0	-0.08780354583608616
-0.52	10.0	-1.6950256269092379
-0.52	11.0	-1.6950256269410375
-0.52	12.0	-0.0878035458532592
-0.52	13.0	-0.6110408735743063
-0.52	14.0	-2.6573410930286503
-0.52	15.0	-1.5621840029461938
-0.52	16.0	1.388591958731902
-0.52	17.0	-0.44046039919342017
-0.52	18.0	-4.8057158015006225
-0.52	19.0	-2.3253449465446123
-0.52	20.0	3.1518652961385176
-0.5	1.0	2.8026965298926414
-0.5	2.0	-1.869100654544673
-0.5	3.0	-3.9751952208156074
-0.5	4.0	-0.3547088130523876
-0.5	5.0	1.145325245191817
-0.5	6.0	-1.2615287963034971
-0.5	7.0	-2.1415345450988035
-0.5	8.0	-0.48610841861825865
-0.5	9.0	-0.07169175563500094
-0.5	10.0	-1.3694506504536932
-0.5	11.0	-1.3694506504535906
-0.5	12.0	-0.07169175563746498
-0.5	13.0	-0.4861084186244502
-0.5	14.0	-2.141534545107308
-0.5	15.0	-1.2615287963105724
-0.5	16.0	1.1453252451861222
-0.5	17.0	-0.3547088130478983
-0.5	18.0	-3.9751952207909875
-0.5	19.0	-1.8691006545471496
-0.5	20.0	2.802696529886681
-0.48	1.0	2.590502028396994
-0.48	2.0	-1.5370985668515087
-0.48	3.0	-3.3965598781889526
-0.48	4.0	-0.2846760059014787
-0.48	5.0	0.9969127313510641
-0.48	6.0	-1.036292487658647
-0.48	7.0	-1.7782763543829176
-0.48	8.0	-0.3875764242872301
-0.48	9.0	-0.04118236246466102
-0.48	10.0	-1.1264679236830728
-0.48	11.0	-1.1264679236852109
-0.48	12.0	-0.041182362473691676
-0.48	13.0	-0.38757642428175
-0.48	14.0	-1.778276354391349
-0.48	15.0	-1.0362924876475763
-0.48	16.0	0.9969127313419658
-0.48	17.0	-0.28467600588801567
-0.48	18.0	-3.3965598781793855
-0.48	19.0	-1.5370985668442216
-0.48	20.0	2.5905020284016964
-0.45999999999999996	1.0	1.4649808123086612
-0.45999999999999996	2.0	-1.1005838716873029
-0.45999999999999996	3.0	-2.2734453371152905
-0.45999999999999996	4.0	-0.2340218079045127
-0.45999999999999996	5.0	0.622864287484056
-0.45999999999999996	6.0	-0.7117853557515389
-0.45999999999999996	7.0	-1.214899566628204
-0.45999999999999996	8.0	-0.32096079483386547
-0.45999999999999996	9.0	-0.0854062093900679
-0.45999999999999996	10.0	-0.7671495276125198
-0.45999999999999996	11.0	-0.7671495276299791
-0.45999999999999996	12.0	-0.08540620938463457
-0.45999999999999996	13.0	-0.32096079483166295
-0.45999999999999996	14.0	-1.2148995666149767
-0.45999999999999996	15.0	-0.71178535576186
-0.45999999999999996	16.0	0.6228642874675725
-0.45999999999999996	17.0	-0.23402180791390326
-0.45999999999999996	18.0	-2.2734453371235865
-0.45999999999999996	19.0	-1.1005838716915344
-0.45999999999999996	20.0	1.464980812308394
-0.43999999999999995	1.0	0.7966535138785015
-0.43999999999999995	2.0	-0.8119702726159262
-0.43999999999999995	3.0	-1.5556523567976768
-0.43999999999999995	4.0	-0.18065956465102168
-0.43999999999999995	5.0	0.4012669251405472
-0.43999999999999995	6.0	-0.5184190944004223
-0.43999999999999995	7.0	-0.8680646044019236
-0.43999999999999995	8.0	-0.24942610445591798
-0.43999999999999995	9.0	-0.08344429298937214
-0.43999999999999995	10.0	-0.5545012021354893
-0.43999999999999995	11.0	-0.5545012021315138
-0.43999999999999995	12.0	-0.08344429299201889
-0.43999999999999995	13.0	-0.24942610445904134
-0.43999999999999995	14.0	-0.8680646043930125
-0.43999999999999995	15.0	-0.5184190944064688
-0.43999999999999995	16.0	0.4012669251247212
-0.43999999999999995	17.0	-0.18065956465736574
-0.43999999999999995	18.0	-1.5556523568047698
-0.43999999999999995	19.0	-0.8119702726175563
-0.43999999999999995	20.0	0.7966535138701308
-0.42000000000000004	1.0	0.7497654728514971
-0.42000000000000004	2.0	-0.6071788966968876
-0.42000000000000004	3.0	-1.2280309260788451
-0.42000000000000004	4.0	-0.1318484331972513
-0.42000000000000004	5.0	0.3154753193007479
-0.42000000000000004	6.0	-0.39709938212450724
-0.42000000000000004	7.0	-0.6573980382693383
-0.42000000000000004	8.0	-0.18401963481334682
-0.42000000000000004	9.0	-0.0633868750632624
-0.42000000000000004	10.0	-0.42330004678204675
-0.42000000000000004	11.0	-0.4233000467804039
-0.42000000000000004	12.0	-0.06338687504932114
-0.42000000000000004	13.0	-0.18401963480014835
-0.42000000000000004	14.0	-0.6573980382604753
-0.42000000000000004	15.0	-0.39709938211381574
-0.42000000000000004	16.0	0.315475319295388
-0.42000000000000004	17.0	-0.13184843318845887
-0.42000000000000004	18.0	-1.2280309260834872
-0.42000000000000004	19.0	-0.6071788967078534
-0.42000000000000004	20.0	0.7497654728610205
-0.3999999999999999	1.0	0.1263571291522321
-0.3999999999999999	2.0	-0.45538747633176796
-0.3999999999999999	3.0	-0.7348193328558094
-0.3999999999999999	4.0	-0.10625944448213268
-0.3999999999999999	5.0	0.15463269502545426
-0.3999999999999999	6.0	-0.29016688618560765
-0.3999999999999999	7.0	-0.4539838784740342
-0.3999999999999999	8.0	-0.14747231551108994
-0.3999999999999999	9.0	-0.06809001507563463
-0.3999999999999999	10.0	-0.3037773472708078
-0.3999999999999999	11.0	-0.30377734727710265
-0.3999999999999999	12.0	-0.06809001508081562
-0.3999999999999999	13.0	-0.14747231551960652
-0.3999999999999999	14.0	-0.45398387848396904
-0.3999999999999999	15.0	-0.29016688619769065
-0.3999999999999999	16.0	0.1546326950147463
-0.3999999999999999	17.0	-0.10625944447858295
-0.3999999999999999	18.0	-0.7348193328554185
-0.3999999999999999	19.0	-0.4553874763352152
-0.3999999999999999	20.0	0.1263571291747675
-0.38	1.0	-0.1781758176819219
-0.38	2.0	-0.33682581805669687
-0.38	3.0	-0.42945758001280887
-0.38	4.0	-0.08220065175211681
-0.38	5.0	0.060068490815101544
-0.38	6.0	-0.21430000243492153
-0.38	7.0	-0.3128131406416491
-0.38	8.0	-0.11583325432565532
-0.38	9.0	-0.0661619241408896
-0.38	10.0	-0.2202258241369902
-0.38	11.0	-0.22022582413884706
-0.38	12.0	-0.06616192413795775
-0.38	13.0	-0.11583325432245434
-0.38	14.0	-0.31281314062943366
-0.38	15.0	-0.2143000024427768
-0.38	16.0	0.06006849080684068
-0.38	17.0	-0.0822006517590993
-0.38	18.0	-0.42945758003325313
-0.38	19.0	-0.33682581807423834
-0.38	20.0	-0.17817581769969676
-0.36	1.0	-0.4355991285098137
-0.36	2.0	-0.3170768941023562
-0.36	3.0	-0.2910439142460001
-0.36	4.0	-0.0749920801538146
-0.36	5.0	0.015208163514767904
-0.36	6.0	-0.19962858217538126
-0.36	7.0	-0.27653766770751864
-0.36	8.0	-0.10391116430193749
-0.36	9.0	-0.061923586187345815
-0.36	10.0	-0.2036005872960362
-0.36	11.0	-0.20360058729682887
-0.36	12.0	-0.06192358618851484
-0.36	13.0	-0.10391116431337971
-0.36	14.0	-0.27653766770209737
-0.36	15.0	-0.19962858217823273
-0.36	16.0	0.015208163520204331
-0.36	17.0	-0.0749920801487004
-0.36	18.0	-0.2910439142569913
-0.36	19.0	-0.3170768940846324
-0.36	20.0	-0.4355991284928734
-0.33999999999999997	1.0	-0.7266246756139856
-0.33999999999999997	2.0	-0.2119052650022856
-0.33999999999999997	3.0	-0.01466363305734203
-0.33999999999999997	4.0	-0.05297521158752523
-0.33999999999999997	5.0	-0.07187879195502146
-0.33999999999999997	6.0	-0.13444167935128315
-0.33999999999999997	7.0	-0.15240380516388582
-0.33999999999999997	8.0	-0.07626596077707684
-0.33999999999999997	9.0	-0.06124074547072496
-0.33999999999999997	10.0	-0.13148339598936368
-0.33999999999999997	11.0	-0.1314833959918627
-0.33999999999999997	12.0	-0.061240745474918805
-0.33999999999999997	13.0	-0.07626596078711076
-0.33999999999999997	14.0	-0.1524038051608133
-0.33999999999999997	15.0	-0.1344416793466493
-0.33999999999999997	16.0	-0.07187879196482705
-0.33999999999999997	17.0	-0.052975211594072126
-0.33999999999999997	18.0	-0.014663633053631336
-0.33999999999999997	19.0	-0.21190526499277892
-0.33999999999999997	20.0	-0.7266246756166419
-0.31999999999999995	1.0	-1.086988786358885
-0.31999999999999995	2.0	-0.1520749354486249
-0.31999999999999995	3.0	0.22492689140796285
-0.31999999999999995	4.0	-0.039714881431800735
-0.31999999999999995	5.0	-0.15113508167119233
-0.31999999999999995	6.0	-0.09425410479819268
-0.31999999999999995	7.0	-0.06669758530268363
-0.31999999999999995	8.0	-0.059050506516549965
-0.31999999999999995	9.0	-0.06252703590548003
-0.31999999999999995	10.0	-0.08525642006314807
-0.31999999999999995	11.0	-0.08525642006553881
-0.31999999999999995	12.0	-0.06252703589388604
-0.31999999999999995	13.0	-0.05905050651806829
-0.31999999999999995	14.0	-0.06669758531134837
-0.31999999999999995	15.0	-0.09425410479363201
-0.31999999999999995	16.0	-0.1511350816782185
-0.31999999999999995	17.0	-0.03971488143131816
-0.31999999999999995	18.0	0.2249268913974939
-0.31999999999999995	19.0	-0.15207493544704168
-0.31999999999999995	20.0	-1.0869887863739813
-0.29999999999999993	1.0	-1.4139134653019172
-0.29999999999999993	2.0	-0.1356350205411012
-0.29999999999999993	3.0	0.3857893857701201
-0.29999999999999993	4.0	-0.03577360733938215
-0.29999999999999993	5.0	-0.2119615143699103
-0.29999999999999993	6.0	-0.08164729854372033
-0.29999999999999993	7.0	-0.026134598516086398
-0.29999999999999993	8.0	-0.05413836377454391
-0.29999999999999993	9.0	-0.06846947978725065
-0.29999999999999993	10.0	-0.0689781967056191
-0.29999999999999993	11.0	-0.06897819670788963
-0.29999999999999993	12.0	-0.06846947979422018
-0.29999999999999993	13.0	-0.05413836377183741
-0.29999999999999993	14.0	-0.026134598513945638
-0.29999999999999993	15.0	-0.08164729854807645
-0.29999999999999993	16.0	-0.21196151435879795
-0.29999999999999993	17.0	-0.035773607340406285
-0.29999999999999993	18.0	0.38578938576593025
-0.29999999999999993	19.0	-0.13563502053776844
-0.29999999999999993	20.0	-1.4139134653077627
-0.28	1.0	-2.252696805164481
-0.28	2.0	-0.08794817793815912
-0.28	3.0	0.8133046657656796
-0.28	4.0	-0.027123310850237243
-0.28	5.0	-0.3758775762064315
-0.28	6.0	-0.05390975357860157
-0.28	7.0	0.07797241056818169
-0.28	8.0	-0.04633015641604183
-0.28	9.0	-0.0894781763381953
-0.28	10.0	-0.0319832647319615
-0.28	11.0	-0.03198326473133456
-0.28	12.0	-0.08947817634031961
-0.28	13.0	-0.04633015640554273
-0.28	14.0	0.07797241057270554
-0.28	15.0	-0.05390975358777647
-0.28	16.0	-0.3758775761967956
-0.28	17.0	-0.02712331085607661
-0.28	18.0	0.8133046657524703
-0.28	19.0	-0.08794817793001322
-0.28	20.0	-2.2526968051552814
-0.26	1.0	-3.3655122914645275
-0.26	2.0	-0.03499958548627962
-0.26	3.0	1.3593685465588048
-0.26	4.0	-0.0166316641299104
-0.26	5.0	-0.5858977128926509
-0.26	6.0	-0.021369647954253758
-0.26	7.0	0.2060209852337772
-0.26	8.0	-0.037250106062560344
-0.26	9.0	-0.11625159347477858
-0.26	10.0	0.012702049427428539
-0.26	11.0	0.01270204943202821
-0.26	12.0	-0.11625159347270309
-0.26	13.0	-0.03725010606678233
-0.26	14.0	0.20602098522104134
-0.26	15.0	-0.021369647950152854
-0.26	16.0	-0.5858977128760414
-0.26	17.0	-0.016631664128712895
-0.26	18.0	1.3593685465604126
-0.26	19.0	-0.03499958548034728
-0.26	20.0	-3.3655122914898
-0.2400000000000001	1.0	-3.7287310695211224
-0.2400000000000001	2.0	0.019322670234605856
-0.2400000000000001	3.0	1.573846372475093
-0.2400000000000001	4.0	-0.005519077958661864
-0.2400000000000001	5.0	-0.6597147154216068
-0.2400000000000001	6.0	0.010581099453269337
-0.2400000000000001	7.0	0.2765378358733665
-0.2400000000000001	8.0	-0.024670384018779034
-0.2400000000000001	9.0	-0.12035790155979795
-0.2400000000000001	10.0	0.04859284608920863
-0.2400000000000001	11.0	0.04859284607837077
-0.2400000000000001	12.0	-0.12035790156539693
-0.2400000000000001	13.0	-0.024670384025301095
-0.2400000000000001	14.0	0.27653783589152453
-0.2400000000000001	15.0	0.010581099454181682
-0.2400000000000001	16.0	-0.6597147154261024
-0.2400000000000001	17.0	-0.005519077959706638
-0.2400000000000001	18.0	1.573846372471189
-0.2400000000000001	19.0	0.01932267023803007
-0.2400000000000001	20.0	-3.7287310694743727
-0.21999999999999997	1.0	-5.699002953924463
-0.21999999999999997	2.0	-0.02092068551280713
-0.21999999999999997	3.0	2.3576301876815746
-0.21999999999999997	4.0	-0.013837045684426431
-0.21999999999999997	5.0	-0.993757117619473
-0.21999999999999997	6.0	-0.005231976396933604
-0.21999999999999997	7.0	0.3914057302773002
-0.21999999999999997	8.0	-0.04233488548104083
-0.21999999999999997	9.0	-0.18151583042890207
-0.21999999999999997	10.0	0.05384554613067022
-0.21999999999999997	11.0	0.05384554613117995
-0.21999999999999997	12.0	-0.18151583043244318
-0.21999999999999997	13.0	-0.04233488548013987
-0.21999999999999997	14.0	0.39140573027906256
-0.21999999999999997	15.0	-0.005231976400422475
-0.21999999999999997	16.0	-0.9937571176173644
-0.21999999999999997	17.0	-0.01383704569064354
-0.21999999999999997	18.0	2.357630187683887
-0.21999999999999997	19.0	-0.02092068552092438
-0.21999999999999997	20.0	-5.699002953964605
-0.19999999999999996	1.0	-6.5841292821896475
-0.19999999999999996	2.0	0.038798306257351436
-0.19999999999999996	3.0	2.7840355670337975
-0.19999999999999996	4.0	-0.0002965947673432035
-0.19999999999999996	5.0	-1.1493411602316548
-0.19999999999999996	6.0	0.03335567549110405
-0.19999999999999996	7.0	0.500549203138187
-0.19999999999999996	8.0	-0.02683554043767032
-0.19999999999999996	9.0	-0.19378277353031043
-0.19999999999999996	10.0	0.10097826767572297
-0.19999999999999996	11.0	0.10097826768331032
-0.19999999999999996	12.0	-0.19378277353253326
-0.19999999999999996	13.0	-0.02683554043439137
-0.19999999999999996	14.0	0.5005492031391722
-0.19999999999999996	15.0	0.03335567547992899
-0.19999999999999996	16.0	-1.1493411602423405
-0.19999999999999996	17.0	-0.0002965947724335899
-0.19999999999999996	18.0	2.784035567027032
-0.19999999999999996	19.0	0.03879830625717627
-0.19999999999999996	20.0	-6.584129282195413
-0.17999999999999994	1.0	-13.023119712531173
-0.17999999999999994	2.0	0.122961605623212
-0.17999999999999994	3.0	5.621192618587574
-0.17999999999999994	4.0	0.009095463364194882
-0.17999999999999994	5.0	-2.3074950761972395
-0.17999999999999994	6.0	0.09323746640105314
-0.17999999999999994	7.0	1.0476318041583448
-0.17999999999999994	8.0	-0.042668794986276924
-0.17999999999999994	9.0	-0.38502790557344035
-0.17999999999999994	10.0	0.22995827212182218
-0.17999999999999994	11.0	0.2299582721233528
-0.17999999999999994	12.0	-0.3850279055687952
-0.17999999999999994	13.0	-0.04266879499204182
-0.17999999999999994	14.0	1.0476318041685448
-0.17999999999999994	15.0	0.09323746640432112
-0.17999999999999994	16.0	-2.3074950761965285
-0.17999999999999994	17.0	0.009095463364196432
-0.17999999999999994	18.0	5.621192618610008
-0.17999999999999994	19.0	0.12296160563722947
-0.17999999999999994	20.0	-13.023119712544407
-0.15999999999999992	1.0	-23.39796569746774
-0.15999999999999992	2.0	0.17178003713651518
-0.15999999999999992	3.0	10.05617776058549
-0.15999999999999992	4.0	0.012345390609799348
-0.15999999999999992	5.0	-4.136575178858682
-0.15999999999999992	6.0	0.15510447444456926
-0.15999999999999992	7.0	1.86558651343877
-0.15999999999999992	8.0	-0.0799255675173377
-0.15999999999999992	9.0	-0.6917304345063054
-0.15999999999999992	10.0	0.4053549204002472
-0.15999999999999992	11.0	0.40535492039691146
-0.15999999999999992	12.0	-0.6917304344996087
-0.15999999999999992	13.0	-0.07992556751723932
-0.15999999999999992	14.0	1.8655865134346878
-0.15999999999999992	15.0	0.15510447444486813
-0.15999999999999992	16.0	-4.136575178858399
-0.15999999999999992	17.0	0.012345390605675523
-0.15999999999999992	18.0	10.056177760589529
-0.15999999999999992	19.0	0.17178003712384862
-0.15999999999999992	20.0	-23.397965697449028
-0.14000000000000012	1.0	-33.647683254335846
-0.14000000000000012	2.0	0.19537544461109624
-0.14000000000000012	3.0	14.341934542079745
-0.14000000000000012	4.0	0.011663726007177775
-0.14000000000000012	5.0	-5.9094983557076395
-0.14000000000000012	6.0	0.1943198069238698
-0.14000000000000012	7.0	2.624176939198324
-0.14000000000000012	8.0	-0.12173925009040329
-0.14000000000000012	9.0	-0.9898535746815454
-0.14000000000000012	10.0	0.5506931547666936
-0.14000000000000012	11.0	0.5506931547664703
-0.14000000000000012	12.0	-0.9898535746840391
-0.14000000000000012	13.0	-0.12173925008726212
-0.14000000000000012	14.0	2.6241769392022474
-0.14000000000000012	15.0	0.19431980692408277
-0.14000000000000012	16.0	-5.9094983556905785
-0.14000000000000012	17.0	0.011663726003325225
-0.14000000000000012	18.0	14.34193454208212
-0.14000000000000012	19.0	0.19537544460571327
-0.14000000000000012	20.0	-33.64768325435878
-0.1200000000000001	1.0	-48.64382808172525
-0.1200000000000001	2.0	0.2700921646459381
-0.1200000000000001	3.0	20.613946543212553
-0.1200000000000001	4.0	0.019849734518810242
-0.1200000000000001	5.0	-8.486158642460513
-0.1200000000000001	6.0	0.2702391663769118
-0.1200000000000001	7.0	3.741860303671173
-0.1200000000000001	8.0	-0.16852698193671004
-0.1200000000000001	9.0	-1.4093096575336062
-0.1200000000000001	10.0	0.7762706102156083
-0.1200000000000001	11.0	0.7762706102144055
-0.1200000000000001	12.0	-1.4093096575338284
-0.1200000000000001	13.0	-0.16852698194014912
-0.1200000000000001	14.0	3.7418603036701055
-0.1200000000000001	15.0	0.2702391663810496
-0.1200000000000001	16.0	-8.48615864245991
-0.1200000000000001	17.0	0.01984973451495394
-0.1200000000000001	18.0	20.61394654324989
-0.1200000000000001	19.0	0.2700921646497206
-0.1200000000000001	20.0	-48.64382808167836
-0.09999999999999987	1.0	-116.50475418430457
-0.09999999999999987	2.0	0.7188083247023516
-0.09999999999999987	3.0	49.48956558456786
-0.09999999999999987	4.0	0.06269528150398906
-0.09999999999999987	5.0	-20.342006471630786
-0.09999999999999987	6.0	0.6782016722712239
-0.09999999999999987	7.0	9.015431125017313
-0.09999999999999987	8.0	-0.3847713418969124
-0.09999999999999987	9.0	-3.3647536779475398
-0.09999999999999987	10.0	1.8867605554106157
-0.09999999999999987	11.0	1.8867605554074625
-0.09999999999999987	12.0	-3.3647536779529448
-0.09999999999999987	13.0	-0.3847713418874594
-0.09999999999999987	14.0	9.015431125010169
-0.09999999999999987	15.0	0.678201672273954
-0.09999999999999987	16.0	-20.342006471644137
-0.09999999999999987	17.0	0.06269528150003498
-0.09999999999999987	18.0	49.48956558455353
-0.09999999999999987	19.0	0.7188083246909771
-0.09999999999999987	20.0	-116.50475418423827
-0.07999999999999985	1.0	-484.302548806123
-0.07999999999999985	2.0	2.707228923784018
-0.07999999999999985	3.0	205.5785541513113
-0.07999999999999985	4.0	0.18775642024511127
-0.07999999999999985	5.0	-84.64094438392176
-0.07999999999999985	6.0	2.6251822262566775
-0.07999999999999985	7.0	37.31111180160578
-0.07999999999999985	8.0	-1.7196825736579837
-0.07999999999999985	9.0	-14.108394555011328
-0.07999999999999985	10.0	7.6690622572638745
-0.07999999999999985	11.0	7.669062257266725
-0.07999999999999985	12.0	-14.108394555015883
-0.07999999999999985	13.0	-1.7196825736584285
-0.07999999999999985	14.0	37.311111801606195
-0.07999999999999985	15.0	2.6251822262588136
-0.07999999999999985	16.0	-84.64094438393276
-0.07999999999999985	17.0	0.1877564202472241
-0.07999999999999985	18.0	205.57855415131374
-0.07999999999999985	19.0	2.707228923786931
-0.07999999999999985	20.0	-484.3025488060249
-0.06000000000000005	1.0	-3008.793822510683
-0.06000000000000005	2.0	10.549189892630046
-0.06000000000000005	3.0	1268.6560181619307
-0.06000000000000005	4.0	-0.17661219237505418
-0.06000000000000005	5.0	-524.7193196883389
-0.06000000000000005	6.0	12.5745580729539
-0.06000000000000005	7.0	226.64826611374968
-0.06000000000000005	8.0	-12.586340839804137
-0.06000000000000005	9.0	-88.88344303542955
-0.06000000000000005	10.0	43.984682712443735
-0.06000000000000005	11.0	43.984682712445334
-0.06000000000000005	12.0	-88.88344303542345
-0.06000000000000005	13.0	-12.5863408397978
-0.06000000000000005	14.0	226.64826611376358
-0.06000000000000005	15.0	12.574558072958338
-0.06000000000000005	16.0	-524.7193196883404
-0.06000000000000005	17.0	-0.17661219237783082
-0.06000000000000005	18.0	1268.6560181619652
-0.06000000000000005	19.0	10.549189892631945
-0.06000000000000005	20.0	-3008.7938225107146
-0.040000000000000036	1.0	11198.08526993094
-0.040000000000000036	2.0	-32.09163159218944
-0.040000000000000036	3.0	-4709.599242107241
-0.040000000000000036	4.0	2.149990313004224
-0.040000000000000036	5.0	1950.1103200368393
-0.040000000000000036	6.0	-42.190761123027954
-0.040000000000000036	7.0	-836.2507935560859
-0.040000000000000036	8.0	48.81558183420047
-0.040000000000000036	9.0	331.5509547494775
-0.040000000000000036	10.0	-158.82141704582278
-0.040000000000000036	11.0	-158.8214170458257
-0.040000000000000036	12.0	331.55095474948325
-0.040000000000000036	13.0	48.81558183420128
-0.040000000000000036	14.0	-836.2507935560833
-0.040000000000000036	15.0	-42.190761123026356
-0.040000000000000036	16.0	1950.1103200368268
-0.040000000000000036	17.0	2.149990312998848
-0.040000000000000036	18.0	-4709.599242107242
-0.040000000000000036	19.0	-32.091631592189486
-0.040000000000000036	20.0	11198.085269930945
-0.020000000000000018	1.0	30244.543793168767
-0.020000000000000018	2.0	-24.45260966298085
-0.020000000000000018	3.0	-12622.751813683553
-0.020000000000000018	4.0	18.524719753119488
-0.020000000000000018	5.0	5247.5674856240375
-0.020000000000000018	6.0	-76.85666960077197
-0.020000000000000018	7.0	-2201.957491793386
-0.020000000000000018	8.0	148.83547236441706
-0.020000000000000018	9.0	903.5477783468564
-0.020000000000000018	10.0	-391.1198157608043
-0.020000000000000018	11.0	-391.11981576079637
-0.020000000000000018	12.0	903.5477783468464
-0.020000000000000018	13.0	148.83547236441933
-0.020000000000000018	14.0	-2201.9574917933746
-0.020000000000000018	15.0	-76.85666960075966
-0.020000000000000018	16.0	5247.56748562403
-0.020000000000000018	17.0	18.52471975312471
-0.020000000000000018	18.0	-12622.751813683593
-0.020000000000000018	19.0	-24.45260966298215
-0.020000000000000018	20.0	30244.543793168694
0.0	1.0	14576.089056108049
0.0	2.0	-1.4420616590451951
0.0	3.0	-6069.242748262894
0.0	4.0	11.192952091331065
0.0	5.0	2527.2530228712917
0.0	6.0	-30.835100005072636
0.0	7.0	-1052.6962826949157
0.0	8.0	74.95081919542719
0.0	9.0	437.6032257634587
0.0	10.0	-182.42041939454745
0.0	11.0	-182.42041939455396
0.0	12.0	437.60322576347136
0.0	13.0	74.95081919543105
0.0	14.0	-1052.6962826949164
0.0	15.0	-30.83510000507157
0.0	16.0	2527.253022871321
0.0	17.0	11.192952091333732
0.0	18.0	-6069.242748262907
0.0	19.0	-1.4420616590445063
0.0	20.0	14576.089056107969
0.020000000000000018	1.0	30244.543793168767
0.020000000000000018	2.0	-24.45260966298085
0.020000000000000018	3.0	-12622.751813683553
0.020000000000000018	4.0	18.524719753119488
0.020000000000000018	5.0	5247.5674856240375
0.020000000000000018	6.0	-76.85666960077197
0.020000000000000018	7.0	-2201.957491793386
0.020000000000000018	8.0	148.83547236441706
0.020000000000000018	9.0	903.5477783468564
0.020000000000000018	10.0	-391.1198157608043
0.020000000000000018	11.0	-391.11981576079637
0.020000000000000018	12.0	903.5477783468464
0.020000000000000018	13.0	148.83547236441933
0.020000000000000018	14.0	-2201.9574917933746
0.020000000000000018	15.0	-76.85666960075966
0.020000000000000018	16.0	5247.56748562403
0.020000000000000018	17.0	18.52471975312471
0.020000000000000018	18.0	-12622.751813683593
0.020000000000000018	19.0	-24.45260966298215
0.020000000000000018	20.0	30244.543793168694
0.039999999999999813	1.0	11198.085269931602
0.039999999999999813	2.0	-32.091631592187206
0.039999999999999813	3.0	-4709.599242107481
0.039999999999999813	4.0	2.149990312998003
0.039999999999999813	5.0	1950.110320036935
0.039999999999999813	6.0	-42.19076112302894
0.039999999999999813	7.0	-836.250793556124
0.039999999999999813	8.0	48.81558183421012
0.039999999999999813	9.0	331.5509547495
0.039999999999999813	10.0	-158.82141704583515
0.039999999999999813	11.0	-158.82141704583583
0.039999999999999813	12.0	331.55095474950286
0.039999999999999813	13.0	48.815581834199854
0.039999999999999813	14.0	-836.2507935561147
0.039999999999999813	15.0	-42.1907611230264
0.039999999999999813	16.0	1950.110320036928
0.039999999999999813	17.0	2.1499903130037037
0.039999999999999813	18.0	-4709.599242107507
0.039999999999999813	19.0	-32.09163159219627
0.039999999999999813	20.0	11198.085269931571
0.06000000000000005	1.0	-3008.793822510683
0.06000000000000005	2.0	10.549189892630046
0.06000000000000005	3.0	1268.6560181619307
0.06000000000000005	4.0	-0.17661219237505418
0.06000000000000005	5.0	-524.7193196883389
0.06000000000000005	6.0	12.5745580729539
0.06000000000000005	7.0	226.64826611374968
0.06000000000000005	8.0	-12.586340839804137
0.06000000000000005	9.0	-88.88344303542955
0.06000000000000005	10.0	43.984682712443735
0.06000000000000005	11.0	43.984682712445334
0.06000000000000005	12.0	-88.88344303542345
0.06000000000000005	13.0	-12.5863408397978
0.06000000000000005	14.0	226.64826611376358
0.06000000000000005	15.0	12.574558072958338
0.06000000000000005	16.0	-524.7193196883404
0.06000000000000005	17.0	-0.17661219237783082
0.06000000000000005	18.0	1268.6560181619652
0.06000000000000005	19.0	10.549189892631945
0.06000000000000005	20.0	-3008.7938225107146
0.08000000000000007	1.0	-484.3025488060127
0.08000000000000007	2.0	2.7072289237774134
0.08000000000000007	3.0	205.57855415131178
0.08000000000000007	4.0	0.18775642024033315
0.08000000000000007	5.0	-84.64094438392061
0.08000000000000007	6.0	2.625182226253544
0.08000000000000007	7.0	37.31111180160481
0.08000000000000007	8.0	-1.719682573650114
0.08000000000000007	9.0	-14.10839455501643
0.08000000000000007	10.0	7.6690622572674965
0.08000000000000007	11.0	7.669062257265897
0.08000000000000007	12.0	-14.10839455502011
0.08000000000000007	13.0	-1.7196825736580754
0.08000000000000007	14.0	37.31111180159834
0.08000000000000007	15.0	2.6251822262627904
0.08000000000000007	16.0	-84.64094438391903
0.08000000000000007	17.0	0.1877564202465762
0.08000000000000007	18.0	205.57855415129254
0.08000000000000007	19.0	2.7072289237800584
0.08000000000000007	20.0	-484.3025488060657
0.10000000000000009	1.0	-116.5047541842844
0.10000000000000009	2.0	0.7188083246986405
0.10000000000000009	3.0	49.489565584566954
0.10000000000000009	4.0	0.0626952815039274
0.10000000000000009	5.0	-20.342006471622724
0.10000000000000009	6.0	0.6782016722707426
0.10000000000000009	7.0	9.01543112501973
0.10000000000000009	8.0	-0.38477134188181955
0.10000000000000009	9.0	-3.364753677944412
0.10000000000000009	10.0	1.886760555412621
0.10000000000000009	11.0	1.8867605554066107
0.10000000000000009	12.0	-3.364753677948157
0.10000000000000009	13.0	-0.38477134188894785
0.10000000000000009	14.0	9.015431125017763
0.10000000000000009	15.0	0.6782016722688725
0.10000000000000009	16.0	-20.34200647163234
0.10000000000000009	17.0	0.06269528150301608
0.10000000000000009	18.0	49.48956558455756
0.10000000000000009	19.0	0.7188083246890591
0.10000000000000009	20.0	-116.50475418430462
0.1200000000000001	1.0	-48.64382808172525
0.1200000000000001	2.0	0.2700921646459381
0.1200000000000001	3.0	20.613946543212553
0.1200000000000001	4.0	0.019849734518810242
0.1200000000000001	5.0	-8.486158642460513
0.1200000000000001	6.0	0.2702391663769118
0.1200000000000001	7.0	3.741860303671173
0.1200000000000001	8.0	-0.16852698193671004
0.1200000000000001	9.0	-1.4093096575336062
0.1200000000000001	10.0	0.7762706102156083
0.1200000000000001	11.0	0.7762706102144055
0.1200000000000001	12.0	-1.4093096575338284
0.1200000000000001	13.0	-0.16852698194014912
0.1200000000000001	14.0	3.7418603036701055
0.1200000000000001	15.0	0.2702391663810496
0.1200000000000001	16.0	-8.48615864245991
0.1200000000000001	17.0	0.01984973451495394
0.1200000000000001	18.0	20.61394654324989
0.1200000000000001	19.0	0.2700921646497206
0.1200000000000001	20.0	-48.64382808167836
0.1399999999999999	1.0	-33.64768325437056
0.1399999999999999	2.0	0.1953754446151431
0.1399999999999999	3.0	14.341934542045315
0.1399999999999999	4.0	0.011663726005983454
0.1399999999999999	5.0	-5.909498355692325
0.1399999999999999	6.0	0.19431980692331335
0.1399999999999999	7.0	2.624176939196141
0.1399999999999999	8.0	-0.12173925008952292
0.1399999999999999	9.0	-0.9898535746835636
0.1399999999999999	10.0	0.5506931547712128
0.1399999999999999	11.0	0.5506931547771592
0.1399999999999999	12.0	-0.989853574683212
0.1399999999999999	13.0	-0.12173925008799907
0.1399999999999999	14.0	2.624176939201769
0.1399999999999999	15.0	0.19431980692199105
0.1399999999999999	16.0	-5.909498355699394
0.1399999999999999	17.0	0.011663726000478184
0.1399999999999999	18.0	14.341934542070016
0.1399999999999999	19.0	0.19537544461434758
0.1399999999999999	20.0	-33.64768325434651
0.15999999999999992	1.0	-23.39796569746774
0.15999999999999992	2.0	0.17178003713651518
0.15999999999999992	3.0	10.05617776058549
0.15999999999999992	4.0	0.012345390609799348
0.15999999999999992	5.0	-4.136575178858682
0.15999999999999992	6.0	0.15510447444456926
0.15999999999999992	7.0	1.86558651343877
0.15999999999999992	8.0	-0.0799255675173377
0.15999999999999992	9.0	-0.6917304345063054
0.15999999999999992	10.0	0.4053549204002472
0.15999999999999992	11.0	0.40535492039691146
0.15999999999999992	12.0	-0.6917304344996087
0.15999999999999992	13.0	-0.07992556751723932
0.15999999999999992	14.0	1.8655865134346878
0.15999999999999992	15.0	0.15510447444486813
0.15999999999999992	16.0	-4.136575178858399
0.15999999999999992	17.0	0.012345390605675523
0.15999999999999992	18.0	10.056177760589529
0.15999999999999992	19.0	0.17178003712384862
0.15999999999999992	20.0	-23.397965697449028
0.17999999999999994	1.0	-13.023119712531173
0.17999999999999994	2.0	0.122961605623212
0.17999999999999994	3.0	5.621192618587574
0.17999999999999994	4.0	0.009095463364194882
0.17999999999999994	5.0	-2.3074950761972395
0.17999999999999994	6.0	0.09323746640105314
0.17999999999999994	7.0	1.0476318041583448
0.17999999999999994	8.0	-0.042668794986276924
0.17999999999999994	9.0	-0.38502790557344035
0.17999999999999994	10.0	0.22995827212182218
0.17999999999999994	11.0	0.2299582721233528
0.17999999999999994	12.0	-0.3850279055687952
0.17999999999999994	13.0	-0.04266879499204182
0.17999999999999994	14.0	1.0476318041685448
0.17999999999999994	15.0	0.09323746640432112
0.17999999999999994	16.0	-2.3074950761965285
0.17999999999999994	17.0	0.009095463364196432
0.17999999999999994	18.0	5.621192618610008
0.17999999999999994	19.0	0.12296160563722947
0.17999999999999994	20.0	-13.023119712544407
0.19999999999999996	1.0	-6.5841292821896475
0.19999999999999996	2.0	0.038798306257351436
0.19999999999999996	3.0	2.7840355670337975
0.19999999999999996	4.0	-0.0002965947673432035
0.19999999999999996	5.0	-1.1493411602316548
0.19999999999999996	6.0	0.03335567549110405
0.19999999999999996	7.0	0.500549203138187
0.19999999999999996	8.0	-0.02683554043767032
0.19999999999999996	9.0	-0.19378277353031043
0.19999999999999996	10.0	0.10097826767572297
0.19999999999999996	11.0	0.10097826768331032
0.19999999999999996	12.0	-0.19378277353253326
0.19999999999999996	13.0	-0.02683554043439137
0.19999999999999996	14.0	0.5005492031391722
0.19999999999999996	15.0	0.03335567547992899
0.19999999999999996	16.0	-1.1493411602423405
0.19999999999999996	17.0	-0.0002965947724335899
0.19999999999999996	18.0	2.784035567027032
0.19999999999999996	19.0	0.03879830625717627
0.19999999999999996	20.0	-6.584129282195413
0.2200000000000002	1.0	-5.6990029539221325
0.2200000000000002	2.0	-0.02092068552514536
0.2200000000000002	3.0	2.3576301876597032
0.2200000000000002	4.0	-0.01383704568998583
0.2200000000000002	5.0	-0.993757117614279
0.2200000000000002	6.0	-0.005231976404330899
0.2200000000000002	7.0	0.3914057302786956
0.2200000000000002	8.0	-0.042334885471946
0.2200000000000002	9.0	-0.1815158304309917
0.2200000000000002	10.0	0.05384554613377214
0.2200000000000002	11.0	0.05384554613474861
0.2200000000000002	12.0	-0.18151583042341218
0.2200000000000002	13.0	-0.0423348854842547
0.2200000000000002	14.0	0.3914057302700043
0.2200000000000002	15.0	-0.005231976402353368
0.2200000000000002	16.0	-0.9937571176090125
0.2200000000000002	17.0	-0.013837045690416674
0.2200000000000002	18.0	2.3576301876769215
0.2200000000000002	19.0	-0.020920685520753615
0.2200000000000002	20.0	-5.6990029539572085
0.24	1.0	-3.7287310694481106
0.24	2.0	0.019322670249664057
0.24	3.0	1.573846372485218
0.24	4.0	-0.005519077963026868
0.24	5.0	-0.6597147154242299
0.24	6.0	0.010581099454157599
0.24	7.0	0.27653783588242953
0.24	8.0	-0.024670384015815706
0.24	9.0	-0.12035790156004365
0.24	10.0	0.048592846082184005
0.24	11.0	0.048592846086097624
0.24	12.0	-0.12035790155627163
0.24	13.0	-0.02467038401531236
0.24	14.0	0.2765378358790594
0.24	15.0	0.010581099454710065
0.24	16.0	-0.6597147154322865
0.24	17.0	-0.005519077956959726
0.24	18.0	1.5738463724692229
0.24	19.0	0.019322670242199542
0.24	20.0	-3.7287310694831124
0.26	1.0	-3.3655122914645275
0.26	2.0	-0.03499958548627962
0.26	3.0	1.3593685465588048
0.26	4.0	-0.0166316641299104
0.26	5.0	-0.5858977128926509
0.26	6.0	-0.021369647954253758
0.26	7.0	0.2060209852337772
0.26	8.0	-0.037250106062560344
0.26	9.0	-0.11625159347477858
0.26	10.0	0.012702049427428539
0.26	11.0	0.01270204943202821
0.26	12.0	-0.11625159347270309
0.26	13.0	-0.03725010606678233
0.26	14.0	0.20602098522104134
0.26	15.0	-0.021369647950152854
0.26	16.0	-0.5858977128760414
0.26	17.0	-0.016631664128712895
0.26	18.0	1.3593685465604126
0.26	19.0	-0.03499958548034728
0.26	20.0	-3.3655122914898
0.28	1.0	-2.252696805164481
0.28	2.0	-0.08794817793815912
0.28	3.0	0.8133046657656796
0.28	4.0	-0.027123310850237243
0.28	5.0	-0.3758775762064315
0.28	6.0	-0.05390975357860157
0.28	7.0	0.07797241056818169
0.28	8.0	-0.04633015641604183
0.28	9.0	-0.0894781763381953
0.28	10.0	-0.0319832647319615
0.28	11.0	-0.03198326473133456
0.28	12.0	-0.08947817634031961
0.28	13.0	-0.04633015640554273
0.28	14.0	0.07797241057270554
0.28	15.0	-0.05390975358777647
0.28	16.0	-0.3758775761967956
0.28	17.0	-0.02712331085607661
0.28	18.0	0.8133046657524703
0.28	19.0	-0.08794817793001322
0.28	20.0	-2.2526968051552814
0.30000000000000004	1.0	-1.4139134653190764
0.30000000000000004	2.0	-0.13563502054519153
0.30000000000000004	3.0	0.3857893857706155
0.30000000000000004	4.0	-0.035773607346636996
0.30000000000000004	5.0	-0.21196151436370003
0.30000000000000004	6.0	-0.08164729854781207
0.30000000000000004	7.0	-0.026134598513049234
0.30000000000000004	8.0	-0.05413836377167856
0.30000000000000004	9.0	-0.06846947979506694
0.30000000000000004	10.0	-0.0689781967065137
0.30000000000000004	11.0	-0.06897819670616229
0.30000000000000004	12.0	-0.06846947979263647
0.30000000000000004	13.0	-0.05413836377155715
0.30000000000000004	14.0	-0.0261345985202906
0.30000000000000004	15.0	-0.08164729854725039
0.30000000000000004	16.0	-0.21196151435957536
0.30000000000000004	17.0	-0.03577360733870128
0.30000000000000004	18.0	0.38578938576887956
0.30000000000000004	19.0	-0.13563502054389984
0.30000000000000004	20.0	-1.413913465304937
0.32000000000000006	1.0	-1.0869887863499392
0.32000000000000006	2.0	-0.15207493543357267
0.32000000000000006	3.0	0.22492689139208696
0.32000000000000006	4.0	-0.03971488143322503
0.32000000000000006	5.0	-0.15113508167282913
0.32000000000000006	6.0	-0.0942541047963507
0.32000000000000006	7.0	-0.06669758530736812
0.32000000000000006	8.0	-0.0590505065330691
0.32000000000000006	9.0	-0.06252703589454123
0.32000000000000006	10.0	-0.08525642006430095
0.32000000000000006	11.0	-0.08525642005450638
0.32000000000000006	12.0	-0.06252703589602021
0.32000000000000006	13.0	-0.05905050652505254
0.32000000000000006	14.0	-0.06669758530476046
0.32000000000000006	15.0	-0.0942541047936159
0.32000000000000006	16.0	-0.1511350816721396
0.32000000000000006	17.0	-0.039714881428860975
0.32000000000000006	18.0	0.22492689139971278
0.32000000000000006	19.0	-0.1520749354425756
0.32000000000000006	20.0	-1.0869887863436463
0.33999999999999986	1.0	-0.7266246756185041
0.33999999999999986	2.0	-0.21190526498489556
0.33999999999999986	3.0	-0.014663633052203036
0.33999999999999986	4.0	-0.05297521158915565
0.33999999999999986	5.0	-0.07187879195899752
0.33999999999999986	6.0	-0.1344416793545817
0.33999999999999986	7.0	-0.152403805151193
0.33999999999999986	8.0	-0.07626596079005493
0.33999999999999986	9.0	-0.061240745472717614
0.33999999999999986	10.0	-0.13148339599684056
0.33999999999999986	11.0	-0.1314833959886487
0.33999999999999986	12.0	-0.061240745476940965
0.33999999999999986	13.0	-0.07626596078571436
0.33999999999999986	14.0	-0.15240380515476243
0.33999999999999986	15.0	-0.13444167934870216
0.33999999999999986	16.0	-0.07187879195909434
0.33999999999999986	17.0	-0.05297521158971878
0.33999999999999986	18.0	-0.014663633066854163
0.33999999999999986	19.0	-0.21190526499785972
0.33999999999999986	20.0	-0.7266246756065434
0.3599999999999999	1.0	-0.4355991285120191
0.3599999999999999	2.0	-0.317076894090743
0.3599999999999999	3.0	-0.29104391425976117
0.3599999999999999	4.0	-0.07499208015745464
0.3599999999999999	5.0	0.015208163515212359
0.3599999999999999	6.0	-0.19962858218346363
0.3599999999999999	7.0	-0.2765376676956633
0.3599999999999999	8.0	-0.1039111643028806
0.3599999999999999	9.0	-0.0619235861840923
0.3599999999999999	10.0	-0.20360058728614364
0.3599999999999999	11.0	-0.20360058729197336
0.3599999999999999	12.0	-0.061923586176132195
0.3599999999999999	13.0	-0.10391116430486319
0.3599999999999999	14.0	-0.27653766770153704
0.3599999999999999	15.0	-0.19962858217912052
0.3599999999999999	16.0	0.015208163511718182
0.3599999999999999	17.0	-0.07499208015263018
0.3599999999999999	18.0	-0.29104391425824266
0.3599999999999999	19.0	-0.3170768940912301
0.3599999999999999	20.0	-0.43559912850725707
0.3799999999999999	1.0	-0.1781758176959005
0.3799999999999999	2.0	-0.3368258180743744
0.3799999999999999	3.0	-0.42945758003383805
0.3799999999999999	4.0	-0.08220065175475176
0.3799999999999999	5.0	0.06006849081576551
0.3799999999999999	6.0	-0.2143000024430936
0.3799999999999999	7.0	-0.3128131406302241
0.3799999999999999	8.0	-0.11583325432051224
0.3799999999999999	9.0	-0.0661619241493231
0.3799999999999999	10.0	-0.22022582413303393
0.3799999999999999	11.0	-0.22022582413910877
0.3799999999999999	12.0	-0.06616192414735209
0.3799999999999999	13.0	-0.11583325431372847
0.3799999999999999	14.0	-0.3128131406146795
0.3799999999999999	15.0	-0.21430000244188574
0.3799999999999999	16.0	0.06006849081762143
0.3799999999999999	17.0	-0.08220065174850132
0.3799999999999999	18.0	-0.42945758002968554
0.3799999999999999	19.0	-0.33682581806430933
0.3799999999999999	20.0	-0.17817581768702762
0.40000000000000013	1.0	0.12635712918068165
0.40000000000000013	2.0	-0.45538747634822474
0.40000000000000013	3.0	-0.734819332878283
0.40000000000000013	4.0	-0.106259444477623
0.40000000000000013	5.0	0.15463269502892343
0.40000000000000013	6.0	-0.2901668861985314
0.40000000000000013	7.0	-0.453983878481179
0.40000000000000013	8.0	-0.14747231551832687
0.40000000000000013	9.0	-0.06809001508103114
0.40000000000000013	10.0	-0.30377734728758976
0.40000000000000013	11.0	-0.30377734727648953
0.40000000000000013	12.0	-0.06809001507819508
0.40000000000000013	13.0	-0.14747231551970907
0.40000000000000013	14.0	-0.4539838784682071
0.40000000000000013	15.0	-0.2901668862032693
0.40000000000000013	16.0	0.15463269503181232
0.40000000000000013	17.0	-0.10625944447508395
0.40000000000000013	18.0	-0.7348193328510543
0.40000000000000013	19.0	-0.455387476337291
0.40000000000000013	20.0	0.12635712915272523
0.42000000000000015	1.0	0.749765472873881
0.42000000000000015	2.0	-0.6071788967124042
0.42000000000000015	3.0	-1.2280309260931235
0.42000000000000015	4.0	-0.13184843320019934
0.42000000000000015	5.0	0.31547531929816797
0.42000000000000015	6.0	-0.3970993821258623
0.42000000000000015	7.0	-0.6573980382682428
0.42000000000000015	8.0	-0.18401963480175978
0.42000000000000015	9.0	-0.06338687507154166
0.42000000000000015	10.0	-0.4233000467901857
0.42000000000000015	11.0	-0.42330004678411476
0.42000000000000015	12.0	-0.06338687505494134
0.42000000000000015	13.0	-0.18401963479676092
0.42000000000000015	14.0	-0.6573980382669388
0.42000000000000015	15.0	-0.3970993821241371
0.42000000000000015	16.0	0.31547531930363926
0.42000000000000015	17.0	-0.13184843318735276
0.42000000000000015	18.0	-1.228030926056034
0.42000000000000015	19.0	-0.6071788967086664
0.42000000000000015	20.0	0.7497654728552835
0.43999999999999995	1.0	0.7966535138785015
0.43999999999999995	2.0	-0.8119702726159262
0.43999999999999995	3.0	-1.5556523567976768
0.43999999999999995	4.0	-0.18065956465102168
0.43999999999999995	5.0	0.4012669251405472
0.43999999999999995	6.0	-0.5184190944004223
0.43999999999999995	7.0	-0.8680646044019236
0.43999999999999995	8.0	-0.24942610445591798
0.43999999999999995	9.0	-0.08344429298937214
0.43999999999999995	10.0	-0.5545012021354893
0.43999999999999995	11.0	-0.5545012021315138
0.43999999999999995	12.0	-0.08344429299201889
0.43999999999999995	13.0	-0.24942610445904134
0.43999999999999995	14.0	-0.8680646043930125
0.43999999999999995	15.0	-0.5184190944064688
0.43999999999999995	16.0	0.4012669251247212
0.43999999999999995	17.0	-0.18065956465736574
0.43999999999999995	18.0	-1.5556523568047698
0.43999999999999995	19.0	-0.8119702726175563
0.43999999999999995	20.0	0.7966535138701308
0.45999999999999996	1.0	1.4649808123086612
0.45999999999999996	2.0	-1.1005838716873029
0.45999999999999996	3.0	-2.2734453371152905
0.45999999999999996	4.0	-0.2340218079045127
0.45999999999999996	5.0	0.622864287484056
0.45999999999999996	6.0	-0.7117853557515389
0.45999999999999996	7.0	-1.214899566628204
0.45999999999999996	8.0	-0.32096079483386547
0.45999999999999996	9.0	-0.0854062093900679
0.45999999999999996	10.0	-0.7671495276125198
0.45999999999999996	11.0	-0.7671495276299791
0.45999999999999996	12.0	-0.08540620938463457
0.45999999999999996	13.0	-0.32096079483166295
0.45999999999999996	14.0	-1.2148995666149767
0.45999999999999996	15.0	-0.71178535576186
0.45999999999999996	16.0	0.6228642874675725
0.45999999999999996	17.0	-0.23402180791390326
0.45999999999999996	18.0	-2.2734453371235865
0.45999999999999996	19.0	-1.1005838716915344
0.45999999999999996	20.0	1.464980812308394
0.48	1.0	2.590502028396994
0.48	2.0	-1.5370985668515087
0.48	3.0	-3.3965598781889526
0.48	4.0	-0.2846760059014787
0.48	5.0	0.9969127313510641
0.48	6.0	-1.036292487658647
0.48	7.0	-1.7782763543829176
0.48	8.0	-0.3875764242872301
0.48	9.0	-0.04118236246466102
0.48	10.0	-1.1264679236830728
0.48	11.0	-1.1264679236852109
0.48	12.0	-0.041182362473691676
0.48	13.0	-0.38757642428175
0.48	14.0	-1.778276354391349
0.48	15.0	-1.0362924876475763
0.48	16.0	0.9969127313419658
0.48	17.0	-0.28467600588801567
0.48	18.0	-3.3965598781793855
0.48	19.0	-1.5370985668442216
0.48	20.0	2.5905020284016964
0.5	1.0	2.8026965298926414
0.5	2.0	-1.869100654544673
0.5	3.0	-3.9751952208156074
0.5	4.0	-0.3547088130523876
0.5	5.0	1.145325245191817
0.5	6.0	-1.2615287963034971
0.5	7.0	-2.1415345450988035
0.5	8.0	-0.48610841861825865
0.5	9.0	-0.07169175563500094
0.5	10.0	-1.3694506504536932
0.5	11.0	-1.3694506504535906
0.5	12.0	-0.07169175563746498
0.5	13.0	-0.4861084186244502
0.5	14.0	-2.141534545107308
0.5	15.0	-1.2615287963105724
0.5	16.0	1.1453252451861222
0.5	17.0	-0.3547088130478983
0.5	18.0	-3.9751952207909875
0.5	19.0	-1.8691006545471496
0.5	20.0	2.802696529886681
0.52	1.0	3.151865296134714
0.52	2.0	-2.325344946554904
0.52	3.0	-4.805715801486929
0.52	4.0	-0.44046039918667884
0.52	5.0	1.3885919587152025
0.52	6.0	-1.5621840029559213
0.52	7.0	-2.657341093024102
0.52	8.0	-0.6110408735690915
0.52	9.0	-0.08780354583608616
0.52	10.0	-1.6950256269092379
0.52	11.0	-1.6950256269410375
0.52	12.0	-0.0878035458532592
0.52	13.0	-0.6110408735743063
0.52	14.0	-2.6573410930286503
0.52	15.0	-1.5621840029461938
0.52	16.0	1.388591958731902
0.52	17.0	-0.44046039919342017
0.52	18.0	-4.8057158015006225
0.52	19.0	-2.3253449465446123
0.52	20.0	3.1518652961385176
0.5399999999999998	1.0	4.5661880112629065
0.5399999999999998	2.0	-3.5744752905116277
0.5399999999999998	3.0	-7.299052520423368
0.5399999999999998	4.0	-0.6889367542430991
0.5399999999999998	5.0	2.1395793626346427
0.5399999999999998	6.0	-2.3695408114074454
0.5399999999999998	7.0	-4.089565380232118
0.5399999999999998	8.0	-0.9519711114525758
0.5399999999999998	9.0	-0.12498096317349815
0.5399999999999998	10.0	-2.577789614829658
0.5399999999999998	11.0	-2.577789614818737
0.5399999999999998	12.0	-0.12498096319140377
0.5399999999999998	13.0	-0.9519711114374625
0.5399999999999998	14.0	-4.089565380226032
0.5399999999999998	15.0	-2.3695408114199292
0.5399999999999998	16.0	2.1395793626426824
0.5399999999999998	17.0	-0.6889367542409909
0.5399999999999998	18.0	-7.29905252035692
0.5399999999999998	19.0	-3.574475290561538
0.5399999999999998	20.0	4.566188011267496
0.56	1.0	7.29677139279629
0.56	2.0	-5.519529133242246
0.56	3.0	-11.33619184297655
0.56	4.0	-0.9031220786151734
0.56	5.0	3.4935002329623384
0.56	6.0	-3.8144263055517253
0.56	7.0	-6.513030670608835
0.56	8.0	-1.1925131430783777
0.56	9.0	0.11721530005360645
0.56	10.0	-4.1917027316773305
0.56	11.0	-4.191702731664372
0.56	12.0	0.1172153000393894
0.56	13.0	-1.192513143078361
0.56	14.0	-6.51303067060367
0.56	15.0	-3.8144263055664016
0.56	16.0	3.4935002329521767
0.56	17.0	-0.9031220786026632
0.56	18.0	-11.336191843006869
0.56	19.0	-5.5195291332566425
0.56	20.0	7.296771392794182
0.5800000000000001	1.0	12.392332097372506
0.5800000000000001	2.0	-9.241004403066071
0.5800000000000001	3.0	-18.928605241675672
0.5800000000000001	4.0	-1.1594364553961358
0.5800000000000001	5.0	6.132831231072849
0.5800000000000001	6.0	-6.79371862515568
0.5800000000000001	7.0	-11.325267962619948
0.5800000000000001	8.0	-1.370059854349715
0.5800000000000001	9.0	0.8503347260585805
0.5800000000000001	10.0	-7.557082179057797
0.5800000000000001	11.0	-7.557082179068122
0.5800000000000001	12.0	0.8503347260411394
0.5800000000000001	13.0	-1.3700598543406637
0.5800000000000001	14.0	-11.325267962627157
0.5800000000000001	15.0	-6.793718625164439
0.5800000000000001	16.0	6.132831231095479
0.5800000000000001	17.0	-1.159436455401449
0.5800000000000001	18.0	-18.928605241713235
0.5800000000000001	19.0	-9.241004403043108
0.5800000000000001	20.0	12.392332097370112
0.6000000000000001	1.0	23.559368886431617
0.6000000000000001	2.0	-18.54056927321079
0.6000000000000001	3.0	-37.22993844952039
0.6000000000000001	4.0	-2.012167834731393
0.6000000000000001	5.0	12.216580086290875
0.6000000000000001	6.0	-14.162084210931718
0.6000000000000001	7.0	-23.095235124419705
0.6000000000000001	8.0	-2.1530621729591255
0.6000000000000001	9.0	2.2335674823916674
0.6000000000000001	10.0	-15.809372448068492
0.6000000000000001	11.0	-15.809372448040612
0.6000000000000001	12.0	2.233567482390661
0.6000000000000001	13.0	-2.1530621729421706
0.6000000000000001	14.0	-23.095235124401782
0.6000000000000001	15.0	-14.162084210923028
0.6000000000000001	16.0	12.21658008631589
0.6000000000000001	17.0	-2.012167834712168
0.6000000000000001	18.0	-37.22993844948698
0.6000000000000001	19.0	-18.540569273189806
0.6000000000000001	20.0	23.55936888643492
0.6200000000000001	1.0	49.471392678754526
0.6200000000000001	2.0	-40.33895409320399
0.6200000000000001	3.0	-79.05913251920666
0.6200000000000001	4.0	-2.539882015810781
0.6200000000000001	5.0	26.79232319052809
0.6200000000000001	6.0	-33.58556911209263
0.6200000000000001	7.0	-52.22787190700236
0.6200000000000001	8.0	-1.3337149208299601
0.6200000000000001	9.0	7.895018471134072
0.6200000000000001	10.0	-37.831097645496094
0.6200000000000001	11.0	-37.8310976454811
0.6200000000000001	12.0	7.895018471148751
0.6200000000000001	13.0	-1.3337149208230343
0.6200000000000001	14.0	-52.22787190697211
0.6200000000000001	15.0	-33.585569112075355
0.6200000000000001	16.0	26.792323190520438
0.6200000000000001	17.0	-2.539882015820291
0.6200000000000001	18.0	-79.05913251921423
0.6200000000000001	19.0	-40.33895409321255
0.6200000000000001	20.0	49.47139267873309
0.6399999999999999	1.0	137.94677402405753
0.6399999999999999	2.0	-121.25966478579907
0.6399999999999999	3.0	-228.91326232574121
0.6399999999999999	4.0	-3.626878942502359
0.6399999999999999	5.0	77.56223931996685
0.6399999999999999	6.0	-108.74216752209297
0.6399999999999999	7.0	-160.7797402219507
0.6399999999999999	8.0	2.921890618672359
0.6399999999999999	9.0	28.72917526714472
0.6399999999999999	10.0	-122.49017715596973
0.6399999999999999	11.0	-122.49017715596112
0.6399999999999999	12.0	28.729175267102875
0.6399999999999999	13.0	2.921890618684495
0.6399999999999999	14.0	-160.77974022192726
0.6399999999999999	15.0	-108.74216752206054
0.6399999999999999	16.0	77.56223931995282
0.6399999999999999	17.0	-3.6268789424684122
0.6399999999999999	18.0	-228.91326232572158
0.6399999999999999	19.0	-121.25966478587029
0.6399999999999999	20.0	137.9467740240888
0.6599999999999999	1.0	737.499220456828
0.6599999999999999	2.0	-707.7177353540256
0.6599999999999999	3.0	-1276.4009958346633
0.6599999999999999	4.0	3.7744083464992344
0.6599999999999999	5.0	426.7419485451589
0.6599999999999999	6.0	-688.6045396325919
0.6599999999999999	7.0	-962.0086570978937
0.6599999999999999	8.0	59.46462085518883
0.6599999999999999	9.0	195.27155766438298
0.6599999999999999	10.0	-774.8326472609463
0.6599999999999999	11.0	-774.8326472609397
0.6599999999999999	12.0	195.2715576643898
0.6599999999999999	13.0	59.464620855181906
0.6599999999999999	14.0	-962.008657097886
0.6599999999999999	15.0	-688.6045396325898
0.6599999999999999	16.0	426.7419485451519
0.6599999999999999	17.0	3.774408346525015
0.6599999999999999	18.0	-1276.4009958346878
0.6599999999999999	19.0	-707.717735353998
0.6599999999999999	20.0	737.4992204567134
0.6799999999999999	1.0	-4516.937550809304
0.6799999999999999	2.0	4839.571576472213
0.6799999999999999	3.0	8301.035914670505
0.6799999999999999	4.0	-119.78363338291672
0.6799999999999999	5.0	-2651.1865130578317
0.6799999999999999	6.0	5012.066443125462
0.6799999999999999	7.0	6658.026170141673
0.6799999999999999	8.0	-547.8365744122178
0.6799999999999999	9.0	-1362.4681726171532
0.6799999999999999	10.0	5608.278207691649
0.6799999999999999	11.0	5608.27820769166
0.6799999999999999	12.0	-1362.4681726170952
0.6799999999999999	13.0	-547.8365744122539
0.6799999999999999	14.0	6658.026170141749
0.6799999999999999	15.0	5012.066443125525
0.6799999999999999	16.0	-2651.1865130578235
0.6799999999999999	17.0	-119.78363338289499
0.6799999999999999	18.0	8301.03591467063
0.6799999999999999	19.0	4839.5715764723345
0.6799999999999999	20.0	-4516.937550809091
0.7	1.0	-3002.535232844578
0.7	2.0	3663.303820450335
0.7	3.0	5952.623578504261
0.7	4.0	-126.16748094191286
0.7	5.0	-1760.376274941387
0.7	6.0	3997.2718363464282
0.7	7.0	5063.674635712009
0.7	8.0	-449.4395407617842
0.7	9.0	-972.0283432155177
0.7	10.0	4436.541010203768
0.7	11.0	4436.541010203737
0.7	12.0	-972.0283432155721
0.7	13.0	-449.43954076179625
0.7	14.0	5063.674635711961
0.7	15.0	3997.2718363464323
0.7	16.0	-1760.376274941308
0.7	17.0	-126.16748094190345
0.7	18.0	5952.623578504443
0.7	19.0	3663.303820450408
0.7	20.0	-3002.5352328446534
0.7199999999999998	1.0	374.0368328064677
0.7199999999999998	2.0	-551.814490492354
0.7199999999999998	3.0	-861.4278675352775
0.7199999999999998	4.0	-30.121259300786136
0.7199999999999998	5.0	192.6119179965604
0.7199999999999998	6.0	-541.7495388388173
0.7199999999999998	7.0	-682.433751263748
0.7199999999999998	8.0	-48.058315845437974
0.7199999999999998	9.0	17.379336308680543
0.7199999999999998	10.0	-563.501857702704
0.7199999999999998	11.0	-563.5018577027539
0.7199999999999998	12.0	17.379336308646806
0.7199999999999998	13.0	-48.05831584543391
0.7199999999999998	14.0	-682.433751263783
0.7199999999999998	15.0	-541.7495388388467
0.7199999999999998	16.0	192.61191799655495
0.7199999999999998	17.0	-30.121259300782164
0.7199999999999998	18.0	-861.4278675351536
0.7199999999999998	19.0	-551.8144904923514
0.7199999999999998	20.0	374.0368328064723
0.74	1.0	700.9905119608084
0.74	2.0	-1353.9109706356235
0.74	3.0	-2209.3388413234256
0.74	4.0	-584.2341767521422
0.74	5.0	134.05906186378175
0.74	6.0	-421.5711040890595
0.74	7.0	-857.7286458151815
0.74	8.0	-1387.8326906015486
0.74	9.0	-1197.6881130952816
0.74	10.0	12.373485085229282
0.74	11.0	12.373485085213922
0.74	12.0	-1197.688113095274
0.74	13.0	-1387.832690601602
0.74	14.0	-857.7286458151399
0.74	15.0	-421.5711040891401
0.74	16.0	134.05906186379912
0.74	17.0	-584.2341767521491
0.74	18.0	-2209.3388413232856
0.74	19.0	-1353.9109706357626
0.74	20.0	700.9905119608002
0.76	1.0	-8307.919767416191
0.76	2.0	18830.13798514597
0.76	3.0	29637.222553688483
0.76	4.0	8402.732370028036
0.76	5.0	-982.0228751851339
0.76	6.0	5226.939884771065
0.76	7.0	11370.329571174962
0.76	8.0	21602.590520242433
0.76	9.0	18752.42217914558
0.76	10.0	-1984.605562074296
0.76	11.0	-1984.6055620742832
0.76	12.0	18752.422179145764
0.76	13.0	21602.590520242415
0.76	14.0	11370.32957117496
0.76	15.0	5226.9398847710745
0.76	16.0	-982.0228751851589
0.76	17.0	8402.732370027998
0.76	18.0	29637.222553688192
0.76	19.0	18830.137985146117
0.76	20.0	-8307.919767416233
0.78	1.0	561.3052957699009
0.78	2.0	-1537.1494173788062
0.78	3.0	-2302.4900336476953
0.78	4.0	-659.9910160944695
0.78	5.0	23.41793175881418
0.78	6.0	-483.64034017103495
0.78	7.0	-973.2530979885786
0.78	8.0	-1828.2814907421812
0.78	9.0	-1586.0040885424087
0.78	10.0	148.83969127853763
0.78	11.0	148.83969127861377
0.78	12.0	-1586.00408854243
0.78	13.0	-1828.2814907421914
0.78	14.0	-973.2530979885088
0.78	15.0	-483.6403401709966
0.78	16.0	23.417931758821197
0.78	17.0	-659.9910160944652
0.78	18.0	-2302.490033647756
0.78	19.0	-1537.149417378674
0.78	20.0	561.3052957698749
0.8	1.0	65.52447537647183
0.8	2.0	-222.79745585462786
0.8	3.0	-317.3603984594212
0.8	4.0	-103.35316782527356
0.8	5.0	-18.417540000444653
0.8	6.0	-81.25195743928678
0.8	7.0	-148.1874070002705
0.8	8.0	-269.01447216138865
0.8	9.0	-233.36490653670188
0.8	10.0	-0.5724305580071469
0.8	11.0	-0.5724305579999371
0.8	12.0	-233.3649065367693
0.8	13.0	-269.0144721614016
0.8	14.0	-148.18740700018725
0.8	15.0	-81.25195743927702
0.8	16.0	-18.41754000037667
0.8	17.0	-103.35316782526166
0.8	18.0	-317.3603984594726
0.8	19.0	-222.79745585463704
0.8	20.0	65.52447537635535
0.8200000000000001	1.0	30.317669160932912
0.8200000000000001	2.0	-115.08183418867706
0.8200000000000001	3.0	-175.1627568566683
0.8200000000000001	4.0	-119.82929745405751
0.8200000000000001	5.0	-94.10653653842064
0.8200000000000001	6.0	-44.44648387627933
0.8200000000000001	7.0	-26.060673263205715
0.8200000000000001	8.0	-80.43777448785896
0.8200000000000001	9.0	-104.16383490918027
0.8200000000000001	10.0	-103.44660398789368
0.8200000000000001	11.0	-103.44660398788415
0.8200000000000001	12.0	-104.16383490919863
0.8200000000000001	13.0	-80.43777448784591
0.8200000000000001	14.0	-26.060673263174788
0.8200000000000001	15.0	-44.44648387625654
0.8200000000000001	16.0	-94.10653653841122
0.8200000000000001	17.0	-119.82929745408643
0.8200000000000001	18.0	-175.16275685654662
0.8200000000000001	19.0	-115.08183418865339
0.8200000000000001	20.0	30.317669160917692
0.8400000000000001	1.0	20.91871023559739
0.8400000000000001	2.0	-94.64120503030554
0.8400000000000001	3.0	-145.01715708295734
0.8400000000000001	4.0	-123.69351049096696
0.8400000000000001	5.0	-109.10111674980028
0.8400000000000001	6.0	-31.821313059094987
0.8400000000000001	7.0	-3.627797455152192
0.8400000000000001	8.0	-44.475462381480085
0.8400000000000001	9.0	-71.98761741395282
0.8400000000000001	10.0	-122.21687253709854
0.8400000000000001	11.0	-122.21687253715324
0.8400000000000001	12.0	-71.98761741397102
0.8400000000000001	13.0	-44.47546238149294
0.8400000000000001	14.0	-3.6277974551089454
0.8400000000000001	15.0	-31.8213130591052
0.8400000000000001	16.0	-109.10111674980637
0.8400000000000001	17.0	-123.69351049095927
0.8400000000000001	18.0	-145.017157082947
0.8400000000000001	19.0	-94.6412050303409
0.8400000000000001	20.0	20.918710235467653
0.8600000000000001	1.0	-2825.127633648158
0.8600000000000001	2.0	14642.007440653066
0.8600000000000001	3.0	22887.7479710427
0.8600000000000001	4.0	21252.857898269463
0.8600000000000001	5.0	18317.845636749393
0.8600000000000001	6.0	2964.831181373234
0.8600000000000001	7.0	-2137.0381886898263
0.8600000000000001	8.0	5430.621574161636
0.8600000000000001	9.0	11559.796234791205
0.8600000000000001	10.0	23429.347479166205
0.8600000000000001	11.0	23429.34747916614
0.8600000000000001	12.0	11559.79623479124
0.8600000000000001	13.0	5430.621574161714
0.8600000000000001	14.0	-2137.038188689826
0.8600000000000001	15.0	2964.831181373286
0.8600000000000001	16.0	18317.845636749247
0.8600000000000001	17.0	21252.857898269467
0.8600000000000001	18.0	22887.74797104252
0.8600000000000001	19.0	14642.007440653275
0.8600000000000001	20.0	-2825.127633648094
0.8800000000000001	1.0	150.96274436991172
0.8800000000000001	2.0	-1067.397657404096
0.8800000000000001	3.0	-1630.3305573333062
0.8800000000000001	4.0	-1557.7194765733934
0.8800000000000001	5.0	-1295.6302208902694
0.8800000000000001	6.0	-193.49118875304293
0.8800000000000001	7.0	111.9182342224003
0.8800000000000001	8.0	-436.85133656829663
0.8800000000000001	9.0	-897.6579576955016
0.8800000000000001	10.0	-1786.8934976957944
0.8800000000000001	11.0	-1786.8934976957773
0.8800000000000001	12.0	-897.6579576955124
0.8800000000000001	13.0	-436.8513365682537
0.8800000000000001	14.0	111.91823422244036
0.8800000000000001	15.0	-193.4911887531124
0.8800000000000001	16.0	-1295.6302208902396
0.8800000000000001	17.0	-1557.7194765734753
0.8800000000000001	18.0	-1630.3305573333503
0.8800000000000001	19.0	-1067.3976574041499
0.8800000000000001	20.0	150.96274436992914
0.9000000000000001	1.0	8.82653667479232
0.9000000000000001	2.0	-61.54989699099485
0.9000000000000001	3.0	-93.09097040520392
0.9000000000000001	4.0	-112.99337709933953
0.9000000000000001	5.0	-118.09272608479426
0.9000000000000001	6.0	-74.42637234266914
0.9000000000000001	7.0	-59.64273751151207
0.9000000000000001	8.0	-54.97039087616781
0.9000000000000001	9.0	-49.07435437738481
0.9000000000000001	10.0	-66.14858696053446
0.9000000000000001	11.0	-66.14858696048466
0.9000000000000001	12.0	-49.07435437742319
0.9000000000000001	13.0	-54.970390876156586
0.9000000000000001	14.0	-59.64273751145883
0.9000000000000001	15.0	-74.42637234267829
0.9000000000000001	16.0	-118.09272608487143
0.9000000000000001	17.0	-112.99337709932976
0.9000000000000001	18.0	-93.09097040518834
0.9000000000000001	19.0	-61.54989699103246
0.9000000000000001	20.0	8.826536674837152
0.9199999999999997	1.0	29.665510121162242
0.9199999999999997	2.0	-188.6258509444286
0.9199999999999997	3.0	-293.4222760488584
0.9199999999999997	4.0	-478.6044736608496
0.9199999999999997	5.0	-559.4727948896711
0.9199999999999997	6.0	-494.22265370474565
0.9199999999999997	7.0	-444.4478422034739
0.9199999999999997	8.0	-248.60611354525233
0.9199999999999997	9.0	-150.1497564603197
0.9199999999999997	10.0	-52.59440138916921
0.9199999999999997	11.0	-52.594401389218234
0.9199999999999997	12.0	-150.1497564603394
0.9199999999999997	13.0	-248.60611354526623
0.9199999999999997	14.0	-444.4478422034024
0.9199999999999997	15.0	-494.2226537046974
0.9199999999999997	16.0	-559.4727948897046
0.9199999999999997	17.0	-478.6044736608856
0.9199999999999997	18.0	-293.42227604886887
0.9199999999999997	19.0	-188.62585094447257
0.9199999999999997	20.0	29.665510121175235
0.9400000000000002	1.0	-1415.9763344733078
0.9400000000000002	2.0	11639.695488811123
0.9400000000000002	3.0	18531.58800042837
0.9400000000000002	4.0	32136.67695603922
0.9400000000000002	5.0	37245.55966965532
0.9400000000000002	6.0	34778.05887612755
0.9400000000000002	7.0	30926.49416504774
0.9400000000000002	8.0	15537.166010784278
0.9400000000000002	9.0	8510.42159765723
0.9400000000000002	10.0	-370.0349140759821
0.9400000000000002	11.0	-370.0349140760366
0.9400000000000002	12.0	8510.421597657238
0.9400000000000002	13.0	15537.166010784305
0.9400000000000002	14.0	30926.494165047927
0.9400000000000002	15.0	34778.05887612753
0.9400000000000002	16.0	37245.55966965539
0.9400000000000002	17.0	32136.676956039162
0.9400000000000002	18.0	18531.58800042814
0.9400000000000002	19.0	11639.695488811112
0.9400000000000002	20.0	-1415.9763344732532
0.9599999999999997	1.0	4.990963095597429
0.9599999999999997	2.0	-108.24112541503263
0.9599999999999997	3.0	-175.98892088055752
0.9599999999999997	4.0	-287.97937534484424
0.9599999999999997	5.0	-321.8816066162727
0.9599999999999997	6.0	-307.06336119076764
0.9599999999999997	7.0	-270.4457473877436
0.9599999999999997	8.0	-161.4986248011031
0.9599999999999997	9.0	-110.73519291465789
0.9599999999999997	10.0	-48.67610023164521
0.9599999999999997	11.0	-48.676100231651304
0.9599999999999997	12.0	-110.73519291460516
0.9599999999999997	13.0	-161.49862480107956
0.9599999999999997	14.0	-270.44574738782796
0.9599999999999997	15.0	-307.06336119069636
0.9599999999999997	16.0	-321.88160661622993
0.9599999999999997	17.0	-287.9793753448011
0.9599999999999997	18.0	-175.9889208806787
0.9599999999999997	19.0	-108.24112541514819
0.9599999999999997	20.0	4.990963095558392
0.9799999999999998	1.0	0.6452428087516073
0.9799999999999998	2.0	-63.492128106913896
0.9799999999999998	3.0	-103.23339586361065
0.9799999999999998	4.0	-168.94621462390543
0.9799999999999998	5.0	-196.8220837222675
0.9799999999999998	6.0	-210.60907458459698
0.9799999999999998	7.0	-210.86838146583688
0.9799999999999998	8.0	-187.56388590448785
0.9799999999999998	9.0	-177.78788325845338
0.9799999999999998	10.0	-162.60620958502582
0.9799999999999998	11.0	-162.60620958487561
0.9799999999999998	12.0	-177.7878832585623
0.9799999999999998	13.0	-187.56388590458363
0.9799999999999998	14.0	-210.86838146604316
0.9799999999999998	15.0	-210.6090745845794
0.9799999999999998	16.0	-196.82208372218608
0.9799999999999998	17.0	-168.94621462377805
0.9799999999999998	18.0	-103.23339586367965
0.9799999999999998	19.0	-63.492128106944584
0.9799999999999998	20.0	0.645242808712056
1.0000000000000002	1.0	1.94495347340034
1.0000000000000002	2.0	-65.9888759177072
1.0000000000000002	3.0	-111.65235539296683
1.0000000000000002	4.0	-232.30609730544572
1.0000000000000002	5.0	-291.9878781326618
1.0000000000000002	6.0	-421.85349814584356
1.0000000000000002	7.0	-469.5141942044783
1.0000000000000002	8.0	-565.9930374103451
1.0000000000000002	9.0	-590.9578450507088
1.0000000000000002	10.0	-626.2177872180994
1.0000000000000002	11.0	-626.2177872181193
1.0000000000000002	12.0	-590.9578450506368
1.0000000000000002	13.0	-565.9930374103736
1.0000000000000002	14.0	-469.51419420452504
1.0000000000000002	15.0	-421.8534981458329
1.0000000000000002	16.0	-291.9878781326189
1.0000000000000002	17.0	-232.30609730546146
1.0000000000000002	18.0	-111.65235539304284
1.0000000000000002	19.0	-65.98887591773111
1.0000000000000002	20.0	1.9449534734133938
1.0199999999999998	1.0	0.0676763929921476
1.0199999999999998	2.0	-3.656565149225423
1.0199999999999998	3.0	-5.778184914798822
1.0199999999999998	4.0	-10.586977266790182
1.0199999999999998	5.0	-12.478677772690746
1.0199999999999998	6.0	-15.909736271460789
1.0199999999999998	7.0	-17.000698670574806
1.0199999999999998	8.0	-18.851196080117457
1.0199999999999998	9.0	-19.32557525243678
1.0199999999999998	10.0	-19.920026240782047
1.0199999999999998	11.0	-19.920026240770774
1.0199999999999998	12.0	-19.325575252404377
1.0199999999999998	13.0	-18.851196080087313
1.0199999999999998	14.0	-17.000698670595582
1.0199999999999998	15.0	-15.909736271403435
1.0199999999999998	16.0	-12.478677772675788
1.0199999999999998	17.0	-10.586977266786441
1.0199999999999998	18.0	-5.778184914764205
1.0199999999999998	19.0	-3.6565651492452353
1.0199999999999998	20.0	0.0676763929986325
1.0400000000000003	1.0	0.04147778516871581
1.0400000000000003	2.0	-1.2674489278985532
1.0400000000000003	3.0	-1.8651278608648845
1.0400000000000003	4.0	-3.270107110229551
1.0400000000000003	5.0	-3.798572497665616
1.0400000000000003	6.0	-4.642979431702509
1.0400000000000003	7.0	-5.060531549737929
1.0400000000000003	8.0	-5.54541819627672
1.0400000000000003	9.0	-5.802793115164418
1.0400000000000003	10.0	-5.989905718393896
1.0400000000000003	11.0	-5.989905718450769
1.0400000000000003	12.0	-5.802793115156531
1.0400000000000003	13.0	-5.545418196254434
1.0400000000000003	14.0	-5.060531549726029
1.0400000000000003	15.0	-4.642979431723242
1.0400000000000003	16.0	-3.798572497607526
1.0400000000000003	17.0	-3.270107110279608
1.0400000000000003	18.0	-1.8651278608477089
1.0400000000000003	19.0	-1.2674489279028085
1.0400000000000003	20.0	0.04147778519517592
1.0599999999999998	1.0	0.016499278687427555
1.0599999999999998	2.0	-0.77430341864264
1.0599999999999998	3.0	-1.1463621296689703
1.0599999999999998	4.0	-2.001676090784628
1.0599999999999998	5.0	-2.286819772107468
1.0599999999999998	6.0	-2.777689097811963
1.0599999999999998	7.0	-2.938379642998575
1.0599999999999998	8.0	-3.1303093751237165
1.0599999999999998	9.0	-3.2089033976897
1.0599999999999998	10.0	-3.2548172334549985
1.0599999999999998	11.0	-3.2548172334589958
1.0599999999999998	12.0	-3.208903397704325
1.0599999999999998	13.0	-3.1303093750757647
1.0599999999999998	14.0	-2.938379642992837
1.0599999999999998	15.0	-2.777689097822244
1.0599999999999998	16.0	-2.2868197721026924
1.0599999999999998	17.0	-2.001676090799911
1.0599999999999998	18.0	-1.1463621296184192
1.0599999999999998	19.0	-0.7743034186408199
1.0599999999999998	20.0	0.01649927869958718
1.0799999999999998	1.0	0.004211977867439795
1.0799999999999998	2.0	-0.2918213420780307
1.0799999999999998	3.0	-0.41870766241673746
1.0799999999999998	4.0	-0.6770018053932627
1.0799999999999998	5.0	-0.7857958074073452
1.0799999999999998	6.0	-0.954906758150897
1.0799999999999998	7.0	-1.025375881488984
1.0799999999999998	8.0	-1.1173892005448642
1.0799999999999998	9.0	-1.1496709243987089
1.0799999999999998	10.0	-1.177551085569974
1.0799999999999998	11.0	-1.1775510856113796
1.0799999999999998	12.0	-1.149670924423726
1.0799999999999998	13.0	-1.117389200524682
1.0799999999999998	14.0	-1.0253758814502565
1.0799999999999998	15.0	-0.9549067581251998
1.0799999999999998	16.0	-0.7857958074142405
1.0799999999999998	17.0	-0.6770018054015361
1.0799999999999998	18.0	-0.41870766240916174
1.0799999999999998	19.0	-0.29182134208428784
1.0799999999999998	20.0	0.00421197786192892
1.0999999999999999	1.0	0.003312091971034968
1.0999999999999999	2.0	-0.2726110103653395
1.0999999999999999	3.0	-0.3903332689315129
1.0999999999999999	4.0	-0.6590199427206067
1.0999999999999999	5.0	-0.7479291907876447
1.0999999999999999	6.0	-0.9118510835214672
1.0999999999999999	7.0	-0.9731778601529365
1.0999999999999999	8.0	-1.0719569476873696
1.0999999999999999	9.0	-1.1072987341115603
1.0999999999999999	10.0	-1.1429133166437815
1.0999999999999999	11.0	-1.14291331663029
1.0999999999999999	12.0	-1.107298734115689
1.0999999999999999	13.0	-1.071956947654659
1.0999999999999999	14.0	-0.9731778601125072
1.0999999999999999	15.0	-0.9118510835256164
1.0999999999999999	16.0	-0.7479291907888173
1.0999999999999999	17.0	-0.6590199427380464
1.0999999999999999	18.0	-0.39033326893553916
1.0999999999999999	19.0	-0.2726110103539499
1.0999999999999999	20.0	0.0033120919657516953
1.1199999999999999	1.0	0.0007525636321944791
1.1199999999999999	2.0	-0.16932976125662566
1.1199999999999999	3.0	-0.237482408007842
1.1199999999999999	4.0	-0.381730281805171
1.1199999999999999	5.0	-0.43220236368077325
1.1199999999999999	6.0	-0.5266235425418466
1.1199999999999999	7.0	-0.5601405181059048
1.1199999999999999	8.0	-0.614879756754114
1.1199999999999999	9.0	-0.6338330653370078
1.1199999999999999	10.0	-0.6544643825828472
1.1199999999999999	11.0	-0.6544643825795744
1.1199999999999999	12.0	-0.6338330653538841
1.1199999999999999	13.0	-0.614879756722133
1.1199999999999999	14.0	-0.5601405180747259
1.1199999999999999	15.0	-0.5266235425477787
1.1199999999999999	16.0	-0.4322023636921304
1.1199999999999999	17.0	-0.3817302818254235
1.1199999999999999	18.0	-0.2374824080048289
1.1199999999999999	19.0	-0.16932976126007224
1.1199999999999999	20.0	0.0007525636470446665
1.1400000000000003	1.0	-0.0006059942577053485
1.1400000000000003	2.0	-0.10392078797222504
1.1400000000000003	3.0	-0.14192041918003392
1.1400000000000003	4.0	-0.21000188012746956
1.1400000000000003	5.0	-0.23047405653522635
1.1400000000000003	6.0	-0.25920070506738657
1.1400000000000003	7.0	-0.26807211494154526
1.1400000000000003	8.0	-0.2802660001879551
1.1400000000000003	9.0	-0.282968762575577
1.1400000000000003	10.0	-0.2859335613756007
1.1400000000000003	11.0	-0.28593356139825865
1.1400000000000003	12.0	-0.28296876260043374
1.1400000000000003	13.0	-0.28026600020996184
1.1400000000000003	14.0	-0.26807211493046335
1.1400000000000003	15.0	-0.25920070503173276
1.1400000000000003	16.0	-0.23047405654101566
1.1400000000000003	17.0	-0.21000188011210283
1.1400000000000003	18.0	-0.14192041917837958
1.1400000000000003	19.0	-0.10392078798149086
1.1400000000000003	20.0	-0.0006059942649089738
1.16	1.0	-0.0006910856026207764
1.16	2.0	-0.08765036466459299
1.16	3.0	-0.11968787077535692
1.16	4.0	-0.18206376292356402
1.16	5.0	-0.20221757233664472
1.16	6.0	-0.23836972449728386
1.16	7.0	-0.24914706314903906
1.16	8.0	-0.26662043934307694
1.16	9.0	-0.2702315977440581
1.16	10.0	-0.2752069836356046
1.16	11.0	-0.27520698363794804
1.16	12.0	-0.27023159773803374
1.16	13.0	-0.2666204393537365
1.16	14.0	-0.24914706314109927
1.16	15.0	-0.23836972449660723
1.16	16.0	-0.2022175723337143
1.16	17.0	-0.18206376292518522
1.16	18.0	-0.11968787076538552
1.16	19.0	-0.0876503646993829
1.16	20.0	-0.000691085574206016
1.18	1.0	-0.0008347612159588604
1.18	2.0	-0.05627126807085055
1.18	3.0	-0.07394040832020163
1.18	4.0	-0.10403353787002648
1.18	5.0	-0.112521883911385
1.18	6.0	-0.12531638782093998
1.18	7.0	-0.12913328692645074
1.18	8.0	-0.13503637537252564
1.18	9.0	-0.136451925673081
1.18	10.0	-0.13790599204723217
1.18	11.0	-0.13790599204952653
1.18	12.0	-0.1364519256728135
1.18	13.0	-0.13503637536989319
1.18	14.0	-0.12913328693944984
1.18	15.0	-0.1253163877998352
1.18	16.0	-0.11252188392678544
1.18	17.0	-0.10403353787185166
1.18	18.0	-0.07394040832513078
1.18	19.0	-0.056271268080922296
1.18	20.0	-0.0008347612445846729
1.2	1.0	-0.0010890588301964202
1.2	2.0	-0.04647395449595502
1.2	3.0	-0.061490226974642626
1.2	4.0	-0.08912608651092098
1.2	5.0	-0.09762176559115239
1.2	6.0	-0.11261630854899933
1.2	7.0	-0.11719560395596319
1.2	8.0	-0.12546760534361825
1.2	9.0	-0.12754192323243693
1.2	10.0	-0.13046159369709395
1.2	11.0	-0.13046159367337126
1.2	12.0	-0.12754192322336508
1.2	13.0	-0.12546760537326795
1.2	14.0	-0.11719560394843885
1.2	15.0	-0.11261630856921029
1.2	16.0	-0.09762176554510231
1.2	17.0	-0.08912608653030234
1.2	18.0	-0.06149022697735039
1.2	19.0	-0.04647395446577081
1.2	20.0	-0.0010890588377084366
