-2.0	1.0	-3.5359432271982516e-5
-2.0	2.0	-0.00012489423261203834
-2.0	3.0	-0.00022171225083595804
-2.0	4.0	-0.00031430461885532783
-2.0	5.0	-0.00039792545179604224
-2.0	6.0	-0.00046825361627137363
-2.0	7.0	-0.0005275570013025798
-2.0	8.0	-0.0005721859805196744
-2.0	9.0	-0.0006032212597107957
-2.0	10.0	-0.000618438428831366
-2.0	11.0	-0.0006184383355529257
-2.0	12.0	-0.0006032212898828392
-2.0	13.0	-0.0005721867159735021
-2.0	14.0	-0.0005275570374485205
-2.0	15.0	-0.00046825320994111074
-2.0	16.0	-0.0003979253302665407
-2.0	17.0	-0.0003143037967850998
-2.0	18.0	-0.0002217118167122782
-2.0	19.0	-0.00012489429675315155
-2.0	20.0	-3.5359466342275e-5
-1.96	1.0	-8.886445374884047e-5
-1.96	2.0	-0.00032168577501506595
-1.96	3.0	-0.0005748567439493876
-1.96	4.0	-0.0008233574559344964
-1.96	5.0	-0.0010478475825590207
-1.96	6.0	-0.0012381722757687887
-1.96	7.0	-0.0013957293920938334
-1.96	8.0	-0.001511297369307272
-1.96	9.0	-0.001589559479375885
-1.96	10.0	-0.0016277144214776325
-1.96	11.0	-0.0016277146364050287
-1.96	12.0	-0.0015895593634535406
-1.96	13.0	-0.0015112970270177825
-1.96	14.0	-0.001395729442408608
-1.96	15.0	-0.0012381712454792157
-1.96	16.0	-0.0010478475945838758
-1.96	17.0	-0.0008233578207594136
-1.96	18.0	-0.0005748564436195318
-1.96	19.0	-0.0003216858379292585
-1.96	20.0	-8.886435974616916e-5
-1.92	1.0	-0.00016199026016727844
-1.92	2.0	-0.0005853569496223211
-1.92	3.0	-0.0010334870004118485
-1.92	4.0	-0.001461458612575222
-1.92	5.0	-0.0018414148498071292
-1.92	6.0	-0.0021555529794941167
-1.92	7.0	-0.002419107786454804
-1.92	8.0	-0.00261131780381657
-1.92	9.0	-0.00274625750808996
-1.92	10.0	-0.002811564544113947
-1.92	11.0	-0.002811565257537946
-1.92	12.0	-0.0027462566164196244
-1.92	13.0	-0.0026113183072534038
-1.92	14.0	-0.0024191078082752187
-1.92	15.0	-0.0021555520801068073
-1.92	16.0	-0.0018414149889020013
-1.92	17.0	-0.0014614591525675858
-1.92	18.0	-0.0010334861118392316
-1.92	19.0	-0.0005853571997826349
-1.92	20.0	-0.00016199000640117734
-1.88	1.0	-0.0008361642480317986
-1.88	2.0	-0.0030906348757411784
-1.88	3.0	-0.0054249154918965745
-1.88	4.0	-0.00767549567165659
-1.88	5.0	-0.00956400781517628
-1.88	6.0	-0.011100605345758182
-1.88	7.0	-0.012320917509979911
-1.88	8.0	-0.013196180416695003
-1.88	9.0	-0.013786320882272666
-1.88	10.0	-0.014069028342663593
-1.88	11.0	-0.014069029299591345
-1.88	12.0	-0.01378632180122447
-1.88	13.0	-0.013196181229111776
-1.88	14.0	-0.01232091705863932
-1.88	15.0	-0.01110060585850605
-1.88	16.0	-0.009564009219172036
-1.88	17.0	-0.007675496012391951
-1.88	18.0	-0.0054249163607806745
-1.88	19.0	-0.003090635189800795
-1.88	20.0	-0.0008361638869875622
-1.84	1.0	-0.005339832346731312
-1.84	2.0	-0.01995618209836577
-1.84	3.0	-0.0344381574184764
-1.84	4.0	-0.04816931144252063
-1.84	5.0	-0.05879755711015778
-1.84	6.0	-0.06715557229135018
-1.84	7.0	-0.07332749030430367
-1.84	8.0	-0.07764427131196736
-1.84	9.0	-0.0804377429273831
-1.84	10.0	-0.08176946934266649
-1.84	11.0	-0.08176946886608469
-1.84	12.0	-0.08043774279394454
-1.84	13.0	-0.07764427222823689
-1.84	14.0	-0.07332749068765052
-1.84	15.0	-0.0671555719858325
-1.84	16.0	-0.05879755798655621
-1.84	17.0	-0.04816931069136831
-1.84	18.0	-0.03443815876327438
-1.84	19.0	-0.019956181958925016
-1.84	20.0	-0.00533983151270979
-1.8	1.0	-0.056011390568409244
-1.8	2.0	-0.21240960574944318
-1.8	3.0	-0.3599954151170879
-1.8	4.0	-0.49836764700540703
-1.8	5.0	-0.5938112702348817
-1.8	6.0	-0.6658371016943683
-1.8	7.0	-0.7116075003220381
-1.8	8.0	-0.7422034448489442
-1.8	9.0	-0.7595912851298104
-1.8	10.0	-0.7678261410904703
-1.8	11.0	-0.7678261450055739
-1.8	12.0	-0.7595912840531027
-1.8	13.0	-0.7422034431080557
-1.8	14.0	-0.7116075026726045
-1.8	15.0	-0.6658370985492778
-1.8	16.0	-0.593811268918035
-1.8	17.0	-0.4983676464317778
-1.8	18.0	-0.3599954129469633
-1.8	19.0	-0.21240960454268815
-1.8	20.0	-0.05601138834044994
-1.76	1.0	-2.9855828482073226
-1.76	2.0	-11.856688799388696
-1.76	3.0	-20.126851321502848
-1.76	4.0	-28.607762565084066
-1.76	5.0	-34.1352495057344
-1.76	6.0	-38.85079038311177
-1.76	7.0	-41.55085376756699
-1.76	8.0	-43.66736179760125
-1.76	9.0	-44.70591090884595
-1.76	10.0	-45.29615713050949
-1.76	11.0	-45.296157124739366
-1.76	12.0	-44.705910904395665
-1.76	13.0	-43.66736179943723
-1.76	14.0	-41.55085376619951
-1.76	15.0	-38.85079039272549
-1.76	16.0	-34.135249517468985
-1.76	17.0	-28.6077625659932
-1.76	18.0	-20.12685132265545
-1.76	19.0	-11.856688805375258
-1.76	20.0	-2.985582840145746
-1.72	1.0	-118.43913566100517
-1.72	2.0	-123.48074526759038
-1.72	3.0	240.18158658370703
-1.72	4.0	1682.0586767091022
-1.72	5.0	3239.687514939533
-1.72	6.0	5855.01288489189
-1.72	7.0	7852.8723474788485
-1.72	8.0	10280.90088619901
-1.72	9.0	11634.808403154946
-1.72	10.0	12610.558900679433
-1.72	11.0	12610.558900689068
-1.72	12.0	11634.808403130286
-1.72	13.0	10280.9008861823
-1.72	14.0	7852.872347468559
-1.72	15.0	5855.012884882046
-1.72	16.0	3239.687514974319
-1.72	17.0	1682.0586766868328
-1.72	18.0	240.18158660532572
-1.72	19.0	-123.48074514324117
-1.72	20.0	-118.4391357188675
-1.68	1.0	539.6891673795252
-1.68	2.0	2365.0066209946253
-1.68	3.0	3962.9183712551803
-1.68	4.0	5472.414696298229
-1.68	5.0	5880.274381699654
-1.68	6.0	5275.87434572205
-1.68	7.0	4171.59751385072
-1.68	8.0	2275.797574019358
-1.68	9.0	998.1069548971677
-1.68	10.0	-12.61267739264045
-1.68	11.0	-12.612677390794715
-1.68	12.0	998.1069548511939
-1.68	13.0	2275.7975740000497
-1.68	14.0	4171.597513919774
-1.68	15.0	5275.874345755449
-1.68	16.0	5880.274381666928
-1.68	17.0	5472.414696329771
-1.68	18.0	3962.9183714359424
-1.68	19.0	2365.0066209069983
-1.68	20.0	539.6891671276397
-1.6400000000000001	1.0	-68.11453565137434
-1.6400000000000001	2.0	-145.13748895604036
-1.6400000000000001	3.0	-85.64696658765533
-1.6400000000000001	4.0	224.2124326046137
-1.6400000000000001	5.0	458.06071593315187
-1.6400000000000001	6.0	613.8678195616359
-1.6400000000000001	7.0	531.1923857447617
-1.6400000000000001	8.0	203.59007433158538
-1.6400000000000001	9.0	-84.28756616522455
-1.6400000000000001	10.0	-339.9664877575732
-1.6400000000000001	11.0	-339.9664877618801
-1.6400000000000001	12.0	-84.28756617110432
-1.6400000000000001	13.0	203.59007432226093
-1.6400000000000001	14.0	531.192385751861
-1.6400000000000001	15.0	613.8678195290555
-1.6400000000000001	16.0	458.0607159640798
-1.6400000000000001	17.0	224.21243271334322
-1.6400000000000001	18.0	-85.64696678852134
-1.6400000000000001	19.0	-145.13748882352263
-1.6400000000000001	20.0	-68.11453561043243
-1.6	1.0	350.27532763383294
-1.6	2.0	1283.4125143209658
-1.6	3.0	1735.2559767036623
-1.6	4.0	1451.6956696704842
-1.6	5.0	820.5072658816393
-1.6	6.0	-2.8851393966824475
-1.6	7.0	-160.04715618879797
-1.6	8.0	382.7747898005242
-1.6	9.0	1077.9465206209597
-1.6	10.0	1777.1322863423188
-1.6	11.0	1777.1322863628031
-1.6	12.0	1077.9465206052935
-1.6	13.0	382.77478979969726
-1.6	14.0	-160.0471561903544
-1.6	15.0	-2.8851393675452357
-1.6	16.0	820.5072660468118
-1.6	17.0	1451.6956696147047
-1.6	18.0	1735.2559768525966
-1.6	19.0	1283.4125143959036
-1.6	20.0	350.27532730847713
-1.56	1.0	305.27507097214425
-1.56	2.0	1644.2193779333625
-1.56	3.0	2631.7852939257377
-1.56	4.0	2993.4643560972418
-1.56	5.0	2234.6442257590807
-1.56	6.0	648.2222983881004
-1.56	7.0	-20.32384867519965
-1.56	8.0	492.3610757940285
-1.56	9.0	1608.9112279599294
-1.56	10.0	2871.4888840134927
-1.56	11.0	2871.4888839945543
-1.56	12.0	1608.9112279849833
-1.56	13.0	492.3610758030624
-1.56	14.0	-20.323848687003355
-1.56	15.0	648.2222983918978
-1.56	16.0	2234.6442257601193
-1.56	17.0	2993.464356045965
-1.56	18.0	2631.7852937971047
-1.56	19.0	1644.2193779825527
-1.56	20.0	305.2750710206851
-1.52	1.0	-42.76437452184217
-1.52	2.0	-91.50099745929633
-1.52	3.0	-59.52254733083386
-1.52	4.0	37.63518010449221
-1.52	5.0	49.500988838417015
-1.52	6.0	-36.19890415432413
-1.52	7.0	-107.68862302344169
-1.52	8.0	-112.23030810917734
-1.52	9.0	-44.282549556709164
-1.52	10.0	48.99938811599428
-1.52	11.0	48.999388110929004
-1.52	12.0	-44.282549586342114
-1.52	13.0	-112.23030811683222
-1.52	14.0	-107.68862300537826
-1.52	15.0	-36.1989041544743
-1.52	16.0	49.50098891002018
-1.52	17.0	37.635180043550626
-1.52	18.0	-59.52254704951417
-1.52	19.0	-91.50099735644216
-1.52	20.0	-42.764374510921826
-1.48	1.0	342.1896698686499
-1.48	2.0	988.9103630839869
-1.48	3.0	938.9648455089493
-1.48	4.0	181.5961251316753
-1.48	5.0	-131.14076398149828
-1.48	6.0	301.26559713230256
-1.48	7.0	887.9332963246243
-1.48	8.0	1108.898505938713
-1.48	9.0	662.1524185634979
-1.48	10.0	-57.28840941755401
-1.48	11.0	-57.28840942338717
-1.48	12.0	662.1524185699188
-1.48	13.0	1108.8985059438464
-1.48	14.0	887.9332962919489
-1.48	15.0	301.265597133808
-1.48	16.0	-131.1407640007341
-1.48	17.0	181.59612517685926
-1.48	18.0	938.9648455320603
-1.48	19.0	988.910363020601
-1.48	20.0	342.18966995054024
-1.44	1.0	721.0871744758766
-1.44	2.0	2789.4530513900927
-1.44	3.0	3182.274601843345
-1.44	4.0	1534.624338384729
-1.44	5.0	260.93882803830155
-1.44	6.0	685.0998649420856
-1.44	7.0	2156.573521856719
-1.44	8.0	3109.688071944546
-1.44	9.0	2145.182618805122
-1.44	10.0	296.2000059367313
-1.44	11.0	296.2000059334365
-1.44	12.0	2145.1826188282234
-1.44	13.0	3109.688071937781
-1.44	14.0	2156.5735218574655
-1.44	15.0	685.0998649219885
-1.44	16.0	260.9388280409892
-1.44	17.0	1534.624338306568
-1.44	18.0	3182.2746016137867
-1.44	19.0	2789.453051411682
-1.44	20.0	721.0871744541989
-1.4	1.0	14.886782443428032
-1.4	2.0	371.78467052733174
-1.4	3.0	588.1898970055356
-1.4	4.0	386.00183727932074
-1.4	5.0	1.1156753530137666
-1.4	6.0	-88.14785197620645
-1.4	7.0	263.56794242859814
-1.4	8.0	616.1085226332297
-1.4	9.0	406.9269394995727
-1.4	10.0	-100.97409254642115
-1.4	11.0	-100.97409254234509
-1.4	12.0	406.9269394991687
-1.4	13.0	616.108522651886
-1.4	14.0	263.56794242160925
-1.4	15.0	-88.14785196736068
-1.4	16.0	1.1156753572667246
-1.4	17.0	386.0018372821918
-1.4	18.0	588.1898969906462
-1.4	19.0	371.7846705317122
-1.4	20.0	14.886782312934942
-1.3599999999999999	1.0	-14.675284206660741
-1.3599999999999999	2.0	-74.0704745164785
-1.3599999999999999	3.0	-92.68194293531022
-1.3599999999999999	4.0	-60.486484928294665
-1.3599999999999999	5.0	-17.557152890440506
-1.3599999999999999	6.0	-7.9067273504199385
-1.3599999999999999	7.0	-44.27431625604015
-1.3599999999999999	8.0	-81.96510138320203
-1.3599999999999999	9.0	-61.133821182448415
-1.3599999999999999	10.0	-8.364791683629083
-1.3599999999999999	11.0	-8.364791689921784
-1.3599999999999999	12.0	-61.133821183420096
-1.3599999999999999	13.0	-81.96510137620965
-1.3599999999999999	14.0	-44.27431623395664
-1.3599999999999999	15.0	-7.906727332570771
-1.3599999999999999	16.0	-17.557152876253078
-1.3599999999999999	17.0	-60.486484925151856
-1.3599999999999999	18.0	-92.68194277600946
-1.3599999999999999	19.0	-74.0704744240713
-1.3599999999999999	20.0	-14.675284202070547
-1.3199999999999998	1.0	484.9945713035312
-1.3199999999999998	2.0	1058.50481623304
-1.3199999999999998	3.0	572.7365685294383
-1.3199999999999998	4.0	-98.88974008031448
-1.3199999999999998	5.0	373.6904364556702
-1.3199999999999998	6.0	1190.0264595640986
-1.3199999999999998	7.0	858.7745269572976
-1.3199999999999998	8.0	-60.63308111148205
-1.3199999999999998	9.0	111.23530341165986
-1.3199999999999998	10.0	1083.7451273388886
-1.3199999999999998	11.0	1083.7451273373235
-1.3199999999999998	12.0	111.23530340953263
-1.3199999999999998	13.0	-60.63308111384275
-1.3199999999999998	14.0	858.7745269692014
-1.3199999999999998	15.0	1190.0264595398405
-1.3199999999999998	16.0	373.6904364589689
-1.3199999999999998	17.0	-98.88974008751917
-1.3199999999999998	18.0	572.7365685537609
-1.3199999999999998	19.0	1058.504816075672
-1.3199999999999998	20.0	484.99457136721793
-1.28	1.0	939.2135678117305
-1.28	2.0	2849.959656134264
-1.28	3.0	2107.4507761017708
-1.28	4.0	104.74923364577995
-1.28	5.0	639.8664882994553
-1.28	6.0	2690.950407900571
-1.28	7.0	2335.6071281856766
-1.28	8.0	252.09564158851617
-1.28	9.0	428.9860030396187
-1.28	10.0	2528.347666912291
-1.28	11.0	2528.3476669189745
-1.28	12.0	428.98600304300567
-1.28	13.0	252.09564158882358
-1.28	14.0	2335.607128232606
-1.28	15.0	2690.9504079346
-1.28	16.0	639.8664882569078
-1.28	17.0	104.74923363986265
-1.28	18.0	2107.4507760862225
-1.28	19.0	2849.959656163689
-1.28	20.0	939.2135678603585
-1.24	1.0	123.72719436953567
-1.24	2.0	778.9308337606925
-1.24	3.0	728.8106269865859
-1.24	4.0	-13.155999901165835
-1.24	5.0	-34.61110528451847
-1.24	6.0	726.5231491621914
-1.24	7.0	740.9208326040878
-1.24	8.0	-22.838018537414484
-1.24	9.0	-31.250512082956092
-1.24	10.0	732.7417199210947
-1.24	11.0	732.7417199237542
-1.24	12.0	-31.250512087964246
-1.24	13.0	-22.838018538785935
-1.24	14.0	740.9208326182497
-1.24	15.0	726.523149150001
-1.24	16.0	-34.61110525372668
-1.24	17.0	-13.155999900850691
-1.24	18.0	728.8106269426113
-1.24	19.0	778.9308336977912
-1.24	20.0	123.72719417101895
-1.2	1.0	-56.07153151266806
-1.2	2.0	-79.22583893297514
-1.2	3.0	-22.365111809544626
-1.2	4.0	-35.353920130488824
-1.2	5.0	-81.44817128995368
-1.2	6.0	-43.39093401862834
-1.2	7.0	-12.810739445083424
-1.2	8.0	-62.76300605439094
-1.2	9.0	-77.96352468422982
-1.2	10.0	-22.21554924009922
-1.2	11.0	-22.21554924671624
-1.2	12.0	-77.96352469397931
-1.2	13.0	-62.76300606016795
-1.2	14.0	-12.810739462457985
-1.2	15.0	-43.390934012216654
-1.2	16.0	-81.4481712576528
-1.2	17.0	-35.3539201250478
-1.2	18.0	-22.36511177223517
-1.2	19.0	-79.22583889337976
-1.2	20.0	-56.071531598135905
-1.1600000000000001	1.0	109.91882056732558
-1.1600000000000001	2.0	60.96146773787102
-1.1600000000000001	3.0	-79.74507463476064
-1.1600000000000001	4.0	74.79992962233948
-1.1600000000000001	5.0	227.1118466871107
-1.1600000000000001	6.0	6.9534662367739415
-1.1600000000000001	7.0	-102.93106384862492
-1.1600000000000001	8.0	161.78472286771478
-1.1600000000000001	9.0	220.24043602347956
-1.1600000000000001	10.0	-67.22891982211519
-1.1600000000000001	11.0	-67.22891981733393
-1.1600000000000001	12.0	220.24043603369415
-1.1600000000000001	13.0	161.78472286889544
-1.1600000000000001	14.0	-102.93106385791339
-1.1600000000000001	15.0	6.953466250385802
-1.1600000000000001	16.0	227.1118467564428
-1.1600000000000001	17.0	74.79992961541092
-1.1600000000000001	18.0	-79.74507458138777
-1.1600000000000001	19.0	60.96146769717462
-1.1600000000000001	20.0	109.91882039774462
-1.12	1.0	947.4576379912569
-1.12	2.0	1607.1048320332834
-1.12	3.0	404.937686135709
-1.12	4.0	557.1060272907556
-1.12	5.0	1756.5979852460814
-1.12	6.0	915.7590167936742
-1.12	7.0	-3.9137991962042236
-1.12	8.0	1343.013162480016
-1.12	9.0	1843.1224882679317
-1.12	10.0	224.77849553055978
-1.12	11.0	224.77849552855815
-1.12	12.0	1843.1224882788001
-1.12	13.0	1343.0131624863307
-1.12	14.0	-3.9137991914886854
-1.12	15.0	915.7590167824146
-1.12	16.0	1756.5979852122261
-1.12	17.0	557.1060273059375
-1.12	18.0	404.9376859247801
-1.12	19.0	1607.104831958959
-1.12	20.0	947.4576381945361
-1.08	1.0	960.7762022986917
-1.08	2.0	2387.4531849188475
-1.08	3.0	943.8188432168337
-1.08	4.0	427.9129588346583
-1.08	5.0	2003.6418520058542
-1.08	6.0	1449.657907789851
-1.08	7.0	99.2233859392156
-1.08	8.0	1576.581745638421
-1.08	9.0	2349.754340351762
-1.08	10.0	345.12982217895546
-1.08	11.0	345.12982217813993
-1.08	12.0	2349.754340343279
-1.08	13.0	1576.581745640632
-1.08	14.0	99.22338594241793
-1.08	15.0	1449.6579077747651
-1.08	16.0	2003.6418520369612
-1.08	17.0	427.91295886468754
-1.08	18.0	943.8188431090837
-1.08	19.0	2387.453184789228
-1.08	20.0	960.7762022182542
-1.04	1.0	78.7572528694946
-1.04	2.0	520.5141856630382
-1.04	3.0	268.1820171430906
-1.04	4.0	-58.85155995275258
-1.04	5.0	326.6995667730706
-1.04	6.0	345.48398939491017
-1.04	7.0	-59.70158013242485
-1.04	8.0	264.95706940848993
-1.04	9.0	518.4360231544288
-1.04	10.0	-21.21815617591803
-1.04	11.0	-21.21815617395096
-1.04	12.0	518.4360231620163
-1.04	13.0	264.9570694106666
-1.04	14.0	-59.70158013258063
-1.04	15.0	345.48398938878216
-1.04	16.0	326.69956680629855
-1.04	17.0	-58.85155995374848
-1.04	18.0	268.1820171697623
-1.04	19.0	520.5141857017901
-1.04	20.0	78.7572529221874
-1.0	1.0	-59.82953897917808
-1.0	2.0	-62.586622364785875
-1.0	3.0	-11.27548881956513
-1.0	4.0	-62.05271368548054
-1.0	5.0	-67.07457961570866
-1.0	6.0	-20.655950086341022
-1.0	7.0	-47.71268452709541
-1.0	8.0	-51.48953655743173
-1.0	9.0	-25.469158127666844
-1.0	10.0	-56.88419985107827
-1.0	11.0	-56.88419985110323
-1.0	12.0	-25.469158121842923
-1.0	13.0	-51.489536552629886
-1.0	14.0	-47.71268453159915
-1.0	15.0	-20.65595009566378
-1.0	16.0	-67.07457967612117
-1.0	17.0	-62.05271368368879
-1.0	18.0	-11.275488754217331
-1.0	19.0	-62.586622435207914
-1.0	20.0	-59.829538881864664
-0.96	1.0	43.60590763365222
-0.96	2.0	-52.13510316971212
-0.96	3.0	-54.38633974511903
-0.96	4.0	91.20673577350057
-0.96	5.0	21.060712389825724
-0.96	6.0	-56.85481987143993
-0.96	7.0	65.64520632166344
-0.96	8.0	13.247224304256868
-0.96	9.0	-78.83742664676997
-0.96	10.0	74.31314265428952
-0.96	11.0	74.31314265340842
-0.96	12.0	-78.83742665184468
-0.96	13.0	13.247224308721126
-0.96	14.0	65.64520632426834
-0.96	15.0	-56.85481987005139
-0.96	16.0	21.060712331942376
-0.96	17.0	91.20673581699404
-0.96	18.0	-54.38633969929882
-0.96	19.0	-52.13510318329745
-0.96	20.0	43.60590772148154
-0.9199999999999999	1.0	802.8522790957584
-0.9199999999999999	2.0	695.5620170645388
-0.9199999999999999	3.0	-49.09458090789241
-0.9199999999999999	4.0	1154.9252748670497
-0.9199999999999999	5.0	1046.4657510582724
-0.9199999999999999	6.0	-14.249386808265779
-0.9199999999999999	7.0	871.0090643123065
-0.9199999999999999	8.0	784.1144141798648
-0.9199999999999999	9.0	-34.59513279795675
-0.9199999999999999	10.0	1107.1995936047442
-0.9199999999999999	11.0	1107.199593603015
-0.9199999999999999	12.0	-34.5951327893511
-0.9199999999999999	13.0	784.1144141714457
-0.9199999999999999	14.0	871.0090643317321
-0.9199999999999999	15.0	-14.249386809985989
-0.9199999999999999	16.0	1046.4657511391563
-0.9199999999999999	17.0	1154.9252748686915
-0.9199999999999999	18.0	-49.09458092918673
-0.9199999999999999	19.0	695.5620170701008
-0.9199999999999999	20.0	802.8522789066543
-0.8799999999999999	1.0	1396.5707217768422
-0.8799999999999999	2.0	2013.9854533200069
-0.8799999999999999	3.0	170.47556290501657
-0.8799999999999999	4.0	2108.269752410237
-0.8799999999999999	5.0	2417.10227250934
-0.8799999999999999	6.0	81.75975682465986
-0.8799999999999999	7.0	1587.330668701593
-0.8799999999999999	8.0	1793.3854271769235
-0.8799999999999999	9.0	139.69896155220152
-0.8799999999999999	10.0	2253.846511855766
-0.8799999999999999	11.0	2253.846511860834
-0.8799999999999999	12.0	139.6989615571441
-0.8799999999999999	13.0	1793.385427180805
-0.8799999999999999	14.0	1587.3306687093695
-0.8799999999999999	15.0	81.75975682557039
-0.8799999999999999	16.0	2417.102272569226
-0.8799999999999999	17.0	2108.2697524052523
-0.8799999999999999	18.0	170.4755628898078
-0.8799999999999999	19.0	2013.985453353815
-0.8799999999999999	20.0	1396.570722068745
-0.8400000000000001	1.0	355.17100469415567
-0.8400000000000001	2.0	940.536871993269
-0.8400000000000001	3.0	110.017004623272
-0.8400000000000001	4.0	675.1575064828877
-0.8400000000000001	5.0	1031.6911205961223
-0.8400000000000001	6.0	-70.97632548515335
-0.8400000000000001	7.0	485.27061424778185
-0.8400000000000001	8.0	744.4391619477708
-0.8400000000000001	9.0	-29.06999844254894
-0.8400000000000001	10.0	886.5526133042772
-0.8400000000000001	11.0	886.5526133078871
-0.8400000000000001	12.0	-29.069998442084245
-0.8400000000000001	13.0	744.4391619509971
-0.8400000000000001	14.0	485.27061425418844
-0.8400000000000001	15.0	-70.976325486147
-0.8400000000000001	16.0	1031.6911206822592
-0.8400000000000001	17.0	675.157506456139
-0.8400000000000001	18.0	110.01700460301366
-0.8400000000000001	19.0	940.5368719752228
-0.8400000000000001	20.0	355.1710048747857
-0.8	1.0	-54.47886193564254
-0.8	2.0	29.320631149709783
-0.8	3.0	-1.584091956611461
-0.8	4.0	-34.82950442122702
-0.8	5.0	36.92792575166087
-0.8	6.0	-60.18052179893303
-0.8	7.0	-37.66895507347414
-0.8	8.0	21.657029754317882
-0.8	9.0	-59.7083199926408
-0.8	10.0	24.132541078347998
-0.8	11.0	24.132541080895848
-0.8	12.0	-59.70831999308096
-0.8	13.0	21.6570297525684
-0.8	14.0	-37.66895507557669
-0.8	15.0	-60.180521802509745
-0.8	16.0	36.92792575180084
-0.8	17.0	-34.829504471367244
-0.8	18.0	-1.5840919669771925
-0.8	19.0	29.320631180859614
-0.8	20.0	-54.47886175816259
-0.76	1.0	-57.167491505786565
-0.76	2.0	-62.68027606092904
-0.76	3.0	-11.82608848418225
-0.76	4.0	-72.12231404907841
-0.76	5.0	-56.8622607686538
-0.76	6.0	-35.62613182194656
-0.76	7.0	-60.00444483947919
-0.76	8.0	-42.20816768016807
-0.76	9.0	-40.172292366591286
-0.76	10.0	-49.202421238736434
-0.76	11.0	-49.20242123427698
-0.76	12.0	-40.17229236703249
-0.76	13.0	-42.20816768265989
-0.76	14.0	-60.004444863079755
-0.76	15.0	-35.62613181694412
-0.76	16.0	-56.86226077822655
-0.76	17.0	-72.12231403911352
-0.76	18.0	-11.826088487416863
-0.76	19.0	-62.68027604993158
-0.76	20.0	-57.16749151500731
-0.72	1.0	176.32052184576912
-0.72	2.0	-33.639058281129856
-0.72	3.0	4.274088989526827
-0.72	4.0	196.31038876936321
-0.72	5.0	-45.5561209335637
-0.72	6.0	218.5088227575854
-0.72	7.0	197.9120182822107
-0.72	8.0	-30.79718155783734
-0.72	9.0	227.6179828479762
-0.72	10.0	-23.196519048430467
-0.72	11.0	-23.196519049185184
-0.72	12.0	227.61798284375493
-0.72	13.0	-30.797181559331083
-0.72	14.0	197.91201829378684
-0.72	15.0	218.50882275849563
-0.72	16.0	-45.55612090770111
-0.72	17.0	196.31038876912282
-0.72	18.0	4.2740889841048775
-0.72	19.0	-33.63905829566632
-0.72	20.0	176.32052196927214
-0.6799999999999999	1.0	1267.6688223154142
-0.6799999999999999	2.0	607.3283162113848
-0.6799999999999999	3.0	86.91261492867591
-0.6799999999999999	4.0	1829.9717220378966
-0.6799999999999999	5.0	421.61960104798857
-0.6799999999999999	6.0	1485.3407860329125
-0.6799999999999999	7.0	1730.6839664072934
-0.6799999999999999	8.0	191.25405754642816
-0.6799999999999999	9.0	1635.8013257166936
-0.6799999999999999	10.0	320.9305535850154
-0.6799999999999999	11.0	320.9305535855796
-0.6799999999999999	12.0	1635.80132572008
-0.6799999999999999	13.0	191.2540575462646
-0.6799999999999999	14.0	1730.6839663861226
-0.6799999999999999	15.0	1485.340786015428
-0.6799999999999999	16.0	421.6196010495728
-0.6799999999999999	17.0	1829.9717220034768
-0.6799999999999999	18.0	86.9126149289335
-0.6799999999999999	19.0	607.3283162071293
-0.6799999999999999	20.0	1267.66882248083
-0.6399999999999999	1.0	1312.5486945850178
-0.6399999999999999	2.0	1270.2177765787078
-0.6399999999999999	3.0	18.24914976834073
-0.6399999999999999	4.0	2576.6254156610275
-0.6399999999999999	5.0	921.1198985474774
-0.6399999999999999	6.0	1771.3261748440855
-0.6399999999999999	7.0	2434.0638402627837
-0.6399999999999999	8.0	232.45240578837473
-0.6399999999999999	9.0	2084.30972434219
-0.6399999999999999	10.0	468.64783163255424
-0.6399999999999999	11.0	468.6478316333704
-0.6399999999999999	12.0	2084.3097243437046
-0.6399999999999999	13.0	232.45240578652755
-0.6399999999999999	14.0	2434.063840245529
-0.6399999999999999	15.0	1771.3261748417174
-0.6399999999999999	16.0	921.1198985672115
-0.6399999999999999	17.0	2576.6254156199634
-0.6399999999999999	18.0	18.24914975957414
-0.6399999999999999	19.0	1270.2177765869167
-0.6399999999999999	20.0	1312.5486948716532
-0.6000000000000001	1.0	126.31463412167768
-0.6000000000000001	2.0	377.8427247709168
-0.6000000000000001	3.0	-62.15748468958868
-0.6000000000000001	4.0	609.415301360546
-0.6000000000000001	5.0	268.0990768518256
-0.6000000000000001	6.0	316.60837754307704
-0.6000000000000001	7.0	597.4653389448316
-0.6000000000000001	8.0	-56.26677270163986
-0.6000000000000001	9.0	441.9179181227955
-0.6000000000000001	10.0	24.64105778879698
-0.6000000000000001	11.0	24.641057788558236
-0.6000000000000001	12.0	441.9179181191032
-0.6000000000000001	13.0	-56.26677270115182
-0.6000000000000001	14.0	597.4653389251378
-0.6000000000000001	15.0	316.6083775401412
-0.6000000000000001	16.0	268.0990768316531
-0.6000000000000001	17.0	609.4153013842897
-0.6000000000000001	18.0	-62.157484682589384
-0.6000000000000001	19.0	377.84272482031156
-0.6000000000000001	20.0	126.31463428951453
-0.56	1.0	-67.63211024387823
-0.56	2.0	-35.01158901667689
-0.56	3.0	-16.307544138239592
-0.56	4.0	-69.28240251850464
-0.56	5.0	-25.37490224901115
-0.56	6.0	-67.31541300973122
-0.56	7.0	-53.4999037495284
-0.56	8.0	-50.949841267081275
-0.56	9.0	-60.331417729663585
-0.56	10.0	-50.01874255347438
-0.56	11.0	-50.01874255551662
-0.56	12.0	-60.331417737591984
-0.56	13.0	-50.949841267819096
-0.56	14.0	-53.49990373818548
-0.56	15.0	-67.31541301816831
-0.56	16.0	-25.374902241403717
-0.56	17.0	-69.28240251652068
-0.56	18.0	-16.307544124742385
-0.56	19.0	-35.01158900294292
-0.56	20.0	-67.63211032187131
-0.52	1.0	-72.3998564373248
-0.52	2.0	-32.53532521193459
-0.52	3.0	-19.463509250050453
-0.52	4.0	-69.10946243498934
-0.52	5.0	-22.48834842156556
-0.52	6.0	-76.56523807417896
-0.52	7.0	-48.64166243226897
-0.52	8.0	-67.64044176775262
-0.52	9.0	-63.040397717529295
-0.52	10.0	-63.61117015592566
-0.52	11.0	-63.61117015465916
-0.52	12.0	-63.04039772357235
-0.52	13.0	-67.64044176495085
-0.52	14.0	-48.641662436143775
-0.52	15.0	-76.5652380800449
-0.52	16.0	-22.488348429808486
-0.52	17.0	-69.10946242854091
-0.52	18.0	-19.46350923244082
-0.52	19.0	-32.53532522234655
-0.52	20.0	-72.39985641325795
-0.48	1.0	142.84217842725684
-0.48	2.0	-61.26199062957801
-0.48	3.0	68.54450723125998
-0.48	4.0	-15.84249684292563
-0.48	5.0	-46.22120093471834
-0.48	6.0	120.78283532730524
-0.48	7.0	-66.95014554778187
-0.48	8.0	210.5950681772929
-0.48	9.0	36.21695940161826
-0.48	10.0	169.67193490010374
-0.48	11.0	169.67193489981378
-0.48	12.0	36.2169594052426
-0.48	13.0	210.595068175424
-0.48	14.0	-66.95014553942683
-0.48	15.0	120.78283532113443
-0.48	16.0	-46.22120093650607
-0.48	17.0	-15.842496827006016
-0.48	18.0	68.54450726169219
-0.48	19.0	-61.261990628509466
-0.48	20.0	142.84217848410853
-0.43999999999999995	1.0	1477.2373161019336
-0.43999999999999995	2.0	198.84929267397297
-0.43999999999999995	3.0	492.1228396586615
-0.43999999999999995	4.0	1049.7482790588747
-0.43999999999999995	5.0	-22.806241697393055
-0.43999999999999995	6.0	2061.0354152582104
-0.43999999999999995	7.0	292.9077090838554
-0.43999999999999995	8.0	2552.0999392177746
-0.43999999999999995	9.0	1240.712458562232
-0.43999999999999995	10.0	2202.3157455717874
-0.43999999999999995	11.0	2202.3157455692417
-0.43999999999999995	12.0	1240.7124585648617
-0.43999999999999995	13.0	2552.099939219316
-0.43999999999999995	14.0	292.9077090809566
-0.43999999999999995	15.0	2061.0354152624104
-0.43999999999999995	16.0	-22.806241696669748
-0.43999999999999995	17.0	1049.7482790586837
-0.43999999999999995	18.0	492.1228396733547
-0.43999999999999995	19.0	198.84929267969
-0.43999999999999995	20.0	1477.2373159340816
-0.3999999999999999	1.0	1017.6888231774053
-0.3999999999999999	2.0	628.4967083029924
-0.3999999999999999	3.0	131.90900130767176
-0.3999999999999999	4.0	1761.1582155542392
-0.3999999999999999	5.0	14.357700560232345
-0.3999999999999999	6.0	2756.3927591640986
-0.3999999999999999	7.0	679.3792770455673
-0.3999999999999999	8.0	3151.5084222623673
-0.3999999999999999	9.0	1775.6785988438505
-0.3999999999999999	10.0	2760.5733606002877
-0.3999999999999999	11.0	2760.57336059907
-0.3999999999999999	12.0	1775.6785988458187
-0.3999999999999999	13.0	3151.508422262157
-0.3999999999999999	14.0	679.3792770452478
-0.3999999999999999	15.0	2756.3927591697698
-0.3999999999999999	16.0	14.35770056229723
-0.3999999999999999	17.0	1761.158215537555
-0.3999999999999999	18.0	131.90900131560952
-0.3999999999999999	19.0	628.4967082980917
-0.3999999999999999	20.0	1017.6888232653653
-0.3600000000000001	1.0	-54.65556914332417
-0.3600000000000001	2.0	-15.780845444750746
-0.3600000000000001	3.0	-21.054431622655876
-0.3600000000000001	4.0	-33.62716896108061
-0.3600000000000001	5.0	-14.900037796724014
-0.3600000000000001	6.0	-43.63285461092114
-0.3600000000000001	7.0	-22.465509371416246
-0.3600000000000001	8.0	-46.11270731810269
-0.3600000000000001	9.0	-33.423874033109996
-0.3600000000000001	10.0	-42.20099764341286
-0.3600000000000001	11.0	-42.20099764263226
-0.3600000000000001	12.0	-33.42387403216283
-0.3600000000000001	13.0	-46.112707318989266
-0.3600000000000001	14.0	-22.465509371134193
-0.3600000000000001	15.0	-43.632854617407574
-0.3600000000000001	16.0	-14.900037796868414
-0.3600000000000001	17.0	-33.62716896412569
-0.3600000000000001	18.0	-21.054431635682413
-0.3600000000000001	19.0	-15.78084543712599
-0.3600000000000001	20.0	-54.65556916511077
-0.32000000000000006	1.0	62.201552425331286
-0.32000000000000006	2.0	-49.00081891030506
-0.32000000000000006	3.0	55.4467045328374
-0.32000000000000006	4.0	-103.55837927623598
-0.32000000000000006	5.0	17.471869947611143
-0.32000000000000006	6.0	-135.79470889863927
-0.32000000000000006	7.0	-35.249545643999205
-0.32000000000000006	8.0	-143.2000500838941
-0.32000000000000006	9.0	-86.91572429784344
-0.32000000000000006	10.0	-125.63026899439788
-0.32000000000000006	11.0	-125.63026899426177
-0.32000000000000006	12.0	-86.91572429740106
-0.32000000000000006	13.0	-143.2000500826508
-0.32000000000000006	14.0	-35.24954564344439
-0.32000000000000006	15.0	-135.79470889712604
-0.32000000000000006	16.0	17.471869947466903
-0.32000000000000006	17.0	-103.55837926877767
-0.32000000000000006	18.0	55.446704544901785
-0.32000000000000006	19.0	-49.00081891452679
-0.32000000000000006	20.0	62.20155241030559
-0.28	1.0	2.258381621806752
-0.28	2.0	-4.565282380332358
-0.28	3.0	3.833488057957697
-0.28	4.0	-9.106628777852375
-0.28	5.0	1.006572455842539
-0.28	6.0	-11.450339771395479
-0.28	7.0	-3.3196057592052646
-0.28	8.0	-11.849212416747191
-0.28	9.0	-7.425018859299166
-0.28	10.0	-10.430184068230716
-0.28	11.0	-10.430184067799063
-0.28	12.0	-7.425018857987867
-0.28	13.0	-11.84921241720024
-0.28	14.0	-3.319605758628853
-0.28	15.0	-11.450339768225291
-0.28	16.0	1.0065724552197794
-0.28	17.0	-9.106628772682352
-0.28	18.0	3.8334880548667023
-0.28	19.0	-4.565282380422812
-0.28	20.0	2.258381605602843
-0.24	1.0	-13.438766615966163
-0.24	2.0	-0.6146335465067615
-0.24	3.0	-6.293794979235658
-0.24	4.0	-1.2434285351342529
-0.24	5.0	-3.277335548333785
-0.24	6.0	-1.6095271744701436
-0.24	7.0	-2.170231850713601
-0.24	8.0	-1.7894010488321819
-0.24	9.0	-1.8664094631982633
-0.24	10.0	-1.832294621432677
-0.24	11.0	-1.8322946210800826
-0.24	12.0	-1.8664094629847325
-0.24	13.0	-1.7894010477146332
-0.24	14.0	-2.170231850667743
-0.24	15.0	-1.609527173932309
-0.24	16.0	-3.277335546670608
-0.24	17.0	-1.243428535930292
-0.24	18.0	-6.293794972308441
-0.24	19.0	-0.6146335463069147
-0.24	20.0	-13.43876659961061
-0.19999999999999996	1.0	-72.93260837964658
-0.19999999999999996	2.0	4.88641862163734
-0.19999999999999996	3.0	-40.5671527135066
-0.19999999999999996	4.0	9.100361430023181
-0.19999999999999996	5.0	-19.89096828422627
-0.19999999999999996	6.0	10.662611627445035
-0.19999999999999996	7.0	-6.434368556677834
-0.19999999999999996	8.0	10.071491323423423
-0.19999999999999996	9.0	2.1676463740937817
-0.19999999999999996	10.0	7.377214096532052
-0.19999999999999996	11.0	7.377214097518964
-0.19999999999999996	12.0	2.1676463740644767
-0.19999999999999996	13.0	10.071491323942379
-0.19999999999999996	14.0	-6.434368556210553
-0.19999999999999996	15.0	10.662611628385623
-0.19999999999999996	16.0	-19.89096828463752
-0.19999999999999996	17.0	9.10036142839893
-0.19999999999999996	18.0	-40.567152715568696
-0.19999999999999996	19.0	4.886418624743113
-0.19999999999999996	20.0	-72.93260839066835
-0.15999999999999992	1.0	-548.5603153903946
-0.15999999999999992	2.0	21.072629544765995
-0.15999999999999992	3.0	-307.6067860298655
-0.15999999999999992	4.0	37.4598910583847
-0.15999999999999992	5.0	-159.76644765141168
-0.15999999999999992	6.0	41.31596147061353
-0.15999999999999992	7.0	-68.99371593894726
-0.15999999999999992	8.0	35.058128081673345
-0.15999999999999992	9.0	-14.159635237285807
-0.15999999999999992	10.0	17.91158409758932
-0.15999999999999992	11.0	17.91158409699135
-0.15999999999999992	12.0	-14.15963523707519
-0.15999999999999992	13.0	35.058128081473114
-0.15999999999999992	14.0	-68.9937159391642
-0.15999999999999992	15.0	41.31596147197806
-0.15999999999999992	16.0	-159.76644765266218
-0.15999999999999992	17.0	37.459891059019256
-0.15999999999999992	18.0	-307.6067860277311
-0.15999999999999992	19.0	21.07262954115602
-0.15999999999999992	20.0	-548.560315372137
-0.1200000000000001	1.0	371.05237818474444
-0.1200000000000001	2.0	-16.304011600809645
-0.1200000000000001	3.0	212.27155196368975
-0.1200000000000001	4.0	-29.29822373148811
-0.1200000000000001	5.0	110.87380220092086
-0.1200000000000001	6.0	-32.741384864676334
-0.1200000000000001	7.0	46.78967113781445
-0.1200000000000001	8.0	-28.47077773939383
-0.1200000000000001	9.0	7.3278755782497225
-0.1200000000000001	10.0	-16.019763801784453
-0.1200000000000001	11.0	-16.019763801475072
-0.1200000000000001	12.0	7.327875578670104
-0.1200000000000001	13.0	-28.470777737913117
-0.1200000000000001	14.0	46.78967113834541
-0.1200000000000001	15.0	-32.74138486244425
-0.1200000000000001	16.0	110.8738022047301
-0.1200000000000001	17.0	-29.298223732216783
-0.1200000000000001	18.0	212.2715519703998
-0.1200000000000001	19.0	-16.30401160081274
-0.1200000000000001	20.0	371.0523781817741
-0.08000000000000007	1.0	4512.828498380881
-0.08000000000000007	2.0	-25.371950401242977
-0.08000000000000007	3.0	2512.195915375047
-0.08000000000000007	4.0	-34.07296239812767
-0.08000000000000007	5.0	1375.0972695270266
-0.08000000000000007	6.0	-11.824157748919388
-0.08000000000000007	7.0	729.5831125186016
-0.08000000000000007	8.0	46.632316488213796
-0.08000000000000007	9.0	364.62090982654775
-0.08000000000000007	10.0	159.65987308631782
-0.08000000000000007	11.0	159.65987308653985
-0.08000000000000007	12.0	364.62090982640575
-0.08000000000000007	13.0	46.63231648801287
-0.08000000000000007	14.0	729.5831125186651
-0.08000000000000007	15.0	-11.82415774792119
-0.08000000000000007	16.0	1375.0972695248633
-0.08000000000000007	17.0	-34.072962398565544
-0.08000000000000007	18.0	2512.195915369838
-0.08000000000000007	19.0	-25.37195040106087
-0.08000000000000007	20.0	4512.828498370121
-0.040000000000000036	1.0	4387.708272563912
-0.040000000000000036	2.0	21.469862407453952
-0.040000000000000036	3.0	2430.546326675589
-0.040000000000000036	4.0	50.516239575373824
-0.040000000000000036	5.0	1350.8879803656728
-0.040000000000000036	6.0	87.0649901821826
-0.040000000000000036	7.0	755.8938872271568
-0.040000000000000036	8.0	145.1088609756449
-0.040000000000000036	9.0	427.7402992735066
-0.040000000000000036	10.0	246.2897687439249
-0.040000000000000036	11.0	246.28976874408767
-0.040000000000000036	12.0	427.74029927400227
-0.040000000000000036	13.0	145.10886097528774
-0.040000000000000036	14.0	755.8938872269537
-0.040000000000000036	15.0	87.0649901817121
-0.040000000000000036	16.0	1350.8879803683292
-0.040000000000000036	17.0	50.5162395748567
-0.040000000000000036	18.0	2430.5463266801853
-0.040000000000000036	19.0	21.469862406511087
-0.040000000000000036	20.0	4387.708272560282
0.0	1.0	3032.076552534689
0.0	2.0	27.94627324720716
0.0	3.0	1675.5420864487305
0.0	4.0	58.438650699861554
0.0	5.0	937.0024089065355
0.0	6.0	87.69959356241537
0.0	7.0	535.2093130122258
0.0	8.0	128.04781849893325
0.0	9.0	315.95756054254616
0.0	10.0	195.5245508241967
0.0	11.0	195.52455082437268
0.0	12.0	315.9575605424911
0.0	13.0	128.0478184995318
0.0	14.0	535.2093130132359
0.0	15.0	87.69959356285081
0.0	16.0	937.0024089037248
0.0	17.0	58.438650700237886
0.0	18.0	1675.5420864499042
0.0	19.0	27.946273247000434
0.0	20.0	3032.0765525211286
0.040000000000000036	1.0	4387.708272563912
0.040000000000000036	2.0	21.469862407453952
0.040000000000000036	3.0	2430.546326675589
0.040000000000000036	4.0	50.516239575373824
0.040000000000000036	5.0	1350.8879803656728
0.040000000000000036	6.0	87.0649901821826
0.040000000000000036	7.0	755.8938872271568
0.040000000000000036	8.0	145.1088609756449
0.040000000000000036	9.0	427.7402992735066
0.040000000000000036	10.0	246.2897687439249
0.040000000000000036	11.0	246.28976874408767
0.040000000000000036	12.0	427.74029927400227
0.040000000000000036	13.0	145.10886097528774
0.040000000000000036	14.0	755.8938872269537
0.040000000000000036	15.0	87.0649901817121
0.040000000000000036	16.0	1350.8879803683292
0.040000000000000036	17.0	50.5162395748567
0.040000000000000036	18.0	2430.5463266801853
0.040000000000000036	19.0	21.469862406511087
0.040000000000000036	20.0	4387.708272560282
0.08000000000000007	1.0	4512.828498380881
0.08000000000000007	2.0	-25.371950401242977
0.08000000000000007	3.0	2512.195915375047
0.08000000000000007	4.0	-34.07296239812767
0.08000000000000007	5.0	1375.0972695270266
0.08000000000000007	6.0	-11.824157748919388
0.08000000000000007	7.0	729.5831125186016
0.08000000000000007	8.0	46.632316488213796
0.08000000000000007	9.0	364.62090982654775
0.08000000000000007	10.0	159.65987308631782
0.08000000000000007	11.0	159.65987308653985
0.08000000000000007	12.0	364.62090982640575
0.08000000000000007	13.0	46.63231648801287
0.08000000000000007	14.0	729.5831125186651
0.08000000000000007	15.0	-11.82415774792119
0.08000000000000007	16.0	1375.0972695248633
0.08000000000000007	17.0	-34.072962398565544
0.08000000000000007	18.0	2512.195915369838
0.08000000000000007	19.0	-25.37195040106087
0.08000000000000007	20.0	4512.828498370121
0.1200000000000001	1.0	371.05237818474444
0.1200000000000001	2.0	-16.304011600809645
0.1200000000000001	3.0	212.27155196368975
0.1200000000000001	4.0	-29.29822373148811
0.1200000000000001	5.0	110.87380220092086
0.1200000000000001	6.0	-32.741384864676334
0.1200000000000001	7.0	46.78967113781445
0.1200000000000001	8.0	-28.47077773939383
0.1200000000000001	9.0	7.3278755782497225
0.1200000000000001	10.0	-16.019763801784453
0.1200000000000001	11.0	-16.019763801475072
0.1200000000000001	12.0	7.327875578670104
0.1200000000000001	13.0	-28.470777737913117
0.1200000000000001	14.0	46.78967113834541
0.1200000000000001	15.0	-32.74138486244425
0.1200000000000001	16.0	110.8738022047301
0.1200000000000001	17.0	-29.298223732216783
0.1200000000000001	18.0	212.2715519703998
0.1200000000000001	19.0	-16.30401160081274
0.1200000000000001	20.0	371.0523781817741
0.16000000000000014	1.0	-548.560315373458
0.16000000000000014	2.0	21.072629543363696
0.16000000000000014	3.0	-307.60678602325106
0.16000000000000014	4.0	37.459891059797364
0.16000000000000014	5.0	-159.76644765296376
0.16000000000000014	6.0	41.31596147079369
0.16000000000000014	7.0	-68.99371593846878
0.16000000000000014	8.0	35.058128082631775
0.16000000000000014	9.0	-14.159635237499947
0.16000000000000014	10.0	17.91158409674692
0.16000000000000014	11.0	17.911584097090202
0.16000000000000014	12.0	-14.159635237826787
0.16000000000000014	13.0	35.058128081586545
0.16000000000000014	14.0	-68.99371593876273
0.16000000000000014	15.0	41.31596147190084
0.16000000000000014	16.0	-159.76644765239357
0.16000000000000014	17.0	37.45989105904137
0.16000000000000014	18.0	-307.6067860279466
0.16000000000000014	19.0	21.07262954120825
0.16000000000000014	20.0	-548.5603153721099
0.20000000000000018	1.0	-72.93260837008225
0.20000000000000018	2.0	4.8864186229492645
0.20000000000000018	3.0	-40.5671527130727
0.20000000000000018	4.0	9.100361429155893
0.20000000000000018	5.0	-19.890968285242092
0.20000000000000018	6.0	10.662611627106239
0.20000000000000018	7.0	-6.434368556699979
0.20000000000000018	8.0	10.071491322981387
0.20000000000000018	9.0	2.1676463741701424
0.20000000000000018	10.0	7.377214097931981
0.20000000000000018	11.0	7.377214097683991
0.20000000000000018	12.0	2.1676463741781777
0.20000000000000018	13.0	10.071491323689713
0.20000000000000018	14.0	-6.434368556309288
0.20000000000000018	15.0	10.662611628404013
0.20000000000000018	16.0	-19.890968284526817
0.20000000000000018	17.0	9.100361428467881
0.20000000000000018	18.0	-40.567152715467174
0.20000000000000018	19.0	4.886418624748232
0.20000000000000018	20.0	-72.93260839068724
0.2400000000000002	1.0	-13.438766608135031
0.2400000000000002	2.0	-0.6146335427491769
0.2400000000000002	3.0	-6.2937949692752895
0.2400000000000002	4.0	-1.24342853437401
0.2400000000000002	5.0	-3.2773355464138256
0.2400000000000002	6.0	-1.6095271743104393
0.2400000000000002	7.0	-2.1702318503634825
0.2400000000000002	8.0	-1.7894010486330236
0.2400000000000002	9.0	-1.8664094634176536
0.2400000000000002	10.0	-1.8322946212393592
0.2400000000000002	11.0	-1.832294621398208
0.2400000000000002	12.0	-1.8664094634359774
0.2400000000000002	13.0	-1.789401047620064
0.2400000000000002	14.0	-2.1702318504948606
0.2400000000000002	15.0	-1.6095271739308044
0.2400000000000002	16.0	-3.2773355467075147
0.2400000000000002	17.0	-1.2434285358674702
0.2400000000000002	18.0	-6.293794972263585
0.2400000000000002	19.0	-0.6146335464096933
0.2400000000000002	20.0	-13.438766599609743
0.2799999999999998	1.0	2.258381641837452
0.2799999999999998	2.0	-4.565282373256462
0.2799999999999998	3.0	3.833488057515943
0.2799999999999998	4.0	-9.106628775736635
0.2799999999999998	5.0	1.0065724571497956
0.2799999999999998	6.0	-11.450339769798715
0.2799999999999998	7.0	-3.3196057589495753
0.2799999999999998	8.0	-11.849212416796465
0.2799999999999998	9.0	-7.425018857150716
0.2799999999999998	10.0	-10.430184067792586
0.2799999999999998	11.0	-10.430184067681589
0.2799999999999998	12.0	-7.425018858018408
0.2799999999999998	13.0	-11.849212417451485
0.2799999999999998	14.0	-3.3196057589147823
0.2799999999999998	15.0	-11.450339768567236
0.2799999999999998	16.0	1.00657245528433
0.2799999999999998	17.0	-9.10662877286358
0.2799999999999998	18.0	3.833488054908565
0.2799999999999998	19.0	-4.565282380359971
0.2799999999999998	20.0	2.258381605598081
0.31999999999999984	1.0	62.2015524522209
0.31999999999999984	2.0	-49.00081891334287
0.31999999999999984	3.0	55.4467045341686
0.31999999999999984	4.0	-103.55837927408862
0.31999999999999984	5.0	17.471869947036314
0.31999999999999984	6.0	-135.79470889545433
0.31999999999999984	7.0	-35.24954564365149
0.31999999999999984	8.0	-143.20005008294964
0.31999999999999984	9.0	-86.91572429851131
0.31999999999999984	10.0	-125.63026899318488
0.31999999999999984	11.0	-125.63026899417932
0.31999999999999984	12.0	-86.91572429797723
0.31999999999999984	13.0	-143.20005008234526
0.31999999999999984	14.0	-35.249545643392125
0.31999999999999984	15.0	-135.79470889732858
0.31999999999999984	16.0	17.471869947456696
0.31999999999999984	17.0	-103.5583792690084
0.31999999999999984	18.0	55.44670454487189
0.31999999999999984	19.0	-49.00081891451946
0.31999999999999984	20.0	62.20155241031432
0.3599999999999999	1.0	-54.65556919148162
0.3599999999999999	2.0	-15.78084541667176
0.3599999999999999	3.0	-21.054431627578147
0.3599999999999999	4.0	-33.62716896173343
0.3599999999999999	5.0	-14.90003779475486
0.3599999999999999	6.0	-43.63285461847639
0.3599999999999999	7.0	-22.465509371378054
0.3599999999999999	8.0	-46.11270731773135
0.3599999999999999	9.0	-33.423874031598686
0.3599999999999999	10.0	-42.200997644483266
0.3599999999999999	11.0	-42.20099764584572
0.3599999999999999	12.0	-33.42387403259717
0.3599999999999999	13.0	-46.112707320816256
0.3599999999999999	14.0	-22.465509371375077
0.3599999999999999	15.0	-43.6328546178224
0.3599999999999999	16.0	-14.90003779683745
0.3599999999999999	17.0	-33.62716896426531
0.3599999999999999	18.0	-21.05443163573395
0.3599999999999999	19.0	-15.780845437218801
0.3599999999999999	20.0	-54.6555691651401
0.3999999999999999	1.0	1017.6888231774053
0.3999999999999999	2.0	628.4967083029924
0.3999999999999999	3.0	131.90900130767176
0.3999999999999999	4.0	1761.1582155542392
0.3999999999999999	5.0	14.357700560232345
0.3999999999999999	6.0	2756.3927591640986
0.3999999999999999	7.0	679.3792770455673
0.3999999999999999	8.0	3151.5084222623673
0.3999999999999999	9.0	1775.6785988438505
0.3999999999999999	10.0	2760.5733606002877
0.3999999999999999	11.0	2760.57336059907
0.3999999999999999	12.0	1775.6785988458187
0.3999999999999999	13.0	3151.508422262157
0.3999999999999999	14.0	679.3792770452478
0.3999999999999999	15.0	2756.3927591697698
0.3999999999999999	16.0	14.35770056229723
0.3999999999999999	17.0	1761.158215537555
0.3999999999999999	18.0	131.90900131560952
0.3999999999999999	19.0	628.4967082980917
0.3999999999999999	20.0	1017.6888232653653
0.43999999999999995	1.0	1477.2373161019336
0.43999999999999995	2.0	198.84929267397297
0.43999999999999995	3.0	492.1228396586615
0.43999999999999995	4.0	1049.7482790588747
0.43999999999999995	5.0	-22.806241697393055
0.43999999999999995	6.0	2061.0354152582104
0.43999999999999995	7.0	292.9077090838554
0.43999999999999995	8.0	2552.0999392177746
0.43999999999999995	9.0	1240.712458562232
0.43999999999999995	10.0	2202.3157455717874
0.43999999999999995	11.0	2202.3157455692417
0.43999999999999995	12.0	1240.7124585648617
0.43999999999999995	13.0	2552.099939219316
0.43999999999999995	14.0	292.9077090809566
0.43999999999999995	15.0	2061.0354152624104
0.43999999999999995	16.0	-22.806241696669748
0.43999999999999995	17.0	1049.7482790586837
0.43999999999999995	18.0	492.1228396733547
0.43999999999999995	19.0	198.84929267969
0.43999999999999995	20.0	1477.2373159340816
0.48	1.0	142.84217842725684
0.48	2.0	-61.26199062957801
0.48	3.0	68.54450723125998
0.48	4.0	-15.84249684292563
0.48	5.0	-46.22120093471834
0.48	6.0	120.78283532730524
0.48	7.0	-66.95014554778187
0.48	8.0	210.5950681772929
0.48	9.0	36.21695940161826
0.48	10.0	169.67193490010374
0.48	11.0	169.67193489981378
0.48	12.0	36.2169594052426
0.48	13.0	210.595068175424
0.48	14.0	-66.95014553942683
0.48	15.0	120.78283532113443
0.48	16.0	-46.22120093650607
0.48	17.0	-15.842496827006016
0.48	18.0	68.54450726169219
0.48	19.0	-61.261990628509466
0.48	20.0	142.84217848410853
0.52	1.0	-72.3998564373248
0.52	2.0	-32.53532521193459
0.52	3.0	-19.463509250050453
0.52	4.0	-69.10946243498934
0.52	5.0	-22.48834842156556
0.52	6.0	-76.56523807417896
0.52	7.0	-48.64166243226897
0.52	8.0	-67.64044176775262
0.52	9.0	-63.040397717529295
0.52	10.0	-63.61117015592566
0.52	11.0	-63.61117015465916
0.52	12.0	-63.04039772357235
0.52	13.0	-67.64044176495085
0.52	14.0	-48.641662436143775
0.52	15.0	-76.5652380800449
0.52	16.0	-22.488348429808486
0.52	17.0	-69.10946242854091
0.52	18.0	-19.46350923244082
0.52	19.0	-32.53532522234655
0.52	20.0	-72.39985641325795
0.56	1.0	-67.63211024387823
0.56	2.0	-35.01158901667689
0.56	3.0	-16.307544138239592
0.56	4.0	-69.28240251850464
0.56	5.0	-25.37490224901115
0.56	6.0	-67.31541300973122
0.56	7.0	-53.4999037495284
0.56	8.0	-50.949841267081275
0.56	9.0	-60.331417729663585
0.56	10.0	-50.01874255347438
0.56	11.0	-50.01874255551662
0.56	12.0	-60.331417737591984
0.56	13.0	-50.949841267819096
0.56	14.0	-53.49990373818548
0.56	15.0	-67.31541301816831
0.56	16.0	-25.374902241403717
0.56	17.0	-69.28240251652068
0.56	18.0	-16.307544124742385
0.56	19.0	-35.01158900294292
0.56	20.0	-67.63211032187131
0.6000000000000001	1.0	126.31463412167768
0.6000000000000001	2.0	377.8427247709168
0.6000000000000001	3.0	-62.15748468958868
0.6000000000000001	4.0	609.415301360546
0.6000000000000001	5.0	268.0990768518256
0.6000000000000001	6.0	316.60837754307704
0.6000000000000001	7.0	597.4653389448316
0.6000000000000001	8.0	-56.26677270163986
0.6000000000000001	9.0	441.9179181227955
0.6000000000000001	10.0	24.64105778879698
0.6000000000000001	11.0	24.641057788558236
0.6000000000000001	12.0	441.9179181191032
0.6000000000000001	13.0	-56.26677270115182
0.6000000000000001	14.0	597.4653389251378
0.6000000000000001	15.0	316.6083775401412
0.6000000000000001	16.0	268.0990768316531
0.6000000000000001	17.0	609.4153013842897
0.6000000000000001	18.0	-62.157484682589384
0.6000000000000001	19.0	377.84272482031156
0.6000000000000001	20.0	126.31463428951453
0.6400000000000001	1.0	1312.5486948188493
0.6400000000000001	2.0	1270.2177766060684
0.6400000000000001	3.0	18.249149749626504
0.6400000000000001	4.0	2576.625415630839
0.6400000000000001	5.0	921.119898550776
0.6400000000000001	6.0	1771.3261748241207
0.6400000000000001	7.0	2434.0638402465556
0.6400000000000001	8.0	232.4524057878774
0.6400000000000001	9.0	2084.3097243402854
0.6400000000000001	10.0	468.6478316323155
0.6400000000000001	11.0	468.64783163235234
0.6400000000000001	12.0	2084.3097243460984
0.6400000000000001	13.0	232.4524057870192
0.6400000000000001	14.0	2434.0638402448985
0.6400000000000001	15.0	1771.3261748428263
0.6400000000000001	16.0	921.1198985672497
0.6400000000000001	17.0	2576.6254156203113
0.6400000000000001	18.0	18.249149759468256
0.6400000000000001	19.0	1270.217776586881
0.6400000000000001	20.0	1312.5486948715834
0.6800000000000002	1.0	1267.6688225547093
0.6800000000000002	2.0	607.328316216537
0.6800000000000002	3.0	86.9126149393064
0.6800000000000002	4.0	1829.9717219896693
0.6800000000000002	5.0	421.61960104115326
0.6800000000000002	6.0	1485.3407860248892
0.6800000000000002	7.0	1730.683966392296
0.6800000000000002	8.0	191.25405754618714
0.6800000000000002	9.0	1635.8013257267335
0.6800000000000002	10.0	320.9305535850447
0.6800000000000002	11.0	320.93055358869844
0.6800000000000002	12.0	1635.8013257178995
0.6800000000000002	13.0	191.2540575444831
0.6800000000000002	14.0	1730.6839663855226
0.6800000000000002	15.0	1485.3407860153802
0.6800000000000002	16.0	421.61960104964817
0.6800000000000002	17.0	1829.9717220036762
0.6800000000000002	18.0	86.9126149289843
0.6800000000000002	19.0	607.3283162071034
0.6800000000000002	20.0	1267.6688224808536
0.7200000000000002	1.0	176.32052215258125
0.7200000000000002	2.0	-33.639058329665765
0.7200000000000002	3.0	4.274088986105851
0.7200000000000002	4.0	196.31038878033715
0.7200000000000002	5.0	-45.556120907430575
0.7200000000000002	6.0	218.50882275695528
0.7200000000000002	7.0	197.91201828031063
0.7200000000000002	8.0	-30.797181558224757
0.7200000000000002	9.0	227.61798283850248
0.7200000000000002	10.0	-23.196519049327897
0.7200000000000002	11.0	-23.196519049058406
0.7200000000000002	12.0	227.61798284519557
0.7200000000000002	13.0	-30.79718155836681
0.7200000000000002	14.0	197.91201829358053
0.7200000000000002	15.0	218.5088227576888
0.7200000000000002	16.0	-45.55612090757007
0.7200000000000002	17.0	196.31038876910628
0.7200000000000002	18.0	4.274088984099615
0.7200000000000002	19.0	-33.63905829562785
0.7200000000000002	20.0	176.32052196927327
0.7599999999999998	1.0	-57.16749144650498
0.7599999999999998	2.0	-62.68027602276194
0.7599999999999998	3.0	-11.826088478992926
0.7599999999999998	4.0	-72.12231404967213
0.7599999999999998	5.0	-56.86226081382735
0.7599999999999998	6.0	-35.62613181401408
0.7599999999999998	7.0	-60.00444487684983
0.7599999999999998	8.0	-42.2081676824298
0.7599999999999998	9.0	-40.17229237017406
0.7599999999999998	10.0	-49.20242123339658
0.7599999999999998	11.0	-49.20242123445771
0.7599999999999998	12.0	-40.1722923680127
0.7599999999999998	13.0	-42.208167680889446
0.7599999999999998	14.0	-60.00444486339183
0.7599999999999998	15.0	-35.626131817371125
0.7599999999999998	16.0	-56.86226077819811
0.7599999999999998	17.0	-72.1223140390788
0.7599999999999998	18.0	-11.826088487737666
0.7599999999999998	19.0	-62.68027605011436
0.7599999999999998	20.0	-57.167491515051715
0.7999999999999998	1.0	-54.47886156749299
0.7999999999999998	2.0	29.320631181482334
0.7999999999999998	3.0	-1.5840919703449758
0.7999999999999998	4.0	-34.82950443629615
0.7999999999999998	5.0	36.92792577153539
0.7999999999999998	6.0	-60.18052179861529
0.7999999999999998	7.0	-37.66895507866373
0.7999999999999998	8.0	21.657029750644895
0.7999999999999998	9.0	-59.708319997068855
0.7999999999999998	10.0	24.13254107763212
0.7999999999999998	11.0	24.132541078620633
0.7999999999999998	12.0	-59.708319991843396
0.7999999999999998	13.0	21.657029753658506
0.7999999999999998	14.0	-37.66895507536944
0.7999999999999998	15.0	-60.18052180065687
0.7999999999999998	16.0	36.92792575184076
0.7999999999999998	17.0	-34.82950447143662
0.7999999999999998	18.0	-1.5840919671041336
0.7999999999999998	19.0	29.32063118056299
0.7999999999999998	20.0	-54.47886175815492
0.8399999999999999	1.0	355.17100510851094
0.8399999999999999	2.0	940.5368718768319
0.8399999999999999	3.0	110.01700459965457
0.8399999999999999	4.0	675.1575064272326
0.8399999999999999	5.0	1031.6911207345925
0.8399999999999999	6.0	-70.97632548475883
0.8399999999999999	7.0	485.27061424544263
0.8399999999999999	8.0	744.4391619502841
0.8399999999999999	9.0	-29.06999844147098
0.8399999999999999	10.0	886.552613308651
0.8399999999999999	11.0	886.5526133065907
0.8399999999999999	12.0	-29.069998441094956
0.8399999999999999	13.0	744.4391619523108
0.8399999999999999	14.0	485.2706142546282
0.8399999999999999	15.0	-70.97632548625987
0.8399999999999999	16.0	1031.691120682297
0.8399999999999999	17.0	675.157506456189
0.8399999999999999	18.0	110.01700460267958
0.8399999999999999	19.0	940.5368719754756
0.8399999999999999	20.0	355.1710048747801
0.8799999999999999	1.0	1396.5707217768422
0.8799999999999999	2.0	2013.9854533200069
0.8799999999999999	3.0	170.47556290501657
0.8799999999999999	4.0	2108.269752410237
0.8799999999999999	5.0	2417.10227250934
0.8799999999999999	6.0	81.75975682465986
0.8799999999999999	7.0	1587.330668701593
0.8799999999999999	8.0	1793.3854271769235
0.8799999999999999	9.0	139.69896155220152
0.8799999999999999	10.0	2253.846511855766
0.8799999999999999	11.0	2253.846511860834
0.8799999999999999	12.0	139.6989615571441
0.8799999999999999	13.0	1793.385427180805
0.8799999999999999	14.0	1587.3306687093695
0.8799999999999999	15.0	81.75975682557039
0.8799999999999999	16.0	2417.102272569226
0.8799999999999999	17.0	2108.2697524052523
0.8799999999999999	18.0	170.4755628898078
0.8799999999999999	19.0	2013.985453353815
0.8799999999999999	20.0	1396.570722068745
0.9199999999999999	1.0	802.8522790957584
0.9199999999999999	2.0	695.5620170645388
0.9199999999999999	3.0	-49.09458090789241
0.9199999999999999	4.0	1154.9252748670497
0.9199999999999999	5.0	1046.4657510582724
0.9199999999999999	6.0	-14.249386808265779
0.9199999999999999	7.0	871.0090643123065
0.9199999999999999	8.0	784.1144141798648
0.9199999999999999	9.0	-34.59513279795675
0.9199999999999999	10.0	1107.1995936047442
0.9199999999999999	11.0	1107.199593603015
0.9199999999999999	12.0	-34.5951327893511
0.9199999999999999	13.0	784.1144141714457
0.9199999999999999	14.0	871.0090643317321
0.9199999999999999	15.0	-14.249386809985989
0.9199999999999999	16.0	1046.4657511391563
0.9199999999999999	17.0	1154.9252748686915
0.9199999999999999	18.0	-49.09458092918673
0.9199999999999999	19.0	695.5620170701008
0.9199999999999999	20.0	802.8522789066543
0.96	1.0	43.60590763365222
0.96	2.0	-52.13510316971212
0.96	3.0	-54.38633974511903
0.96	4.0	91.20673577350057
0.96	5.0	21.060712389825724
0.96	6.0	-56.85481987143993
0.96	7.0	65.64520632166344
0.96	8.0	13.247224304256868
0.96	9.0	-78.83742664676997
0.96	10.0	74.31314265428952
0.96	11.0	74.31314265340842
0.96	12.0	-78.83742665184468
0.96	13.0	13.247224308721126
0.96	14.0	65.64520632426834
0.96	15.0	-56.85481987005139
0.96	16.0	21.060712331942376
0.96	17.0	91.20673581699404
0.96	18.0	-54.38633969929882
0.96	19.0	-52.13510318329745
0.96	20.0	43.60590772148154
1.0	1.0	-59.82953897917808
1.0	2.0	-62.586622364785875
1.0	3.0	-11.27548881956513
1.0	4.0	-62.05271368548054
1.0	5.0	-67.07457961570866
1.0	6.0	-20.655950086341022
1.0	7.0	-47.71268452709541
1.0	8.0	-51.48953655743173
1.0	9.0	-25.469158127666844
1.0	10.0	-56.88419985107827
1.0	11.0	-56.88419985110323
1.0	12.0	-25.469158121842923
1.0	13.0	-51.489536552629886
1.0	14.0	-47.71268453159915
1.0	15.0	-20.65595009566378
1.0	16.0	-67.07457967612117
1.0	17.0	-62.05271368368879
1.0	18.0	-11.275488754217331
1.0	19.0	-62.586622435207914
1.0	20.0	-59.829538881864664
1.04	1.0	78.7572528694946
1.04	2.0	520.5141856630382
1.04	3.0	268.1820171430906
1.04	4.0	-58.85155995275258
1.04	5.0	326.6995667730706
1.04	6.0	345.48398939491017
1.04	7.0	-59.70158013242485
1.04	8.0	264.95706940848993
1.04	9.0	518.4360231544288
1.04	10.0	-21.21815617591803
1.04	11.0	-21.21815617395096
1.04	12.0	518.4360231620163
1.04	13.0	264.9570694106666
1.04	14.0	-59.70158013258063
1.04	15.0	345.48398938878216
1.04	16.0	326.69956680629855
1.04	17.0	-58.85155995374848
1.04	18.0	268.1820171697623
1.04	19.0	520.5141857017901
1.04	20.0	78.7572529221874
1.08	1.0	960.7762022986917
1.08	2.0	2387.4531849188475
1.08	3.0	943.8188432168337
1.08	4.0	427.9129588346583
1.08	5.0	2003.6418520058542
1.08	6.0	1449.657907789851
1.08	7.0	99.2233859392156
1.08	8.0	1576.581745638421
1.08	9.0	2349.754340351762
1.08	10.0	345.12982217895546
1.08	11.0	345.12982217813993
1.08	12.0	2349.754340343279
1.08	13.0	1576.581745640632
1.08	14.0	99.22338594241793
1.08	15.0	1449.6579077747651
1.08	16.0	2003.6418520369612
1.08	17.0	427.91295886468754
1.08	18.0	943.8188431090837
1.08	19.0	2387.453184789228
1.08	20.0	960.7762022182542
1.12	1.0	947.4576379912569
1.12	2.0	1607.1048320332834
1.12	3.0	404.937686135709
1.12	4.0	557.1060272907556
1.12	5.0	1756.5979852460814
1.12	6.0	915.7590167936742
1.12	7.0	-3.9137991962042236
1.12	8.0	1343.013162480016
1.12	9.0	1843.1224882679317
1.12	10.0	224.77849553055978
1.12	11.0	224.77849552855815
1.12	12.0	1843.1224882788001
1.12	13.0	1343.0131624863307
1.12	14.0	-3.9137991914886854
1.12	15.0	915.7590167824146
1.12	16.0	1756.5979852122261
1.12	17.0	557.1060273059375
1.12	18.0	404.9376859247801
1.12	19.0	1607.104831958959
1.12	20.0	947.4576381945361
1.1600000000000001	1.0	109.91882056732558
1.1600000000000001	2.0	60.96146773787102
1.1600000000000001	3.0	-79.74507463476064
1.1600000000000001	4.0	74.79992962233948
1.1600000000000001	5.0	227.1118466871107
1.1600000000000001	6.0	6.9534662367739415
1.1600000000000001	7.0	-102.93106384862492
1.1600000000000001	8.0	161.78472286771478
1.1600000000000001	9.0	220.24043602347956
1.1600000000000001	10.0	-67.22891982211519
1.1600000000000001	11.0	-67.22891981733393
1.1600000000000001	12.0	220.24043603369415
1.1600000000000001	13.0	161.78472286889544
1.1600000000000001	14.0	-102.93106385791339
1.1600000000000001	15.0	6.953466250385802
1.1600000000000001	16.0	227.1118467564428
1.1600000000000001	17.0	74.79992961541092
1.1600000000000001	18.0	-79.74507458138777
1.1600000000000001	19.0	60.96146769717462
1.1600000000000001	20.0	109.91882039774462
1.2000000000000002	1.0	-56.071531749625855
1.2000000000000002	2.0	-79.22583902662846
1.2000000000000002	3.0	-22.365111787749107
1.2000000000000002	4.0	-35.35392013050932
1.2000000000000002	5.0	-81.44817125611023
1.2000000000000002	6.0	-43.39093401138434
1.2000000000000002	7.0	-12.810739478608397
1.2000000000000002	8.0	-62.76300605438581
1.2000000000000002	9.0	-77.96352469043335
1.2000000000000002	10.0	-22.21554924579794
1.2000000000000002	11.0	-22.21554924502608
1.2000000000000002	12.0	-77.96352469393325
1.2000000000000002	13.0	-62.7630060590017
1.2000000000000002	14.0	-12.810739461509275
1.2000000000000002	15.0	-43.39093401175333
1.2000000000000002	16.0	-81.44817125765033
1.2000000000000002	17.0	-35.35392012555968
1.2000000000000002	18.0	-22.36511177240942
1.2000000000000002	19.0	-79.22583889332755
1.2000000000000002	20.0	-56.07153159809273
1.2400000000000002	1.0	123.72719432962609
1.2400000000000002	2.0	778.930833859931
1.2400000000000002	3.0	728.8106268150367
1.2400000000000002	4.0	-13.155999896305492
1.2400000000000002	5.0	-34.61110525067771
1.2400000000000002	6.0	726.523149148358
1.2400000000000002	7.0	740.9208326223122
1.2400000000000002	8.0	-22.838018542003518
1.2400000000000002	9.0	-31.250512081055483
1.2400000000000002	10.0	732.7417199225505
1.2400000000000002	11.0	732.7417199257562
1.2400000000000002	12.0	-31.25051208732312
1.2400000000000002	13.0	-22.83801854090032
1.2400000000000002	14.0	740.9208326174821
1.2400000000000002	15.0	726.5231491484881
1.2400000000000002	16.0	-34.61110525402937
1.2400000000000002	17.0	-13.15599990114583
1.2400000000000002	18.0	728.810626942811
1.2400000000000002	19.0	778.9308336980298
1.2400000000000002	20.0	123.72719417104392
1.2799999999999998	1.0	939.2135677508955
1.2799999999999998	2.0	2849.9596560491937
1.2799999999999998	3.0	2107.4507760923925
1.2799999999999998	4.0	104.74923363675379
1.2799999999999998	5.0	639.8664882800852
1.2799999999999998	6.0	2690.950407956796
1.2799999999999998	7.0	2335.6071282257067
1.2799999999999998	8.0	252.09564158681374
1.2799999999999998	9.0	428.9860030443066
1.2799999999999998	10.0	2528.3476669159054
1.2799999999999998	11.0	2528.3476669197694
1.2799999999999998	12.0	428.9860030444329
1.2799999999999998	13.0	252.09564159016577
1.2799999999999998	14.0	2335.607128232654
1.2799999999999998	15.0	2690.950407935152
1.2799999999999998	16.0	639.8664882568456
1.2799999999999998	17.0	104.74923363986349
1.2799999999999998	18.0	2107.450776086317
1.2799999999999998	19.0	2849.9596561644285
1.2799999999999998	20.0	939.213567860301
1.3199999999999998	1.0	484.9945713035312
1.3199999999999998	2.0	1058.50481623304
1.3199999999999998	3.0	572.7365685294383
1.3199999999999998	4.0	-98.88974008031448
1.3199999999999998	5.0	373.6904364556702
1.3199999999999998	6.0	1190.0264595640986
1.3199999999999998	7.0	858.7745269572976
1.3199999999999998	8.0	-60.63308111148205
1.3199999999999998	9.0	111.23530341165986
1.3199999999999998	10.0	1083.7451273388886
1.3199999999999998	11.0	1083.7451273373235
1.3199999999999998	12.0	111.23530340953263
1.3199999999999998	13.0	-60.63308111384275
1.3199999999999998	14.0	858.7745269692014
1.3199999999999998	15.0	1190.0264595398405
1.3199999999999998	16.0	373.6904364589689
1.3199999999999998	17.0	-98.88974008751917
1.3199999999999998	18.0	572.7365685537609
1.3199999999999998	19.0	1058.504816075672
1.3199999999999998	20.0	484.99457136721793
1.3599999999999999	1.0	-14.675284206660741
1.3599999999999999	2.0	-74.0704745164785
1.3599999999999999	3.0	-92.68194293531022
1.3599999999999999	4.0	-60.486484928294665
1.3599999999999999	5.0	-17.557152890440506
1.3599999999999999	6.0	-7.9067273504199385
1.3599999999999999	7.0	-44.27431625604015
1.3599999999999999	8.0	-81.96510138320203
1.3599999999999999	9.0	-61.133821182448415
1.3599999999999999	10.0	-8.364791683629083
1.3599999999999999	11.0	-8.364791689921784
1.3599999999999999	12.0	-61.133821183420096
1.3599999999999999	13.0	-81.96510137620965
1.3599999999999999	14.0	-44.27431623395664
1.3599999999999999	15.0	-7.906727332570771
1.3599999999999999	16.0	-17.557152876253078
1.3599999999999999	17.0	-60.486484925151856
1.3599999999999999	18.0	-92.68194277600946
1.3599999999999999	19.0	-74.0704744240713
1.3599999999999999	20.0	-14.675284202070547
1.4	1.0	14.886782443428032
1.4	2.0	371.78467052733174
1.4	3.0	588.1898970055356
1.4	4.0	386.00183727932074
1.4	5.0	1.1156753530137666
1.4	6.0	-88.14785197620645
1.4	7.0	263.56794242859814
1.4	8.0	616.1085226332297
1.4	9.0	406.9269394995727
1.4	10.0	-100.97409254642115
1.4	11.0	-100.97409254234509
1.4	12.0	406.9269394991687
1.4	13.0	616.108522651886
1.4	14.0	263.56794242160925
1.4	15.0	-88.14785196736068
1.4	16.0	1.1156753572667246
1.4	17.0	386.0018372821918
1.4	18.0	588.1898969906462
1.4	19.0	371.7846705317122
1.4	20.0	14.886782312934942
1.44	1.0	721.0871744758766
1.44	2.0	2789.4530513900927
1.44	3.0	3182.274601843345
1.44	4.0	1534.624338384729
1.44	5.0	260.93882803830155
1.44	6.0	685.0998649420856
1.44	7.0	2156.573521856719
1.44	8.0	3109.688071944546
1.44	9.0	2145.182618805122
1.44	10.0	296.2000059367313
1.44	11.0	296.2000059334365
1.44	12.0	2145.1826188282234
1.44	13.0	3109.688071937781
1.44	14.0	2156.5735218574655
1.44	15.0	685.0998649219885
1.44	16.0	260.9388280409892
1.44	17.0	1534.624338306568
1.44	18.0	3182.2746016137867
1.44	19.0	2789.453051411682
1.44	20.0	721.0871744541989
1.48	1.0	342.1896698686499
1.48	2.0	988.9103630839869
1.48	3.0	938.9648455089493
1.48	4.0	181.5961251316753
1.48	5.0	-131.14076398149828
1.48	6.0	301.26559713230256
1.48	7.0	887.9332963246243
1.48	8.0	1108.898505938713
1.48	9.0	662.1524185634979
1.48	10.0	-57.28840941755401
1.48	11.0	-57.28840942338717
1.48	12.0	662.1524185699188
1.48	13.0	1108.8985059438464
1.48	14.0	887.9332962919489
1.48	15.0	301.265597133808
1.48	16.0	-131.1407640007341
1.48	17.0	181.59612517685926
1.48	18.0	938.9648455320603
1.48	19.0	988.910363020601
1.48	20.0	342.18966995054024
1.52	1.0	-42.76437452184217
1.52	2.0	-91.50099745929633
1.52	3.0	-59.52254733083386
1.52	4.0	37.63518010449221
1.52	5.0	49.500988838417015
1.52	6.0	-36.19890415432413
1.52	7.0	-107.68862302344169
1.52	8.0	-112.23030810917734
1.52	9.0	-44.282549556709164
1.52	10.0	48.99938811599428
1.52	11.0	48.999388110929004
1.52	12.0	-44.282549586342114
1.52	13.0	-112.23030811683222
1.52	14.0	-107.68862300537826
1.52	15.0	-36.1989041544743
1.52	16.0	49.50098891002018
1.52	17.0	37.635180043550626
1.52	18.0	-59.52254704951417
1.52	19.0	-91.50099735644216
1.52	20.0	-42.764374510921826
1.56	1.0	305.27507097214425
1.56	2.0	1644.2193779333625
1.56	3.0	2631.7852939257377
1.56	4.0	2993.4643560972418
1.56	5.0	2234.6442257590807
1.56	6.0	648.2222983881004
1.56	7.0	-20.32384867519965
1.56	8.0	492.3610757940285
1.56	9.0	1608.9112279599294
1.56	10.0	2871.4888840134927
1.56	11.0	2871.4888839945543
1.56	12.0	1608.9112279849833
1.56	13.0	492.3610758030624
1.56	14.0	-20.323848687003355
1.56	15.0	648.2222983918978
1.56	16.0	2234.6442257601193
1.56	17.0	2993.464356045965
1.56	18.0	2631.7852937971047
1.56	19.0	1644.2193779825527
1.56	20.0	305.2750710206851
1.6	1.0	350.27532763383294
1.6	2.0	1283.4125143209658
1.6	3.0	1735.2559767036623
1.6	4.0	1451.6956696704842
1.6	5.0	820.5072658816393
1.6	6.0	-2.8851393966824475
1.6	7.0	-160.04715618879797
1.6	8.0	382.7747898005242
1.6	9.0	1077.9465206209597
1.6	10.0	1777.1322863423188
1.6	11.0	1777.1322863628031
1.6	12.0	1077.9465206052935
1.6	13.0	382.77478979969726
1.6	14.0	-160.0471561903544
1.6	15.0	-2.8851393675452357
1.6	16.0	820.5072660468118
1.6	17.0	1451.6956696147047
1.6	18.0	1735.2559768525966
1.6	19.0	1283.4125143959036
1.6	20.0	350.27532730847713
1.6400000000000001	1.0	-68.11453565137434
1.6400000000000001	2.0	-145.13748895604036
1.6400000000000001	3.0	-85.64696658765533
1.6400000000000001	4.0	224.2124326046137
1.6400000000000001	5.0	458.06071593315187
1.6400000000000001	6.0	613.8678195616359
1.6400000000000001	7.0	531.1923857447617
1.6400000000000001	8.0	203.59007433158538
1.6400000000000001	9.0	-84.28756616522455
1.6400000000000001	10.0	-339.9664877575732
1.6400000000000001	11.0	-339.9664877618801
1.6400000000000001	12.0	-84.28756617110432
1.6400000000000001	13.0	203.59007432226093
1.6400000000000001	14.0	531.192385751861
1.6400000000000001	15.0	613.8678195290555
1.6400000000000001	16.0	458.0607159640798
1.6400000000000001	17.0	224.21243271334322
1.6400000000000001	18.0	-85.64696678852134
1.6400000000000001	19.0	-145.13748882352263
1.6400000000000001	20.0	-68.11453561043243
1.6800000000000002	1.0	539.6891670723604
1.6800000000000002	2.0	2365.006621006815
1.6800000000000002	3.0	3962.918371613928
1.6800000000000002	4.0	5472.414696367929
1.6800000000000002	5.0	5880.274381683962
1.6800000000000002	6.0	5275.874345752225
1.6800000000000002	7.0	4171.597513973492
1.6800000000000002	8.0	2275.797574001936
1.6800000000000002	9.0	998.1069548608534
1.6800000000000002	10.0	-12.612677396140327
1.6800000000000002	11.0	-12.612677390087185
1.6800000000000002	12.0	998.1069548503986
1.6800000000000002	13.0	2275.79757399457
1.6800000000000002	14.0	4171.5975139209895
1.6800000000000002	15.0	5275.874345753655
1.6800000000000002	16.0	5880.274381667501
1.6800000000000002	17.0	5472.414696329954
1.6800000000000002	18.0	3962.918371435447
1.6800000000000002	19.0	2365.006620906487
1.6800000000000002	20.0	539.6891671276943
1.7200000000000002	1.0	-118.43913566100517
1.7200000000000002	2.0	-123.48074526759038
1.7200000000000002	3.0	240.18158658370703
1.7200000000000002	4.0	1682.0586767091022
1.7200000000000002	5.0	3239.687514939533
1.7200000000000002	6.0	5855.01288489189
1.7200000000000002	7.0	7852.8723474788485
1.7200000000000002	8.0	10280.90088619901
1.7200000000000002	9.0	11634.808403154946
1.7200000000000002	10.0	12610.558900679433
1.7200000000000002	11.0	12610.558900689068
1.7200000000000002	12.0	11634.808403130286
1.7200000000000002	13.0	10280.9008861823
1.7200000000000002	14.0	7852.872347468559
1.7200000000000002	15.0	5855.012884882046
1.7200000000000002	16.0	3239.687514974319
1.7200000000000002	17.0	1682.0586766868328
1.7200000000000002	18.0	240.18158660532572
1.7200000000000002	19.0	-123.48074514324117
1.7200000000000002	20.0	-118.4391357188675
1.7599999999999998	1.0	-2.9855828387281558
1.7599999999999998	2.0	-11.856688811920481
1.7599999999999998	3.0	-20.12685132588234
1.7599999999999998	4.0	-28.607762576349753
1.7599999999999998	5.0	-34.1352495073619
1.7599999999999998	6.0	-38.85079038648719
1.7599999999999998	7.0	-41.550853774187054
1.7599999999999998	8.0	-43.66736179181994
1.7599999999999998	9.0	-44.70591090285819
1.7599999999999998	10.0	-45.29615713111997
1.7599999999999998	11.0	-45.29615713149869
1.7599999999999998	12.0	-44.7059109059315
1.7599999999999998	13.0	-43.667361796759735
1.7599999999999998	14.0	-41.550853767412626
1.7599999999999998	15.0	-38.85079039056748
1.7599999999999998	16.0	-34.13524951660129
1.7599999999999998	17.0	-28.607762565459808
1.7599999999999998	18.0	-20.126851323163574
1.7599999999999998	19.0	-11.856688805825161
1.7599999999999998	20.0	-2.9855828401045144
1.7999999999999998	1.0	-0.056011390568409244
1.7999999999999998	2.0	-0.21240960574944318
1.7999999999999998	3.0	-0.3599954151170879
1.7999999999999998	4.0	-0.49836764700540703
1.7999999999999998	5.0	-0.5938112702348817
1.7999999999999998	6.0	-0.6658371016943683
1.7999999999999998	7.0	-0.7116075003220381
1.7999999999999998	8.0	-0.7422034448489442
1.7999999999999998	9.0	-0.7595912851298104
1.7999999999999998	10.0	-0.7678261410904703
1.7999999999999998	11.0	-0.7678261450055739
1.7999999999999998	12.0	-0.7595912840531027
1.7999999999999998	13.0	-0.7422034431080557
1.7999999999999998	14.0	-0.7116075026726045
1.7999999999999998	15.0	-0.6658370985492778
1.7999999999999998	16.0	-0.593811268918035
1.7999999999999998	17.0	-0.4983676464317778
1.7999999999999998	18.0	-0.3599954129469633
1.7999999999999998	19.0	-0.21240960454268815
1.7999999999999998	20.0	-0.05601138834044994
1.8399999999999999	1.0	-0.005339832606775032
1.8399999999999999	2.0	-0.019956181145113945
1.8399999999999999	3.0	-0.03443815884755432
1.8399999999999999	4.0	-0.048169311328044355
1.8399999999999999	5.0	-0.05879755772430019
1.8399999999999999	6.0	-0.06715557104724863
1.8399999999999999	7.0	-0.07332749292009673
1.8399999999999999	8.0	-0.07764427173263763
1.8399999999999999	9.0	-0.08043774205334285
1.8399999999999999	10.0	-0.08176946858112749
1.8399999999999999	11.0	-0.08176946841615672
1.8399999999999999	12.0	-0.08043774300821374
1.8399999999999999	13.0	-0.0776442734865581
1.8399999999999999	14.0	-0.07332749097818404
1.8399999999999999	15.0	-0.06715557108720452
1.8399999999999999	16.0	-0.058797557353041416
1.8399999999999999	17.0	-0.04816931164192344
1.8399999999999999	18.0	-0.03443815925126621
1.8399999999999999	19.0	-0.01995618182355878
1.8399999999999999	20.0	-0.005339831539305222
1.88	1.0	-0.0008361642480317986
1.88	2.0	-0.0030906348757411784
1.88	3.0	-0.0054249154918965745
1.88	4.0	-0.00767549567165659
1.88	5.0	-0.00956400781517628
1.88	6.0	-0.011100605345758182
1.88	7.0	-0.012320917509979911
1.88	8.0	-0.013196180416695003
1.88	9.0	-0.013786320882272666
1.88	10.0	-0.014069028342663593
1.88	11.0	-0.014069029299591345
1.88	12.0	-0.01378632180122447
1.88	13.0	-0.013196181229111776
1.88	14.0	-0.01232091705863932
1.88	15.0	-0.01110060585850605
1.88	16.0	-0.009564009219172036
1.88	17.0	-0.007675496012391951
1.88	18.0	-0.0054249163607806745
1.88	19.0	-0.003090635189800795
1.88	20.0	-0.0008361638869875622
1.92	1.0	-0.00016199026016727844
1.92	2.0	-0.0005853569496223211
1.92	3.0	-0.0010334870004118485
1.92	4.0	-0.001461458612575222
1.92	5.0	-0.0018414148498071292
1.92	6.0	-0.0021555529794941167
1.92	7.0	-0.002419107786454804
1.92	8.0	-0.00261131780381657
1.92	9.0	-0.00274625750808996
1.92	10.0	-0.002811564544113947
1.92	11.0	-0.002811565257537946
1.92	12.0	-0.0027462566164196244
1.92	13.0	-0.0026113183072534038
1.92	14.0	-0.0024191078082752187
1.92	15.0	-0.0021555520801068073
1.92	16.0	-0.0018414149889020013
1.92	17.0	-0.0014614591525675858
1.92	18.0	-0.0010334861118392316
1.92	19.0	-0.0005853571997826349
1.92	20.0	-0.00016199000640117734
1.96	1.0	-8.886445374884047e-5
1.96	2.0	-0.00032168577501506595
1.96	3.0	-0.0005748567439493876
1.96	4.0	-0.0008233574559344964
1.96	5.0	-0.0010478475825590207
1.96	6.0	-0.0012381722757687887
1.96	7.0	-0.0013957293920938334
1.96	8.0	-0.001511297369307272
1.96	9.0	-0.001589559479375885
1.96	10.0	-0.0016277144214776325
1.96	11.0	-0.0016277146364050287
1.96	12.0	-0.0015895593634535406
1.96	13.0	-0.0015112970270177825
1.96	14.0	-0.001395729442408608
1.96	15.0	-0.0012381712454792157
1.96	16.0	-0.0010478475945838758
1.96	17.0	-0.0008233578207594136
1.96	18.0	-0.0005748564436195318
1.96	19.0	-0.0003216858379292585
1.96	20.0	-8.886435974616916e-5
2.0	1.0	-3.5359432271982516e-5
2.0	2.0	-0.00012489423261203834
2.0	3.0	-0.00022171225083595804
2.0	4.0	-0.00031430461885532783
2.0	5.0	-0.00039792545179604224
2.0	6.0	-0.00046825361627137363
2.0	7.0	-0.0005275570013025798
2.0	8.0	-0.0005721859805196744
2.0	9.0	-0.0006032212597107957
2.0	10.0	-0.000618438428831366
2.0	11.0	-0.0006184383355529257
2.0	12.0	-0.0006032212898828392
2.0	13.0	-0.0005721867159735021
2.0	14.0	-0.0005275570374485205
2.0	15.0	-0.00046825320994111074
2.0	16.0	-0.0003979253302665407
2.0	17.0	-0.0003143037967850998
2.0	18.0	-0.0002217118167122782
2.0	19.0	-0.00012489429675315155
2.0	20.0	-3.5359466342275e-5
