-2.5	-0.125	0.013076072680456689
-2.5	-0.1	0.016786047391230526
-2.5	-0.075	0.018018407625464854
-2.5	-0.05	0.012545564713319812
-2.5	-0.024999999999999994	0.008997167291941565
-2.5	0.0	0.00823457815935825
-2.5	0.024999999999999994	0.008997167291941565
-2.5	0.04999999999999999	0.012545564713279363
-2.5	0.07500000000000001	0.018018407629048615
-2.5	0.1	0.016786047391230526
-2.5	0.125	0.013076072680456689
-2.475	-0.125	0.015000554625269547
-2.475	-0.1	0.016932809569464406
-2.475	-0.075	0.023971152998362596
-2.475	-0.05	0.020084257307856696
-2.475	-0.024999999999999994	0.014268306633229925
-2.475	0.0	0.012327557058701226
-2.475	0.024999999999999994	0.014268306633229925
-2.475	0.04999999999999999	0.02008425730903456
-2.475	0.07500000000000001	0.02397115299621278
-2.475	0.1	0.016932809569464406
-2.475	0.125	0.015000554625269547
-2.45	-0.125	0.019445359863616188
-2.45	-0.1	0.015451230757133038
-2.45	-0.075	0.027547919862972805
-2.45	-0.05	0.030133344910566854
-2.45	-0.024999999999999994	0.024326759955333378
-2.45	0.0	0.021509930384110056
-2.45	0.024999999999999994	0.024326759955333378
-2.45	0.04999999999999999	0.030133344912076063
-2.45	0.07500000000000001	0.027547919862829954
-2.45	0.1	0.015451230757133038
-2.45	0.125	0.019445359863616188
-2.425	-0.125	0.02643745109077513
-2.425	-0.1	0.01560415507099442
-2.425	-0.075	0.0259221853966001
-2.425	-0.05	0.039258363504991074
-2.425	-0.024999999999999994	0.03807491553136927
-2.425	0.0	0.035646903037987655
-2.425	0.024999999999999994	0.03807491553136927
-2.425	0.04999999999999999	0.03925836350285423
-2.425	0.07500000000000001	0.02592218539638306
-2.425	0.1	0.01560415507099442
-2.425	0.125	0.02643745109077513
-2.4	-0.125	0.0327134211500944
-2.4	-0.1	0.023215080076667057
-2.4	-0.075	0.019449078672095173
-2.4	-0.05	0.042336698806457844
-2.4	-0.024999999999999994	0.05137436805002945
-2.4	0.0	0.05159715177819893
-2.4	0.024999999999999994	0.05137436805002945
-2.4	0.04999999999999999	0.04233669880704283
-2.4	0.07500000000000001	0.019449078673335438
-2.4	0.1	0.023215080076667057
-2.4	0.125	0.0327134211500944
-2.375	-0.125	0.033369271387443465
-2.375	-0.1	0.04193093193990868
-2.375	-0.075	0.014816715274742633
-2.375	-0.05	0.03530218153575772
-2.375	-0.024999999999999994	0.05725753393430625
-2.375	0.0	0.06262957375712917
-2.375	0.024999999999999994	0.05725753393430625
-2.375	0.04999999999999999	0.035302181535121935
-2.375	0.07500000000000001	0.014816715274738762
-2.375	0.1	0.04193093193990868
-2.375	0.125	0.033369271387443465
-2.35	-0.125	0.029807879597258932
-2.35	-0.1	0.06552983322677094
-2.35	-0.075	0.025452067509493775
-2.35	-0.05	0.020877889405998027
-2.35	-0.024999999999999994	0.04963427921155927
-2.35	0.0	0.06101130003353901
-2.35	0.024999999999999994	0.04963427921155927
-2.35	0.04999999999999999	0.020877889404622995
-2.35	0.07500000000000001	0.02545206751323052
-2.35	0.1	0.06552983322677094
-2.35	0.125	0.029807879597258932
-2.325	-0.125	0.03796043620269716
-2.325	-0.1	0.0749694116002692
-2.325	-0.075	0.06350504884687454
-2.325	-0.05	0.013689875756038227
-2.325	-0.024999999999999994	0.02969783176634142
-2.325	0.0	0.04356831655628376
-2.325	0.024999999999999994	0.02969783176634142
-2.325	0.04999999999999999	0.013689875754398397
-2.325	0.07500000000000001	0.06350504884918519
-2.325	0.1	0.0749694116002692
-2.325	0.125	0.03796043620269716
-2.3	-0.125	0.07605468072202001
-2.3	-0.1	0.05440371751473226
-2.3	-0.075	0.12259670746703082
-2.3	-0.05	0.039247302110830884
-2.3	-0.024999999999999994	0.013371078064865052
-2.3	0.0	0.01985171832590978
-2.3	0.024999999999999994	0.013371078064865052
-2.3	0.04999999999999999	0.03924730211666547
-2.3	0.07500000000000001	0.12259670746682014
-2.3	0.1	0.05440371751473226
-2.3	0.125	0.07605468072202001
-2.275	-0.125	0.12276117940076967
-2.275	-0.1	0.029251466206543193
-2.275	-0.075	0.16322515043541952
-2.275	-0.05	0.11918493449007915
-2.275	-0.024999999999999994	0.033537770400472414
-2.275	0.0	0.018237297410486242
-2.275	0.024999999999999994	0.033537770400472414
-2.275	0.04999999999999999	0.11918493449355072
-2.275	0.07500000000000001	0.16322515043418354
-2.275	0.1	0.029251466206543193
-2.275	0.125	0.12276117940076967
-2.25	-0.125	0.1093597896115996
-2.25	-0.1	0.08220890193491265
-2.25	-0.075	0.1311714307941788
-2.25	-0.05	0.24100571095370013
-2.25	-0.024999999999999994	0.12794396514929515
-2.25	0.0	0.08164053442761308
-2.25	0.024999999999999994	0.12794396514929515
-2.25	0.04999999999999999	0.24100571095227663
-2.25	0.07500000000000001	0.13117143079602142
-2.25	0.1	0.08220890193491265
-2.25	0.125	0.1093597896115996
-2.225	-0.125	0.059464685952750465
-2.225	-0.1	0.2554792826333902
-2.225	-0.075	0.03965213148782515
-2.225	-0.05	0.33175496300803203
-2.225	-0.024999999999999994	0.3082679810134531
-2.225	0.0	0.24597384639580458
-2.225	0.024999999999999994	0.3082679810134531
-2.225	0.04999999999999999	0.33175496300613805
-2.225	0.07500000000000001	0.03965213148685226
-2.225	0.1	0.2554792826333902
-2.225	0.125	0.059464685952750465
-2.2	-0.125	0.20185194755987385
-2.2	-0.1	0.3615461879428544
-2.2	-0.075	0.0699424343214067
-2.2	-0.05	0.28477561490454156
-2.2	-0.024999999999999994	0.5185173593095417
-2.2	0.0	0.5004295032682146
-2.2	0.024999999999999994	0.5185173593095417
-2.2	0.04999999999999999	0.28477561490429704
-2.2	0.07500000000000001	0.06994243432179247
-2.2	0.1	0.3615461879428544
-2.2	0.125	0.20185194755987385
-2.175	-0.125	0.4543657923705964
-2.175	-0.1	0.14551935025732
-2.175	-0.075	0.47321068194065424
-2.175	-0.05	0.10389246907086089
-2.175	-0.024999999999999994	0.6206907582384934
-2.175	0.0	0.7486163473380294
-2.175	0.024999999999999994	0.6206907582384934
-2.175	0.04999999999999999	0.10389246906704523
-2.175	0.07500000000000001	0.47321068193586
-2.175	0.1	0.14551935025732
-2.175	0.125	0.4543657923705964
-2.15	-0.125	0.18651799600431776
-2.15	-0.1	0.1771784348666576
-2.15	-0.075	1.0289802953247473
-2.15	-0.05	0.14334263935924313
-2.15	-0.024999999999999994	0.48062320425709826
-2.15	0.0	0.8177195081903555
-2.15	0.024999999999999994	0.48062320425709826
-2.15	0.04999999999999999	0.14334263935964245
-2.15	0.07500000000000001	1.0289802953207787
-2.15	0.1	0.1771784348666576
-2.15	0.125	0.18651799600431776
-2.125	-0.125	0.5669143807842638
-2.125	-0.1	1.312824988756443
-2.125	-0.075	0.7395862562730099
-2.125	-0.05	1.1243691664363638
-2.125	-0.024999999999999994	0.25051840910122064
-2.125	0.0	0.602140488306512
-2.125	0.024999999999999994	0.25051840910122064
-2.125	0.04999999999999999	1.1243691664407507
-2.125	0.07500000000000001	0.7395862562675196
-2.125	0.1	1.312824988756443
-2.125	0.125	0.5669143807842638
-2.1	-0.125	1.2279621745435223
-2.1	-0.1	0.9328119631277789
-2.1	-0.075	0.23691391697726552
-2.1	-0.05	3.1827214618623234
-2.1	-0.024999999999999994	0.940179925068776
-2.1	0.0	0.49254294470566584
-2.1	0.024999999999999994	0.940179925068776
-2.1	0.04999999999999999	3.1827214618593875
-2.1	0.07500000000000001	0.23691391697498312
-2.1	0.1	0.9328119631277789
-2.1	0.125	1.2279621745435223
-2.075	-0.125	0.7723332814432596
-2.075	-0.1	1.3047117458815398
-2.075	-0.075	4.2718337432251445
-2.075	-0.05	3.710007010936787
-2.075	-0.024999999999999994	5.498745104043817
-2.075	0.0	2.9296566051170667
-2.075	0.024999999999999994	5.498745104043817
-2.075	0.04999999999999999	3.7100070109403087
-2.075	0.07500000000000001	4.271833743222762
-2.075	0.1	1.3047117458815398
-2.075	0.125	0.7723332814432596
-2.05	-0.125	2.4545053183690975
-2.05	-0.1	4.878613854406852
-2.05	-0.075	4.92299717980483
-2.05	-0.05	1.5935197645878239
-2.05	-0.024999999999999994	17.43186193353135
-2.05	0.0	17.978274051339667
-2.05	0.024999999999999994	17.43186193353135
-2.05	0.04999999999999999	1.5935197645861876
-2.05	0.07500000000000001	4.922997179800839
-2.05	0.1	4.878613854406852
-2.05	0.125	2.4545053183690975
-2.025	-0.125	6.8424318862778915
-2.025	-0.1	7.436832383239659
-2.025	-0.075	11.722415856538355
-2.025	-0.05	34.463894225471236
-2.025	-0.024999999999999994	11.88414399675164
-2.025	0.0	49.1934515602516
-2.025	0.024999999999999994	11.88414399675164
-2.025	0.04999999999999999	34.463894225467804
-2.025	0.07500000000000001	11.722415856540435
-2.025	0.1	7.436832383239659
-2.025	0.125	6.8424318862778915
-2.0	-0.125	6.4522533571007585
-2.0	-0.1	2.045927403981537
-2.0	-0.075	9.727626072451397
-2.0	-0.05	9.576978303883001
-2.0	-0.024999999999999994	157.28320544460377
-2.0	0.0	18.096440099887044
-2.0	0.024999999999999994	157.28320544460377
-2.0	0.04999999999999999	9.576978303885696
-2.0	0.07500000000000001	9.727626072448503
-2.0	0.1	2.045927403981537
-2.0	0.125	6.4522533571007585
-1.975	-0.125	9.365322528954138
-1.975	-0.1	6.603565278762755
-1.975	-0.075	73.3198413891101
-1.975	-0.05	285.05510829199494
-1.975	-0.024999999999999994	107.01164279222725
-1.975	0.0	3656.0961412272995
-1.975	0.024999999999999994	107.01164279222725
-1.975	0.04999999999999999	285.0551082919962
-1.975	0.07500000000000001	73.31984138911523
-1.975	0.1	6.603565278762755
-1.975	0.125	9.365322528954138
-1.95	-0.125	27.474543136858678
-1.95	-0.1	11.042994242830812
-1.95	-0.075	62.79157301506821
-1.95	-0.05	417.8277823375413
-1.95	-0.024999999999999994	3849.2929766834404
-1.95	0.0	49022.529887827666
-1.95	0.024999999999999994	3849.2929766834404
-1.95	0.04999999999999999	417.8277823375387
-1.95	0.07500000000000001	62.79157301507158
-1.95	0.1	11.042994242830812
-1.95	0.125	27.474543136858678
-1.925	-0.125	43.172193416313036
-1.925	-0.1	144.02221617726346
-1.925	-0.075	401.0899509206115
-1.925	-0.05	3661.3527557768075
-1.925	-0.024999999999999994	10227.829935708887
-1.925	0.0	9240.189830259505
-1.925	0.024999999999999994	10227.829935708887
-1.925	0.04999999999999999	3661.35275577682
-1.925	0.07500000000000001	401.08995092061235
-1.925	0.1	144.02221617726346
-1.925	0.125	43.172193416313036
-1.9	-0.125	13.98720524943902
-1.9	-0.1	36.50388074153347
-1.9	-0.075	154.92672356384824
-1.9	-0.05	991.6680062416349
-1.9	-0.024999999999999994	7192.11363767201
-1.9	0.0	2698.11016467521
-1.9	0.024999999999999994	7192.11363767201
-1.9	0.04999999999999999	991.668006241652
-1.9	0.07500000000000001	154.9267235638416
-1.9	0.1	36.50388074153347
-1.9	0.125	13.98720524943902
-1.875	-0.125	80.37231798014426
-1.875	-0.1	327.1696643115571
-1.875	-0.075	1237.5628486297906
-1.875	-0.05	2246.9293453198075
-1.875	-0.024999999999999994	10647.309377908434
-1.875	0.0	9998.068995137148
-1.875	0.024999999999999994	10647.309377908434
-1.875	0.04999999999999999	2246.929345319804
-1.875	0.07500000000000001	1237.5628486297828
-1.875	0.1	327.1696643115571
-1.875	0.125	80.37231798014426
-1.85	-0.125	99.85638756062501
-1.85	-0.1	299.5310069566147
-1.85	-0.075	1797.502605121426
-1.85	-0.05	2245.5993893076156
-1.85	-0.024999999999999994	5373.558033189478
-1.85	0.0	4401.123819154162
-1.85	0.024999999999999994	5373.558033189478
-1.85	0.04999999999999999	2245.5993893076347
-1.85	0.07500000000000001	1797.5026051214184
-1.85	0.1	299.5310069566147
-1.85	0.125	99.85638756062501
-1.825	-0.125	18.40898537149388
-1.825	-0.1	94.76581082767366
-1.825	-0.075	1817.8260207106289
-1.825	-0.05	1745.4623939252485
-1.825	-0.024999999999999994	1828.133729310267
-1.825	0.0	339.35791316291034
-1.825	0.024999999999999994	1828.133729310267
-1.825	0.04999999999999999	1745.4623939252692
-1.825	0.07500000000000001	1817.8260207106252
-1.825	0.1	94.76581082767366
-1.825	0.125	18.40898537149388
-1.8	-0.125	53.93148757208215
-1.8	-0.1	34.534421983818575
-1.8	-0.075	1689.2747200584936
-1.8	-0.05	2739.2907876165596
-1.8	-0.024999999999999994	3172.3083601776393
-1.8	0.0	2066.572872087085
-1.8	0.024999999999999994	3172.3083601776393
-1.8	0.04999999999999999	2739.2907876166028
-1.8	0.07500000000000001	1689.2747200584936
-1.8	0.1	34.534421983818575
-1.8	0.125	53.93148757208215
-1.775	-0.125	165.72024604621174
-1.775	-0.1	170.2147396590922
-1.775	-0.075	1325.3217994518664
-1.775	-0.05	4325.077020090002
-1.775	-0.024999999999999994	6344.3783993052275
-1.775	0.0	6062.180681202982
-1.775	0.024999999999999994	6344.3783993052275
-1.775	0.04999999999999999	4325.077020089975
-1.775	0.07500000000000001	1325.3217994518932
-1.775	0.1	170.2147396590922
-1.775	0.125	165.72024604621174
-1.75	-0.125	233.34756691700662
-1.75	-0.1	339.5186090962326
-1.75	-0.075	982.9231514470187
-1.75	-0.05	3744.3568207417206
-1.75	-0.024999999999999994	5526.137861139695
-1.75	0.0	5466.5190307789535
-1.75	0.024999999999999994	5526.137861139695
-1.75	0.04999999999999999	3744.3568207417634
-1.75	0.07500000000000001	982.9231514470346
-1.75	0.1	339.5186090962326
-1.75	0.125	233.34756691700662
-1.725	-0.125	235.92329759869418
-1.725	-0.1	440.0843011646852
-1.725	-0.075	809.5671814672537
-1.725	-0.05	1901.816092511484
-1.725	-0.024999999999999994	2179.617707156736
-1.725	0.0	1768.4600764894462
-1.725	0.024999999999999994	2179.617707156736
-1.725	0.04999999999999999	1901.8160925114903
-1.725	0.07500000000000001	809.56718146725
-1.725	0.1	440.0843011646852
-1.725	0.125	235.92329759869418
-1.7	-0.125	199.88742744411542
-1.7	-0.1	535.4527922212842
-1.7	-0.075	659.6108460011274
-1.7	-0.05	1063.4075485718586
-1.7	-0.024999999999999994	682.3600463803938
-1.7	0.0	138.72000880597656
-1.7	0.024999999999999994	682.3600463803938
-1.7	0.04999999999999999	1063.4075485718276
-1.7	0.07500000000000001	659.6108460011367
-1.7	0.1	535.4527922212842
-1.7	0.125	199.88742744411542
-1.675	-0.125	143.0872251225981
-1.675	-0.1	698.1324102742528
-1.675	-0.075	451.67973332429483
-1.675	-0.05	1381.0791042013548
-1.675	-0.024999999999999994	1113.5764435198062
-1.675	0.0	632.8473580454794
-1.675	0.024999999999999994	1113.5764435198062
-1.675	0.04999999999999999	1381.0791042013736
-1.675	0.07500000000000001	451.67973332427596
-1.675	0.1	698.1324102742528
-1.675	0.125	143.0872251225981
-1.65	-0.125	82.43303331923201
-1.65	-0.1	901.0640177670832
-1.65	-0.075	52.892387292413616
-1.65	-0.05	2710.6138635009247
-1.65	-0.024999999999999994	3193.288100057636
-1.65	0.0	2969.4351092411925
-1.65	0.024999999999999994	3193.288100057636
-1.65	0.04999999999999999	2710.613863500912
-1.65	0.07500000000000001	52.89238729239868
-1.65	0.1	901.0640177670832
-1.65	0.125	82.43303331923201
-1.625	-0.125	39.6622032530839
-1.625	-0.1	1017.8969567960893
-1.625	-0.075	343.8128769360283
-1.625	-0.05	3924.9576309635877
-1.625	-0.024999999999999994	5271.994477299794
-1.625	0.0	5394.464997494151
-1.625	0.024999999999999994	5271.994477299794
-1.625	0.04999999999999999	3924.9576309636113
-1.625	0.07500000000000001	343.8128769360322
-1.625	0.1	1017.8969567960893
-1.625	0.125	39.6622032530839
-1.6	-0.125	20.73941975528788
-1.6	-0.1	975.4463873564558
-1.6	-0.075	269.19146418950675
-1.6	-0.05	3273.4067292748196
-1.6	-0.024999999999999994	4446.24965003298
-1.6	0.0	4579.230507531412
-1.6	0.024999999999999994	4446.24965003298
-1.6	0.04999999999999999	3273.406729274799
-1.6	0.07500000000000001	269.19146418948395
-1.6	0.1	975.4463873564558
-1.6	0.125	20.73941975528788
-1.575	-0.125	14.503844527574651
-1.575	-0.1	837.2548022404411
-1.575	-0.075	56.94783067863556
-1.575	-0.05	1645.3443402954877
-1.575	-0.024999999999999994	1995.8375228739146
-1.575	0.0	1897.0830344104643
-1.575	0.024999999999999994	1995.8375228739146
-1.575	0.04999999999999999	1645.3443402954745
-1.575	0.07500000000000001	56.94783067866646
-1.575	0.1	837.2548022404411
-1.575	0.125	14.503844527574651
-1.55	-0.125	12.693586302440963
-1.55	-0.1	719.6331258089596
-1.55	-0.075	216.33260896410164
-1.55	-0.05	682.7936770555555
-1.55	-0.024999999999999994	554.7940874689898
-1.55	0.0	330.2247505101227
-1.55	0.024999999999999994	554.7940874689898
-1.55	0.04999999999999999	682.7936770555663
-1.55	0.07500000000000001	216.33260896410874
-1.55	0.1	719.6331258089596
-1.55	0.125	12.693586302440963
-1.525	-0.125	15.913819061787818
-1.525	-0.1	696.8829771343734
-1.525	-0.075	205.69526196966734
-1.525	-0.05	490.5372218044504
-1.525	-0.024999999999999994	266.9058931835063
-1.525	0.0	26.866430318781735
-1.525	0.024999999999999994	266.9058931835063
-1.525	0.04999999999999999	490.5372218044681
-1.525	0.07500000000000001	205.69526196967809
-1.525	0.1	696.8829771343734
-1.525	0.125	15.913819061787818
-1.5	-0.125	32.88491570517348
-1.5	-0.1	770.5580419732313
-1.5	-0.075	45.78537617964029
-1.5	-0.05	897.8383459144673
-1.5	-0.024999999999999994	826.9036314612619
-1.5	0.0	632.3819217557287
-1.5	0.024999999999999994	826.9036314612619
-1.5	0.04999999999999999	897.8383459144785
-1.5	0.07500000000000001	45.78537617962378
-1.5	0.1	770.5580419732313
-1.5	0.125	32.88491570517348
-1.475	-0.125	71.5515979522699
-1.475	-0.1	873.6858897636921
-1.475	-0.075	361.00140114928115
-1.475	-0.05	2023.8576531590063
-1.475	-0.024999999999999994	2445.089970331179
-1.475	0.0	2407.620723047503
-1.475	0.024999999999999994	2445.089970331179
-1.475	0.04999999999999999	2023.857653159009
-1.475	0.07500000000000001	361.0014011492962
-1.475	0.1	873.6858897636921
-1.475	0.125	71.5515979522699
-1.45	-0.125	118.16244572902829
-1.45	-0.1	918.3971110956605
-1.45	-0.075	843.615817067295
-1.45	-0.05	3324.2672988508516
-1.45	-0.024999999999999994	4404.087938277753
-1.45	0.0	4602.878992695032
-1.45	0.024999999999999994	4404.087938277753
-1.45	0.04999999999999999	3324.2672988508543
-1.45	0.07500000000000001	843.6158170672855
-1.45	0.1	918.3971110956605
-1.45	0.125	118.16244572902829
-1.425	-0.125	140.57306334526473
-1.425	-0.1	885.3714653495175
-1.425	-0.075	861.9026103894515
-1.425	-0.05	3357.512277635532
-1.425	-0.024999999999999994	4564.2204403873075
-1.425	0.0	4832.444168274708
-1.425	0.024999999999999994	4564.2204403873075
-1.425	0.04999999999999999	3357.5122776355074
-1.425	0.07500000000000001	861.902610389434
-1.425	0.1	885.3714653495175
-1.425	0.125	140.57306334526473
-1.4	-0.125	128.5244884129946
-1.4	-0.1	792.8498741701801
-1.4	-0.075	402.0146045809402
-1.4	-0.05	2054.1149753377854
-1.4	-0.024999999999999994	2732.287235234857
-1.4	0.0	2840.3228510739386
-1.4	0.024999999999999994	2732.287235234857
-1.4	0.04999999999999999	2054.114975337795
-1.4	0.07500000000000001	402.01460458091145
-1.4	0.1	792.8498741701801
-1.4	0.125	128.5244884129946
-1.375	-0.125	104.31321162676576
-1.375	-0.1	665.3646838898551
-1.375	-0.075	3.1351653021930037
-1.375	-0.05	836.9616321666272
-1.375	-0.024999999999999994	992.6472846867287
-1.375	0.0	940.5069510669498
-1.375	0.024999999999999994	992.6472846867287
-1.375	0.04999999999999999	836.9616321666191
-1.375	0.07500000000000001	3.1351653021936143
-1.375	0.1	665.3646838898551
-1.375	0.125	104.31321162676576
-1.35	-0.125	91.46389995998084
-1.35	-0.1	563.8716318454152
-1.35	-0.075	141.61787170653656
-1.35	-0.05	304.01404403301586
-1.35	-0.024999999999999994	239.57512446093975
-1.35	0.0	128.24761659811188
-1.35	0.024999999999999994	239.57512446093975
-1.35	0.04999999999999999	304.01404403300353
-1.35	0.07500000000000001	141.61787170652224
-1.35	0.1	563.8716318454152
-1.35	0.125	91.46389995998084
-1.325	-0.125	100.90228633419018
-1.325	-0.1	536.0405554484074
-1.325	-0.075	148.5660071318066
-1.325	-0.05	216.11910269279934
-1.325	-0.024999999999999994	114.85362340916866
-1.325	0.0	2.985460735614076
-1.325	0.024999999999999994	114.85362340916866
-1.325	0.04999999999999999	216.11910269280966
-1.325	0.07500000000000001	148.56600713180163
-1.325	0.1	536.0405554484074
-1.325	0.125	100.90228633419018
-1.3	-0.125	139.76878593100122
-1.3	-0.1	581.6420978604891
-1.3	-0.075	55.99023987528863
-1.3	-0.05	454.3990082806014
-1.3	-0.024999999999999994	433.7530552380879
-1.3	0.0	338.0018908180906
-1.3	0.024999999999999994	433.7530552380879
-1.3	0.04999999999999999	454.39900828059984
-1.3	0.07500000000000001	55.99023987528338
-1.3	0.1	581.6420978604891
-1.3	0.125	139.76878593100122
-1.275	-0.125	210.2483839546121
-1.275	-0.1	651.9936276589616
-1.275	-0.075	244.5587104340964
-1.275	-0.05	1212.106384546164
-1.275	-0.024999999999999994	1479.3426977190404
-1.275	0.0	1472.1892252247467
-1.275	0.024999999999999994	1479.3426977190404
-1.275	0.04999999999999999	1212.1063845461638
-1.275	0.07500000000000001	244.55871043410832
-1.275	0.1	651.9936276589616
-1.275	0.125	210.2483839546121
-1.25	-0.125	291.5534340213955
-1.25	-0.1	678.4440285281961
-1.25	-0.075	771.730692419506
-1.25	-0.05	2474.430830387837
-1.25	-0.024999999999999994	3267.257370557459
-1.25	0.0	3439.0908169482723
-1.25	0.024999999999999994	3267.257370557459
-1.25	0.04999999999999999	2474.43083038783
-1.25	0.07500000000000001	771.7306924194905
-1.25	0.1	678.4440285281961
-1.25	0.125	291.5534340213955
-1.225	-0.125	338.34241191690853
-1.225	-0.1	660.5338675160283
-1.225	-0.075	1121.4660009197073
-1.225	-0.05	3307.8828258608964
-1.225	-0.024999999999999994	4496.876906757512
-1.225	0.0	4815.513592125722
-1.225	0.024999999999999994	4496.876906757512
-1.225	0.04999999999999999	3307.882825860892
-1.225	0.07500000000000001	1121.4660009196823
-1.225	0.1	660.5338675160283
-1.225	0.125	338.34241191690853
-1.2	-0.125	320.80574257974496
-1.2	-0.1	644.1530002647017
-1.2	-0.075	881.560795740099
-1.2	-0.05	2768.6179393737657
-1.2	-0.024999999999999994	3792.5359766183774
-1.2	0.0	4065.328222073126
-1.2	0.024999999999999994	3792.5359766183774
-1.2	0.04999999999999999	2768.6179393737716
-1.2	0.07500000000000001	881.5607957400737
-1.2	0.1	644.1530002647017
-1.2	0.125	320.80574257974496
-1.175	-0.125	256.703497456899
-1.175	-0.1	604.8466376090273
-1.175	-0.075	339.5368882166267
-1.175	-0.05	1470.0473707563324
-1.175	-0.024999999999999994	1986.1318958007043
-1.175	0.0	2092.1879444990973
-1.175	0.024999999999999994	1986.1318958007043
-1.175	0.04999999999999999	1470.0473707563365
-1.175	0.07500000000000001	339.5368882166235
-1.175	0.1	604.8466376090273
-1.175	0.125	256.703497456899
-1.15	-0.125	189.61373651123708
-1.15	-0.1	520.3272272607908
-1.15	-0.075	20.059466971814395
-1.15	-0.05	527.9682097061839
-1.15	-0.024999999999999994	666.0455235315543
-1.15	0.0	651.9598921068448
-1.15	0.024999999999999994	666.0455235315543
-1.15	0.04999999999999999	527.9682097061807
-1.15	0.07500000000000001	20.05946697179873
-1.15	0.1	520.3272272607908
-1.15	0.125	189.61373651123708
-1.125	-0.125	149.08599036482357
-1.125	-0.1	438.7643239835245
-1.125	-0.075	136.56830364694517
-1.125	-0.05	153.91660653821202
-1.125	-0.024999999999999994	143.88696425337827
-1.125	0.0	88.2337097481359
-1.125	0.024999999999999994	143.88696425337827
-1.125	0.04999999999999999	153.91660653819548
-1.125	0.07500000000000001	136.56830364693462
-1.125	0.1	438.7643239835245
-1.125	0.125	149.08599036482357
-1.1	-0.125	142.96953880913634
-1.1	-0.1	408.24519339946477
-1.1	-0.075	149.14147003124046
-1.1	-0.05	79.86633306792058
-1.1	-0.024999999999999994	40.427046846803854
-1.1	0.0	21.39800052136789
-1.1	0.024999999999999994	40.427046846803854
-1.1	0.04999999999999999	79.86633306791946
-1.1	0.07500000000000001	149.14147003124143
-1.1	0.1	408.24519339946477
-1.1	0.125	142.96953880913634
-1.075	-0.125	173.1857353981575
-1.075	-0.1	437.95742551753574
-1.075	-0.075	112.77401159321252
-1.075	-0.05	182.26503642915281
-1.075	-0.024999999999999994	177.21208260314756
-1.075	0.0	124.31493870451388
-1.075	0.024999999999999994	177.21208260314756
-1.075	0.04999999999999999	182.26503642916623
-1.075	0.07500000000000001	112.77401159322422
-1.075	0.1	437.95742551753574
-1.075	0.125	173.1857353981575
-1.05	-0.125	241.56637064411422
-1.05	-0.1	498.9724587913756
-1.05	-0.075	50.96397753852442
-1.05	-0.05	602.5657510378642
-1.05	-0.024999999999999994	750.4305321558077
-1.05	0.0	742.891599615143
-1.05	0.024999999999999994	750.4305321558077
-1.05	0.04999999999999999	602.5657510378476
-1.05	0.07500000000000001	50.963977538512204
-1.05	0.1	498.9724587913756
-1.05	0.125	241.56637064411422
-1.025	-0.125	335.6731088574189
-1.025	-0.1	529.1819448644056
-1.025	-0.075	465.72018479324436
-1.025	-0.05	1557.3929708197566
-1.025	-0.024999999999999994	2070.5020786447326
-1.025	0.0	2183.9576637834202
-1.025	0.024999999999999994	2070.5020786447326
-1.025	0.04999999999999999	1557.3929708197968
-1.025	0.07500000000000001	465.7201847932427
-1.025	0.1	529.1819448644056
-1.025	0.125	335.6731088574189
-1.0	-0.125	416.1901931827694
-1.0	-0.1	499.60736344657005
-1.0	-0.075	1004.6748470513243
-1.0	-0.05	2745.1405412814875
-1.0	-0.024999999999999994	3735.4122018773683
-1.0	0.0	4016.836974303052
-1.0	0.024999999999999994	3735.4122018773683
-1.0	0.04999999999999999	2745.140541281491
-1.0	0.07500000000000001	1004.674847051323
-1.0	0.1	499.60736344657005
-1.0	0.125	416.1901931827694
-0.9750000000000001	-0.125	438.3414944854961
-0.9750000000000001	-0.1	476.12510650497234
-0.9750000000000001	-0.075	1181.6305672790352
-0.9750000000000001	-0.05	3146.5064299644628
-0.9750000000000001	-0.024999999999999994	4328.475553077864
-0.9750000000000001	0.0	4683.2243241206415
-0.9750000000000001	0.024999999999999994	4328.475553077864
-0.9750000000000001	0.04999999999999999	3146.5064299644773
-0.9750000000000001	0.07500000000000001	1181.6305672790313
-0.9750000000000001	0.1	476.12510650497234
-0.9750000000000001	0.125	438.3414944854961
-0.95	-0.125	389.823949417458
-0.95	-0.1	497.1621799088908
-0.95	-0.075	789.960951444051
-0.95	-0.05	2316.089390104812
-0.95	-0.024999999999999994	3203.9620075915186
-0.95	0.0	3460.9120456668866
-0.95	0.024999999999999994	3203.9620075915186
-0.95	0.04999999999999999	2316.089390104823
-0.95	0.07500000000000001	789.9609514440567
-0.95	0.1	497.1621799088908
-0.95	0.125	389.823949417458
-0.925	-0.125	300.26710125251856
-0.925	-0.1	493.1194639676182
-0.925	-0.075	250.50395370710896
-0.925	-0.05	1107.9161881177477
-0.925	-0.024999999999999994	1533.4696250559978
-0.925	0.0	1633.8988040769648
-0.925	0.024999999999999994	1533.4696250559978
-0.925	0.04999999999999999	1107.9161881177633
-0.925	0.07500000000000001	250.50395370712093
-0.925	0.1	493.1194639676182
-0.925	0.125	300.26710125251856
-0.8999999999999999	-0.125	215.11700501792805
-0.8999999999999999	-0.1	430.7245886916374
-0.8999999999999999	-0.075	54.04204771588023
-0.8999999999999999	-0.05	351.987493820792
-0.8999999999999999	-0.024999999999999994	479.83836797823403
-0.8999999999999999	0.0	483.55108512147035
-0.8999999999999999	0.024999999999999994	479.83836797823403
-0.8999999999999999	0.04999999999999999	351.98749382078375
-0.8999999999999999	0.07500000000000001	54.04204771588572
-0.8999999999999999	0.1	430.7245886916374
-0.8999999999999999	0.125	215.11700501792805
-0.875	-0.125	162.11232902037875
-0.875	-0.1	360.0257484150146
-0.875	-0.075	140.48769083262766
-0.875	-0.05	74.99890462674716
-0.875	-0.024999999999999994	91.00226033981444
-0.875	0.0	62.331368323887254
-0.875	0.024999999999999994	91.00226033981444
-0.875	0.04999999999999999	74.99890462676227
-0.875	0.07500000000000001	140.4876908326293
-0.875	0.1	360.0257484150146
-0.875	0.125	162.11232902037875
-0.8500000000000001	-0.125	146.32179182195605
-0.8500000000000001	-0.1	328.7670709124413
-0.8500000000000001	-0.075	148.7070751878037
-0.8500000000000001	-0.05	17.760874235767186
-0.8500000000000001	-0.024999999999999994	9.6058026223652
-0.8500000000000001	0.0	24.53344841336081
-0.8500000000000001	0.024999999999999994	9.6058026223652
-0.8500000000000001	0.04999999999999999	17.760874235778072
-0.8500000000000001	0.07500000000000001	148.70707518779597
-0.8500000000000001	0.1	328.7670709124413
-0.8500000000000001	0.125	146.32179182195605
-0.825	-0.125	166.92217512330723
-0.825	-0.1	349.70680006056966
-0.825	-0.075	136.78140044661615
-0.825	-0.05	62.14514822579956
-0.825	-0.024999999999999994	70.29919732051857
-0.825	0.0	40.19939277781655
-0.825	0.024999999999999994	70.29919732051857
-0.825	0.04999999999999999	62.145148225780176
-0.825	0.07500000000000001	136.7814004466214
-0.825	0.1	349.70680006056966
-0.825	0.125	166.92217512330723
-0.8	-0.125	225.8862901168464
-0.8	-0.1	406.5853279132239
-0.8	-0.075	55.819297838761415
-0.8	-0.05	296.25797747871775
-0.8	-0.024999999999999994	392.93722993882017
-0.8	0.0	388.378022987874
-0.8	0.024999999999999994	392.93722993882017
-0.8	0.04999999999999999	296.25797747871155
-0.8	0.07500000000000001	55.81929783876091
-0.8	0.1	406.5853279132239
-0.8	0.125	225.8862901168464
-0.7749999999999999	-0.125	318.03356404797836
-0.7749999999999999	-0.1	449.0125744604444
-0.7749999999999999	-0.075	225.44727140302192
-0.7749999999999999	-0.05	955.8648224852338
-0.7749999999999999	-0.024999999999999994	1302.0548650031556
-0.7749999999999999	0.0	1378.9582380460545
-0.7749999999999999	0.024999999999999994	1302.0548650031556
-0.7749999999999999	0.04999999999999999	955.8648224852361
-0.7749999999999999	0.07500000000000001	225.4472714029921
-0.7749999999999999	0.1	449.0125744604444
-0.7749999999999999	0.125	318.03356404797836
-0.75	-0.125	414.800007673183
-0.75	-0.1	424.7673508299515
-0.75	-0.075	746.7635458476456
-0.75	-0.05	2078.240445045094
-0.75	-0.024999999999999994	2852.939767631139
-0.75	0.0	3078.4656744279837
-0.75	0.024999999999999994	2852.939767631139
-0.75	0.04999999999999999	2078.2404450450986
-0.75	0.07500000000000001	746.7635458476509
-0.75	0.1	424.7673508299515
-0.75	0.125	414.800007673183
-0.7250000000000001	-0.125	471.6488482490854
-0.7250000000000001	-0.1	370.4728767375015
-0.7250000000000001	-0.075	1184.4465132819105
-0.7250000000000001	-0.05	2996.6454699227997
-0.7250000000000001	-0.024999999999999994	4133.701087796544
-0.7250000000000001	0.0	4489.671736401117
-0.7250000000000001	0.024999999999999994	4133.701087796544
-0.7250000000000001	0.04999999999999999	2996.6454699228066
-0.7250000000000001	0.07500000000000001	1184.4465132819143
-0.7250000000000001	0.1	370.4728767375015
-0.7250000000000001	0.125	471.6488482490854
-0.7	-0.125	459.9604906339196
-0.7	-0.1	378.4705965087513
-0.7	-0.075	1095.650016294821
-0.7	-0.05	2829.368857253324
-0.7	-0.024999999999999994	3924.8089283790487
-0.7	0.0	4269.386798443102
-0.7	0.024999999999999994	3924.8089283790487
-0.7	0.04999999999999999	2829.3688572533297
-0.7	0.07500000000000001	1095.650016294824
-0.7	0.1	378.4705965087513
-0.7	0.125	459.9604906339196
-0.675	-0.125	385.8940821267122
-0.675	-0.1	427.8826133790442
-0.675	-0.075	574.8898345975076
-0.675	-0.05	1747.4376757432535
-0.675	-0.024999999999999994	2445.4919954990073
-0.675	0.0	2652.297812179664
-0.675	0.024999999999999994	2445.4919954990073
-0.675	0.04999999999999999	1747.43767574326
-0.675	0.07500000000000001	574.889834597506
-0.675	0.1	427.8826133790442
-0.675	0.125	385.8940821267122
-0.6499999999999999	-0.125	285.78991241109156
-0.6499999999999999	-0.1	425.0192958308668
-0.6499999999999999	-0.075	104.30321131206831
-0.6499999999999999	-0.05	707.4199814245062
-0.6499999999999999	-0.024999999999999994	1007.9541677961764
-0.6499999999999999	0.0	1078.808712855717
-0.6499999999999999	0.024999999999999994	1007.9541677961764
-0.6499999999999999	0.04999999999999999	707.4199814244861
-0.6499999999999999	0.07500000000000001	104.30321131205783
-0.6499999999999999	0.1	425.0192958308668
-0.6499999999999999	0.125	285.78991241109156
-0.625	-0.125	200.99991334571135
-0.625	-0.1	363.8292192527853
-0.625	-0.075	102.83092331668935
-0.625	-0.05	179.40723307683376
-0.625	-0.024999999999999994	269.2908706699389
-0.625	0.0	271.8007188047411
-0.625	0.024999999999999994	269.2908706699389
-0.625	0.04999999999999999	179.40723307684738
-0.625	0.07500000000000001	102.83092331666478
-0.625	0.1	363.8292192527853
-0.625	0.125	200.99991334571135
-0.6000000000000001	-0.125	151.63580454732218
-0.6000000000000001	-0.1	302.71559376574595
-0.6000000000000001	-0.075	145.01290208384458
-0.6000000000000001	-0.05	15.584855284637543
-0.6000000000000001	-0.024999999999999994	35.187623112679205
-0.6000000000000001	0.0	17.674936945404546
-0.6000000000000001	0.024999999999999994	35.187623112679205
-0.6000000000000001	0.04999999999999999	15.584855284623098
-0.6000000000000001	0.07500000000000001	145.01290208385413
-0.6000000000000001	0.1	302.71559376574595
-0.6000000000000001	0.125	151.63580454732218
-0.575	-0.125	138.51971455886434
-0.575	-0.1	280.67046640246974
-0.575	-0.075	145.09701782746902
-0.575	-0.05	11.14577638819122
-0.575	-0.024999999999999994	4.536111789783291
-0.575	0.0	24.923045122782696
-0.575	0.024999999999999994	4.536111789783291
-0.575	0.04999999999999999	11.14577638817033
-0.575	0.07500000000000001	145.0970178274824
-0.575	0.1	280.67046640246974
-0.575	0.125	138.51971455886434
-0.55	-0.125	159.98421921444628
-0.55	-0.1	305.81315422365395
-0.55	-0.075	140.30166205830864
-0.55	-0.05	25.063921505511857
-0.55	-0.024999999999999994	47.41674288753884
-0.55	0.0	30.828381325540107
-0.55	0.024999999999999994	47.41674288753884
-0.55	0.04999999999999999	25.063921505518344
-0.55	0.07500000000000001	140.30166205831168
-0.55	0.1	305.81315422365395
-0.55	0.125	159.98421921444628
-0.5249999999999999	-0.125	218.42067790048253
-0.5249999999999999	-0.1	363.6652877615916
-0.5249999999999999	-0.075	81.61884398155769
-0.5249999999999999	-0.05	214.71062031671974
-0.5249999999999999	-0.024999999999999994	314.0822477096301
-0.5249999999999999	0.0	320.0707698505647
-0.5249999999999999	0.024999999999999994	314.0822477096301
-0.5249999999999999	0.04999999999999999	214.71062031671798
-0.5249999999999999	0.07500000000000001	81.61884398154845
-0.5249999999999999	0.1	363.6652877615916
-0.5249999999999999	0.125	218.42067790048253
-0.5	-0.125	310.2409566062844
-0.5	-0.1	407.8581498955167
-0.5	-0.075	157.88655795153
-0.5	-0.05	784.508895052669
-0.5	-0.024999999999999994	1103.6771693251972
-0.5	0.0	1182.0747581505168
-0.5	0.024999999999999994	1103.6771693251972
-0.5	0.04999999999999999	784.50889505268
-0.5	0.07500000000000001	157.88655795151928
-0.5	0.1	407.8581498955167
-0.5	0.125	310.2409566062844
-0.4750000000000001	-0.125	410.0271984211324
-0.4750000000000001	-0.1	383.0441869119487
-0.4750000000000001	-0.075	650.3627498389524
-0.4750000000000001	-0.05	1833.68215856658
-0.4750000000000001	-0.024999999999999994	2549.3359137030393
-0.4750000000000001	0.0	2765.551807538514
-0.4750000000000001	0.024999999999999994	2549.3359137030393
-0.4750000000000001	0.04999999999999999	1833.682158566585
-0.4750000000000001	0.07500000000000001	650.362749838953
-0.4750000000000001	0.1	383.0441869119487
-0.4750000000000001	0.125	410.0271984211324
-0.4500000000000002	-0.125	475.99959197636986
-0.4500000000000002	-0.1	315.27693406558
-0.4500000000000002	-0.075	1142.511000558913
-0.4500000000000002	-0.05	2840.946268031629
-0.4500000000000002	-0.024999999999999994	3938.4723908280803
-0.4500000000000002	0.0	4291.2451735111335
-0.4500000000000002	0.024999999999999994	3938.4723908280803
-0.4500000000000002	0.04999999999999999	2840.946268031621
-0.4500000000000002	0.07500000000000001	1142.5110005589124
-0.4500000000000002	0.1	315.27693406558
-0.4500000000000002	0.125	475.99959197636986
-0.4249999999999998	-0.125	478.60087896027477
-0.4249999999999998	-0.1	308.85673154639164
-0.4249999999999998	-0.075	1173.4502610241416
-0.4249999999999998	-0.05	2912.152320304848
-0.4249999999999998	-0.024999999999999994	4047.5787138516416
-0.4249999999999998	0.0	4415.603583757489
-0.4249999999999998	0.024999999999999994	4047.5787138516416
-0.4249999999999998	0.04999999999999999	2912.152320304833
-0.4249999999999998	0.07500000000000001	1173.4502610241466
-0.4249999999999998	0.1	308.85673154639164
-0.4249999999999998	0.125	478.60087896027477
-0.3999999999999999	-0.125	416.78356294821026
-0.3999999999999999	-0.1	372.2957852463164
-0.3999999999999999	-0.075	707.7862557679804
-0.3999999999999999	-0.05	1971.6927591376927
-0.3999999999999999	-0.024999999999999994	2765.115049808294
-0.3999999999999999	0.0	3012.8664428163547
-0.3999999999999999	0.024999999999999994	2765.115049808294
-0.3999999999999999	0.04999999999999999	1971.692759137699
-0.3999999999999999	0.07500000000000001	707.7862557679882
-0.3999999999999999	0.1	372.2957852463164
-0.3999999999999999	0.125	416.78356294821026
-0.375	-0.125	317.7918270426756
-0.375	-0.1	402.24489959704863
-0.375	-0.075	192.65873747103393
-0.375	-0.05	879.1331109076132
-0.375	-0.024999999999999994	1261.1328107653633
-0.375	0.0	1365.6714949329428
-0.375	0.024999999999999994	1261.1328107653633
-0.375	0.04999999999999999	879.1331109076184
-0.375	0.07500000000000001	192.65873747102407
-0.375	0.1	402.24489959704863
-0.375	0.125	317.7918270426756
-0.3500000000000001	-0.125	222.88348491780133
-0.3500000000000001	-0.1	359.4816522818525
-0.3500000000000001	-0.075	73.97779206368452
-0.3500000000000001	-0.05	245.54796005399604
-0.3500000000000001	-0.024999999999999994	378.00230684609517
-0.3500000000000001	0.0	398.95032377222896
-0.3500000000000001	0.024999999999999994	378.00230684609517
-0.3500000000000001	0.04999999999999999	245.5479600540074
-0.3500000000000001	0.07500000000000001	73.97779206366964
-0.3500000000000001	0.1	359.4816522818525
-0.3500000000000001	0.125	222.88348491780133
-0.3250000000000002	-0.125	159.42977457268364
-0.3250000000000002	-0.1	294.88958421534534
-0.3250000000000002	-0.075	141.01898353326877
-0.3250000000000002	-0.05	24.32934314337312
-0.3250000000000002	-0.024999999999999994	61.92662359117877
-0.3250000000000002	0.0	53.93287095262417
-0.3250000000000002	0.024999999999999994	61.92662359117877
-0.3250000000000002	0.04999999999999999	24.32934314334872
-0.3250000000000002	0.07500000000000001	141.0189835332588
-0.3250000000000002	0.1	294.88958421534534
-0.3250000000000002	0.125	159.42977457268364
-0.2999999999999998	-0.125	132.27465666620154
-0.2999999999999998	-0.1	257.65091351391214
-0.2999999999999998	-0.075	142.4980114225726
-0.2999999999999998	-0.05	21.857503855955525
-0.2999999999999998	-0.024999999999999994	7.563568505499777
-0.2999999999999998	0.0	21.35742855083749
-0.2999999999999998	0.024999999999999994	7.563568505499777
-0.2999999999999998	0.04999999999999999	21.857503855967778
-0.2999999999999998	0.07500000000000001	142.49801142257945
-0.2999999999999998	0.1	257.65091351391214
-0.2999999999999998	0.125	132.27465666620154
-0.2749999999999999	-0.125	138.32159788332265
-0.2749999999999999	-0.1	264.50094192168547
-0.2749999999999999	-0.075	142.71164610640278
-0.2749999999999999	-0.05	15.402244307100208
-0.2749999999999999	-0.024999999999999994	2.120429982383325
-0.2749999999999999	0.0	10.925525589488167
-0.2749999999999999	0.024999999999999994	2.120429982383325
-0.2749999999999999	0.04999999999999999	15.402244307096657
-0.2749999999999999	0.07500000000000001	142.71164610641154
-0.2749999999999999	0.1	264.50094192168547
-0.2749999999999999	0.125	138.32159788332265
-0.25	-0.125	178.57354782220042
-0.25	-0.1	311.94538806477135
-0.25	-0.075	129.55686274315573
-0.25	-0.05	65.79073224488728
-0.25	-0.024999999999999994	120.80932215864065
-0.25	0.0	117.9141329875363
-0.25	0.024999999999999994	120.80932215864065
-0.25	0.04999999999999999	65.79073224488735
-0.25	0.07500000000000001	129.55686274315926
-0.25	0.1	311.94538806477135
-0.25	0.125	178.57354782220042
-0.2250000000000001	-0.125	255.1438873686261
-0.2250000000000001	-0.1	372.31966298548065
-0.2250000000000001	-0.075	12.66674795374249
-0.2250000000000001	-0.05	387.86298365395817
-0.2250000000000001	-0.024999999999999994	574.1457024064276
-0.2250000000000001	0.0	612.9807052251236
-0.2250000000000001	0.024999999999999994	574.1457024064276
-0.2250000000000001	0.04999999999999999	387.8629836539634
-0.2250000000000001	0.07500000000000001	12.666747953739943
-0.2250000000000001	0.1	372.31966298548065
-0.2250000000000001	0.125	255.1438873686261
-0.20000000000000018	-0.125	355.90739660179054
-0.20000000000000018	-0.1	387.658780736056
-0.20000000000000018	-0.075	340.1485978572205
-0.20000000000000018	-0.05	1174.3829306636414
-0.20000000000000018	-0.024999999999999994	1662.4501955956837
-0.20000000000000018	0.0	1804.399312132582
-0.20000000000000018	0.024999999999999994	1662.4501955956837
-0.20000000000000018	0.04999999999999999	1174.3829306636278
-0.20000000000000018	0.07500000000000001	340.1485978572181
-0.20000000000000018	0.1	387.658780736056
-0.20000000000000018	0.125	355.90739660179054
-0.17499999999999982	-0.125	446.0215469500295
-0.17499999999999982	-0.1	328.2525240282362
-0.17499999999999982	-0.075	887.3052942619561
-0.17499999999999982	-0.05	2302.2333155956326
-0.17499999999999982	-0.024999999999999994	3211.9542417013663
-0.17499999999999982	0.0	3502.7980590872426
-0.17499999999999982	0.024999999999999994	3211.9542417013663
-0.17499999999999982	0.04999999999999999	2302.233315595635
-0.17499999999999982	0.07500000000000001	887.3052942619446
-0.17499999999999982	0.1	328.2525240282362
-0.17499999999999982	0.125	446.0215469500295
-0.1499999999999999	-0.125	487.3988632619098
-0.1499999999999999	-0.1	271.5613694770445
-0.1499999999999999	-0.075	1232.9870241808787
-0.1499999999999999	-0.05	2995.539282739726
-0.1499999999999999	-0.024999999999999994	4163.738086706208
-0.1499999999999999	0.0	4547.377573894302
-0.1499999999999999	0.024999999999999994	4163.738086706208
-0.1499999999999999	0.04999999999999999	2995.5392827397254
-0.1499999999999999	0.07500000000000001	1232.9870241808806
-0.1499999999999999	0.1	271.5613694770445
-0.1499999999999999	0.125	487.3988632619098
-0.125	-0.125	463.2051084703649
-0.125	-0.1	305.9153202441294
-0.125	-0.075	1027.0066092422885
-0.125	-0.05	2587.985375397971
-0.125	-0.024999999999999994	3609.6811690686554
-0.125	0.0	3941.407697035255
-0.125	0.024999999999999994	3609.6811690686554
-0.125	0.04999999999999999	2587.9853753979874
-0.125	0.07500000000000001	1027.0066092422835
-0.125	0.1	305.9153202441294
-0.125	0.125	463.2051084703649
-0.10000000000000009	-0.125	383.1157570205942
-0.10000000000000009	-0.1	375.90715245345535
-0.10000000000000009	-0.075	484.15141569669885
-0.10000000000000009	-0.05	1483.6626725215701
-0.10000000000000009	-0.024999999999999994	2096.818993791228
-0.10000000000000009	0.0	2283.954744828048
-0.10000000000000009	0.024999999999999994	2096.818993791228
-0.10000000000000009	0.04999999999999999	1483.6626725215592
-0.10000000000000009	0.07500000000000001	484.15141569670544
-0.10000000000000009	0.1	375.90715245345535
-0.10000000000000009	0.125	383.1157570205942
-0.07500000000000018	-0.125	280.84754028566863
-0.07500000000000018	-0.1	381.5904445684483
-0.07500000000000018	-0.075	56.30386846933101
-0.07500000000000018	-0.05	555.9287688660086
-0.07500000000000018	-0.024999999999999994	815.6749254679213
-0.07500000000000018	0.0	880.5159499376971
-0.07500000000000018	0.024999999999999994	815.6749254679213
-0.07500000000000018	0.04999999999999999	555.9287688659934
-0.07500000000000018	0.07500000000000001	56.303868469337296
-0.07500000000000018	0.1	381.5904445684483
-0.07500000000000018	0.125	280.84754028566863
-0.04999999999999982	-0.125	194.9458803204906
-0.04999999999999982	-0.1	325.9886788600162
-0.04999999999999982	-0.075	114.89986063918477
-0.04999999999999982	-0.05	118.62692327229098
-0.04999999999999982	-0.024999999999999994	201.93463230554977
-0.04999999999999982	0.0	208.91532918228893
-0.04999999999999982	0.024999999999999994	201.93463230554977
-0.04999999999999982	0.04999999999999999	118.62692327229783
-0.04999999999999982	0.07500000000000001	114.89986063918218
-0.04999999999999982	0.1	325.9886788600162
-0.04999999999999982	0.125	194.9458803204906
-0.02499999999999991	-0.125	143.96174303049648
-0.02499999999999991	-0.1	268.7212547125051
-0.02499999999999991	-0.075	142.9548200088413
-0.02499999999999991	-0.05	7.7266359788636745
-0.02499999999999991	-0.024999999999999994	18.080057630703116
-0.02499999999999991	0.0	8.423307790350913
-0.02499999999999991	0.024999999999999994	18.080057630703116
-0.02499999999999991	0.04999999999999999	7.726635978865961
-0.02499999999999991	0.07500000000000001	142.95482000885545
-0.02499999999999991	0.1	268.7212547125051
-0.02499999999999991	0.125	143.96174303049648
0.0	-0.125	127.81630603724378
0.0	-0.1	246.71810430384792
0.0	-0.075	140.4960947320958
0.0	-0.05	27.296197454154843
0.0	-0.024999999999999994	12.392402508789042
0.0	0.0	24.56180222012687
0.0	0.024999999999999994	12.392402508789042
0.0	0.04999999999999999	27.296197454148448
0.0	0.07500000000000001	140.49609473210577
0.0	0.1	246.71810430384792
0.0	0.125	127.81630603724378
0.02499999999999991	-0.125	143.96174303049648
0.02499999999999991	-0.1	268.7212547125051
0.02499999999999991	-0.075	142.9548200088413
0.02499999999999991	-0.05	7.7266359788636745
0.02499999999999991	-0.024999999999999994	18.080057630703116
0.02499999999999991	0.0	8.423307790350913
0.02499999999999991	0.024999999999999994	18.080057630703116
0.02499999999999991	0.04999999999999999	7.726635978865961
0.02499999999999991	0.07500000000000001	142.95482000885545
0.02499999999999991	0.1	268.7212547125051
0.02499999999999991	0.125	143.96174303049648
0.04999999999999982	-0.125	194.9458803204906
0.04999999999999982	-0.1	325.9886788600162
0.04999999999999982	-0.075	114.89986063918477
0.04999999999999982	-0.05	118.62692327229098
0.04999999999999982	-0.024999999999999994	201.93463230554977
0.04999999999999982	0.0	208.91532918228893
0.04999999999999982	0.024999999999999994	201.93463230554977
0.04999999999999982	0.04999999999999999	118.62692327229783
0.04999999999999982	0.07500000000000001	114.89986063918218
0.04999999999999982	0.1	325.9886788600162
0.04999999999999982	0.125	194.9458803204906
0.07500000000000018	-0.125	280.84754028566863
0.07500000000000018	-0.1	381.5904445684483
0.07500000000000018	-0.075	56.30386846933101
0.07500000000000018	-0.05	555.9287688660086
0.07500000000000018	-0.024999999999999994	815.6749254679213
0.07500000000000018	0.0	880.5159499376971
0.07500000000000018	0.024999999999999994	815.6749254679213
0.07500000000000018	0.04999999999999999	555.9287688659934
0.07500000000000018	0.07500000000000001	56.303868469337296
0.07500000000000018	0.1	381.5904445684483
0.07500000000000018	0.125	280.84754028566863
0.10000000000000009	-0.125	383.1157570205942
0.10000000000000009	-0.1	375.90715245345535
0.10000000000000009	-0.075	484.15141569669885
0.10000000000000009	-0.05	1483.6626725215701
0.10000000000000009	-0.024999999999999994	2096.818993791228
0.10000000000000009	0.0	2283.954744828048
0.10000000000000009	0.024999999999999994	2096.818993791228
0.10000000000000009	0.04999999999999999	1483.6626725215592
0.10000000000000009	0.07500000000000001	484.15141569670544
0.10000000000000009	0.1	375.90715245345535
0.10000000000000009	0.125	383.1157570205942
0.125	-0.125	463.2051084703649
0.125	-0.1	305.9153202441294
0.125	-0.075	1027.0066092422885
0.125	-0.05	2587.985375397971
0.125	-0.024999999999999994	3609.6811690686554
0.125	0.0	3941.407697035255
0.125	0.024999999999999994	3609.6811690686554
0.125	0.04999999999999999	2587.9853753979874
0.125	0.07500000000000001	1027.0066092422835
0.125	0.1	305.9153202441294
0.125	0.125	463.2051084703649
0.1499999999999999	-0.125	487.3988632619098
0.1499999999999999	-0.1	271.5613694770445
0.1499999999999999	-0.075	1232.9870241808787
0.1499999999999999	-0.05	2995.539282739726
0.1499999999999999	-0.024999999999999994	4163.738086706208
0.1499999999999999	0.0	4547.377573894302
0.1499999999999999	0.024999999999999994	4163.738086706208
0.1499999999999999	0.04999999999999999	2995.5392827397254
0.1499999999999999	0.07500000000000001	1232.9870241808806
0.1499999999999999	0.1	271.5613694770445
0.1499999999999999	0.125	487.3988632619098
0.17499999999999982	-0.125	446.0215469500295
0.17499999999999982	-0.1	328.2525240282362
0.17499999999999982	-0.075	887.3052942619561
0.17499999999999982	-0.05	2302.2333155956326
0.17499999999999982	-0.024999999999999994	3211.9542417013663
0.17499999999999982	0.0	3502.7980590872426
0.17499999999999982	0.024999999999999994	3211.9542417013663
0.17499999999999982	0.04999999999999999	2302.233315595635
0.17499999999999982	0.07500000000000001	887.3052942619446
0.17499999999999982	0.1	328.2525240282362
0.17499999999999982	0.125	446.0215469500295
0.20000000000000018	-0.125	355.90739660179054
0.20000000000000018	-0.1	387.658780736056
0.20000000000000018	-0.075	340.1485978572205
0.20000000000000018	-0.05	1174.3829306636414
0.20000000000000018	-0.024999999999999994	1662.4501955956837
0.20000000000000018	0.0	1804.399312132582
0.20000000000000018	0.024999999999999994	1662.4501955956837
0.20000000000000018	0.04999999999999999	1174.3829306636278
0.20000000000000018	0.07500000000000001	340.1485978572181
0.20000000000000018	0.1	387.658780736056
0.20000000000000018	0.125	355.90739660179054
0.2250000000000001	-0.125	255.1438873686261
0.2250000000000001	-0.1	372.31966298548065
0.2250000000000001	-0.075	12.66674795374249
0.2250000000000001	-0.05	387.86298365395817
0.2250000000000001	-0.024999999999999994	574.1457024064276
0.2250000000000001	0.0	612.9807052251236
0.2250000000000001	0.024999999999999994	574.1457024064276
0.2250000000000001	0.04999999999999999	387.8629836539634
0.2250000000000001	0.07500000000000001	12.666747953739943
0.2250000000000001	0.1	372.31966298548065
0.2250000000000001	0.125	255.1438873686261
0.25	-0.125	178.57354782220042
0.25	-0.1	311.94538806477135
0.25	-0.075	129.55686274315573
0.25	-0.05	65.79073224488728
0.25	-0.024999999999999994	120.80932215864065
0.25	0.0	117.9141329875363
0.25	0.024999999999999994	120.80932215864065
0.25	0.04999999999999999	65.79073224488735
0.25	0.07500000000000001	129.55686274315926
0.25	0.1	311.94538806477135
0.25	0.125	178.57354782220042
0.2749999999999999	-0.125	138.32159788332265
0.2749999999999999	-0.1	264.50094192168547
0.2749999999999999	-0.075	142.71164610640278
0.2749999999999999	-0.05	15.402244307100208
0.2749999999999999	-0.024999999999999994	2.120429982383325
0.2749999999999999	0.0	10.925525589488167
0.2749999999999999	0.024999999999999994	2.120429982383325
0.2749999999999999	0.04999999999999999	15.402244307096657
0.2749999999999999	0.07500000000000001	142.71164610641154
0.2749999999999999	0.1	264.50094192168547
0.2749999999999999	0.125	138.32159788332265
0.2999999999999998	-0.125	132.27465666620154
0.2999999999999998	-0.1	257.65091351391214
0.2999999999999998	-0.075	142.4980114225726
0.2999999999999998	-0.05	21.857503855955525
0.2999999999999998	-0.024999999999999994	7.563568505499777
0.2999999999999998	0.0	21.35742855083749
0.2999999999999998	0.024999999999999994	7.563568505499777
0.2999999999999998	0.04999999999999999	21.857503855967778
0.2999999999999998	0.07500000000000001	142.49801142257945
0.2999999999999998	0.1	257.65091351391214
0.2999999999999998	0.125	132.27465666620154
0.3250000000000002	-0.125	159.42977457268364
0.3250000000000002	-0.1	294.88958421534534
0.3250000000000002	-0.075	141.01898353326877
0.3250000000000002	-0.05	24.32934314337312
0.3250000000000002	-0.024999999999999994	61.92662359117877
0.3250000000000002	0.0	53.93287095262417
0.3250000000000002	0.024999999999999994	61.92662359117877
0.3250000000000002	0.04999999999999999	24.32934314334872
0.3250000000000002	0.07500000000000001	141.0189835332588
0.3250000000000002	0.1	294.88958421534534
0.3250000000000002	0.125	159.42977457268364
0.3500000000000001	-0.125	222.88348491780133
0.3500000000000001	-0.1	359.4816522818525
0.3500000000000001	-0.075	73.97779206368452
0.3500000000000001	-0.05	245.54796005399604
0.3500000000000001	-0.024999999999999994	378.00230684609517
0.3500000000000001	0.0	398.95032377222896
0.3500000000000001	0.024999999999999994	378.00230684609517
0.3500000000000001	0.04999999999999999	245.5479600540074
0.3500000000000001	0.07500000000000001	73.97779206366964
0.3500000000000001	0.1	359.4816522818525
0.3500000000000001	0.125	222.88348491780133
0.375	-0.125	317.7918270426756
0.375	-0.1	402.24489959704863
0.375	-0.075	192.65873747103393
0.375	-0.05	879.1331109076132
0.375	-0.024999999999999994	1261.1328107653633
0.375	0.0	1365.6714949329428
0.375	0.024999999999999994	1261.1328107653633
0.375	0.04999999999999999	879.1331109076184
0.375	0.07500000000000001	192.65873747102407
0.375	0.1	402.24489959704863
0.375	0.125	317.7918270426756
0.3999999999999999	-0.125	416.78356294821026
0.3999999999999999	-0.1	372.2957852463164
0.3999999999999999	-0.075	707.7862557679804
0.3999999999999999	-0.05	1971.6927591376927
0.3999999999999999	-0.024999999999999994	2765.115049808294
0.3999999999999999	0.0	3012.8664428163547
0.3999999999999999	0.024999999999999994	2765.115049808294
0.3999999999999999	0.04999999999999999	1971.692759137699
0.3999999999999999	0.07500000000000001	707.7862557679882
0.3999999999999999	0.1	372.2957852463164
0.3999999999999999	0.125	416.78356294821026
0.4249999999999998	-0.125	478.60087896027477
0.4249999999999998	-0.1	308.85673154639164
0.4249999999999998	-0.075	1173.4502610241416
0.4249999999999998	-0.05	2912.152320304848
0.4249999999999998	-0.024999999999999994	4047.5787138516416
0.4249999999999998	0.0	4415.603583757489
0.4249999999999998	0.024999999999999994	4047.5787138516416
0.4249999999999998	0.04999999999999999	2912.152320304833
0.4249999999999998	0.07500000000000001	1173.4502610241466
0.4249999999999998	0.1	308.85673154639164
0.4249999999999998	0.125	478.60087896027477
0.4500000000000002	-0.125	475.99959197636986
0.4500000000000002	-0.1	315.27693406558
0.4500000000000002	-0.075	1142.511000558913
0.4500000000000002	-0.05	2840.946268031629
0.4500000000000002	-0.024999999999999994	3938.4723908280803
0.4500000000000002	0.0	4291.2451735111335
0.4500000000000002	0.024999999999999994	3938.4723908280803
0.4500000000000002	0.04999999999999999	2840.946268031621
0.4500000000000002	0.07500000000000001	1142.5110005589124
0.4500000000000002	0.1	315.27693406558
0.4500000000000002	0.125	475.99959197636986
0.4750000000000001	-0.125	410.0271984211324
0.4750000000000001	-0.1	383.0441869119487
0.4750000000000001	-0.075	650.3627498389524
0.4750000000000001	-0.05	1833.68215856658
0.4750000000000001	-0.024999999999999994	2549.3359137030393
0.4750000000000001	0.0	2765.551807538514
0.4750000000000001	0.024999999999999994	2549.3359137030393
0.4750000000000001	0.04999999999999999	1833.682158566585
0.4750000000000001	0.07500000000000001	650.362749838953
0.4750000000000001	0.1	383.0441869119487
0.4750000000000001	0.125	410.0271984211324
0.5	-0.125	310.2409566062844
0.5	-0.1	407.8581498955167
0.5	-0.075	157.88655795153
0.5	-0.05	784.508895052669
0.5	-0.024999999999999994	1103.6771693251972
0.5	0.0	1182.0747581505168
0.5	0.024999999999999994	1103.6771693251972
0.5	0.04999999999999999	784.50889505268
0.5	0.07500000000000001	157.88655795151928
0.5	0.1	407.8581498955167
0.5	0.125	310.2409566062844
0.5249999999999999	-0.125	218.42067790048253
0.5249999999999999	-0.1	363.6652877615916
0.5249999999999999	-0.075	81.61884398155769
0.5249999999999999	-0.05	214.71062031671974
0.5249999999999999	-0.024999999999999994	314.0822477096301
0.5249999999999999	0.0	320.0707698505647
0.5249999999999999	0.024999999999999994	314.0822477096301
0.5249999999999999	0.04999999999999999	214.71062031671798
0.5249999999999999	0.07500000000000001	81.61884398154845
0.5249999999999999	0.1	363.6652877615916
0.5249999999999999	0.125	218.42067790048253
0.5499999999999998	-0.125	159.98421921444927
0.5499999999999998	-0.1	305.81315422363747
0.5499999999999998	-0.075	140.30166205830224
0.5499999999999998	-0.05	25.063921505514408
0.5499999999999998	-0.024999999999999994	47.41674288755564
0.5499999999999998	0.0	30.828381325541475
0.5499999999999998	0.024999999999999994	47.41674288755564
0.5499999999999998	0.04999999999999999	25.06392150551309
0.5499999999999998	0.07500000000000001	140.30166205829897
0.5499999999999998	0.1	305.81315422363747
0.5499999999999998	0.125	159.98421921444927
0.5750000000000002	-0.125	138.5197145588796
0.5750000000000002	-0.1	280.6704664024723
0.5750000000000002	-0.075	145.09701782748004
0.5750000000000002	-0.05	11.145776388187803
0.5750000000000002	-0.024999999999999994	4.5361117898045995
0.5750000000000002	0.0	24.923045122801366
0.5750000000000002	0.024999999999999994	4.5361117898045995
0.5750000000000002	0.04999999999999999	11.145776388193884
0.5750000000000002	0.07500000000000001	145.0970178274835
0.5750000000000002	0.1	280.6704664024723
0.5750000000000002	0.125	138.5197145588796
0.6000000000000001	-0.125	151.63580454732218
0.6000000000000001	-0.1	302.71559376574595
0.6000000000000001	-0.075	145.01290208384458
0.6000000000000001	-0.05	15.584855284637543
0.6000000000000001	-0.024999999999999994	35.187623112679205
0.6000000000000001	0.0	17.674936945404546
0.6000000000000001	0.024999999999999994	35.187623112679205
0.6000000000000001	0.04999999999999999	15.584855284623098
0.6000000000000001	0.07500000000000001	145.01290208385413
0.6000000000000001	0.1	302.71559376574595
0.6000000000000001	0.125	151.63580454732218
0.625	-0.125	200.99991334571135
0.625	-0.1	363.8292192527853
0.625	-0.075	102.83092331668935
0.625	-0.05	179.40723307683376
0.625	-0.024999999999999994	269.2908706699389
0.625	0.0	271.8007188047411
0.625	0.024999999999999994	269.2908706699389
0.625	0.04999999999999999	179.40723307684738
0.625	0.07500000000000001	102.83092331666478
0.625	0.1	363.8292192527853
0.625	0.125	200.99991334571135
0.6499999999999999	-0.125	285.78991241109156
0.6499999999999999	-0.1	425.0192958308668
0.6499999999999999	-0.075	104.30321131206831
0.6499999999999999	-0.05	707.4199814245062
0.6499999999999999	-0.024999999999999994	1007.9541677961764
0.6499999999999999	0.0	1078.808712855717
0.6499999999999999	0.024999999999999994	1007.9541677961764
0.6499999999999999	0.04999999999999999	707.4199814244861
0.6499999999999999	0.07500000000000001	104.30321131205783
0.6499999999999999	0.1	425.0192958308668
0.6499999999999999	0.125	285.78991241109156
0.6749999999999998	-0.125	385.8940821267122
0.6749999999999998	-0.1	427.8826133790474
0.6749999999999998	-0.075	574.8898345975161
0.6749999999999998	-0.05	1747.4376757432633
0.6749999999999998	-0.024999999999999994	2445.4919954989973
0.6749999999999998	0.0	2652.2978121796464
0.6749999999999998	0.024999999999999994	2445.4919954989973
0.6749999999999998	0.04999999999999999	1747.4376757432672
0.6749999999999998	0.07500000000000001	574.8898345975014
0.6749999999999998	0.1	427.8826133790474
0.6749999999999998	0.125	385.8940821267122
0.7000000000000002	-0.125	459.9604906339165
0.7000000000000002	-0.1	378.47059650874684
0.7000000000000002	-0.075	1095.6500162948364
0.7000000000000002	-0.05	2829.368857253333
0.7000000000000002	-0.024999999999999994	3924.808928379056
0.7000000000000002	0.0	4269.386798443109
0.7000000000000002	0.024999999999999994	3924.808928379056
0.7000000000000002	0.04999999999999999	2829.368857253305
0.7000000000000002	0.07500000000000001	1095.65001629483
0.7000000000000002	0.1	378.47059650874684
0.7000000000000002	0.125	459.9604906339165
0.7250000000000001	-0.125	471.6488482490854
0.7250000000000001	-0.1	370.4728767375015
0.7250000000000001	-0.075	1184.4465132819105
0.7250000000000001	-0.05	2996.6454699227997
0.7250000000000001	-0.024999999999999994	4133.701087796544
0.7250000000000001	0.0	4489.671736401117
0.7250000000000001	0.024999999999999994	4133.701087796544
0.7250000000000001	0.04999999999999999	2996.6454699228066
0.7250000000000001	0.07500000000000001	1184.4465132819143
0.7250000000000001	0.1	370.4728767375015
0.7250000000000001	0.125	471.6488482490854
0.75	-0.125	414.800007673183
0.75	-0.1	424.7673508299515
0.75	-0.075	746.7635458476456
0.75	-0.05	2078.240445045094
0.75	-0.024999999999999994	2852.939767631139
0.75	0.0	3078.4656744279837
0.75	0.024999999999999994	2852.939767631139
0.75	0.04999999999999999	2078.2404450450986
0.75	0.07500000000000001	746.7635458476509
0.75	0.1	424.7673508299515
0.75	0.125	414.800007673183
0.7749999999999999	-0.125	318.03356404797836
0.7749999999999999	-0.1	449.0125744604444
0.7749999999999999	-0.075	225.44727140302192
0.7749999999999999	-0.05	955.8648224852338
0.7749999999999999	-0.024999999999999994	1302.0548650031556
0.7749999999999999	0.0	1378.9582380460545
0.7749999999999999	0.024999999999999994	1302.0548650031556
0.7749999999999999	0.04999999999999999	955.8648224852361
0.7749999999999999	0.07500000000000001	225.4472714029921
0.7749999999999999	0.1	449.0125744604444
0.7749999999999999	0.125	318.03356404797836
0.7999999999999998	-0.125	225.88629011685057
0.7999999999999998	-0.1	406.58532791322256
0.7999999999999998	-0.075	55.81929783875823
0.7999999999999998	-0.05	296.25797747871167
0.7999999999999998	-0.024999999999999994	392.93722993879373
0.7999999999999998	0.0	388.37802298789984
0.7999999999999998	0.024999999999999994	392.93722993879373
0.7999999999999998	0.04999999999999999	296.25797747873116
0.7999999999999998	0.07500000000000001	55.81929783875191
0.7999999999999998	0.1	406.58532791322256
0.7999999999999998	0.125	225.88629011685057
0.8250000000000002	-0.125	166.92217512330785
0.8250000000000002	-0.1	349.70680006056585
0.8250000000000002	-0.075	136.7814004466236
0.8250000000000002	-0.05	62.145148225818524
0.8250000000000002	-0.024999999999999994	70.29919732051499
0.8250000000000002	0.0	40.199392777803524
0.8250000000000002	0.024999999999999994	70.29919732051499
0.8250000000000002	0.04999999999999999	62.145148225814154
0.8250000000000002	0.07500000000000001	136.7814004466205
0.8250000000000002	0.1	349.70680006056585
0.8250000000000002	0.125	166.92217512330785
0.8500000000000001	-0.125	146.32179182195605
0.8500000000000001	-0.1	328.7670709124413
0.8500000000000001	-0.075	148.7070751878037
0.8500000000000001	-0.05	17.760874235767186
0.8500000000000001	-0.024999999999999994	9.6058026223652
0.8500000000000001	0.0	24.53344841336081
0.8500000000000001	0.024999999999999994	9.6058026223652
0.8500000000000001	0.04999999999999999	17.760874235778072
0.8500000000000001	0.07500000000000001	148.70707518779597
0.8500000000000001	0.1	328.7670709124413
0.8500000000000001	0.125	146.32179182195605
0.875	-0.125	162.11232902037875
0.875	-0.1	360.0257484150146
0.875	-0.075	140.48769083262766
0.875	-0.05	74.99890462674716
0.875	-0.024999999999999994	91.00226033981444
0.875	0.0	62.331368323887254
0.875	0.024999999999999994	91.00226033981444
0.875	0.04999999999999999	74.99890462676227
0.875	0.07500000000000001	140.4876908326293
0.875	0.1	360.0257484150146
0.875	0.125	162.11232902037875
0.8999999999999999	-0.125	215.11700501792805
0.8999999999999999	-0.1	430.7245886916374
0.8999999999999999	-0.075	54.04204771588023
0.8999999999999999	-0.05	351.987493820792
0.8999999999999999	-0.024999999999999994	479.83836797823403
0.8999999999999999	0.0	483.55108512147035
0.8999999999999999	0.024999999999999994	479.83836797823403
0.8999999999999999	0.04999999999999999	351.98749382078375
0.8999999999999999	0.07500000000000001	54.04204771588572
0.8999999999999999	0.1	430.7245886916374
0.8999999999999999	0.125	215.11700501792805
0.9249999999999998	-0.125	300.267101252516
0.9249999999999998	-0.1	493.11946396761346
0.9249999999999998	-0.075	250.50395370713252
0.9249999999999998	-0.05	1107.9161881177583
0.9249999999999998	-0.024999999999999994	1533.4696250559791
0.9249999999999998	0.0	1633.8988040769752
0.9249999999999998	0.024999999999999994	1533.4696250559791
0.9249999999999998	0.04999999999999999	1107.9161881177672
0.9249999999999998	0.07500000000000001	250.50395370712016
0.9249999999999998	0.1	493.11946396761346
0.9249999999999998	0.125	300.267101252516
0.9500000000000002	-0.125	389.82394941744604
0.9500000000000002	-0.1	497.1621799088931
0.9500000000000002	-0.075	789.9609514440756
0.9500000000000002	-0.05	2316.0893901048394
0.9500000000000002	-0.024999999999999994	3203.9620075915236
0.9500000000000002	0.0	3460.9120456668725
0.9500000000000002	0.024999999999999994	3203.9620075915236
0.9500000000000002	0.04999999999999999	2316.0893901048294
0.9500000000000002	0.07500000000000001	789.9609514440717
0.9500000000000002	0.1	497.1621799088931
0.9500000000000002	0.125	389.82394941744604
0.9750000000000001	-0.125	438.3414944854961
0.9750000000000001	-0.1	476.12510650497234
0.9750000000000001	-0.075	1181.6305672790352
0.9750000000000001	-0.05	3146.5064299644628
0.9750000000000001	-0.024999999999999994	4328.475553077864
0.9750000000000001	0.0	4683.2243241206415
0.9750000000000001	0.024999999999999994	4328.475553077864
0.9750000000000001	0.04999999999999999	3146.5064299644773
0.9750000000000001	0.07500000000000001	1181.6305672790313
0.9750000000000001	0.1	476.12510650497234
0.9750000000000001	0.125	438.3414944854961
1.0	-0.125	416.1901931827694
1.0	-0.1	499.60736344657005
1.0	-0.075	1004.6748470513243
1.0	-0.05	2745.1405412814875
1.0	-0.024999999999999994	3735.4122018773683
1.0	0.0	4016.836974303052
1.0	0.024999999999999994	3735.4122018773683
1.0	0.04999999999999999	2745.140541281491
1.0	0.07500000000000001	1004.674847051323
1.0	0.1	499.60736344657005
1.0	0.125	416.1901931827694
1.025	-0.125	335.6731088574189
1.025	-0.1	529.1819448644056
1.025	-0.075	465.72018479324436
1.025	-0.05	1557.3929708197566
1.025	-0.024999999999999994	2070.5020786447326
1.025	0.0	2183.9576637834202
1.025	0.024999999999999994	2070.5020786447326
1.025	0.04999999999999999	1557.3929708197968
1.025	0.07500000000000001	465.7201847932427
1.025	0.1	529.1819448644056
1.025	0.125	335.6731088574189
1.0499999999999998	-0.125	241.5663706441173
1.0499999999999998	-0.1	498.9724587913917
1.0499999999999998	-0.075	50.96397753852994
1.0499999999999998	-0.05	602.5657510378663
1.0499999999999998	-0.024999999999999994	750.4305321558037
1.0499999999999998	0.0	742.8915996151885
1.0499999999999998	0.024999999999999994	750.4305321558037
1.0499999999999998	0.04999999999999999	602.5657510378866
1.0499999999999998	0.07500000000000001	50.9639775385267
1.0499999999999998	0.1	498.9724587913917
1.0499999999999998	0.125	241.5663706441173
1.0750000000000002	-0.125	173.18573539816236
1.0750000000000002	-0.1	437.9574255175617
1.0750000000000002	-0.075	112.77401159322558
1.0750000000000002	-0.05	182.26503642914494
1.0750000000000002	-0.024999999999999994	177.21208260314103
1.0750000000000002	0.0	124.3149387045081
1.0750000000000002	0.024999999999999994	177.21208260314103
1.0750000000000002	0.04999999999999999	182.2650364291574
1.0750000000000002	0.07500000000000001	112.77401159322639
1.0750000000000002	0.1	437.9574255175617
1.0750000000000002	0.125	173.18573539816236
1.1	-0.125	142.96953880913634
1.1	-0.1	408.24519339946477
1.1	-0.075	149.14147003124046
1.1	-0.05	79.86633306792058
1.1	-0.024999999999999994	40.427046846803854
1.1	0.0	21.39800052136789
1.1	0.024999999999999994	40.427046846803854
1.1	0.04999999999999999	79.86633306791946
1.1	0.07500000000000001	149.14147003124143
1.1	0.1	408.24519339946477
1.1	0.125	142.96953880913634
1.125	-0.125	149.08599036482357
1.125	-0.1	438.7643239835245
1.125	-0.075	136.56830364694517
1.125	-0.05	153.91660653821202
1.125	-0.024999999999999994	143.88696425337827
1.125	0.0	88.2337097481359
1.125	0.024999999999999994	143.88696425337827
1.125	0.04999999999999999	153.91660653819548
1.125	0.07500000000000001	136.56830364693462
1.125	0.1	438.7643239835245
1.125	0.125	149.08599036482357
1.15	-0.125	189.61373651123708
1.15	-0.1	520.3272272607908
1.15	-0.075	20.059466971814395
1.15	-0.05	527.9682097061839
1.15	-0.024999999999999994	666.0455235315543
1.15	0.0	651.9598921068448
1.15	0.024999999999999994	666.0455235315543
1.15	0.04999999999999999	527.9682097061807
1.15	0.07500000000000001	20.05946697179873
1.15	0.1	520.3272272607908
1.15	0.125	189.61373651123708
1.1749999999999998	-0.125	256.70349745689305
1.1749999999999998	-0.1	604.8466376090336
1.1749999999999998	-0.075	339.53688821661075
1.1749999999999998	-0.05	1470.0473707563328
1.1749999999999998	-0.024999999999999994	1986.131895800703
1.1749999999999998	0.0	2092.1879444990714
1.1749999999999998	0.024999999999999994	1986.131895800703
1.1749999999999998	0.04999999999999999	1470.047370756332
1.1749999999999998	0.07500000000000001	339.5368882165996
1.1749999999999998	0.1	604.8466376090336
1.1749999999999998	0.125	256.70349745689305
1.2000000000000002	-0.125	320.80574257974234
1.2000000000000002	-0.1	644.1530002647071
1.2000000000000002	-0.075	881.5607957400919
1.2000000000000002	-0.05	2768.6179393737843
1.2000000000000002	-0.024999999999999994	3792.535976618428
1.2000000000000002	0.0	4065.3282220731567
1.2000000000000002	0.024999999999999994	3792.535976618428
1.2000000000000002	0.04999999999999999	2768.617939373795
1.2000000000000002	0.07500000000000001	881.5607957400839
1.2000000000000002	0.1	644.1530002647071
1.2000000000000002	0.125	320.80574257974234
1.225	-0.125	338.34241191690853
1.225	-0.1	660.5338675160283
1.225	-0.075	1121.4660009197073
1.225	-0.05	3307.8828258608964
1.225	-0.024999999999999994	4496.876906757512
1.225	0.0	4815.513592125722
1.225	0.024999999999999994	4496.876906757512
1.225	0.04999999999999999	3307.882825860892
1.225	0.07500000000000001	1121.4660009196823
1.225	0.1	660.5338675160283
1.225	0.125	338.34241191690853
1.25	-0.125	291.5534340213955
1.25	-0.1	678.4440285281961
1.25	-0.075	771.730692419506
1.25	-0.05	2474.430830387837
1.25	-0.024999999999999994	3267.257370557459
1.25	0.0	3439.0908169482723
1.25	0.024999999999999994	3267.257370557459
1.25	0.04999999999999999	2474.43083038783
1.25	0.07500000000000001	771.7306924194905
1.25	0.1	678.4440285281961
1.25	0.125	291.5534340213955
1.275	-0.125	210.2483839546121
1.275	-0.1	651.9936276589616
1.275	-0.075	244.5587104340964
1.275	-0.05	1212.106384546164
1.275	-0.024999999999999994	1479.3426977190404
1.275	0.0	1472.1892252247467
1.275	0.024999999999999994	1479.3426977190404
1.275	0.04999999999999999	1212.1063845461638
1.275	0.07500000000000001	244.55871043410832
1.275	0.1	651.9936276589616
1.275	0.125	210.2483839546121
1.2999999999999998	-0.125	139.76878593098567
1.2999999999999998	-0.1	581.6420978604982
1.2999999999999998	-0.075	55.990239875277084
1.2999999999999998	-0.05	454.39900828059933
1.2999999999999998	-0.024999999999999994	433.75305523813313
1.2999999999999998	0.0	338.0018908180468
1.2999999999999998	0.024999999999999994	433.75305523813313
1.2999999999999998	0.04999999999999999	454.3990082806117
1.2999999999999998	0.07500000000000001	55.990239875293554
1.2999999999999998	0.1	581.6420978604982
1.2999999999999998	0.125	139.76878593098567
1.3250000000000002	-0.125	100.90228633419018
1.3250000000000002	-0.1	536.0405554484074
1.3250000000000002	-0.075	148.5660071318066
1.3250000000000002	-0.05	216.11910269279934
1.3250000000000002	-0.024999999999999994	114.85362340916866
1.3250000000000002	0.0	2.985460735614076
1.3250000000000002	0.024999999999999994	114.85362340916866
1.3250000000000002	0.04999999999999999	216.11910269280966
1.3250000000000002	0.07500000000000001	148.56600713180163
1.3250000000000002	0.1	536.0405554484074
1.3250000000000002	0.125	100.90228633419018
1.35	-0.125	91.46389995998084
1.35	-0.1	563.8716318454152
1.35	-0.075	141.61787170653656
1.35	-0.05	304.01404403301586
1.35	-0.024999999999999994	239.57512446093975
1.35	0.0	128.24761659811188
1.35	0.024999999999999994	239.57512446093975
1.35	0.04999999999999999	304.01404403300353
1.35	0.07500000000000001	141.61787170652224
1.35	0.1	563.8716318454152
1.35	0.125	91.46389995998084
1.375	-0.125	104.31321162676576
1.375	-0.1	665.3646838898551
1.375	-0.075	3.1351653021930037
1.375	-0.05	836.9616321666272
1.375	-0.024999999999999994	992.6472846867287
1.375	0.0	940.5069510669498
1.375	0.024999999999999994	992.6472846867287
1.375	0.04999999999999999	836.9616321666191
1.375	0.07500000000000001	3.1351653021936143
1.375	0.1	665.3646838898551
1.375	0.125	104.31321162676576
1.4	-0.125	128.5244884129946
1.4	-0.1	792.8498741701801
1.4	-0.075	402.0146045809402
1.4	-0.05	2054.1149753377854
1.4	-0.024999999999999994	2732.287235234857
1.4	0.0	2840.3228510739386
1.4	0.024999999999999994	2732.287235234857
1.4	0.04999999999999999	2054.114975337795
1.4	0.07500000000000001	402.01460458091145
1.4	0.1	792.8498741701801
1.4	0.125	128.5244884129946
1.4249999999999998	-0.125	140.5730633452667
1.4249999999999998	-0.1	885.3714653495113
1.4249999999999998	-0.075	861.9026103894605
1.4249999999999998	-0.05	3357.5122776355156
1.4249999999999998	-0.024999999999999994	4564.2204403873275
1.4249999999999998	0.0	4832.444168274705
1.4249999999999998	0.024999999999999994	4564.2204403873275
1.4249999999999998	0.04999999999999999	3357.5122776355115
1.4249999999999998	0.07500000000000001	861.9026103894515
1.4249999999999998	0.1	885.3714653495113
1.4249999999999998	0.125	140.5730633452667
1.4500000000000002	-0.125	118.16244572903602
1.4500000000000002	-0.1	918.3971110956647
1.4500000000000002	-0.075	843.6158170673106
1.4500000000000002	-0.05	3324.2672988508293
1.4500000000000002	-0.024999999999999994	4404.08793827771
1.4500000000000002	0.0	4602.878992694944
1.4500000000000002	0.024999999999999994	4404.08793827771
1.4500000000000002	0.04999999999999999	3324.2672988508375
1.4500000000000002	0.07500000000000001	843.6158170672957
1.4500000000000002	0.1	918.3971110956647
1.4500000000000002	0.125	118.16244572903602
1.475	-0.125	71.5515979522699
1.475	-0.1	873.6858897636921
1.475	-0.075	361.00140114928115
1.475	-0.05	2023.8576531590063
1.475	-0.024999999999999994	2445.089970331179
1.475	0.0	2407.620723047503
1.475	0.024999999999999994	2445.089970331179
1.475	0.04999999999999999	2023.857653159009
1.475	0.07500000000000001	361.0014011492962
1.475	0.1	873.6858897636921
1.475	0.125	71.5515979522699
1.5	-0.125	32.88491570517348
1.5	-0.1	770.5580419732313
1.5	-0.075	45.78537617964029
1.5	-0.05	897.8383459144673
1.5	-0.024999999999999994	826.9036314612619
1.5	0.0	632.3819217557287
1.5	0.024999999999999994	826.9036314612619
1.5	0.04999999999999999	897.8383459144785
1.5	0.07500000000000001	45.78537617962378
1.5	0.1	770.5580419732313
1.5	0.125	32.88491570517348
1.5250000000000004	-0.125	15.913819061776069
1.5250000000000004	-0.1	696.8829771343599
1.5250000000000004	-0.075	205.6952619696617
1.5250000000000004	-0.05	490.53722180446306
1.5250000000000004	-0.024999999999999994	266.9058931835269
1.5250000000000004	0.0	26.866430318740875
1.5250000000000004	0.024999999999999994	266.9058931835269
1.5250000000000004	0.04999999999999999	490.53722180447744
1.5250000000000004	0.07500000000000001	205.69526196967337
1.5250000000000004	0.1	696.8829771343599
1.5250000000000004	0.125	15.913819061776069
1.5499999999999998	-0.125	12.693586302437122
1.5499999999999998	-0.1	719.63312580896
1.5499999999999998	-0.075	216.3326089641056
1.5499999999999998	-0.05	682.7936770555687
1.5499999999999998	-0.024999999999999994	554.7940874689435
1.5499999999999998	0.0	330.2247505101285
1.5499999999999998	0.024999999999999994	554.7940874689435
1.5499999999999998	0.04999999999999999	682.7936770555906
1.5499999999999998	0.07500000000000001	216.33260896408171
1.5499999999999998	0.1	719.63312580896
1.5499999999999998	0.125	12.693586302437122
1.5750000000000002	-0.125	14.503844527574588
1.5750000000000002	-0.1	837.2548022404532
1.5750000000000002	-0.075	56.94783067865605
1.5750000000000002	-0.05	1645.3443402955033
1.5750000000000002	-0.024999999999999994	1995.8375228739558
1.5750000000000002	0.0	1897.0830344105048
1.5750000000000002	0.024999999999999994	1995.8375228739558
1.5750000000000002	0.04999999999999999	1645.3443402955336
1.5750000000000002	0.07500000000000001	56.94783067865599
1.5750000000000002	0.1	837.2548022404532
1.5750000000000002	0.125	14.503844527574588
1.5999999999999996	-0.125	20.739419755297305
1.5999999999999996	-0.1	975.4463873564307
1.5999999999999996	-0.075	269.19146418951965
1.5999999999999996	-0.05	3273.4067292748164
1.5999999999999996	-0.024999999999999994	4446.249650032993
1.5999999999999996	0.0	4579.230507531364
1.5999999999999996	0.024999999999999994	4446.249650032993
1.5999999999999996	0.04999999999999999	3273.4067292747986
1.5999999999999996	0.07500000000000001	269.19146418950066
1.5999999999999996	0.1	975.4463873564307
1.5999999999999996	0.125	20.739419755297305
1.625	-0.125	39.6622032530839
1.625	-0.1	1017.8969567960893
1.625	-0.075	343.8128769360283
1.625	-0.05	3924.9576309635877
1.625	-0.024999999999999994	5271.994477299794
1.625	0.0	5394.464997494151
1.625	0.024999999999999994	5271.994477299794
1.625	0.04999999999999999	3924.9576309636113
1.625	0.07500000000000001	343.8128769360322
1.625	0.1	1017.8969567960893
1.625	0.125	39.6622032530839
1.6500000000000004	-0.125	82.4330333192201
1.6500000000000004	-0.1	901.0640177671027
1.6500000000000004	-0.075	52.89238729241097
1.6500000000000004	-0.05	2710.6138635008774
1.6500000000000004	-0.024999999999999994	3193.2881000575703
1.6500000000000004	0.0	2969.4351092411102
1.6500000000000004	0.024999999999999994	3193.2881000575703
1.6500000000000004	0.04999999999999999	2710.6138635009024
1.6500000000000004	0.07500000000000001	52.89238729241933
1.6500000000000004	0.1	901.0640177671027
1.6500000000000004	0.125	82.4330333192201
1.6749999999999998	-0.125	143.08722512259897
1.6749999999999998	-0.1	698.1324102742461
1.6749999999999998	-0.075	451.6797333242982
1.6749999999999998	-0.05	1381.079104201385
1.6749999999999998	-0.024999999999999994	1113.5764435198316
1.6749999999999998	0.0	632.8473580455105
1.6749999999999998	0.024999999999999994	1113.5764435198316
1.6749999999999998	0.04999999999999999	1381.0791042014089
1.6749999999999998	0.07500000000000001	451.67973332427755
1.6749999999999998	0.1	698.1324102742461
1.6749999999999998	0.125	143.08722512259897
1.7000000000000002	-0.125	199.8874274441069
1.7000000000000002	-0.1	535.4527922212947
1.7000000000000002	-0.075	659.6108460011466
1.7000000000000002	-0.05	1063.407548571836
1.7000000000000002	-0.024999999999999994	682.3600463803789
1.7000000000000002	0.0	138.72000880604
1.7000000000000002	0.024999999999999994	682.3600463803789
1.7000000000000002	0.04999999999999999	1063.4075485718326
1.7000000000000002	0.07500000000000001	659.61084600115
1.7000000000000002	0.1	535.4527922212947
1.7000000000000002	0.125	199.8874274441069
1.7249999999999996	-0.125	235.92329759869963
1.7249999999999996	-0.1	440.08430116469106
1.7249999999999996	-0.075	809.5671814672519
1.7249999999999996	-0.05	1901.8160925114878
1.7249999999999996	-0.024999999999999994	2179.6177071566467
1.7249999999999996	0.0	1768.460076489379
1.7249999999999996	0.024999999999999994	2179.6177071566467
1.7249999999999996	0.04999999999999999	1901.8160925114562
1.7249999999999996	0.07500000000000001	809.5671814672368
1.7249999999999996	0.1	440.08430116469106
1.7249999999999996	0.125	235.92329759869963
1.75	-0.125	233.34756691700662
1.75	-0.1	339.5186090962326
1.75	-0.075	982.9231514470187
1.75	-0.05	3744.3568207417206
1.75	-0.024999999999999994	5526.137861139695
1.75	0.0	5466.5190307789535
1.75	0.024999999999999994	5526.137861139695
1.75	0.04999999999999999	3744.3568207417634
1.75	0.07500000000000001	982.9231514470346
1.75	0.1	339.5186090962326
1.75	0.125	233.34756691700662
1.7750000000000004	-0.125	165.7202460462098
1.7750000000000004	-0.1	170.21473965908717
1.7750000000000004	-0.075	1325.321799451897
1.7750000000000004	-0.05	4325.0770200899615
1.7750000000000004	-0.024999999999999994	6344.378399305161
1.7750000000000004	0.0	6062.180681202883
1.7750000000000004	0.024999999999999994	6344.378399305161
1.7750000000000004	0.04999999999999999	4325.077020089961
1.7750000000000004	0.07500000000000001	1325.3217994518877
1.7750000000000004	0.1	170.21473965908717
1.7750000000000004	0.125	165.7202460462098
1.7999999999999998	-0.125	53.93148757208215
1.7999999999999998	-0.1	34.534421983818575
1.7999999999999998	-0.075	1689.2747200584936
1.7999999999999998	-0.05	2739.2907876165596
1.7999999999999998	-0.024999999999999994	3172.3083601776393
1.7999999999999998	0.0	2066.572872087085
1.7999999999999998	0.024999999999999994	3172.3083601776393
1.7999999999999998	0.04999999999999999	2739.2907876166028
1.7999999999999998	0.07500000000000001	1689.2747200584936
1.7999999999999998	0.1	34.534421983818575
1.7999999999999998	0.125	53.93148757208215
1.8250000000000002	-0.125	18.408985371490246
1.8250000000000002	-0.1	94.76581082768436
1.8250000000000002	-0.075	1817.826020710625
1.8250000000000002	-0.05	1745.462393925215
1.8250000000000002	-0.024999999999999994	1828.1337293102902
1.8250000000000002	0.0	339.3579131629188
1.8250000000000002	0.024999999999999994	1828.1337293102902
1.8250000000000002	0.04999999999999999	1745.4623939252306
1.8250000000000002	0.07500000000000001	1817.8260207106293
1.8250000000000002	0.1	94.76581082768436
1.8250000000000002	0.125	18.408985371490246
1.8499999999999996	-0.125	99.85638756062633
1.8499999999999996	-0.1	299.53100695662073
1.8499999999999996	-0.075	1797.502605121414
1.8499999999999996	-0.05	2245.5993893076256
1.8499999999999996	-0.024999999999999994	5373.558033189394
1.8499999999999996	0.0	4401.123819154089
1.8499999999999996	0.024999999999999994	5373.558033189394
1.8499999999999996	0.04999999999999999	2245.5993893076484
1.8499999999999996	0.07500000000000001	1797.502605121417
1.8499999999999996	0.1	299.53100695662073
1.8499999999999996	0.125	99.85638756062633
1.875	-0.125	80.37231798014426
1.875	-0.1	327.1696643115571
1.875	-0.075	1237.5628486297906
1.875	-0.05	2246.9293453198075
1.875	-0.024999999999999994	10647.309377908434
1.875	0.0	9998.068995137148
1.875	0.024999999999999994	10647.309377908434
1.875	0.04999999999999999	2246.929345319804
1.875	0.07500000000000001	1237.5628486297828
1.875	0.1	327.1696643115571
1.875	0.125	80.37231798014426
1.9000000000000004	-0.125	13.987205249437016
1.9000000000000004	-0.1	36.50388074152862
1.9000000000000004	-0.075	154.9267235638348
1.9000000000000004	-0.05	991.6680062416905
1.9000000000000004	-0.024999999999999994	7192.113637671937
1.9000000000000004	0.0	2698.1101646751436
1.9000000000000004	0.024999999999999994	7192.113637671937
1.9000000000000004	0.04999999999999999	991.6680062416704
1.9000000000000004	0.07500000000000001	154.92672356382755
1.9000000000000004	0.1	36.50388074152862
1.9000000000000004	0.125	13.987205249437016
1.9249999999999998	-0.125	43.17219341631454
1.9249999999999998	-0.1	144.0222161772627
1.9249999999999998	-0.075	401.0899509206072
1.9249999999999998	-0.05	3661.3527557768475
1.9249999999999998	-0.024999999999999994	10227.829935708769
1.9249999999999998	0.0	9240.189830259164
1.9249999999999998	0.024999999999999994	10227.829935708769
1.9249999999999998	0.04999999999999999	3661.3527557768175
1.9249999999999998	0.07500000000000001	401.08995092060906
1.9249999999999998	0.1	144.0222161772627
1.9249999999999998	0.125	43.17219341631454
1.9500000000000002	-0.125	27.474543136858678
1.9500000000000002	-0.1	11.042994242830812
1.9500000000000002	-0.075	62.79157301506821
1.9500000000000002	-0.05	417.8277823375413
1.9500000000000002	-0.024999999999999994	3849.2929766834404
1.9500000000000002	0.0	49022.529887827666
1.9500000000000002	0.024999999999999994	3849.2929766834404
1.9500000000000002	0.04999999999999999	417.8277823375387
1.9500000000000002	0.07500000000000001	62.79157301507158
1.9500000000000002	0.1	11.042994242830812
1.9500000000000002	0.125	27.474543136858678
1.9749999999999996	-0.125	9.365322528950935
1.9749999999999996	-0.1	6.603565278763142
1.9749999999999996	-0.075	73.31984138912313
1.9749999999999996	-0.05	285.05510829205053
1.9749999999999996	-0.024999999999999994	107.01164279229108
1.9749999999999996	0.0	3656.096141227804
1.9749999999999996	0.024999999999999994	107.01164279229108
1.9749999999999996	0.04999999999999999	285.05510829204485
1.9749999999999996	0.07500000000000001	73.3198413891221
1.9749999999999996	0.1	6.603565278763142
1.9749999999999996	0.125	9.365322528950935
2.0	-0.125	6.4522533571007585
2.0	-0.1	2.045927403981537
2.0	-0.075	9.727626072451397
2.0	-0.05	9.576978303883001
2.0	-0.024999999999999994	157.28320544460377
2.0	0.0	18.096440099887044
2.0	0.024999999999999994	157.28320544460377
2.0	0.04999999999999999	9.576978303885696
2.0	0.07500000000000001	9.727626072448503
2.0	0.1	2.045927403981537
2.0	0.125	6.4522533571007585
2.0250000000000004	-0.125	6.842431886278571
2.0250000000000004	-0.1	7.436832383243267
2.0250000000000004	-0.075	11.722415856539783
2.0250000000000004	-0.05	34.46389422546703
2.0250000000000004	-0.024999999999999994	11.88414399675859
2.0250000000000004	0.0	49.19345156024462
2.0250000000000004	0.024999999999999994	11.88414399675859
2.0250000000000004	0.04999999999999999	34.46389422546326
2.0250000000000004	0.07500000000000001	11.722415856541028
2.0250000000000004	0.1	7.436832383243267
2.0250000000000004	0.125	6.842431886278571
2.05	-0.125	2.4545053183690975
2.05	-0.1	4.878613854406852
2.05	-0.075	4.92299717980483
2.05	-0.05	1.5935197645878239
2.05	-0.024999999999999994	17.43186193353135
2.05	0.0	17.978274051339667
2.05	0.024999999999999994	17.43186193353135
2.05	0.04999999999999999	1.5935197645861876
2.05	0.07500000000000001	4.922997179800839
2.05	0.1	4.878613854406852
2.05	0.125	2.4545053183690975
2.075	-0.125	0.7723332814432596
2.075	-0.1	1.3047117458815398
2.075	-0.075	4.2718337432251445
2.075	-0.05	3.710007010936787
2.075	-0.024999999999999994	5.498745104043817
2.075	0.0	2.9296566051170667
2.075	0.024999999999999994	5.498745104043817
2.075	0.04999999999999999	3.7100070109403087
2.075	0.07500000000000001	4.271833743222762
2.075	0.1	1.3047117458815398
2.075	0.125	0.7723332814432596
2.0999999999999996	-0.125	1.2279621745458764
2.0999999999999996	-0.1	0.932811963125803
2.0999999999999996	-0.075	0.23691391697689623
2.0999999999999996	-0.05	3.1827214618646917
2.0999999999999996	-0.024999999999999994	0.9401799250706763
2.0999999999999996	0.0	0.492542944694717
2.0999999999999996	0.024999999999999994	0.9401799250706763
2.0999999999999996	0.04999999999999999	3.1827214618555972
2.0999999999999996	0.07500000000000001	0.2369139169693635
2.0999999999999996	0.1	0.932811963125803
2.0999999999999996	0.125	1.2279621745458764
2.125	-0.125	0.5669143807842638
2.125	-0.1	1.312824988756443
2.125	-0.075	0.7395862562730099
2.125	-0.05	1.1243691664363638
2.125	-0.024999999999999994	0.25051840910122064
2.125	0.0	0.602140488306512
2.125	0.024999999999999994	0.25051840910122064
2.125	0.04999999999999999	1.1243691664407507
2.125	0.07500000000000001	0.7395862562675196
2.125	0.1	1.312824988756443
2.125	0.125	0.5669143807842638
2.1500000000000004	-0.125	0.1865179960008358
2.1500000000000004	-0.1	0.17717843486747656
2.1500000000000004	-0.075	1.0289802953224925
2.1500000000000004	-0.05	0.14334263936149472
2.1500000000000004	-0.024999999999999994	0.4806232042563833
2.1500000000000004	0.0	0.8177195081873153
2.1500000000000004	0.024999999999999994	0.4806232042563833
2.1500000000000004	0.04999999999999999	0.14334263935746155
2.1500000000000004	0.07500000000000001	1.0289802953203064
2.1500000000000004	0.1	0.17717843486747656
2.1500000000000004	0.125	0.1865179960008358
2.175	-0.125	0.4543657923705964
2.175	-0.1	0.14551935025732
2.175	-0.075	0.47321068194065424
2.175	-0.05	0.10389246907086089
2.175	-0.024999999999999994	0.6206907582384934
2.175	0.0	0.7486163473380294
2.175	0.024999999999999994	0.6206907582384934
2.175	0.04999999999999999	0.10389246906704523
2.175	0.07500000000000001	0.47321068193586
2.175	0.1	0.14551935025732
2.175	0.125	0.4543657923705964
2.2	-0.125	0.20185194755987385
2.2	-0.1	0.3615461879428544
2.2	-0.075	0.0699424343214067
2.2	-0.05	0.28477561490454156
2.2	-0.024999999999999994	0.5185173593095417
2.2	0.0	0.5004295032682146
2.2	0.024999999999999994	0.5185173593095417
2.2	0.04999999999999999	0.28477561490429704
2.2	0.07500000000000001	0.06994243432179247
2.2	0.1	0.3615461879428544
2.2	0.125	0.20185194755987385
2.2249999999999996	-0.125	0.05946468595579002
2.2249999999999996	-0.1	0.2554792826328075
2.2249999999999996	-0.075	0.03965213148993766
2.2249999999999996	-0.05	0.3317549630093735
2.2249999999999996	-0.024999999999999994	0.30826798101382125
2.2249999999999996	0.0	0.24597384639432832
2.2249999999999996	0.024999999999999994	0.30826798101382125
2.2249999999999996	0.04999999999999999	0.3317549630087956
2.2249999999999996	0.07500000000000001	0.03965213149129929
2.2249999999999996	0.1	0.2554792826328075
2.2249999999999996	0.125	0.05946468595579002
2.25	-0.125	0.1093597896115996
2.25	-0.1	0.08220890193491265
2.25	-0.075	0.1311714307941788
2.25	-0.05	0.24100571095370013
2.25	-0.024999999999999994	0.12794396514929515
2.25	0.0	0.08164053442761308
2.25	0.024999999999999994	0.12794396514929515
2.25	0.04999999999999999	0.24100571095227663
2.25	0.07500000000000001	0.13117143079602142
2.25	0.1	0.08220890193491265
2.25	0.125	0.1093597896115996
2.2750000000000004	-0.125	0.12276117939817462
2.2750000000000004	-0.1	0.029251466210057975
2.2750000000000004	-0.075	0.16322515043338534
2.2750000000000004	-0.05	0.11918493449253262
2.2750000000000004	-0.024999999999999994	0.03353777039837991
2.2750000000000004	0.0	0.01823729741110273
2.2750000000000004	0.024999999999999994	0.03353777039837991
2.2750000000000004	0.04999999999999999	0.11918493449158554
2.2750000000000004	0.07500000000000001	0.16322515043561645
2.2750000000000004	0.1	0.029251466210057975
2.2750000000000004	0.125	0.12276117939817462
2.3	-0.125	0.07605468072202001
2.3	-0.1	0.05440371751473226
2.3	-0.075	0.12259670746703082
2.3	-0.05	0.039247302110830884
2.3	-0.024999999999999994	0.013371078064865052
2.3	0.0	0.01985171832590978
2.3	0.024999999999999994	0.013371078064865052
2.3	0.04999999999999999	0.03924730211666547
2.3	0.07500000000000001	0.12259670746682014
2.3	0.1	0.05440371751473226
2.3	0.125	0.07605468072202001
2.325	-0.125	0.03796043620269716
2.325	-0.1	0.0749694116002692
2.325	-0.075	0.06350504884687454
2.325	-0.05	0.013689875756038227
2.325	-0.024999999999999994	0.02969783176634142
2.325	0.0	0.04356831655628376
2.325	0.024999999999999994	0.02969783176634142
2.325	0.04999999999999999	0.013689875754398397
2.325	0.07500000000000001	0.06350504884918519
2.325	0.1	0.0749694116002692
2.325	0.125	0.03796043620269716
2.3499999999999996	-0.125	0.02980787959885515
2.3499999999999996	-0.1	0.06552983322545863
2.3499999999999996	-0.075	0.025452067508769518
2.3499999999999996	-0.05	0.0208778894074045
2.3499999999999996	-0.024999999999999994	0.04963427921001141
2.3499999999999996	0.0	0.06101130003199907
2.3499999999999996	0.024999999999999994	0.04963427921001141
2.3499999999999996	0.04999999999999999	0.02087788941012762
2.3499999999999996	0.07500000000000001	0.025452067512205218
2.3499999999999996	0.1	0.06552983322545863
2.3499999999999996	0.125	0.02980787959885515
2.375	-0.125	0.033369271387443465
2.375	-0.1	0.04193093193990868
2.375	-0.075	0.014816715274742633
2.375	-0.05	0.03530218153575772
2.375	-0.024999999999999994	0.05725753393430625
2.375	0.0	0.06262957375712917
2.375	0.024999999999999994	0.05725753393430625
2.375	0.04999999999999999	0.035302181535121935
2.375	0.07500000000000001	0.014816715274738762
2.375	0.1	0.04193093193990868
2.375	0.125	0.033369271387443465
2.4000000000000004	-0.125	0.03271342114905542
2.4000000000000004	-0.1	0.023215080072152276
2.4000000000000004	-0.075	0.01944907867289335
2.4000000000000004	-0.05	0.04233669880638739
2.4000000000000004	-0.024999999999999994	0.05137436804838954
2.4000000000000004	0.0	0.05159715177783476
2.4000000000000004	0.024999999999999994	0.05137436804838954
2.4000000000000004	0.04999999999999999	0.04233669880795172
2.4000000000000004	0.07500000000000001	0.019449078673992117
2.4000000000000004	0.1	0.023215080072152276
2.4000000000000004	0.125	0.03271342114905542
2.425	-0.125	0.02643745109077513
2.425	-0.1	0.01560415507099442
2.425	-0.075	0.0259221853966001
2.425	-0.05	0.039258363504991074
2.425	-0.024999999999999994	0.03807491553136927
2.425	0.0	0.035646903037987655
2.425	0.024999999999999994	0.03807491553136927
2.425	0.04999999999999999	0.03925836350285423
2.425	0.07500000000000001	0.02592218539638306
2.425	0.1	0.01560415507099442
2.425	0.125	0.02643745109077513
2.45	-0.125	0.019445359863616188
2.45	-0.1	0.015451230757133038
2.45	-0.075	0.027547919862972805
2.45	-0.05	0.030133344910566854
2.45	-0.024999999999999994	0.024326759955333378
2.45	0.0	0.021509930384110056
2.45	0.024999999999999994	0.024326759955333378
2.45	0.04999999999999999	0.030133344912076063
2.45	0.07500000000000001	0.027547919862829954
2.45	0.1	0.015451230757133038
2.45	0.125	0.019445359863616188
2.4749999999999996	-0.125	0.015000554623739261
2.4749999999999996	-0.1	0.016932809568251266
2.4749999999999996	-0.075	0.023971153000141184
2.4749999999999996	-0.05	0.020084257308243224
2.4749999999999996	-0.024999999999999994	0.014268306634052614
2.4749999999999996	0.0	0.01232755705716359
2.4749999999999996	0.024999999999999994	0.014268306634052614
2.4749999999999996	0.04999999999999999	0.020084257310335724
2.4749999999999996	0.07500000000000001	0.023971152999792352
2.4749999999999996	0.1	0.016932809568251266
2.4749999999999996	0.125	0.015000554623739261
2.5	-0.125	0.013076072680456689
2.5	-0.1	0.016786047391230526
2.5	-0.075	0.018018407625464854
2.5	-0.05	0.012545564713319812
2.5	-0.024999999999999994	0.008997167291941565
2.5	0.0	0.00823457815935825
2.5	0.024999999999999994	0.008997167291941565
2.5	0.04999999999999999	0.012545564713279363
2.5	0.07500000000000001	0.018018407629048615
2.5	0.1	0.016786047391230526
2.5	0.125	0.013076072680456689
