-2.5	1.0	-0.1644644227906817
-2.5	2.0	-0.4350821818768349
-2.5	3.0	-0.6155375212580001
-2.5	4.0	-0.6946259761405222
-2.5	5.0	-0.7452411542489633
-2.5	6.0	-0.7531690334697674
-2.5	7.0	-0.7308937879962247
-2.5	8.0	-0.7317510291391461
-2.5	9.0	-0.7782034945043539
-2.5	10.0	-0.8259143544989123
-2.5	11.0	-0.8259143544989969
-2.5	12.0	-0.7782034945042512
-2.5	13.0	-0.7317510291390814
-2.5	14.0	-0.7308937879961463
-2.5	15.0	-0.7531690334697632
-2.5	16.0	-0.7452411542490757
-2.5	17.0	-0.6946259761405452
-2.5	18.0	-0.6155375212581764
-2.5	19.0	-0.43508218187688386
-2.5	20.0	-0.16446442279063703
-2.45	1.0	-0.1842123501532124
-2.45	2.0	-0.45055865527932426
-2.45	3.0	-0.5998614359755358
-2.45	4.0	-0.6495709258159736
-2.45	5.0	-0.6611210492954598
-2.45	6.0	-0.672418303856089
-2.45	7.0	-0.7046079239725276
-2.45	8.0	-0.7036949690904722
-2.45	9.0	-0.6440531052531207
-2.45	10.0	-0.5826241814139216
-2.45	11.0	-0.5826241814138572
-2.45	12.0	-0.6440531052531896
-2.45	13.0	-0.7036949690905254
-2.45	14.0	-0.7046079239724842
-2.45	15.0	-0.6724183038560287
-2.45	16.0	-0.6611210492956384
-2.45	17.0	-0.6495709258159991
-2.45	18.0	-0.5998614359755146
-2.45	19.0	-0.45055865527917477
-2.45	20.0	-0.18421235015316317
-2.4	1.0	-0.24773514004656177
-2.4	2.0	-0.682451848739081
-2.4	3.0	-0.9965742452987865
-2.4	4.0	-1.1415494056397637
-2.4	5.0	-1.2373289199675068
-2.4	6.0	-1.267714234260858
-2.4	7.0	-1.2491880285104076
-2.4	8.0	-1.2584130522118069
-2.4	9.0	-1.339353038193148
-2.4	10.0	-1.4192878550018597
-2.4	11.0	-1.4192878550018637
-2.4	12.0	-1.3393530381930077
-2.4	13.0	-1.2584130522114894
-2.4	14.0	-1.2491880285104964
-2.4	15.0	-1.2677142342609262
-2.4	16.0	-1.2373289199674218
-2.4	17.0	-1.1415494056397508
-2.4	18.0	-0.9965742452988672
-2.4	19.0	-0.6824518487390383
-2.4	20.0	-0.24773514004668107
-2.35	1.0	-0.28372169840847583
-2.35	2.0	-0.725839071282373
-2.35	3.0	-1.0066273250426463
-2.35	4.0	-1.1109327188566829
-2.35	5.0	-1.1534216542811255
-2.35	6.0	-1.1697751344244516
-2.35	7.0	-1.2068560250060252
-2.35	8.0	-1.19451466665588
-2.35	9.0	-1.0885490551760875
-2.35	10.0	-0.9854086206703675
-2.35	11.0	-0.9854086206705118
-2.35	12.0	-1.0885490551758903
-2.35	13.0	-1.1945146666559405
-2.35	14.0	-1.2068560250059237
-2.35	15.0	-1.1697751344245118
-2.35	16.0	-1.1534216542809885
-2.35	17.0	-1.1109327188565252
-2.35	18.0	-1.0066273250426203
-2.35	19.0	-0.7258390712824219
-2.35	20.0	-0.2837216984083977
-2.3	1.0	-0.403964786958061
-2.3	2.0	-1.1447351595477073
-2.3	3.0	-1.7423225051465798
-2.3	4.0	-2.0362842778834778
-2.3	5.0	-2.2493700484266648
-2.3	6.0	-2.339633171292714
-2.3	7.0	-2.349809183610708
-2.3	8.0	-2.387501905892457
-2.3	9.0	-2.5360146958268035
-2.3	10.0	-2.6719781218375602
-2.3	11.0	-2.6719781218376726
-2.3	12.0	-2.5360146958269323
-2.3	13.0	-2.3875019058923916
-2.3	14.0	-2.349809183610573
-2.3	15.0	-2.3396331712927085
-2.3	16.0	-2.2493700484266723
-2.3	17.0	-2.03628427788343
-2.3	18.0	-1.7423225051466182
-2.3	19.0	-1.144735159547611
-2.3	20.0	-0.40396478695797816
-2.25	1.0	-0.46647748652755205
-2.25	2.0	-1.2537787281619066
-2.25	3.0	-1.8180591090164542
-2.25	4.0	-2.045770553127963
-2.25	5.0	-2.1774400681566837
-2.25	6.0	-2.230667997652528
-2.25	7.0	-2.287108774111663
-2.25	8.0	-2.2543706563195665
-2.25	9.0	-2.071899608498824
-2.25	10.0	-1.9019507647360079
-2.25	11.0	-1.9019507647359177
-2.25	12.0	-2.071899608498576
-2.25	13.0	-2.2543706563194488
-2.25	14.0	-2.287108774111709
-2.25	15.0	-2.2306679976527266
-2.25	16.0	-2.177440068156502
-2.25	17.0	-2.045770553127829
-2.25	18.0	-1.818059109016363
-2.25	19.0	-1.2537787281620727
-2.25	20.0	-0.46647748652749443
-2.2	1.0	-0.7360975414197687
-2.2	2.0	-2.1232490730657636
-2.2	3.0	-3.4237291254588182
-2.2	4.0	-4.11656537902219
-2.2	5.0	-4.677873374460191
-2.2	6.0	-4.928491547265004
-2.2	7.0	-5.024097572115303
-2.2	8.0	-5.121758984776061
-2.2	9.0	-5.386516440724539
-2.2	10.0	-5.608925761393816
-2.2	11.0	-5.608925761393554
-2.2	12.0	-5.386516440724558
-2.2	13.0	-5.121758984776034
-2.2	14.0	-5.024097572115245
-2.2	15.0	-4.928491547264976
-2.2	16.0	-4.677873374460231
-2.2	17.0	-4.116565379022189
-2.2	18.0	-3.423729125458906
-2.2	19.0	-2.1232490730657285
-2.2	20.0	-0.7360975414197357
-2.15	1.0	-0.8429407721615716
-2.15	2.0	-2.359258330040301
-2.15	3.0	-3.590792324361493
-2.15	4.0	-4.120951366025287
-2.15	5.0	-4.555046936340144
-2.15	6.0	-4.790464353897979
-2.15	7.0	-4.973361803912669
-2.15	8.0	-4.945002163030009
-2.15	9.0	-4.67056594640219
-2.15	10.0	-4.419582678059454
-2.15	11.0	-4.41958267805977
-2.15	12.0	-4.6705659464023155
-2.15	13.0	-4.9450021630301375
-2.15	14.0	-4.973361803912769
-2.15	15.0	-4.790464353897889
-2.15	16.0	-4.555046936340265
-2.15	17.0	-4.120951366025234
-2.15	18.0	-3.590792324361509
-2.15	19.0	-2.3592583300400674
-2.15	20.0	-0.8429407721615397
-2.1	1.0	-1.6157643194369022
-2.1	2.0	-4.68176104547025
-2.1	3.0	-8.196560474975461
-2.1	4.0	-10.235154540813582
-2.1	5.0	-12.172324103656363
-2.1	6.0	-13.134807034286279
-2.1	7.0	-13.709911066375021
-2.1	8.0	-14.039098332632296
-2.1	9.0	-14.613884123395817
-2.1	10.0	-15.011853212734833
-2.1	11.0	-15.011853212734815
-2.1	12.0	-14.61388412339586
-2.1	13.0	-14.039098332632049
-2.1	14.0	-13.709911066374822
-2.1	15.0	-13.134807034286
-2.1	16.0	-12.172324103656516
-2.1	17.0	-10.235154540813696
-2.1	18.0	-8.19656047497544
-2.1	19.0	-4.68176104547027
-2.1	20.0	-1.6157643194368194
-2.05	1.0	-1.8065845947986616
-2.05	2.0	-5.1819176952609975
-2.05	3.0	-8.542048970247462
-2.05	4.0	-10.214746169813242
-2.05	5.0	-12.113564539071266
-2.05	6.0	-13.277561874517094
-2.05	7.0	-14.244450876995055
-2.05	8.0	-14.469596985738802
-2.05	9.0	-14.252162415432617
-2.05	10.0	-13.940303806979326
-2.05	11.0	-13.940303806979262
-2.05	12.0	-14.252162415432355
-2.05	13.0	-14.469596985738763
-2.05	14.0	-14.244450876995279
-2.05	15.0	-13.277561874517252
-2.05	16.0	-12.11356453907099
-2.05	17.0	-10.21474616981318
-2.05	18.0	-8.542048970247537
-2.05	19.0	-5.181917695261024
-2.05	20.0	-1.8065845947985733
-2.0	1.0	-5.0754389252006264
-2.0	2.0	-14.297349288945764
-2.0	3.0	-28.35823437884771
-2.0	4.0	-37.407701461119224
-2.0	5.0	-48.19388472066345
-2.0	6.0	-54.38841411985327
-2.0	7.0	-59.63042406742375
-2.0	8.0	-61.82792977247773
-2.0	9.0	-64.4809708643715
-2.0	10.0	-65.9785234850276
-2.0	11.0	-65.97852348502752
-2.0	12.0	-64.48097086437129
-2.0	13.0	-61.82792977247776
-2.0	14.0	-59.63042406742347
-2.0	15.0	-54.3884141198535
-2.0	16.0	-48.193884720663696
-2.0	17.0	-37.40770146111929
-2.0	18.0	-28.358234378848
-2.0	19.0	-14.297349288945759
-2.0	20.0	-5.07543892520058
-1.95	1.0	-7.256346360336478
-1.95	2.0	-20.324698533809485
-1.95	3.0	-42.03806143161176
-1.95	4.0	-57.20720391806462
-1.95	5.0	-80.31228128830477
-1.95	6.0	-96.20268503215074
-1.95	7.0	-114.81719038667859
-1.95	8.0	-123.8218048122549
-1.95	9.0	-133.26661062168054
-1.95	10.0	-136.90772732555095
-1.95	11.0	-136.90772732555126
-1.95	12.0	-133.26661062168043
-1.95	13.0	-123.82180481225481
-1.95	14.0	-114.81719038667879
-1.95	15.0	-96.20268503215061
-1.95	16.0	-80.31228128830479
-1.95	17.0	-57.20720391806452
-1.95	18.0	-42.03806143161195
-1.95	19.0	-20.324698533809478
-1.95	20.0	-7.256346360336376
-1.9	1.0	-5.004838485344335
-1.9	2.0	-13.846264249709831
-1.9	3.0	-3.7988697856831686
-1.9	4.0	26.40840267454967
-1.9	5.0	92.25434569104709
-1.9	6.0	147.0014535750739
-1.9	7.0	251.9521313906742
-1.9	8.0	313.9885989913354
-1.9	9.0	392.97220894526714
-1.9	10.0	429.83585550975397
-1.9	11.0	429.83585550975386
-1.9	12.0	392.9722089452673
-1.9	13.0	313.9885989913361
-1.9	14.0	251.95213139067465
-1.9	15.0	147.00145357507384
-1.9	16.0	92.25434569104684
-1.9	17.0	26.408402674549535
-1.9	18.0	-3.7988697856831233
-1.9	19.0	-13.846264249709808
-1.9	20.0	-5.004838485344246
-1.85	1.0	24.83059995593373
-1.85	2.0	52.36076762151606
-1.85	3.0	194.7940497202157
-1.85	4.0	331.7516462047325
-1.85	5.0	556.8633075255834
-1.85	6.0	698.6554685110202
-1.85	7.0	917.336109268697
-1.85	8.0	1005.790531541267
-1.85	9.0	1135.4076335422442
-1.85	10.0	1210.906431590591
-1.85	11.0	1210.906431590591
-1.85	12.0	1135.4076335422442
-1.85	13.0	1005.7905315412671
-1.85	14.0	917.3361092686968
-1.85	15.0	698.6554685110203
-1.85	16.0	556.8633075255837
-1.85	17.0	331.7516462047323
-1.85	18.0	194.79404972021624
-1.85	19.0	52.36076762151596
-1.85	20.0	24.830599955933735
-1.8	1.0	94.42041058427615
-1.8	2.0	187.6646657672507
-1.8	3.0	564.1241571748366
-1.8	4.0	809.2036955266567
-1.8	5.0	1105.0427713768852
-1.8	6.0	1221.4826256621639
-1.8	7.0	1197.4201922315176
-1.8	8.0	1051.0241295276653
-1.8	9.0	880.7083912990688
-1.8	10.0	879.4448285767658
-1.8	11.0	879.444828576765
-1.8	12.0	880.7083912990689
-1.8	13.0	1051.0241295276646
-1.8	14.0	1197.4201922315185
-1.8	15.0	1221.4826256621639
-1.8	16.0	1105.0427713768856
-1.8	17.0	809.2036955266567
-1.8	18.0	564.1241571748367
-1.8	19.0	187.66466576725063
-1.8	20.0	94.42041058427618
-1.75	1.0	95.7504268074623
-1.75	2.0	152.96649291988996
-1.75	3.0	582.4544187875938
-1.75	4.0	850.6810247326024
-1.75	5.0	1131.231290572693
-1.75	6.0	1218.3984875950516
-1.75	7.0	940.5255769983042
-1.75	8.0	592.4740255246618
-1.75	9.0	93.456125414536
-1.75	10.0	-20.380879297147374
-1.75	11.0	-20.38087929714751
-1.75	12.0	93.45612541453625
-1.75	13.0	592.4740255246622
-1.75	14.0	940.525576998304
-1.75	15.0	1218.3984875950518
-1.75	16.0	1131.2312905726926
-1.75	17.0	850.6810247326026
-1.75	18.0	582.4544187875932
-1.75	19.0	152.96649291988962
-1.75	20.0	95.75042680746215
-1.7	1.0	61.90347113218102
-1.7	2.0	60.67070322172358
-1.7	3.0	340.04048928022746
-1.7	4.0	471.2621795674412
-1.7	5.0	574.7854603988577
-1.7	6.0	640.0765140635361
-1.7	7.0	414.6265341034536
-1.7	8.0	201.7018105728846
-1.7	9.0	-66.46689218928262
-1.7	10.0	-120.23860315213878
-1.7	11.0	-120.2386031521387
-1.7	12.0	-66.46689218928275
-1.7	13.0	201.70181057288457
-1.7	14.0	414.62653410345337
-1.7	15.0	640.0765140635366
-1.7	16.0	574.7854603988573
-1.7	17.0	471.26217956744085
-1.7	18.0	340.0404892802273
-1.7	19.0	60.67070322172363
-1.7	20.0	61.903471132180734
-1.65	1.0	175.30188711457504
-1.65	2.0	254.42373580372737
-1.65	3.0	553.2362929464767
-1.65	4.0	406.6729172571596
-1.65	5.0	128.15217672828547
-1.65	6.0	179.02981626819604
-1.65	7.0	1.8726404983053984
-1.65	8.0	-15.545907406279818
-1.65	9.0	314.17522513420596
-1.65	10.0	519.4729712196653
-1.65	11.0	519.472971219665
-1.65	12.0	314.17522513420573
-1.65	13.0	-15.545907406279936
-1.65	14.0	1.8726404983053182
-1.65	15.0	179.0298162681959
-1.65	16.0	128.15217672828547
-1.65	17.0	406.67291725715955
-1.65	18.0	553.2362929464767
-1.65	19.0	254.4237358037277
-1.65	20.0	175.30188711457487
-1.6	1.0	280.9496578014745
-1.6	2.0	309.97107693465597
-1.6	3.0	802.4101007590257
-1.6	4.0	546.5582163023913
-1.6	5.0	-2.6229109716823666
-1.6	6.0	95.39029712041929
-1.6	7.0	-176.71896728690456
-1.6	8.0	-108.21453866018001
-1.6	9.0	592.8397270584023
-1.6	10.0	1000.1141475781643
-1.6	11.0	1000.1141475781641
-1.6	12.0	592.8397270584024
-1.6	13.0	-108.21453866017993
-1.6	14.0	-176.71896728690447
-1.6	15.0	95.39029712041916
-1.6	16.0	-2.622910971682014
-1.6	17.0	546.558216302391
-1.6	18.0	802.4101007590257
-1.6	19.0	309.97107693465625
-1.6	20.0	280.9496578014746
-1.55	1.0	248.6694638369067
-1.55	2.0	133.93921554296605
-1.55	3.0	637.9254346646363
-1.55	4.0	406.4268930409627
-1.55	5.0	-101.6006155340972
-1.55	6.0	74.3159750286457
-1.55	7.0	-194.0914919123942
-1.55	8.0	-156.5450296890647
-1.55	9.0	471.28388506292123
-1.55	10.0	919.4479107927037
-1.55	11.0	919.4479107927039
-1.55	12.0	471.2838850629217
-1.55	13.0	-156.54502968906417
-1.55	14.0	-194.09149191239396
-1.55	15.0	74.31597502864572
-1.55	16.0	-101.60061553409705
-1.55	17.0	406.42689304096257
-1.55	18.0	637.9254346646362
-1.55	19.0	133.93921554296622
-1.55	20.0	248.66946383690686
-1.5	1.0	359.2831709994725
-1.5	2.0	780.7783578088428
-1.5	3.0	915.5268603219812
-1.5	4.0	93.64985797727121
-1.5	5.0	-183.74302007855167
-1.5	6.0	166.5913609951423
-1.5	7.0	107.94505081631743
-1.5	8.0	-321.39081217240107
-1.5	9.0	-60.199441566616095
-1.5	10.0	401.4467446303833
-1.5	11.0	401.44674463038314
-1.5	12.0	-60.19944156661629
-1.5	13.0	-321.39081217240107
-1.5	14.0	107.94505081631662
-1.5	15.0	166.59136099514248
-1.5	16.0	-183.7430200785519
-1.5	17.0	93.64985797727137
-1.5	18.0	915.5268603219812
-1.5	19.0	780.7783578088423
-1.5	20.0	359.28317099947253
-1.45	1.0	574.392224778069
-1.45	2.0	2361.8489087711655
-1.45	3.0	1946.6574506531563
-1.45	4.0	41.856210112339575
-1.45	5.0	145.74081026688296
-1.45	6.0	1167.433893173632
-1.45	7.0	1185.4602917242082
-1.45	8.0	-118.68250181306583
-1.45	9.0	-120.663889223459
-1.45	10.0	620.5064074221624
-1.45	11.0	620.506407422162
-1.45	12.0	-120.663889223459
-1.45	13.0	-118.68250181306588
-1.45	14.0	1185.4602917242084
-1.45	15.0	1167.4338931736315
-1.45	16.0	145.7408102668834
-1.45	17.0	41.85621011233936
-1.45	18.0	1946.6574506531572
-1.45	19.0	2361.8489087711646
-1.45	20.0	574.3922247780688
-1.4	1.0	374.43375916428454
-1.4	2.0	2602.114085418412
-1.4	3.0	2041.981508499641
-1.4	4.0	419.4873256135974
-1.4	5.0	841.182170972635
-1.4	6.0	2244.0866802497817
-1.4	7.0	2035.6965675990236
-1.4	8.0	1071.393499340279
-1.4	9.0	1140.3277354123957
-1.4	10.0	1644.0083206144132
-1.4	11.0	1644.0083206144136
-1.4	12.0	1140.3277354123961
-1.4	13.0	1071.3934993402786
-1.4	14.0	2035.6965675990243
-1.4	15.0	2244.0866802497812
-1.4	16.0	841.1821709726344
-1.4	17.0	419.4873256135976
-1.4	18.0	2041.981508499641
-1.4	19.0	2602.1140854184127
-1.4	20.0	374.4337591642844
-1.35	1.0	-52.05939339676196
-1.35	2.0	926.1099769684542
-1.35	3.0	665.1915246400325
-1.35	4.0	723.0204374716578
-1.35	5.0	1131.9892236481091
-1.35	6.0	1528.5176232332344
-1.35	7.0	1158.7027985378259
-1.35	8.0	2028.1754078435536
-1.35	9.0	2238.1999803091185
-1.35	10.0	1380.2077038870946
-1.35	11.0	1380.2077038870946
-1.35	12.0	2238.199980309117
-1.35	13.0	2028.1754078435536
-1.35	14.0	1158.702798537827
-1.35	15.0	1528.5176232332337
-1.35	16.0	1131.9892236481094
-1.35	17.0	723.0204374716577
-1.35	18.0	665.1915246400331
-1.35	19.0	926.1099769684542
-1.35	20.0	-52.05939339676201
-1.3	1.0	-132.93849631098178
-1.3	2.0	-191.8378363791665
-1.3	3.0	-261.2707347810249
-1.3	4.0	491.9874497906211
-1.3	5.0	701.7081147348571
-1.3	6.0	175.80743226025572
-1.3	7.0	-39.04418358928672
-1.3	8.0	1367.416046036449
-1.3	9.0	1491.5897212722612
-1.3	10.0	184.7680017136831
-1.3	11.0	184.76800171368293
-1.3	12.0	1491.5897212722612
-1.3	13.0	1367.4160460364496
-1.3	14.0	-39.04418358928667
-1.3	15.0	175.8074322602557
-1.3	16.0	701.708114734856
-1.3	17.0	491.9874497906209
-1.3	18.0	-261.270734781025
-1.3	19.0	-191.83783637916613
-1.3	20.0	-132.9384963109818
-1.25	1.0	-6.945448659651127
-1.25	2.0	-88.18150879422902
-1.25	3.0	-218.7549917044266
-1.25	4.0	154.8164241318212
-1.25	5.0	224.68291124184037
-1.25	6.0	-281.1088226205664
-1.25	7.0	-177.91802446569616
-1.25	8.0	251.84429222221445
-1.25	9.0	103.34322843500796
-1.25	10.0	-278.65749473251043
-1.25	11.0	-278.6574947325101
-1.25	12.0	103.34322843500773
-1.25	13.0	251.84429222221516
-1.25	14.0	-177.91802446569588
-1.25	15.0	-281.1088226205667
-1.25	16.0	224.6829112418401
-1.25	17.0	154.8164241318211
-1.25	18.0	-218.75499170442677
-1.25	19.0	-88.18150879422899
-1.25	20.0	-6.945448659651147
-1.2	1.0	115.09288982148725
-1.2	2.0	340.846248932799
-1.2	3.0	-101.97368564679809
-1.2	4.0	267.22319026369024
-1.2	5.0	433.3561544340204
-1.2	6.0	-276.25251207443915
-1.2	7.0	83.99327841838992
-1.2	8.0	140.89439598851874
-1.2	9.0	-322.0593081072615
-1.2	10.0	-179.31368893344722
-1.2	11.0	-179.31368893344714
-1.2	12.0	-322.05930810726153
-1.2	13.0	140.89439598851902
-1.2	14.0	83.99327841838992
-1.2	15.0	-276.2525120744389
-1.2	16.0	433.3561544340209
-1.2	17.0	267.2231902636904
-1.2	18.0	-101.97368564679809
-1.2	19.0	340.8462489327988
-1.2	20.0	115.09288982148736
-1.15	1.0	275.24662239495797
-1.15	2.0	812.9099228108028
-1.15	3.0	-98.49095673389631
-1.15	4.0	642.5537488680123
-1.15	5.0	1028.4483080858383
-1.15	6.0	-287.6066243336363
-1.15	7.0	297.6955812494975
-1.15	8.0	562.0351886297586
-1.15	9.0	-230.08541246056654
-1.15	10.0	30.329376131064762
-1.15	11.0	30.329376131064965
-1.15	12.0	-230.08541246056637
-1.15	13.0	562.0351886297589
-1.15	14.0	297.6955812494975
-1.15	15.0	-287.6066243336362
-1.15	16.0	1028.4483080858383
-1.15	17.0	642.5537488680126
-1.15	18.0	-98.49095673389644
-1.15	19.0	812.909922810803
-1.15	20.0	275.2466223949581
-1.1	1.0	380.52934721809385
-1.1	2.0	1030.7759789878821
-1.1	3.0	-72.04175211228755
-1.1	4.0	792.5271245042687
-1.1	5.0	1230.1790434420595
-1.1	6.0	-303.21558428765366
-1.1	7.0	403.96394583999245
-1.1	8.0	715.1224670349737
-1.1	9.0	-217.38787506825247
-1.1	10.0	242.2631594661269
-1.1	11.0	242.2631594661269
-1.1	12.0	-217.38787506825255
-1.1	13.0	715.122467034974
-1.1	14.0	403.96394583999216
-1.1	15.0	-303.21558428765377
-1.1	16.0	1230.1790434420598
-1.1	17.0	792.5271245042687
-1.1	18.0	-72.04175211228767
-1.1	19.0	1030.775978987882
-1.1	20.0	380.5293472180936
-1.05	1.0	260.67610770599885
-1.05	2.0	690.112606915719
-1.05	3.0	-26.507498898455456
-1.05	4.0	508.49319391493117
-1.05	5.0	777.7596981437063
-1.05	6.0	-199.04411939699622
-1.05	7.0	274.2240748738741
-1.05	8.0	463.201633568223
-1.05	9.0	-146.6020371600559
-1.05	10.0	244.70389594478843
-1.05	11.0	244.7038959447886
-1.05	12.0	-146.60203716005572
-1.05	13.0	463.20163356822314
-1.05	14.0	274.2240748738745
-1.05	15.0	-199.04411939699642
-1.05	16.0	777.7596981437063
-1.05	17.0	508.4931939149312
-1.05	18.0	-26.50749889845543
-1.05	19.0	690.112606915719
-1.05	20.0	260.67610770599913
-1.0	1.0	-3.292804095741676
-1.0	2.0	73.72635313408458
-1.0	3.0	-7.091723036907033
-1.0	4.0	39.31970167479882
-1.0	5.0	110.68228648751536
-1.0	6.0	-44.73094770650452
-1.0	7.0	14.600866135350046
-1.0	8.0	56.40958313652993
-1.0	9.0	-64.1879531768174
-1.0	10.0	20.74787892049289
-1.0	11.0	20.74787892049284
-1.0	12.0	-64.18795317681735
-1.0	13.0	56.40958313652986
-1.0	14.0	14.600866135350158
-1.0	15.0	-44.73094770650449
-1.0	16.0	110.68228648751564
-1.0	17.0	39.3197016747988
-1.0	18.0	-7.09172303690709
-1.0	19.0	73.72635313408466
-1.0	20.0	-3.292804095741746
-0.95	1.0	-153.27398967778058
-0.95	2.0	-218.91079299135595
-0.95	3.0	-7.929966250833049
-0.95	4.0	-198.95454970678955
-0.95	5.0	-150.80711867631632
-0.95	6.0	1.4683731847579735
-0.95	7.0	-126.22812556346324
-0.95	8.0	-100.40383252473022
-0.95	9.0	-83.17782530770454
-0.95	10.0	-119.17756739026711
-0.95	11.0	-119.17756739026714
-0.95	12.0	-83.17782530770461
-0.95	13.0	-100.40383252473019
-0.95	14.0	-126.22812556346335
-0.95	15.0	1.4683731847579524
-0.95	16.0	-150.80711867631624
-0.95	17.0	-198.95454970678963
-0.95	18.0	-7.9299662508331155
-0.95	19.0	-218.9107929913559
-0.95	20.0	-153.2739896777806
-0.8999999999999999	1.0	-62.810071483159106
-0.8999999999999999	2.0	-96.31345138710923
-0.8999999999999999	3.0	-6.066506596056971
-0.8999999999999999	4.0	-93.94759651833618
-0.8999999999999999	5.0	-74.87586567336649
-0.8999999999999999	6.0	-13.627214505665918
-0.8999999999999999	7.0	-66.1292726820237
-0.8999999999999999	8.0	-40.23637064396987
-0.8999999999999999	9.0	-31.411758598527758
-0.8999999999999999	10.0	-57.41746438229613
-0.8999999999999999	11.0	-57.417464382296075
-0.8999999999999999	12.0	-31.41175859852787
-0.8999999999999999	13.0	-40.23637064396983
-0.8999999999999999	14.0	-66.12927268202364
-0.8999999999999999	15.0	-13.627214505665938
-0.8999999999999999	16.0	-74.87586567336636
-0.8999999999999999	17.0	-93.94759651833611
-0.8999999999999999	18.0	-6.06650659605692
-0.8999999999999999	19.0	-96.31345138710921
-0.8999999999999999	20.0	-62.81007148315926
-0.8500000000000001	1.0	375.64148347890756
-0.8500000000000001	2.0	280.76836579790194
-0.8500000000000001	3.0	2.8942735848065904
-0.8500000000000001	4.0	405.7501418352623
-0.8500000000000001	5.0	-19.84895356842862
-0.8500000000000001	6.0	141.9684392964589
-0.8500000000000001	7.0	285.99490817589384
-0.8500000000000001	8.0	-16.963167791525976
-0.8500000000000001	9.0	435.78667622517514
-0.8500000000000001	10.0	87.25122008604635
-0.8500000000000001	11.0	87.25122008604639
-0.8500000000000001	12.0	435.78667622517503
-0.8500000000000001	13.0	-16.963167791526125
-0.8500000000000001	14.0	285.99490817589395
-0.8500000000000001	15.0	141.96843929645885
-0.8500000000000001	16.0	-19.848953568428662
-0.8500000000000001	17.0	405.7501418352619
-0.8500000000000001	18.0	2.8942735848065713
-0.8500000000000001	19.0	280.7683657979017
-0.8500000000000001	20.0	375.6414834789074
-0.8	1.0	911.2066498459894
-0.8	2.0	706.4140982956635
-0.8	3.0	18.476732369050076
-0.8	4.0	1043.6604160435352
-0.8	5.0	9.872516449624493
-0.8	6.0	447.08483356632775
-0.8	7.0	788.8001727699115
-0.8	8.0	-29.3530652808572
-0.8	9.0	1067.2712871708545
-0.8	10.0	224.7054507021264
-0.8	11.0	224.7054507021265
-0.8	12.0	1067.271287170855
-0.8	13.0	-29.35306528085722
-0.8	14.0	788.8001727699117
-0.8	15.0	447.0848335663274
-0.8	16.0	9.872516449624483
-0.8	17.0	1043.660416043535
-0.8	18.0	18.476732369050033
-0.8	19.0	706.4140982956633
-0.8	20.0	911.2066498459893
-0.75	1.0	808.6618475616048
-0.75	2.0	652.9377670894205
-0.75	3.0	20.21472756975721
-0.75	4.0	965.2859460668498
-0.75	5.0	24.763445090728773
-0.75	6.0	455.15042837425045
-0.75	7.0	765.3417285844921
-0.75	8.0	-29.504957705921736
-0.75	9.0	971.5970074924079
-0.75	10.0	199.77717600372102
-0.75	11.0	199.7771760037207
-0.75	12.0	971.5970074924081
-0.75	13.0	-29.50495770592169
-0.75	14.0	765.3417285844921
-0.75	15.0	455.1504283742509
-0.75	16.0	24.763445090728734
-0.75	17.0	965.2859460668491
-0.75	18.0	20.214727569757233
-0.75	19.0	652.9377670894203
-0.75	20.0	808.6618475616048
-0.7	1.0	184.08662236154004
-0.7	2.0	161.74450622958523
-0.7	3.0	1.7697283422337078
-0.7	4.0	231.9783311914238
-0.7	5.0	-0.5818114187472525
-0.7	6.0	113.11693149171826
-0.7	7.0	194.2597028295214
-0.7	8.0	-16.97172982639918
-0.7	9.0	239.05982866648023
-0.7	10.0	38.528683601008126
-0.7	11.0	38.528683601008105
-0.7	12.0	239.0598286664801
-0.7	13.0	-16.97172982639902
-0.7	14.0	194.25970282952153
-0.7	15.0	113.11693149171855
-0.7	16.0	-0.5818114187472795
-0.7	17.0	231.97833119142354
-0.7	18.0	1.7697283422337682
-0.7	19.0	161.7445062295851
-0.7	20.0	184.08662236153984
-0.6499999999999999	1.0	-145.44775696565733
-0.6499999999999999	2.0	-94.38670873406977
-0.6499999999999999	3.0	-16.622599638983186
-0.6499999999999999	4.0	-153.88412953324183
-0.6499999999999999	5.0	-4.7397834494222275
-0.6499999999999999	6.0	-114.14076726529136
-0.6499999999999999	7.0	-114.45552350197751
-0.6499999999999999	8.0	-40.730162250414274
-0.6499999999999999	9.0	-142.1434506291166
-0.6499999999999999	10.0	-52.35494949459915
-0.6499999999999999	11.0	-52.35494949459911
-0.6499999999999999	12.0	-142.1434506291166
-0.6499999999999999	13.0	-40.730162250414295
-0.6499999999999999	14.0	-114.45552350197742
-0.6499999999999999	15.0	-114.14076726529112
-0.6499999999999999	16.0	-4.739783449422211
-0.6499999999999999	17.0	-153.88412953324186
-0.6499999999999999	18.0	-16.622599638983207
-0.6499999999999999	19.0	-94.38670873406969
-0.6499999999999999	20.0	-145.44775696565713
-0.6000000000000001	1.0	-176.5703415013476
-0.6000000000000001	2.0	-55.363330273216434
-0.6000000000000001	3.0	-40.35491129767035
-0.6000000000000001	4.0	-130.0977239729832
-0.6000000000000001	5.0	11.88882796947501
-0.6000000000000001	6.0	-170.48607701364716
-0.6000000000000001	7.0	-53.22207489950754
-0.6000000000000001	8.0	-138.68812950137078
-0.6000000000000001	9.0	-98.30510427613837
-0.6000000000000001	10.0	-95.8924076564925
-0.6000000000000001	11.0	-95.89240765649237
-0.6000000000000001	12.0	-98.30510427613828
-0.6000000000000001	13.0	-138.6881295013707
-0.6000000000000001	14.0	-53.22207489950768
-0.6000000000000001	15.0	-170.486077013647
-0.6000000000000001	16.0	11.88882796947493
-0.6000000000000001	17.0	-130.09772397298312
-0.6000000000000001	18.0	-40.354911297670256
-0.6000000000000001	19.0	-55.363330273216604
-0.6000000000000001	20.0	-176.57034150134734
-0.55	1.0	76.09118051252996
-0.55	2.0	0.16489812490761319
-0.55	3.0	20.215473756330447
-0.55	4.0	35.29922928520837
-0.55	5.0	-21.016255524670395
-0.55	6.0	89.92177725832633
-0.55	7.0	-9.628973809163154
-0.55	8.0	92.51434405145649
-0.55	9.0	16.750767819948326
-0.55	10.0	50.349236230801594
-0.55	11.0	50.34923623080172
-0.55	12.0	16.75076781994833
-0.55	13.0	92.51434405145623
-0.55	14.0	-9.628973809163218
-0.55	15.0	89.9217772583261
-0.55	16.0	-21.016255524670434
-0.55	17.0	35.29922928520825
-0.55	18.0	20.215473756330464
-0.55	19.0	0.16489812490775665
-0.55	20.0	76.09118051253009
-0.5	1.0	832.8093524927906
-0.5	2.0	108.52945469289858
-0.5	3.0	250.66732799415624
-0.5	4.0	481.7644380120564
-0.5	5.0	-109.80435860729386
-0.5	6.0	924.1179352419244
-0.5	7.0	-1.6300356406429588
-0.5	8.0	915.5547413791936
-0.5	9.0	242.6200766661101
-0.5	10.0	609.8011392448358
-0.5	11.0	609.8011392448357
-0.5	12.0	242.6200766661099
-0.5	13.0	915.5547413791937
-0.5	14.0	-1.6300356406429155
-0.5	15.0	924.1179352419246
-0.5	16.0	-109.8043586072938
-0.5	17.0	481.7644380120566
-0.5	18.0	250.66732799415627
-0.5	19.0	108.52945469289857
-0.5	20.0	832.8093524927906
-0.4500000000000002	1.0	1141.2639044126358
-0.4500000000000002	2.0	185.91691457649566
-0.4500000000000002	3.0	354.34092990997976
-0.4500000000000002	4.0	693.389181802685
-0.4500000000000002	5.0	-145.86151901298896
-0.4500000000000002	6.0	1303.9201895365288
-0.4500000000000002	7.0	16.4369370690477
-0.4500000000000002	8.0	1263.9253567511876
-0.4500000000000002	9.0	334.0535547713153
-0.4500000000000002	10.0	895.2685183568943
-0.4500000000000002	11.0	895.2685183568946
-0.4500000000000002	12.0	334.05355477131536
-0.4500000000000002	13.0	1263.9253567511873
-0.4500000000000002	14.0	16.436937069047765
-0.4500000000000002	15.0	1303.9201895365286
-0.4500000000000002	16.0	-145.86151901298888
-0.4500000000000002	17.0	693.389181802685
-0.4500000000000002	18.0	354.34092990997976
-0.4500000000000002	19.0	185.9169145764956
-0.4500000000000002	20.0	1141.2639044126352
-0.3999999999999999	1.0	461.88205950199733
-0.3999999999999999	2.0	93.33124119926316
-0.3999999999999999	3.0	143.11673185601654
-0.3999999999999999	4.0	297.390512161562
-0.3999999999999999	5.0	-75.88273707129368
-0.3999999999999999	6.0	568.5039772817217
-0.3999999999999999	7.0	9.573414742216526
-0.3999999999999999	8.0	532.5311534693329
-0.3999999999999999	9.0	131.075726567557
-0.3999999999999999	10.0	398.80624633540555
-0.3999999999999999	11.0	398.80624633540543
-0.3999999999999999	12.0	131.07572656755698
-0.3999999999999999	13.0	532.5311534693329
-0.3999999999999999	14.0	9.573414742216494
-0.3999999999999999	15.0	568.5039772817214
-0.3999999999999999	16.0	-75.88273707129372
-0.3999999999999999	17.0	297.39051216156184
-0.3999999999999999	18.0	143.11673185601651
-0.3999999999999999	19.0	93.33124119926312
-0.3999999999999999	20.0	461.8820595019975
-0.3500000000000001	1.0	-108.07264705780699
-0.3500000000000001	2.0	-11.735517806101072
-0.3500000000000001	3.0	-41.75771965906498
-0.3500000000000001	4.0	-53.72758230318976
-0.3500000000000001	5.0	-7.594088057637017
-0.3500000000000001	6.0	-92.77603833911465
-0.3500000000000001	7.0	-12.390477685051216
-0.3500000000000001	8.0	-90.87815420593716
-0.3500000000000001	9.0	-31.69966519520185
-0.3500000000000001	10.0	-71.89567093236887
-0.3500000000000001	11.0	-71.895670932369
-0.3500000000000001	12.0	-31.699665195201945
-0.3500000000000001	13.0	-90.87815420593708
-0.3500000000000001	14.0	-12.390477685051245
-0.3500000000000001	15.0	-92.7760383391145
-0.3500000000000001	16.0	-7.594088057637018
-0.3500000000000001	17.0	-53.727582303189635
-0.3500000000000001	18.0	-41.75771965906482
-0.3500000000000001	19.0	-11.735517806101146
-0.3500000000000001	20.0	-108.07264705780719
-0.2999999999999998	1.0	-101.11303263872233
-0.2999999999999998	2.0	-19.06851724604737
-0.2999999999999998	3.0	-39.276041979565974
-0.2999999999999998	4.0	-54.98406283826089
-0.2999999999999998	5.0	1.2017083972497808
-0.2999999999999998	6.0	-103.31167923303668
-0.2999999999999998	7.0	-15.055984957337719
-0.2999999999999998	8.0	-91.85612683199142
-0.2999999999999998	9.0	-28.55486476708841
-0.2999999999999998	10.0	-79.31587294318498
-0.2999999999999998	11.0	-79.315872943185
-0.2999999999999998	12.0	-28.55486476708855
-0.2999999999999998	13.0	-91.85612683199149
-0.2999999999999998	14.0	-15.05598495733768
-0.2999999999999998	15.0	-103.3116792330367
-0.2999999999999998	16.0	1.2017083972499665
-0.2999999999999998	17.0	-54.98406283826102
-0.2999999999999998	18.0	-39.27604197956601
-0.2999999999999998	19.0	-19.06851724604721
-0.2999999999999998	20.0	-101.11303263872261
-0.25	1.0	-142.8517038423287
-0.25	2.0	17.78406236728076
-0.25	3.0	-75.80264160922262
-0.25	4.0	-13.30946021506407
-0.25	5.0	-64.06689302682923
-0.25	6.0	-18.993647329662046
-0.25	7.0	-40.592111632478655
-0.25	8.0	-27.24564993002645
-0.25	9.0	-33.571108980431774
-0.25	10.0	-33.22520749578268
-0.25	11.0	-33.22520749578244
-0.25	12.0	-33.57110898043165
-0.25	13.0	-27.245649930026328
-0.25	14.0	-40.59211163247873
-0.25	15.0	-18.993647329662224
-0.25	16.0	-64.06689302682922
-0.25	17.0	-13.309460215064037
-0.25	18.0	-75.80264160922279
-0.25	19.0	17.7840623672807
-0.25	20.0	-142.851703842329
-0.20000000000000018	1.0	-269.92395341299334
-0.20000000000000018	2.0	38.22200214141872
-0.20000000000000018	3.0	-149.90101417060376
-0.20000000000000018	4.0	-12.550404268644272
-0.20000000000000018	5.0	-132.96369614471433
-0.20000000000000018	6.0	-13.288603697884433
-0.20000000000000018	7.0	-82.37285355121128
-0.20000000000000018	8.0	-33.6158745232783
-0.20000000000000018	9.0	-64.5136886538538
-0.20000000000000018	10.0	-47.45595690626629
-0.20000000000000018	11.0	-47.4559569062664
-0.20000000000000018	12.0	-64.5136886538538
-0.20000000000000018	13.0	-33.615874523278386
-0.20000000000000018	14.0	-82.37285355121107
-0.20000000000000018	15.0	-13.288603697884293
-0.20000000000000018	16.0	-132.96369614471422
-0.20000000000000018	17.0	-12.550404268644229
-0.20000000000000018	18.0	-149.90101417060393
-0.20000000000000018	19.0	38.222002141418805
-0.20000000000000018	20.0	-269.9239534129932
-0.1499999999999999	1.0	668.7934810766956
-0.1499999999999999	2.0	-115.44440768882616
-0.1499999999999999	3.0	372.57155122937087
-0.1499999999999999	4.0	8.214861774625925
-0.1499999999999999	5.0	347.40779620409904
-0.1499999999999999	6.0	-11.47413935664011
-0.1499999999999999	7.0	201.88661107879713
-0.1499999999999999	8.0	50.77896695881288
-0.1499999999999999	9.0	153.6840807732424
-0.1499999999999999	10.0	87.75150359380832
-0.1499999999999999	11.0	87.75150359380828
-0.1499999999999999	12.0	153.68408077324253
-0.1499999999999999	13.0	50.778966958812866
-0.1499999999999999	14.0	201.88661107879727
-0.1499999999999999	15.0	-11.474139356640052
-0.1499999999999999	16.0	347.40779620409904
-0.1499999999999999	17.0	8.21486177462595
-0.1499999999999999	18.0	372.57155122937087
-0.1499999999999999	19.0	-115.44440768882622
-0.1499999999999999	20.0	668.7934810766957
-0.10000000000000009	1.0	2118.957025175416
-0.10000000000000009	2.0	-333.87720523272145
-0.10000000000000009	3.0	1197.9182823002068
-0.10000000000000009	4.0	41.41973261020065
-0.10000000000000009	5.0	1098.7726675949868
-0.10000000000000009	6.0	-11.77557914323903
-0.10000000000000009	7.0	650.6179124370929
-0.10000000000000009	8.0	191.94176425634583
-0.10000000000000009	9.0	510.6188792652686
-0.10000000000000009	10.0	288.32773239403247
-0.10000000000000009	11.0	288.3277323940325
-0.10000000000000009	12.0	510.61887926526856
-0.10000000000000009	13.0	191.9417642563459
-0.10000000000000009	14.0	650.617912437093
-0.10000000000000009	15.0	-11.775579143239083
-0.10000000000000009	16.0	1098.7726675949866
-0.10000000000000009	17.0	41.419732610200654
-0.10000000000000009	18.0	1197.9182823002063
-0.10000000000000009	19.0	-333.8772052327213
-0.10000000000000009	20.0	2118.9570251754167
-0.04999999999999982	1.0	1593.6969997824474
-0.04999999999999982	2.0	-253.17450564164392
-0.04999999999999982	3.0	901.4469904803863
-0.04999999999999982	4.0	33.16631377903059
-0.04999999999999982	5.0	833.0634638833402
-0.04999999999999982	6.0	-20.536063245844343
-0.04999999999999982	7.0	482.39250376908416
-0.04999999999999982	8.0	151.2020607135333
-0.04999999999999982	9.0	393.82564229466726
-0.04999999999999982	10.0	203.45347979655554
-0.04999999999999982	11.0	203.45347979655557
-0.04999999999999982	12.0	393.8256422946673
-0.04999999999999982	13.0	151.2020607135334
-0.04999999999999982	14.0	482.39250376908416
-0.04999999999999982	15.0	-20.536063245844435
-0.04999999999999982	16.0	833.0634638833399
-0.04999999999999982	17.0	33.166313779030624
-0.04999999999999982	18.0	901.4469904803863
-0.04999999999999982	19.0	-253.17450564164375
-0.04999999999999982	20.0	1593.6969997824467
0.0	1.0	567.5985463031
0.0	2.0	-103.46361922446127
0.0	3.0	314.6512817450409
0.0	4.0	10.48075424029149
0.0	5.0	304.8057700831274
0.0	6.0	-28.852657799647794
0.0	7.0	158.61410753584192
0.0	8.0	53.514023228217994
0.0	9.0	144.75155732816202
0.0	10.0	52.763852907055956
0.0	11.0	52.763852907055984
0.0	12.0	144.75155732816216
0.0	13.0	53.514023228217845
0.0	14.0	158.61410753584218
0.0	15.0	-28.8526577996478
0.0	16.0	304.805770083128
0.0	17.0	10.48075424029153
0.0	18.0	314.6512817450409
0.0	19.0	-103.46361922446141
0.0	20.0	567.5985463030999
0.04999999999999982	1.0	1593.6969997824474
0.04999999999999982	2.0	-253.17450564164392
0.04999999999999982	3.0	901.4469904803863
0.04999999999999982	4.0	33.16631377903059
0.04999999999999982	5.0	833.0634638833402
0.04999999999999982	6.0	-20.536063245844343
0.04999999999999982	7.0	482.39250376908416
0.04999999999999982	8.0	151.2020607135333
0.04999999999999982	9.0	393.82564229466726
0.04999999999999982	10.0	203.45347979655554
0.04999999999999982	11.0	203.45347979655557
0.04999999999999982	12.0	393.8256422946673
0.04999999999999982	13.0	151.2020607135334
0.04999999999999982	14.0	482.39250376908416
0.04999999999999982	15.0	-20.536063245844435
0.04999999999999982	16.0	833.0634638833399
0.04999999999999982	17.0	33.166313779030624
0.04999999999999982	18.0	901.4469904803863
0.04999999999999982	19.0	-253.17450564164375
0.04999999999999982	20.0	1593.6969997824467
0.10000000000000009	1.0	2118.957025175416
0.10000000000000009	2.0	-333.87720523272145
0.10000000000000009	3.0	1197.9182823002068
0.10000000000000009	4.0	41.41973261020065
0.10000000000000009	5.0	1098.7726675949868
0.10000000000000009	6.0	-11.77557914323903
0.10000000000000009	7.0	650.6179124370929
0.10000000000000009	8.0	191.94176425634583
0.10000000000000009	9.0	510.6188792652686
0.10000000000000009	10.0	288.32773239403247
0.10000000000000009	11.0	288.3277323940325
0.10000000000000009	12.0	510.61887926526856
0.10000000000000009	13.0	191.9417642563459
0.10000000000000009	14.0	650.617912437093
0.10000000000000009	15.0	-11.775579143239083
0.10000000000000009	16.0	1098.7726675949866
0.10000000000000009	17.0	41.419732610200654
0.10000000000000009	18.0	1197.9182823002063
0.10000000000000009	19.0	-333.8772052327213
0.10000000000000009	20.0	2118.9570251754167
0.1499999999999999	1.0	668.7934810766956
0.1499999999999999	2.0	-115.44440768882616
0.1499999999999999	3.0	372.57155122937087
0.1499999999999999	4.0	8.214861774625925
0.1499999999999999	5.0	347.40779620409904
0.1499999999999999	6.0	-11.47413935664011
0.1499999999999999	7.0	201.88661107879713
0.1499999999999999	8.0	50.77896695881288
0.1499999999999999	9.0	153.6840807732424
0.1499999999999999	10.0	87.75150359380832
0.1499999999999999	11.0	87.75150359380828
0.1499999999999999	12.0	153.68408077324253
0.1499999999999999	13.0	50.778966958812866
0.1499999999999999	14.0	201.88661107879727
0.1499999999999999	15.0	-11.474139356640052
0.1499999999999999	16.0	347.40779620409904
0.1499999999999999	17.0	8.21486177462595
0.1499999999999999	18.0	372.57155122937087
0.1499999999999999	19.0	-115.44440768882622
0.1499999999999999	20.0	668.7934810766957
0.20000000000000018	1.0	-269.92395341299334
0.20000000000000018	2.0	38.22200214141872
0.20000000000000018	3.0	-149.90101417060376
0.20000000000000018	4.0	-12.550404268644272
0.20000000000000018	5.0	-132.96369614471433
0.20000000000000018	6.0	-13.288603697884433
0.20000000000000018	7.0	-82.37285355121128
0.20000000000000018	8.0	-33.6158745232783
0.20000000000000018	9.0	-64.5136886538538
0.20000000000000018	10.0	-47.45595690626629
0.20000000000000018	11.0	-47.4559569062664
0.20000000000000018	12.0	-64.5136886538538
0.20000000000000018	13.0	-33.615874523278386
0.20000000000000018	14.0	-82.37285355121107
0.20000000000000018	15.0	-13.288603697884293
0.20000000000000018	16.0	-132.96369614471422
0.20000000000000018	17.0	-12.550404268644229
0.20000000000000018	18.0	-149.90101417060393
0.20000000000000018	19.0	38.222002141418805
0.20000000000000018	20.0	-269.9239534129932
0.25	1.0	-142.8517038423287
0.25	2.0	17.78406236728076
0.25	3.0	-75.80264160922262
0.25	4.0	-13.30946021506407
0.25	5.0	-64.06689302682923
0.25	6.0	-18.993647329662046
0.25	7.0	-40.592111632478655
0.25	8.0	-27.24564993002645
0.25	9.0	-33.571108980431774
0.25	10.0	-33.22520749578268
0.25	11.0	-33.22520749578244
0.25	12.0	-33.57110898043165
0.25	13.0	-27.245649930026328
0.25	14.0	-40.59211163247873
0.25	15.0	-18.993647329662224
0.25	16.0	-64.06689302682922
0.25	17.0	-13.309460215064037
0.25	18.0	-75.80264160922279
0.25	19.0	17.7840623672807
0.25	20.0	-142.851703842329
0.2999999999999998	1.0	-101.11303263872233
0.2999999999999998	2.0	-19.06851724604737
0.2999999999999998	3.0	-39.276041979565974
0.2999999999999998	4.0	-54.98406283826089
0.2999999999999998	5.0	1.2017083972497808
0.2999999999999998	6.0	-103.31167923303668
0.2999999999999998	7.0	-15.055984957337719
0.2999999999999998	8.0	-91.85612683199142
0.2999999999999998	9.0	-28.55486476708841
0.2999999999999998	10.0	-79.31587294318498
0.2999999999999998	11.0	-79.315872943185
0.2999999999999998	12.0	-28.55486476708855
0.2999999999999998	13.0	-91.85612683199149
0.2999999999999998	14.0	-15.05598495733768
0.2999999999999998	15.0	-103.3116792330367
0.2999999999999998	16.0	1.2017083972499665
0.2999999999999998	17.0	-54.98406283826102
0.2999999999999998	18.0	-39.27604197956601
0.2999999999999998	19.0	-19.06851724604721
0.2999999999999998	20.0	-101.11303263872261
0.3500000000000001	1.0	-108.07264705780699
0.3500000000000001	2.0	-11.735517806101072
0.3500000000000001	3.0	-41.75771965906498
0.3500000000000001	4.0	-53.72758230318976
0.3500000000000001	5.0	-7.594088057637017
0.3500000000000001	6.0	-92.77603833911465
0.3500000000000001	7.0	-12.390477685051216
0.3500000000000001	8.0	-90.87815420593716
0.3500000000000001	9.0	-31.69966519520185
0.3500000000000001	10.0	-71.89567093236887
0.3500000000000001	11.0	-71.895670932369
0.3500000000000001	12.0	-31.699665195201945
0.3500000000000001	13.0	-90.87815420593708
0.3500000000000001	14.0	-12.390477685051245
0.3500000000000001	15.0	-92.7760383391145
0.3500000000000001	16.0	-7.594088057637018
0.3500000000000001	17.0	-53.727582303189635
0.3500000000000001	18.0	-41.75771965906482
0.3500000000000001	19.0	-11.735517806101146
0.3500000000000001	20.0	-108.07264705780719
0.3999999999999999	1.0	461.88205950199733
0.3999999999999999	2.0	93.33124119926316
0.3999999999999999	3.0	143.11673185601654
0.3999999999999999	4.0	297.390512161562
0.3999999999999999	5.0	-75.88273707129368
0.3999999999999999	6.0	568.5039772817217
0.3999999999999999	7.0	9.573414742216526
0.3999999999999999	8.0	532.5311534693329
0.3999999999999999	9.0	131.075726567557
0.3999999999999999	10.0	398.80624633540555
0.3999999999999999	11.0	398.80624633540543
0.3999999999999999	12.0	131.07572656755698
0.3999999999999999	13.0	532.5311534693329
0.3999999999999999	14.0	9.573414742216494
0.3999999999999999	15.0	568.5039772817214
0.3999999999999999	16.0	-75.88273707129372
0.3999999999999999	17.0	297.39051216156184
0.3999999999999999	18.0	143.11673185601651
0.3999999999999999	19.0	93.33124119926312
0.3999999999999999	20.0	461.8820595019975
0.4500000000000002	1.0	1141.2639044126358
0.4500000000000002	2.0	185.91691457649566
0.4500000000000002	3.0	354.34092990997976
0.4500000000000002	4.0	693.389181802685
0.4500000000000002	5.0	-145.86151901298896
0.4500000000000002	6.0	1303.9201895365288
0.4500000000000002	7.0	16.4369370690477
0.4500000000000002	8.0	1263.9253567511876
0.4500000000000002	9.0	334.0535547713153
0.4500000000000002	10.0	895.2685183568943
0.4500000000000002	11.0	895.2685183568946
0.4500000000000002	12.0	334.05355477131536
0.4500000000000002	13.0	1263.9253567511873
0.4500000000000002	14.0	16.436937069047765
0.4500000000000002	15.0	1303.9201895365286
0.4500000000000002	16.0	-145.86151901298888
0.4500000000000002	17.0	693.389181802685
0.4500000000000002	18.0	354.34092990997976
0.4500000000000002	19.0	185.9169145764956
0.4500000000000002	20.0	1141.2639044126352
0.5	1.0	832.8093524927906
0.5	2.0	108.52945469289858
0.5	3.0	250.66732799415624
0.5	4.0	481.7644380120564
0.5	5.0	-109.80435860729386
0.5	6.0	924.1179352419244
0.5	7.0	-1.6300356406429588
0.5	8.0	915.5547413791936
0.5	9.0	242.6200766661101
0.5	10.0	609.8011392448358
0.5	11.0	609.8011392448357
0.5	12.0	242.6200766661099
0.5	13.0	915.5547413791937
0.5	14.0	-1.6300356406429155
0.5	15.0	924.1179352419246
0.5	16.0	-109.8043586072938
0.5	17.0	481.7644380120566
0.5	18.0	250.66732799415627
0.5	19.0	108.52945469289857
0.5	20.0	832.8093524927906
0.5499999999999998	1.0	76.09118051253309
0.5499999999999998	2.0	0.16489812490793496
0.5499999999999998	3.0	20.215473756331285
0.5499999999999998	4.0	35.29922928520997
0.5499999999999998	5.0	-21.016255524670648
0.5499999999999998	6.0	89.92177725832919
0.5499999999999998	7.0	-9.628973809162982
0.5499999999999998	8.0	92.51434405145939
0.5499999999999998	9.0	16.750767819949097
0.5499999999999998	10.0	50.34923623080353
0.5499999999999998	11.0	50.34923623080353
0.5499999999999998	12.0	16.75076781994914
0.5499999999999998	13.0	92.51434405145956
0.5499999999999998	14.0	-9.62897380916318
0.5499999999999998	15.0	89.92177725832931
0.5499999999999998	16.0	-21.0162555246708
0.5499999999999998	17.0	35.29922928520998
0.5499999999999998	18.0	20.21547375633126
0.5499999999999998	19.0	0.16489812490803746
0.5499999999999998	20.0	76.09118051253296
0.6000000000000001	1.0	-176.5703415013476
0.6000000000000001	2.0	-55.363330273216434
0.6000000000000001	3.0	-40.35491129767035
0.6000000000000001	4.0	-130.0977239729832
0.6000000000000001	5.0	11.88882796947501
0.6000000000000001	6.0	-170.48607701364716
0.6000000000000001	7.0	-53.22207489950754
0.6000000000000001	8.0	-138.68812950137078
0.6000000000000001	9.0	-98.30510427613837
0.6000000000000001	10.0	-95.8924076564925
0.6000000000000001	11.0	-95.89240765649237
0.6000000000000001	12.0	-98.30510427613828
0.6000000000000001	13.0	-138.6881295013707
0.6000000000000001	14.0	-53.22207489950768
0.6000000000000001	15.0	-170.486077013647
0.6000000000000001	16.0	11.88882796947493
0.6000000000000001	17.0	-130.09772397298312
0.6000000000000001	18.0	-40.354911297670256
0.6000000000000001	19.0	-55.363330273216604
0.6000000000000001	20.0	-176.57034150134734
0.6499999999999999	1.0	-145.44775696565733
0.6499999999999999	2.0	-94.38670873406977
0.6499999999999999	3.0	-16.622599638983186
0.6499999999999999	4.0	-153.88412953324183
0.6499999999999999	5.0	-4.7397834494222275
0.6499999999999999	6.0	-114.14076726529136
0.6499999999999999	7.0	-114.45552350197751
0.6499999999999999	8.0	-40.730162250414274
0.6499999999999999	9.0	-142.1434506291166
0.6499999999999999	10.0	-52.35494949459915
0.6499999999999999	11.0	-52.35494949459911
0.6499999999999999	12.0	-142.1434506291166
0.6499999999999999	13.0	-40.730162250414295
0.6499999999999999	14.0	-114.45552350197742
0.6499999999999999	15.0	-114.14076726529112
0.6499999999999999	16.0	-4.739783449422211
0.6499999999999999	17.0	-153.88412953324186
0.6499999999999999	18.0	-16.622599638983207
0.6499999999999999	19.0	-94.38670873406969
0.6499999999999999	20.0	-145.44775696565713
0.7000000000000002	1.0	184.086622361543
0.7000000000000002	2.0	161.74450622958733
0.7000000000000002	3.0	1.7697283422338073
0.7000000000000002	4.0	231.9783311914274
0.7000000000000002	5.0	-0.5818114187471307
0.7000000000000002	6.0	113.11693149172038
0.7000000000000002	7.0	194.25970282952454
0.7000000000000002	8.0	-16.971729826399187
0.7000000000000002	9.0	239.05982866648338
0.7000000000000002	10.0	38.52868360100862
0.7000000000000002	11.0	38.52868360100856
0.7000000000000002	12.0	239.05982866648355
0.7000000000000002	13.0	-16.97172982639934
0.7000000000000002	14.0	194.25970282952423
0.7000000000000002	15.0	113.1169314917203
0.7000000000000002	16.0	-0.5818114187472132
0.7000000000000002	17.0	231.97833119142746
0.7000000000000002	18.0	1.7697283422338395
0.7000000000000002	19.0	161.74450622958753
0.7000000000000002	20.0	184.08662236154288
0.75	1.0	808.6618475616048
0.75	2.0	652.9377670894205
0.75	3.0	20.21472756975721
0.75	4.0	965.2859460668498
0.75	5.0	24.763445090728773
0.75	6.0	455.15042837425045
0.75	7.0	765.3417285844921
0.75	8.0	-29.504957705921736
0.75	9.0	971.5970074924079
0.75	10.0	199.77717600372102
0.75	11.0	199.7771760037207
0.75	12.0	971.5970074924081
0.75	13.0	-29.50495770592169
0.75	14.0	765.3417285844921
0.75	15.0	455.1504283742509
0.75	16.0	24.763445090728734
0.75	17.0	965.2859460668491
0.75	18.0	20.214727569757233
0.75	19.0	652.9377670894203
0.75	20.0	808.6618475616048
0.7999999999999998	1.0	911.2066498459907
0.7999999999999998	2.0	706.4140982956646
0.7999999999999998	3.0	18.47673236905008
0.7999999999999998	4.0	1043.660416043536
0.7999999999999998	5.0	9.872516449624602
0.7999999999999998	6.0	447.08483356632803
0.7999999999999998	7.0	788.8001727699128
0.7999999999999998	8.0	-29.353065280857255
0.7999999999999998	9.0	1067.2712871708559
0.7999999999999998	10.0	224.70545070212688
0.7999999999999998	11.0	224.7054507021269
0.7999999999999998	12.0	1067.2712871708557
0.7999999999999998	13.0	-29.35306528085711
0.7999999999999998	14.0	788.8001727699132
0.7999999999999998	15.0	447.0848335663281
0.7999999999999998	16.0	9.872516449624388
0.7999999999999998	17.0	1043.6604160435365
0.7999999999999998	18.0	18.476732369050136
0.7999999999999998	19.0	706.4140982956649
0.7999999999999998	20.0	911.2066498459902
0.8500000000000001	1.0	375.64148347890756
0.8500000000000001	2.0	280.76836579790194
0.8500000000000001	3.0	2.8942735848065904
0.8500000000000001	4.0	405.7501418352623
0.8500000000000001	5.0	-19.84895356842862
0.8500000000000001	6.0	141.9684392964589
0.8500000000000001	7.0	285.99490817589384
0.8500000000000001	8.0	-16.963167791525976
0.8500000000000001	9.0	435.78667622517514
0.8500000000000001	10.0	87.25122008604635
0.8500000000000001	11.0	87.25122008604639
0.8500000000000001	12.0	435.78667622517503
0.8500000000000001	13.0	-16.963167791526125
0.8500000000000001	14.0	285.99490817589395
0.8500000000000001	15.0	141.96843929645885
0.8500000000000001	16.0	-19.848953568428662
0.8500000000000001	17.0	405.7501418352619
0.8500000000000001	18.0	2.8942735848065713
0.8500000000000001	19.0	280.7683657979017
0.8500000000000001	20.0	375.6414834789074
0.8999999999999999	1.0	-62.810071483159106
0.8999999999999999	2.0	-96.31345138710923
0.8999999999999999	3.0	-6.066506596056971
0.8999999999999999	4.0	-93.94759651833618
0.8999999999999999	5.0	-74.87586567336649
0.8999999999999999	6.0	-13.627214505665918
0.8999999999999999	7.0	-66.1292726820237
0.8999999999999999	8.0	-40.23637064396987
0.8999999999999999	9.0	-31.411758598527758
0.8999999999999999	10.0	-57.41746438229613
0.8999999999999999	11.0	-57.417464382296075
0.8999999999999999	12.0	-31.41175859852787
0.8999999999999999	13.0	-40.23637064396983
0.8999999999999999	14.0	-66.12927268202364
0.8999999999999999	15.0	-13.627214505665938
0.8999999999999999	16.0	-74.87586567336636
0.8999999999999999	17.0	-93.94759651833611
0.8999999999999999	18.0	-6.06650659605692
0.8999999999999999	19.0	-96.31345138710921
0.8999999999999999	20.0	-62.81007148315926
0.9500000000000002	1.0	-153.27398967778026
0.9500000000000002	2.0	-218.91079299135555
0.9500000000000002	3.0	-7.929966250833047
0.9500000000000002	4.0	-198.95454970678946
0.9500000000000002	5.0	-150.80711867631604
0.9500000000000002	6.0	1.468373184757952
0.9500000000000002	7.0	-126.22812556346321
0.9500000000000002	8.0	-100.40383252473022
0.9500000000000002	9.0	-83.17782530770447
0.9500000000000002	10.0	-119.17756739026721
0.9500000000000002	11.0	-119.17756739026719
0.9500000000000002	12.0	-83.17782530770438
0.9500000000000002	13.0	-100.40383252473029
0.9500000000000002	14.0	-126.22812556346308
0.9500000000000002	15.0	1.4683731847579724
0.9500000000000002	16.0	-150.8071186763161
0.9500000000000002	17.0	-198.9545497067894
0.9500000000000002	18.0	-7.929966250833074
0.9500000000000002	19.0	-218.91079299135575
0.9500000000000002	20.0	-153.2739896777804
1.0	1.0	-3.292804095741676
1.0	2.0	73.72635313408458
1.0	3.0	-7.091723036907033
1.0	4.0	39.31970167479882
1.0	5.0	110.68228648751536
1.0	6.0	-44.73094770650452
1.0	7.0	14.600866135350046
1.0	8.0	56.40958313652993
1.0	9.0	-64.1879531768174
1.0	10.0	20.74787892049289
1.0	11.0	20.74787892049284
1.0	12.0	-64.18795317681735
1.0	13.0	56.40958313652986
1.0	14.0	14.600866135350158
1.0	15.0	-44.73094770650449
1.0	16.0	110.68228648751564
1.0	17.0	39.3197016747988
1.0	18.0	-7.09172303690709
1.0	19.0	73.72635313408466
1.0	20.0	-3.292804095741746
1.0499999999999998	1.0	260.6761077059974
1.0499999999999998	2.0	690.1126069157156
1.0499999999999998	3.0	-26.50749889845501
1.0499999999999998	4.0	508.49319391492816
1.0499999999999998	5.0	777.7596981437024
1.0499999999999998	6.0	-199.04411939699543
1.0499999999999998	7.0	274.22407487387267
1.0499999999999998	8.0	463.2016335682201
1.0499999999999998	9.0	-146.60203716005492
1.0499999999999998	10.0	244.70389594478763
1.0499999999999998	11.0	244.70389594478743
1.0499999999999998	12.0	-146.60203716005518
1.0499999999999998	13.0	463.2016335682204
1.0499999999999998	14.0	274.2240748738727
1.0499999999999998	15.0	-199.04411939699506
1.0499999999999998	16.0	777.7596981437023
1.0499999999999998	17.0	508.49319391492804
1.0499999999999998	18.0	-26.50749889845526
1.0499999999999998	19.0	690.1126069157157
1.0499999999999998	20.0	260.6761077059973
1.1	1.0	380.52934721809385
1.1	2.0	1030.7759789878821
1.1	3.0	-72.04175211228755
1.1	4.0	792.5271245042687
1.1	5.0	1230.1790434420595
1.1	6.0	-303.21558428765366
1.1	7.0	403.96394583999245
1.1	8.0	715.1224670349737
1.1	9.0	-217.38787506825247
1.1	10.0	242.2631594661269
1.1	11.0	242.2631594661269
1.1	12.0	-217.38787506825255
1.1	13.0	715.122467034974
1.1	14.0	403.96394583999216
1.1	15.0	-303.21558428765377
1.1	16.0	1230.1790434420598
1.1	17.0	792.5271245042687
1.1	18.0	-72.04175211228767
1.1	19.0	1030.775978987882
1.1	20.0	380.5293472180936
1.15	1.0	275.24662239495797
1.15	2.0	812.9099228108028
1.15	3.0	-98.49095673389631
1.15	4.0	642.5537488680123
1.15	5.0	1028.4483080858383
1.15	6.0	-287.6066243336363
1.15	7.0	297.6955812494975
1.15	8.0	562.0351886297586
1.15	9.0	-230.08541246056654
1.15	10.0	30.329376131064762
1.15	11.0	30.329376131064965
1.15	12.0	-230.08541246056637
1.15	13.0	562.0351886297589
1.15	14.0	297.6955812494975
1.15	15.0	-287.6066243336362
1.15	16.0	1028.4483080858383
1.15	17.0	642.5537488680126
1.15	18.0	-98.49095673389644
1.15	19.0	812.909922810803
1.15	20.0	275.2466223949581
1.2000000000000002	1.0	115.0928898214863
1.2000000000000002	2.0	340.84624893279545
1.2000000000000002	3.0	-101.97368564679819
1.2000000000000002	4.0	267.22319026368837
1.2000000000000002	5.0	433.3561544340172
1.2000000000000002	6.0	-276.2525120744394
1.2000000000000002	7.0	83.99327841838851
1.2000000000000002	8.0	140.89439598851644
1.2000000000000002	9.0	-322.0593081072614
1.2000000000000002	10.0	-179.31368893344873
1.2000000000000002	11.0	-179.31368893344853
1.2000000000000002	12.0	-322.05930810726124
1.2000000000000002	13.0	140.89439598851698
1.2000000000000002	14.0	83.99327841838864
1.2000000000000002	15.0	-276.2525120744394
1.2000000000000002	16.0	433.35615443401707
1.2000000000000002	17.0	267.2231902636883
1.2000000000000002	18.0	-101.97368564679823
1.2000000000000002	19.0	340.8462489327955
1.2000000000000002	20.0	115.09288982148625
1.25	1.0	-6.945448659651127
1.25	2.0	-88.18150879422902
1.25	3.0	-218.7549917044266
1.25	4.0	154.8164241318212
1.25	5.0	224.68291124184037
1.25	6.0	-281.1088226205664
1.25	7.0	-177.91802446569616
1.25	8.0	251.84429222221445
1.25	9.0	103.34322843500796
1.25	10.0	-278.65749473251043
1.25	11.0	-278.6574947325101
1.25	12.0	103.34322843500773
1.25	13.0	251.84429222221516
1.25	14.0	-177.91802446569588
1.25	15.0	-281.1088226205667
1.25	16.0	224.6829112418401
1.25	17.0	154.8164241318211
1.25	18.0	-218.75499170442677
1.25	19.0	-88.18150879422899
1.25	20.0	-6.945448659651147
1.2999999999999998	1.0	-132.93849631098158
1.2999999999999998	2.0	-191.83783637916744
1.2999999999999998	3.0	-261.2707347810262
1.2999999999999998	4.0	491.98744979061985
1.2999999999999998	5.0	701.708114734854
1.2999999999999998	6.0	175.80743226025206
1.2999999999999998	7.0	-39.044183589288814
1.2999999999999998	8.0	1367.416046036445
1.2999999999999998	9.0	1491.5897212722552
1.2999999999999998	10.0	184.7680017136801
1.2999999999999998	11.0	184.76800171367958
1.2999999999999998	12.0	1491.5897212722562
1.2999999999999998	13.0	1367.4160460364458
1.2999999999999998	14.0	-39.04418358928932
1.2999999999999998	15.0	175.80743226025243
1.2999999999999998	16.0	701.7081147348541
1.2999999999999998	17.0	491.98744979062
1.2999999999999998	18.0	-261.2707347810262
1.2999999999999998	19.0	-191.83783637916738
1.2999999999999998	20.0	-132.93849631098166
1.35	1.0	-52.05939339676196
1.35	2.0	926.1099769684542
1.35	3.0	665.1915246400325
1.35	4.0	723.0204374716578
1.35	5.0	1131.9892236481091
1.35	6.0	1528.5176232332344
1.35	7.0	1158.7027985378259
1.35	8.0	2028.1754078435536
1.35	9.0	2238.1999803091185
1.35	10.0	1380.2077038870946
1.35	11.0	1380.2077038870946
1.35	12.0	2238.199980309117
1.35	13.0	2028.1754078435536
1.35	14.0	1158.702798537827
1.35	15.0	1528.5176232332337
1.35	16.0	1131.9892236481094
1.35	17.0	723.0204374716577
1.35	18.0	665.1915246400331
1.35	19.0	926.1099769684542
1.35	20.0	-52.05939339676201
1.4	1.0	374.43375916428454
1.4	2.0	2602.114085418412
1.4	3.0	2041.981508499641
1.4	4.0	419.4873256135974
1.4	5.0	841.182170972635
1.4	6.0	2244.0866802497817
1.4	7.0	2035.6965675990236
1.4	8.0	1071.393499340279
1.4	9.0	1140.3277354123957
1.4	10.0	1644.0083206144132
1.4	11.0	1644.0083206144136
1.4	12.0	1140.3277354123961
1.4	13.0	1071.3934993402786
1.4	14.0	2035.6965675990243
1.4	15.0	2244.0866802497812
1.4	16.0	841.1821709726344
1.4	17.0	419.4873256135976
1.4	18.0	2041.981508499641
1.4	19.0	2602.1140854184127
1.4	20.0	374.4337591642844
1.4500000000000002	1.0	574.3922247780688
1.4500000000000002	2.0	2361.848908771161
1.4500000000000002	3.0	1946.657450653154
1.4500000000000002	4.0	41.85621011233907
1.4500000000000002	5.0	145.74081026688074
1.4500000000000002	6.0	1167.433893173627
1.4500000000000002	7.0	1185.4602917242041
1.4500000000000002	8.0	-118.68250181306799
1.4500000000000002	9.0	-120.66388922346066
1.4500000000000002	10.0	620.5064074221592
1.4500000000000002	11.0	620.5064074221589
1.4500000000000002	12.0	-120.66388922346079
1.4500000000000002	13.0	-118.68250181306838
1.4500000000000002	14.0	1185.460291724204
1.4500000000000002	15.0	1167.433893173627
1.4500000000000002	16.0	145.740810266881
1.4500000000000002	17.0	41.85621011233905
1.4500000000000002	18.0	1946.6574506531542
1.4500000000000002	19.0	2361.8489087711614
1.4500000000000002	20.0	574.3922247780688
1.5	1.0	359.2831709994725
1.5	2.0	780.7783578088428
1.5	3.0	915.5268603219812
1.5	4.0	93.64985797727121
1.5	5.0	-183.74302007855167
1.5	6.0	166.5913609951423
1.5	7.0	107.94505081631743
1.5	8.0	-321.39081217240107
1.5	9.0	-60.199441566616095
1.5	10.0	401.4467446303833
1.5	11.0	401.44674463038314
1.5	12.0	-60.19944156661629
1.5	13.0	-321.39081217240107
1.5	14.0	107.94505081631662
1.5	15.0	166.59136099514248
1.5	16.0	-183.7430200785519
1.5	17.0	93.64985797727137
1.5	18.0	915.5268603219812
1.5	19.0	780.7783578088423
1.5	20.0	359.28317099947253
1.5499999999999998	1.0	248.66946383690671
1.5499999999999998	2.0	133.93921554296614
1.5499999999999998	3.0	637.9254346646351
1.5499999999999998	4.0	406.4268930409607
1.5499999999999998	5.0	-101.60061553409811
1.5499999999999998	6.0	74.31597502864527
1.5499999999999998	7.0	-194.0914919123936
1.5499999999999998	8.0	-156.54502968906527
1.5499999999999998	9.0	471.28388506291935
1.5499999999999998	10.0	919.4479107927012
1.5499999999999998	11.0	919.447910792701
1.5499999999999998	12.0	471.2838850629186
1.5499999999999998	13.0	-156.54502968906522
1.5499999999999998	14.0	-194.09149191239382
1.5499999999999998	15.0	74.31597502864557
1.5499999999999998	16.0	-101.60061553409795
1.5499999999999998	17.0	406.42689304096115
1.5499999999999998	18.0	637.9254346646351
1.5499999999999998	19.0	133.939215542966
1.5499999999999998	20.0	248.66946383690674
1.5999999999999996	1.0	280.94965780147487
1.5999999999999996	2.0	309.9710769346555
1.5999999999999996	3.0	802.4101007590255
1.5999999999999996	4.0	546.5582163023912
1.5999999999999996	5.0	-2.622910971682551
1.5999999999999996	6.0	95.39029712041953
1.5999999999999996	7.0	-176.71896728690527
1.5999999999999996	8.0	-108.21453866018031
1.5999999999999996	9.0	592.8397270584031
1.5999999999999996	10.0	1000.1141475781661
1.5999999999999996	11.0	1000.1141475781661
1.5999999999999996	12.0	592.8397270584032
1.5999999999999996	13.0	-108.21453866018062
1.5999999999999996	14.0	-176.7189672869052
1.5999999999999996	15.0	95.39029712041918
1.5999999999999996	16.0	-2.622910971682427
1.5999999999999996	17.0	546.5582163023913
1.5999999999999996	18.0	802.4101007590259
1.5999999999999996	19.0	309.9710769346551
1.5999999999999996	20.0	280.94965780147453
1.6500000000000004	1.0	175.30188711457254
1.6500000000000004	2.0	254.42373580372478
1.6500000000000004	3.0	553.2362929464714
1.6500000000000004	4.0	406.67291725715796
1.6500000000000004	5.0	128.15217672828894
1.6500000000000004	6.0	179.029816268199
1.6500000000000004	7.0	1.8726404983094134
1.6500000000000004	8.0	-15.545907406278113
1.6500000000000004	9.0	314.17522513420073
1.6500000000000004	10.0	519.4729712196561
1.6500000000000004	11.0	519.4729712196563
1.6500000000000004	12.0	314.1752251342006
1.6500000000000004	13.0	-15.545907406277955
1.6500000000000004	14.0	1.8726404983089864
1.6500000000000004	15.0	179.02981626819948
1.6500000000000004	16.0	128.1521767282891
1.6500000000000004	17.0	406.6729172571577
1.6500000000000004	18.0	553.2362929464715
1.6500000000000004	19.0	254.42373580372472
1.6500000000000004	20.0	175.30188711457268
1.7000000000000002	1.0	61.90347113218095
1.7000000000000002	2.0	60.670703221723365
1.7000000000000002	3.0	340.040489280228
1.7000000000000002	4.0	471.26217956744324
1.7000000000000002	5.0	574.7854603988611
1.7000000000000002	6.0	640.0765140635405
1.7000000000000002	7.0	414.6265341034574
1.7000000000000002	8.0	201.70181057288616
1.7000000000000002	9.0	-66.46689218928411
1.7000000000000002	10.0	-120.23860315214112
1.7000000000000002	11.0	-120.2386031521408
1.7000000000000002	12.0	-66.46689218928425
1.7000000000000002	13.0	201.7018105728859
1.7000000000000002	14.0	414.62653410345746
1.7000000000000002	15.0	640.0765140635407
1.7000000000000002	16.0	574.7854603988611
1.7000000000000002	17.0	471.2621795674428
1.7000000000000002	18.0	340.04048928022814
1.7000000000000002	19.0	60.6707032217236
1.7000000000000002	20.0	61.903471132180876
1.75	1.0	95.7504268074623
1.75	2.0	152.96649291988996
1.75	3.0	582.4544187875938
1.75	4.0	850.6810247326024
1.75	5.0	1131.231290572693
1.75	6.0	1218.3984875950516
1.75	7.0	940.5255769983042
1.75	8.0	592.4740255246618
1.75	9.0	93.456125414536
1.75	10.0	-20.380879297147374
1.75	11.0	-20.38087929714751
1.75	12.0	93.45612541453625
1.75	13.0	592.4740255246622
1.75	14.0	940.525576998304
1.75	15.0	1218.3984875950518
1.75	16.0	1131.2312905726926
1.75	17.0	850.6810247326026
1.75	18.0	582.4544187875932
1.75	19.0	152.96649291988962
1.75	20.0	95.75042680746215
1.7999999999999998	1.0	94.42041058427615
1.7999999999999998	2.0	187.6646657672507
1.7999999999999998	3.0	564.1241571748366
1.7999999999999998	4.0	809.2036955266567
1.7999999999999998	5.0	1105.0427713768852
1.7999999999999998	6.0	1221.4826256621639
1.7999999999999998	7.0	1197.4201922315176
1.7999999999999998	8.0	1051.0241295276653
1.7999999999999998	9.0	880.7083912990688
1.7999999999999998	10.0	879.4448285767658
1.7999999999999998	11.0	879.444828576765
1.7999999999999998	12.0	880.7083912990689
1.7999999999999998	13.0	1051.0241295276646
1.7999999999999998	14.0	1197.4201922315185
1.7999999999999998	15.0	1221.4826256621639
1.7999999999999998	16.0	1105.0427713768856
1.7999999999999998	17.0	809.2036955266567
1.7999999999999998	18.0	564.1241571748367
1.7999999999999998	19.0	187.66466576725063
1.7999999999999998	20.0	94.42041058427618
1.8499999999999996	1.0	24.830599955933973
1.8499999999999996	2.0	52.36076762151677
1.8499999999999996	3.0	194.79404972021803
1.8499999999999996	4.0	331.7516462047356
1.8499999999999996	5.0	556.863307525587
1.8499999999999996	6.0	698.655468511024
1.8499999999999996	7.0	917.3361092686999
1.8499999999999996	8.0	1005.7905315412698
1.8499999999999996	9.0	1135.407633542246
1.8499999999999996	10.0	1210.9064315905935
1.8499999999999996	11.0	1210.9064315905928
1.8499999999999996	12.0	1135.4076335422465
1.8499999999999996	13.0	1005.7905315412702
1.8499999999999996	14.0	917.3361092687003
1.8499999999999996	15.0	698.6554685110239
1.8499999999999996	16.0	556.8633075255879
1.8499999999999996	17.0	331.7516462047353
1.8499999999999996	18.0	194.79404972021814
1.8499999999999996	19.0	52.36076762151709
1.8499999999999996	20.0	24.830599955934208
1.9000000000000004	1.0	-5.004838485344278
1.9000000000000004	2.0	-13.846264249710002
1.9000000000000004	3.0	-3.7988697856837668
1.9000000000000004	4.0	26.408402674548796
1.9000000000000004	5.0	92.25434569104502
1.9000000000000004	6.0	147.0014535750707
1.9000000000000004	7.0	251.95213139067047
1.9000000000000004	8.0	313.9885989913307
1.9000000000000004	9.0	392.9722089452613
1.9000000000000004	10.0	429.83585550974766
1.9000000000000004	11.0	429.83585550974726
1.9000000000000004	12.0	392.9722089452612
1.9000000000000004	13.0	313.9885989913306
1.9000000000000004	14.0	251.9521313906702
1.9000000000000004	15.0	147.00145357507063
1.9000000000000004	16.0	92.2543456910452
1.9000000000000004	17.0	26.408402674548586
1.9000000000000004	18.0	-3.798869785683749
1.9000000000000004	19.0	-13.846264249710192
1.9000000000000004	20.0	-5.004838485344286
1.9500000000000002	1.0	-7.256346360336478
1.9500000000000002	2.0	-20.324698533809485
1.9500000000000002	3.0	-42.03806143161176
1.9500000000000002	4.0	-57.20720391806462
1.9500000000000002	5.0	-80.31228128830477
1.9500000000000002	6.0	-96.20268503215074
1.9500000000000002	7.0	-114.81719038667859
1.9500000000000002	8.0	-123.8218048122549
1.9500000000000002	9.0	-133.26661062168054
1.9500000000000002	10.0	-136.90772732555095
1.9500000000000002	11.0	-136.90772732555126
1.9500000000000002	12.0	-133.26661062168043
1.9500000000000002	13.0	-123.82180481225481
1.9500000000000002	14.0	-114.81719038667879
1.9500000000000002	15.0	-96.20268503215061
1.9500000000000002	16.0	-80.31228128830479
1.9500000000000002	17.0	-57.20720391806452
1.9500000000000002	18.0	-42.03806143161195
1.9500000000000002	19.0	-20.324698533809478
1.9500000000000002	20.0	-7.256346360336376
2.0	1.0	-5.0754389252006264
2.0	2.0	-14.297349288945764
2.0	3.0	-28.35823437884771
2.0	4.0	-37.407701461119224
2.0	5.0	-48.19388472066345
2.0	6.0	-54.38841411985327
2.0	7.0	-59.63042406742375
2.0	8.0	-61.82792977247773
2.0	9.0	-64.4809708643715
2.0	10.0	-65.9785234850276
2.0	11.0	-65.97852348502752
2.0	12.0	-64.48097086437129
2.0	13.0	-61.82792977247776
2.0	14.0	-59.63042406742347
2.0	15.0	-54.3884141198535
2.0	16.0	-48.193884720663696
2.0	17.0	-37.40770146111929
2.0	18.0	-28.358234378848
2.0	19.0	-14.297349288945759
2.0	20.0	-5.07543892520058
2.05	1.0	-1.8065845947986616
2.05	2.0	-5.1819176952609975
2.05	3.0	-8.542048970247462
2.05	4.0	-10.214746169813242
2.05	5.0	-12.113564539071266
2.05	6.0	-13.277561874517094
2.05	7.0	-14.244450876995055
2.05	8.0	-14.469596985738802
2.05	9.0	-14.252162415432617
2.05	10.0	-13.940303806979326
2.05	11.0	-13.940303806979262
2.05	12.0	-14.252162415432355
2.05	13.0	-14.469596985738763
2.05	14.0	-14.244450876995279
2.05	15.0	-13.277561874517252
2.05	16.0	-12.11356453907099
2.05	17.0	-10.21474616981318
2.05	18.0	-8.542048970247537
2.05	19.0	-5.181917695261024
2.05	20.0	-1.8065845947985733
2.0999999999999996	1.0	-1.6157643194367974
2.0999999999999996	2.0	-4.681761045470238
2.0999999999999996	3.0	-8.196560474975652
2.0999999999999996	4.0	-10.235154540813548
2.0999999999999996	5.0	-12.172324103656535
2.0999999999999996	6.0	-13.134807034286514
2.0999999999999996	7.0	-13.709911066375039
2.0999999999999996	8.0	-14.039098332632184
2.0999999999999996	9.0	-14.61388412339599
2.0999999999999996	10.0	-15.011853212735206
2.0999999999999996	11.0	-15.011853212734925
2.0999999999999996	12.0	-14.613884123396076
2.0999999999999996	13.0	-14.039098332632177
2.0999999999999996	14.0	-13.709911066375062
2.0999999999999996	15.0	-13.134807034286206
2.0999999999999996	16.0	-12.172324103656495
2.0999999999999996	17.0	-10.235154540813634
2.0999999999999996	18.0	-8.19656047497551
2.0999999999999996	19.0	-4.681761045470259
2.0999999999999996	20.0	-1.6157643194368487
2.1500000000000004	1.0	-0.8429407721614776
2.1500000000000004	2.0	-2.359258330040178
2.1500000000000004	3.0	-3.5907923243616025
2.1500000000000004	4.0	-4.120951366025248
2.1500000000000004	5.0	-4.555046936340088
2.1500000000000004	6.0	-4.790464353897966
2.1500000000000004	7.0	-4.9733618039127085
2.1500000000000004	8.0	-4.945002163030341
2.1500000000000004	9.0	-4.670565946402547
2.1500000000000004	10.0	-4.419582678059462
2.1500000000000004	11.0	-4.419582678059553
2.1500000000000004	12.0	-4.670565946402306
2.1500000000000004	13.0	-4.945002163030137
2.1500000000000004	14.0	-4.97336180391268
2.1500000000000004	15.0	-4.790464353897813
2.1500000000000004	16.0	-4.555046936340131
2.1500000000000004	17.0	-4.1209513660251496
2.1500000000000004	18.0	-3.5907923243614577
2.1500000000000004	19.0	-2.3592583300401535
2.1500000000000004	20.0	-0.8429407721615025
2.2	1.0	-0.7360975414197687
2.2	2.0	-2.1232490730657636
2.2	3.0	-3.4237291254588182
2.2	4.0	-4.11656537902219
2.2	5.0	-4.677873374460191
2.2	6.0	-4.928491547265004
2.2	7.0	-5.024097572115303
2.2	8.0	-5.121758984776061
2.2	9.0	-5.386516440724539
2.2	10.0	-5.608925761393816
2.2	11.0	-5.608925761393554
2.2	12.0	-5.386516440724558
2.2	13.0	-5.121758984776034
2.2	14.0	-5.024097572115245
2.2	15.0	-4.928491547264976
2.2	16.0	-4.677873374460231
2.2	17.0	-4.116565379022189
2.2	18.0	-3.423729125458906
2.2	19.0	-2.1232490730657285
2.2	20.0	-0.7360975414197357
2.25	1.0	-0.46647748652755205
2.25	2.0	-1.2537787281619066
2.25	3.0	-1.8180591090164542
2.25	4.0	-2.045770553127963
2.25	5.0	-2.1774400681566837
2.25	6.0	-2.230667997652528
2.25	7.0	-2.287108774111663
2.25	8.0	-2.2543706563195665
2.25	9.0	-2.071899608498824
2.25	10.0	-1.9019507647360079
2.25	11.0	-1.9019507647359177
2.25	12.0	-2.071899608498576
2.25	13.0	-2.2543706563194488
2.25	14.0	-2.287108774111709
2.25	15.0	-2.2306679976527266
2.25	16.0	-2.177440068156502
2.25	17.0	-2.045770553127829
2.25	18.0	-1.818059109016363
2.25	19.0	-1.2537787281620727
2.25	20.0	-0.46647748652749443
2.3	1.0	-0.403964786958061
2.3	2.0	-1.1447351595477073
2.3	3.0	-1.7423225051465798
2.3	4.0	-2.0362842778834778
2.3	5.0	-2.2493700484266648
2.3	6.0	-2.339633171292714
2.3	7.0	-2.349809183610708
2.3	8.0	-2.387501905892457
2.3	9.0	-2.5360146958268035
2.3	10.0	-2.6719781218375602
2.3	11.0	-2.6719781218376726
2.3	12.0	-2.5360146958269323
2.3	13.0	-2.3875019058923916
2.3	14.0	-2.349809183610573
2.3	15.0	-2.3396331712927085
2.3	16.0	-2.2493700484266723
2.3	17.0	-2.03628427788343
2.3	18.0	-1.7423225051466182
2.3	19.0	-1.144735159547611
2.3	20.0	-0.40396478695797816
2.3499999999999996	1.0	-0.28372169840850336
2.3499999999999996	2.0	-0.7258390712822962
2.3499999999999996	3.0	-1.0066273250427313
2.3499999999999996	4.0	-1.1109327188566298
2.3499999999999996	5.0	-1.1534216542810207
2.3499999999999996	6.0	-1.16977513442436
2.3499999999999996	7.0	-1.2068560250059648
2.3499999999999996	8.0	-1.1945146666559832
2.3499999999999996	9.0	-1.0885490551759964
2.3499999999999996	10.0	-0.9854086206704746
2.3499999999999996	11.0	-0.9854086206705022
2.3499999999999996	12.0	-1.0885490551760222
2.3499999999999996	13.0	-1.1945146666557824
2.3499999999999996	14.0	-1.2068560250060303
2.3499999999999996	15.0	-1.1697751344244902
2.3499999999999996	16.0	-1.1534216542811022
2.3499999999999996	17.0	-1.1109327188566238
2.3499999999999996	18.0	-1.0066273250425979
2.3499999999999996	19.0	-0.7258390712822589
2.3499999999999996	20.0	-0.283721698408469
2.4000000000000004	1.0	-0.24773514004659858
2.4000000000000004	2.0	-0.682451848739031
2.4000000000000004	3.0	-0.9965742452989429
2.4000000000000004	4.0	-1.141549405639907
2.4000000000000004	5.0	-1.2373289199673003
2.4000000000000004	6.0	-1.2677142342608587
2.4000000000000004	7.0	-1.2491880285104362
2.4000000000000004	8.0	-1.2584130522117798
2.4000000000000004	9.0	-1.339353038193053
2.4000000000000004	10.0	-1.4192878550018022
2.4000000000000004	11.0	-1.4192878550019183
2.4000000000000004	12.0	-1.3393530381930268
2.4000000000000004	13.0	-1.258413052211672
2.4000000000000004	14.0	-1.249188028510481
2.4000000000000004	15.0	-1.2677142342609533
2.4000000000000004	16.0	-1.2373289199673447
2.4000000000000004	17.0	-1.1415494056398787
2.4000000000000004	18.0	-0.9965742452988675
2.4000000000000004	19.0	-0.6824518487390901
2.4000000000000004	20.0	-0.24773514004668085
2.45	1.0	-0.1842123501532124
2.45	2.0	-0.45055865527932426
2.45	3.0	-0.5998614359755358
2.45	4.0	-0.6495709258159736
2.45	5.0	-0.6611210492954598
2.45	6.0	-0.672418303856089
2.45	7.0	-0.7046079239725276
2.45	8.0	-0.7036949690904722
2.45	9.0	-0.6440531052531207
2.45	10.0	-0.5826241814139216
2.45	11.0	-0.5826241814138572
2.45	12.0	-0.6440531052531896
2.45	13.0	-0.7036949690905254
2.45	14.0	-0.7046079239724842
2.45	15.0	-0.6724183038560287
2.45	16.0	-0.6611210492956384
2.45	17.0	-0.6495709258159991
2.45	18.0	-0.5998614359755146
2.45	19.0	-0.45055865527917477
2.45	20.0	-0.18421235015316317
2.5	1.0	-0.1644644227906817
2.5	2.0	-0.4350821818768349
2.5	3.0	-0.6155375212580001
2.5	4.0	-0.6946259761405222
2.5	5.0	-0.7452411542489633
2.5	6.0	-0.7531690334697674
2.5	7.0	-0.7308937879962247
2.5	8.0	-0.7317510291391461
2.5	9.0	-0.7782034945043539
2.5	10.0	-0.8259143544989123
2.5	11.0	-0.8259143544989969
2.5	12.0	-0.7782034945042512
2.5	13.0	-0.7317510291390814
2.5	14.0	-0.7308937879961463
2.5	15.0	-0.7531690334697632
2.5	16.0	-0.7452411542490757
2.5	17.0	-0.6946259761405452
2.5	18.0	-0.6155375212581764
2.5	19.0	-0.43508218187688386
2.5	20.0	-0.16446442279063703
